[0.125s] Invoking command in '/home/ros/Workshop/src/build/unitree_legged_real': AMENT_PREFIX_PATH=/home/ros/Workshop/src/install/ros2_unitree_legged_msgs:${AMENT_PREFIX_PATH} CMAKE_PREFIX_PATH=/home/ros/Workshop/src/install/ros2_unitree_legged_msgs:/workspaces/my_ros2_ws/install:/opt/ros/humble LD_LIBRARY_PATH=/home/ros/Workshop/src/install/ros2_unitree_legged_msgs/lib:${LD_LIBRARY_PATH} PYTHONPATH=/home/ros/Workshop/src/install/ros2_unitree_legged_msgs/local/lib/python3.10/dist-packages:${PYTHONPATH} /usr/bin/cmake --build /home/ros/Workshop/src/build/unitree_legged_real -- -j4 -l4
[0.810s] [ 12%] Built target udp_high
[0.871s] [ 25%] Built target jsp_low
[0.909s] [ 37%] Built target ros2_udp
[0.917s] [ 50%] Built target jsp_high
[1.264s] [ 62%] Built target udp_low
[1.298s] [ 75%] Built target ros2_position_example
[1.301s] [ 87%] Built target ros2_walk_example
[1.331s] [100%] Built target custom_gait
[1.415s] Invoked command in '/home/ros/Workshop/src/build/unitree_legged_real' returned '0': AMENT_PREFIX_PATH=/home/ros/Workshop/src/install/ros2_unitree_legged_msgs:${AMENT_PREFIX_PATH} CMAKE_PREFIX_PATH=/home/ros/Workshop/src/install/ros2_unitree_legged_msgs:/workspaces/my_ros2_ws/install:/opt/ros/humble LD_LIBRARY_PATH=/home/ros/Workshop/src/install/ros2_unitree_legged_msgs/lib:${LD_LIBRARY_PATH} PYTHONPATH=/home/ros/Workshop/src/install/ros2_unitree_legged_msgs/local/lib/python3.10/dist-packages:${PYTHONPATH} /usr/bin/cmake --build /home/ros/Workshop/src/build/unitree_legged_real -- -j4 -l4
[2.211s] Invoking command in '/home/ros/Workshop/src/build/unitree_legged_real': AMENT_PREFIX_PATH=/home/ros/Workshop/src/install/ros2_unitree_legged_msgs:${AMENT_PREFIX_PATH} CMAKE_PREFIX_PATH=/home/ros/Workshop/src/install/ros2_unitree_legged_msgs:/workspaces/my_ros2_ws/install:/opt/ros/humble LD_LIBRARY_PATH=/home/ros/Workshop/src/install/ros2_unitree_legged_msgs/lib:${LD_LIBRARY_PATH} PYTHONPATH=/home/ros/Workshop/src/install/ros2_unitree_legged_msgs/local/lib/python3.10/dist-packages:${PYTHONPATH} /usr/bin/cmake --install /home/ros/Workshop/src/build/unitree_legged_real
[2.268s] -- Install configuration: ""
[2.269s] -- Execute custom install script
[2.270s] -- Up-to-date symlink: /home/ros/Workshop/src/install/unitree_legged_real/lib/libunitree_legged_sdk_amd64.so
[2.270s] -- Up-to-date symlink: /home/ros/Workshop/src/install/unitree_legged_real/lib/libunitree_legged_sdk_arm64.so
[2.271s] -- Up-to-date symlink: /home/ros/Workshop/src/install/unitree_legged_real/lib/unitree_legged_real/ros2_udp
[2.271s] -- Up-to-date symlink: /home/ros/Workshop/src/install/unitree_legged_real/lib/unitree_legged_real/udp_high
[2.271s] -- Up-to-date symlink: /home/ros/Workshop/src/install/unitree_legged_real/lib/unitree_legged_real/jsp_high
[2.272s] -- Up-to-date symlink: /home/ros/Workshop/src/install/unitree_legged_real/lib/unitree_legged_real/ros2_walk_example
[2.273s] -- Up-to-date symlink: /home/ros/Workshop/src/install/unitree_legged_real/lib/unitree_legged_real/ros2_position_example
[2.273s] -- Up-to-date symlink: /home/ros/Workshop/src/install/unitree_legged_real/lib/unitree_legged_real/custom_gait
[2.273s] -- Up-to-date symlink: /home/ros/Workshop/src/install/unitree_legged_real/lib/unitree_legged_real/udp_low
[2.274s] -- Up-to-date symlink: /home/ros/Workshop/src/install/unitree_legged_real/lib/unitree_legged_real/jsp_low
[2.274s] -- Up-to-date symlink: /home/ros/Workshop/src/install/unitree_legged_real/share/unitree_legged_real//launch/high.launch.py
[2.275s] -- Up-to-date symlink: /home/ros/Workshop/src/install/unitree_legged_real/share/unitree_legged_real//launch/low.launch.py
[2.275s] -- Up-to-date symlink: /home/ros/Workshop/src/install/unitree_legged_real/share/unitree_legged_real//config/cmd_only.rviz
[2.275s] -- Up-to-date symlink: /home/ros/Workshop/src/install/unitree_legged_real/share/unitree_legged_real//config/state_and_cmd.rviz
[2.276s] -- Up-to-date symlink: /home/ros/Workshop/src/install/unitree_legged_real/share/unitree_legged_real//config/state_only.rviz
[2.276s] -- Up-to-date symlink: /home/ros/Workshop/src/install/unitree_legged_real/share/ament_index/resource_index/package_run_dependencies/unitree_legged_real
[2.276s] -- Up-to-date symlink: /home/ros/Workshop/src/install/unitree_legged_real/share/ament_index/resource_index/parent_prefix_path/unitree_legged_real
[2.276s] -- Up-to-date symlink: /home/ros/Workshop/src/install/unitree_legged_real/share/unitree_legged_real/environment/ament_prefix_path.sh
[2.277s] -- Up-to-date symlink: /home/ros/Workshop/src/install/unitree_legged_real/share/unitree_legged_real/environment/ament_prefix_path.dsv
[2.277s] -- Up-to-date symlink: /home/ros/Workshop/src/install/unitree_legged_real/share/unitree_legged_real/environment/path.sh
[2.278s] -- Up-to-date symlink: /home/ros/Workshop/src/install/unitree_legged_real/share/unitree_legged_real/environment/path.dsv
[2.278s] -- Up-to-date symlink: /home/ros/Workshop/src/install/unitree_legged_real/share/unitree_legged_real/local_setup.bash
[2.278s] -- Up-to-date symlink: /home/ros/Workshop/src/install/unitree_legged_real/share/unitree_legged_real/local_setup.sh
[2.278s] -- Up-to-date symlink: /home/ros/Workshop/src/install/unitree_legged_real/share/unitree_legged_real/local_setup.zsh
[2.278s] -- Up-to-date symlink: /home/ros/Workshop/src/install/unitree_legged_real/share/unitree_legged_real/local_setup.dsv
[2.279s] -- Symlinking: /home/ros/Workshop/src/install/unitree_legged_real/share/unitree_legged_real/package.dsv
[2.341s] -- Up-to-date symlink: /home/ros/Workshop/src/install/unitree_legged_real/share/ament_index/resource_index/packages/unitree_legged_real
[2.341s] -- Up-to-date symlink: /home/ros/Workshop/src/install/unitree_legged_real/share/unitree_legged_real/cmake/unitree_legged_realConfig.cmake
[2.341s] -- Up-to-date symlink: /home/ros/Workshop/src/install/unitree_legged_real/share/unitree_legged_real/cmake/unitree_legged_realConfig-version.cmake
[2.342s] -- Up-to-date symlink: /home/ros/Workshop/src/install/unitree_legged_real/share/unitree_legged_real/package.xml
[2.348s] Invoked command in '/home/ros/Workshop/src/build/unitree_legged_real' returned '0': AMENT_PREFIX_PATH=/home/ros/Workshop/src/install/ros2_unitree_legged_msgs:${AMENT_PREFIX_PATH} CMAKE_PREFIX_PATH=/home/ros/Workshop/src/install/ros2_unitree_legged_msgs:/workspaces/my_ros2_ws/install:/opt/ros/humble LD_LIBRARY_PATH=/home/ros/Workshop/src/install/ros2_unitree_legged_msgs/lib:${LD_LIBRARY_PATH} PYTHONPATH=/home/ros/Workshop/src/install/ros2_unitree_legged_msgs/local/lib/python3.10/dist-packages:${PYTHONPATH} /usr/bin/cmake --install /home/ros/Workshop/src/build/unitree_legged_real
