[2.300s] Invoking command in '/home/ros/Workshop/src/build/unitree_nav_launch_module': PYTHONPATH=/home/ros/Workshop/src/build/unitree_nav_launch_module/prefix_override:/home/ros/Workshop/src/install/unitree_nav_launch_module/lib/python3.10/site-packages:${PYTHONPATH} /usr/bin/python3 setup.py develop --editable --build-directory /home/ros/Workshop/src/build/unitree_nav_launch_module/build --no-deps install_data
[3.224s] running develop
[3.230s] /usr/lib/python3/dist-packages/setuptools/command/easy_install.py:158: EasyInstallDeprecationWarning: easy_install command is deprecated. Use build and pip and other standards-based tools.
[3.231s]   warnings.warn(
[3.234s] /usr/lib/python3/dist-packages/setuptools/command/install.py:34: SetuptoolsDeprecationWarning: setup.py install is deprecated. Use build and pip and other standards-based tools.
[3.234s]   warnings.warn(
[3.517s] /usr/lib/python3/dist-packages/pkg_resources/__init__.py:116: PkgResourcesDeprecationWarning: 2.0.5-build-libtorrent-rasterbar-qrM5vM-libtorrent-rasterbar-2.0.5-bindings-python is an invalid version and will not be supported in a future release
[3.517s]   warnings.warn(
[4.434s] running egg_info
[4.436s] writing unitree_nav_launch_module.egg-info/PKG-INFO
[4.436s] writing dependency_links to unitree_nav_launch_module.egg-info/dependency_links.txt
[4.437s] writing entry points to unitree_nav_launch_module.egg-info/entry_points.txt
[4.438s] writing requirements to unitree_nav_launch_module.egg-info/requires.txt
[4.439s] writing top-level names to unitree_nav_launch_module.egg-info/top_level.txt
[4.448s] reading manifest file 'unitree_nav_launch_module.egg-info/SOURCES.txt'
[4.453s] writing manifest file 'unitree_nav_launch_module.egg-info/SOURCES.txt'
[4.457s] running build_ext
[4.460s] Creating /home/ros/Workshop/src/install/unitree_nav_launch_module/lib/python3.10/site-packages/unitree-nav-launch-module.egg-link (link to .)
[4.460s] 
[4.461s] Installed /home/ros/Workshop/src/build/unitree_nav_launch_module
[4.462s] running install_data
[4.523s] Invoked command in '/home/ros/Workshop/src/build/unitree_nav_launch_module' returned '0': PYTHONPATH=/home/ros/Workshop/src/build/unitree_nav_launch_module/prefix_override:/home/ros/Workshop/src/install/unitree_nav_launch_module/lib/python3.10/site-packages:${PYTHONPATH} /usr/bin/python3 setup.py develop --editable --build-directory /home/ros/Workshop/src/build/unitree_nav_launch_module/build --no-deps install_data
