[1.935s] Invoking command in '/home/ros/Workshop/src/build/unitree_nav_launch_module': PYTHONPATH=/home/ros/Workshop/src/build/unitree_nav_launch_module/prefix_override:/home/ros/Workshop/src/install/unitree_nav_launch_module/lib/python3.10/site-packages:${PYTHONPATH} /usr/bin/python3 setup.py develop --uninstall --editable --build-directory /home/ros/Workshop/src/build/unitree_nav_launch_module/build
[2.451s] running develop
[2.452s] /usr/lib/python3/dist-packages/setuptools/command/easy_install.py:158: EasyInstallDeprecationWarning: easy_install command is deprecated. Use build and pip and other standards-based tools.
[2.452s]   warnings.warn(
[2.453s] /usr/lib/python3/dist-packages/setuptools/command/install.py:34: SetuptoolsDeprecationWarning: setup.py install is deprecated. Use build and pip and other standards-based tools.
[2.454s]   warnings.warn(
[2.686s] /usr/lib/python3/dist-packages/pkg_resources/__init__.py:116: PkgResourcesDeprecationWarning: 2.0.5-build-libtorrent-rasterbar-qrM5vM-libtorrent-rasterbar-2.0.5-bindings-python is an invalid version and will not be supported in a future release
[2.687s]   warnings.warn(
[3.147s] Invoked command in '/home/ros/Workshop/src/build/unitree_nav_launch_module' returned '0': PYTHONPATH=/home/ros/Workshop/src/build/unitree_nav_launch_module/prefix_override:/home/ros/Workshop/src/install/unitree_nav_launch_module/lib/python3.10/site-packages:${PYTHONPATH} /usr/bin/python3 setup.py develop --uninstall --editable --build-directory /home/ros/Workshop/src/build/unitree_nav_launch_module/build
[3.148s] Invoking command in '/home/ros/Workshop/src/unitree_nav/unitree_nav_launch_module': PYTHONPATH=/home/ros/Workshop/src/build/unitree_nav_launch_module/prefix_override:/home/ros/Workshop/src/install/unitree_nav_launch_module/lib/python3.10/site-packages:${PYTHONPATH} /usr/bin/python3 setup.py egg_info --egg-base ../../build/unitree_nav_launch_module build --build-base /home/ros/Workshop/src/build/unitree_nav_launch_module/build install --record /home/ros/Workshop/src/build/unitree_nav_launch_module/install.log --single-version-externally-managed
[4.006s] running egg_info
[4.009s] writing ../../build/unitree_nav_launch_module/unitree_nav_launch_module.egg-info/PKG-INFO
[4.010s] writing dependency_links to ../../build/unitree_nav_launch_module/unitree_nav_launch_module.egg-info/dependency_links.txt
[4.011s] writing entry points to ../../build/unitree_nav_launch_module/unitree_nav_launch_module.egg-info/entry_points.txt
[4.012s] writing requirements to ../../build/unitree_nav_launch_module/unitree_nav_launch_module.egg-info/requires.txt
[4.013s] writing top-level names to ../../build/unitree_nav_launch_module/unitree_nav_launch_module.egg-info/top_level.txt
[4.022s] reading manifest file '../../build/unitree_nav_launch_module/unitree_nav_launch_module.egg-info/SOURCES.txt'
[4.025s] writing manifest file '../../build/unitree_nav_launch_module/unitree_nav_launch_module.egg-info/SOURCES.txt'
[4.026s] running build
[4.026s] running build_py
[4.028s] running install
[4.028s] /usr/lib/python3/dist-packages/setuptools/command/install.py:34: SetuptoolsDeprecationWarning: setup.py install is deprecated. Use build and pip and other standards-based tools.
[4.028s]   warnings.warn(
[4.030s] running install_lib
[4.033s] running install_data
[4.035s] running install_egg_info
[4.041s] removing '/home/ros/Workshop/src/install/unitree_nav_launch_module/lib/python3.10/site-packages/unitree_nav_launch_module-0.0.0-py3.10.egg-info' (and everything under it)
[4.042s] Copying ../../build/unitree_nav_launch_module/unitree_nav_launch_module.egg-info to /home/ros/Workshop/src/install/unitree_nav_launch_module/lib/python3.10/site-packages/unitree_nav_launch_module-0.0.0-py3.10.egg-info
[4.044s] running install_scripts
[4.097s] writing list of installed files to '/home/ros/Workshop/src/build/unitree_nav_launch_module/install.log'
[4.151s] Invoked command in '/home/ros/Workshop/src/unitree_nav/unitree_nav_launch_module' returned '0': PYTHONPATH=/home/ros/Workshop/src/build/unitree_nav_launch_module/prefix_override:/home/ros/Workshop/src/install/unitree_nav_launch_module/lib/python3.10/site-packages:${PYTHONPATH} /usr/bin/python3 setup.py egg_info --egg-base ../../build/unitree_nav_launch_module build --build-base /home/ros/Workshop/src/build/unitree_nav_launch_module/build install --record /home/ros/Workshop/src/build/unitree_nav_launch_module/install.log --single-version-externally-managed
