[0.119s] Invoking command in '/home/ros/Workshop/src/build/rslidar_sdk': AMENT_PREFIX_PATH=/home/ros/Workshop/src/install/rslidar_msg:${AMENT_PREFIX_PATH} CMAKE_PREFIX_PATH=/home/ros/Workshop/src/install/rslidar_msg:/workspaces/my_ros2_ws/install:/opt/ros/humble LD_LIBRARY_PATH=/home/ros/Workshop/src/install/rslidar_msg/lib:${LD_LIBRARY_PATH} PYTHONPATH=/home/ros/Workshop/src/install/rslidar_msg/local/lib/python3.10/dist-packages:${PYTHONPATH} /usr/bin/cmake /home/ros/Workshop/src/rslidar_sdk_ros2 -DCMAKE_INSTALL_PREFIX=/home/ros/Workshop/src/install/rslidar_sdk
[0.206s] [0m=============================================================[0m
[0.206s] [0m-- POINT_TYPE is XYZI[0m
[0.206s] [0m=============================================================[0m
[0.244s] [0m=============================================================[0m
[0.244s] [0m-- ROS Not Found. ROS Support is turned Off.[0m
[0.245s] [0m=============================================================[0m
[0.786s] -- Override CMake install command with custom implementation using symlinks instead of copying resources
[0.869s] -- Found rosidl_generator_c: 3.1.4 (/opt/ros/humble/share/rosidl_generator_c/cmake)
[0.875s] -- Found rosidl_adapter: 3.1.4 (/opt/ros/humble/share/rosidl_adapter/cmake)
[0.887s] -- Found rosidl_generator_cpp: 3.1.4 (/opt/ros/humble/share/rosidl_generator_cpp/cmake)
[0.912s] -- Using all available rosidl_typesupport_c: rosidl_typesupport_fastrtps_c;rosidl_typesupport_introspection_c
[0.949s] -- Using all available rosidl_typesupport_cpp: rosidl_typesupport_fastrtps_cpp;rosidl_typesupport_introspection_cpp
[1.069s] -- Found rmw_implementation_cmake: 6.1.1 (/opt/ros/humble/share/rmw_implementation_cmake/cmake)
[1.075s] -- Found rmw_fastrtps_cpp: 6.2.2 (/opt/ros/humble/share/rmw_fastrtps_cpp/cmake)
[1.498s] -- Using RMW implementation 'rmw_fastrtps_cpp' as default
[2.135s] [0m=============================================================[0m
[2.135s] [0m-- ROS2 Found. ROS2 Support is turned On.[0m
[2.135s] [0m=============================================================[0m
[2.136s] -- Found sensor_msgs: 4.2.3 (/opt/ros/humble/share/sensor_msgs/cmake)
[2.396s] -- Found rslidar_msg: 0.0.0 (/home/ros/Workshop/src/install/rslidar_msg/share/rslidar_msg/cmake)
[2.544s] [0m=============================================================[0m
[2.544s] [0m-- CMake run for UNIX GNU Compiler[0m
[2.544s] [0m=============================================================[0m
[2.549s] [0m=============================================================[0m
[2.550s] [0m-- rs_driver Version : v1.5.9[0m
[2.550s] [0m=============================================================[0m
[2.740s] -- Configuring done
[2.787s] -- Generating done
[2.791s] -- Build files have been written to: /home/ros/Workshop/src/build/rslidar_sdk
[2.806s] Invoked command in '/home/ros/Workshop/src/build/rslidar_sdk' returned '0': AMENT_PREFIX_PATH=/home/ros/Workshop/src/install/rslidar_msg:${AMENT_PREFIX_PATH} CMAKE_PREFIX_PATH=/home/ros/Workshop/src/install/rslidar_msg:/workspaces/my_ros2_ws/install:/opt/ros/humble LD_LIBRARY_PATH=/home/ros/Workshop/src/install/rslidar_msg/lib:${LD_LIBRARY_PATH} PYTHONPATH=/home/ros/Workshop/src/install/rslidar_msg/local/lib/python3.10/dist-packages:${PYTHONPATH} /usr/bin/cmake /home/ros/Workshop/src/rslidar_sdk_ros2 -DCMAKE_INSTALL_PREFIX=/home/ros/Workshop/src/install/rslidar_sdk
[2.808s] Invoking command in '/home/ros/Workshop/src/build/rslidar_sdk': AMENT_PREFIX_PATH=/home/ros/Workshop/src/install/rslidar_msg:${AMENT_PREFIX_PATH} CMAKE_PREFIX_PATH=/home/ros/Workshop/src/install/rslidar_msg:/workspaces/my_ros2_ws/install:/opt/ros/humble LD_LIBRARY_PATH=/home/ros/Workshop/src/install/rslidar_msg/lib:${LD_LIBRARY_PATH} PYTHONPATH=/home/ros/Workshop/src/install/rslidar_msg/local/lib/python3.10/dist-packages:${PYTHONPATH} /usr/bin/cmake --build /home/ros/Workshop/src/build/rslidar_sdk -- -j4 -l4
[3.202s] [35m[1mConsolidate compiler generated dependencies of target rslidar_sdk_node[0m
[3.330s] [100%] Built target rslidar_sdk_node
[3.399s] Invoked command in '/home/ros/Workshop/src/build/rslidar_sdk' returned '0': AMENT_PREFIX_PATH=/home/ros/Workshop/src/install/rslidar_msg:${AMENT_PREFIX_PATH} CMAKE_PREFIX_PATH=/home/ros/Workshop/src/install/rslidar_msg:/workspaces/my_ros2_ws/install:/opt/ros/humble LD_LIBRARY_PATH=/home/ros/Workshop/src/install/rslidar_msg/lib:${LD_LIBRARY_PATH} PYTHONPATH=/home/ros/Workshop/src/install/rslidar_msg/local/lib/python3.10/dist-packages:${PYTHONPATH} /usr/bin/cmake --build /home/ros/Workshop/src/build/rslidar_sdk -- -j4 -l4
[3.843s] Invoking command in '/home/ros/Workshop/src/build/rslidar_sdk': AMENT_PREFIX_PATH=/home/ros/Workshop/src/install/rslidar_msg:${AMENT_PREFIX_PATH} CMAKE_PREFIX_PATH=/home/ros/Workshop/src/install/rslidar_msg:/workspaces/my_ros2_ws/install:/opt/ros/humble LD_LIBRARY_PATH=/home/ros/Workshop/src/install/rslidar_msg/lib:${LD_LIBRARY_PATH} PYTHONPATH=/home/ros/Workshop/src/install/rslidar_msg/local/lib/python3.10/dist-packages:${PYTHONPATH} /usr/bin/cmake --install /home/ros/Workshop/src/build/rslidar_sdk
[3.897s] -- Install configuration: "Release"
[3.898s] -- Execute custom install script
[3.899s] -- Up-to-date symlink: /home/ros/Workshop/src/install/rslidar_sdk/lib/rslidar_sdk/rslidar_sdk_node
[3.899s] -- Up-to-date symlink: /home/ros/Workshop/src/install/rslidar_sdk/share/rslidar_sdk/launch/elequent_start.py
[3.900s] -- Up-to-date symlink: /home/ros/Workshop/src/install/rslidar_sdk/share/rslidar_sdk/launch/start.launch
[3.900s] -- Up-to-date symlink: /home/ros/Workshop/src/install/rslidar_sdk/share/rslidar_sdk/launch/start.py
[3.901s] -- Up-to-date symlink: /home/ros/Workshop/src/install/rslidar_sdk/share/rslidar_sdk/rviz/rviz.rviz
[3.901s] -- Up-to-date symlink: /home/ros/Workshop/src/install/rslidar_sdk/share/rslidar_sdk/rviz/rviz2.rviz
[3.902s] -- Up-to-date symlink: /home/ros/Workshop/src/install/rslidar_sdk/share/ament_index/resource_index/package_run_dependencies/rslidar_sdk
[3.903s] -- Up-to-date symlink: /home/ros/Workshop/src/install/rslidar_sdk/share/ament_index/resource_index/parent_prefix_path/rslidar_sdk
[3.903s] -- Up-to-date symlink: /home/ros/Workshop/src/install/rslidar_sdk/share/rslidar_sdk/environment/ament_prefix_path.sh
[3.904s] -- Up-to-date symlink: /home/ros/Workshop/src/install/rslidar_sdk/share/rslidar_sdk/environment/ament_prefix_path.dsv
[3.905s] -- Up-to-date symlink: /home/ros/Workshop/src/install/rslidar_sdk/share/rslidar_sdk/environment/path.sh
[3.906s] -- Up-to-date symlink: /home/ros/Workshop/src/install/rslidar_sdk/share/rslidar_sdk/environment/path.dsv
[3.908s] -- Up-to-date symlink: /home/ros/Workshop/src/install/rslidar_sdk/share/rslidar_sdk/local_setup.bash
[3.909s] -- Up-to-date symlink: /home/ros/Workshop/src/install/rslidar_sdk/share/rslidar_sdk/local_setup.sh
[3.911s] -- Up-to-date symlink: /home/ros/Workshop/src/install/rslidar_sdk/share/rslidar_sdk/local_setup.zsh
[3.914s] -- Up-to-date symlink: /home/ros/Workshop/src/install/rslidar_sdk/share/rslidar_sdk/local_setup.dsv
[3.915s] -- Symlinking: /home/ros/Workshop/src/install/rslidar_sdk/share/rslidar_sdk/package.dsv
[3.959s] -- Up-to-date symlink: /home/ros/Workshop/src/install/rslidar_sdk/share/ament_index/resource_index/packages/rslidar_sdk
[3.959s] -- Up-to-date symlink: /home/ros/Workshop/src/install/rslidar_sdk/share/rslidar_sdk/cmake/rslidar_sdkConfig.cmake
[3.960s] -- Up-to-date symlink: /home/ros/Workshop/src/install/rslidar_sdk/share/rslidar_sdk/cmake/rslidar_sdkConfig-version.cmake
[3.960s] -- Up-to-date symlink: /home/ros/Workshop/src/install/rslidar_sdk/share/rslidar_sdk/package.xml
[3.972s] Invoked command in '/home/ros/Workshop/src/build/rslidar_sdk' returned '0': AMENT_PREFIX_PATH=/home/ros/Workshop/src/install/rslidar_msg:${AMENT_PREFIX_PATH} CMAKE_PREFIX_PATH=/home/ros/Workshop/src/install/rslidar_msg:/workspaces/my_ros2_ws/install:/opt/ros/humble LD_LIBRARY_PATH=/home/ros/Workshop/src/install/rslidar_msg/lib:${LD_LIBRARY_PATH} PYTHONPATH=/home/ros/Workshop/src/install/rslidar_msg/local/lib/python3.10/dist-packages:${PYTHONPATH} /usr/bin/cmake --install /home/ros/Workshop/src/build/rslidar_sdk
