[0.174s] Invoking command in '/home/ros/Workshop/src/build/unitree_nav': AMENT_PREFIX_PATH=/home/ros/Workshop/src/install/rslidar_sdk:/home/ros/Workshop/src/install/unitree_nav_interfaces:/home/ros/Workshop/src/install/rslidar_msg:/home/ros/Workshop/src/install/ros2_unitree_legged_msgs:${AMENT_PREFIX_PATH} CMAKE_PREFIX_PATH=/home/ros/Workshop/src/install/rslidar_sdk:/home/ros/Workshop/src/install/unitree_nav_interfaces:/home/ros/Workshop/src/install/rslidar_msg:/home/ros/Workshop/src/install/ros2_unitree_legged_msgs:/workspaces/my_ros2_ws/install:/opt/ros/humble LD_LIBRARY_PATH=/home/ros/Workshop/src/install/unitree_nav_interfaces/lib:/home/ros/Workshop/src/install/rslidar_msg/lib:/home/ros/Workshop/src/install/ros2_unitree_legged_msgs/lib:${LD_LIBRARY_PATH} PYTHONPATH=/home/ros/Workshop/src/install/unitree_nav_interfaces/local/lib/python3.10/dist-packages:/home/ros/Workshop/src/install/rslidar_msg/local/lib/python3.10/dist-packages:/home/ros/Workshop/src/install/ros2_unitree_legged_msgs/local/lib/python3.10/dist-packages:${PYTHONPATH} /usr/bin/cmake --build /home/ros/Workshop/src/build/unitree_nav -- -j4 -l4
[0.913s] [ 50%] Built target cmd_processor
[0.958s] [100%] Built target nav_to_pose
[1.086s] Invoked command in '/home/ros/Workshop/src/build/unitree_nav' returned '0': AMENT_PREFIX_PATH=/home/ros/Workshop/src/install/rslidar_sdk:/home/ros/Workshop/src/install/unitree_nav_interfaces:/home/ros/Workshop/src/install/rslidar_msg:/home/ros/Workshop/src/install/ros2_unitree_legged_msgs:${AMENT_PREFIX_PATH} CMAKE_PREFIX_PATH=/home/ros/Workshop/src/install/rslidar_sdk:/home/ros/Workshop/src/install/unitree_nav_interfaces:/home/ros/Workshop/src/install/rslidar_msg:/home/ros/Workshop/src/install/ros2_unitree_legged_msgs:/workspaces/my_ros2_ws/install:/opt/ros/humble LD_LIBRARY_PATH=/home/ros/Workshop/src/install/unitree_nav_interfaces/lib:/home/ros/Workshop/src/install/rslidar_msg/lib:/home/ros/Workshop/src/install/ros2_unitree_legged_msgs/lib:${LD_LIBRARY_PATH} PYTHONPATH=/home/ros/Workshop/src/install/unitree_nav_interfaces/local/lib/python3.10/dist-packages:/home/ros/Workshop/src/install/rslidar_msg/local/lib/python3.10/dist-packages:/home/ros/Workshop/src/install/ros2_unitree_legged_msgs/local/lib/python3.10/dist-packages:${PYTHONPATH} /usr/bin/cmake --build /home/ros/Workshop/src/build/unitree_nav -- -j4 -l4
[1.636s] Invoking command in '/home/ros/Workshop/src/build/unitree_nav': AMENT_PREFIX_PATH=/home/ros/Workshop/src/install/rslidar_sdk:/home/ros/Workshop/src/install/unitree_nav_interfaces:/home/ros/Workshop/src/install/rslidar_msg:/home/ros/Workshop/src/install/ros2_unitree_legged_msgs:${AMENT_PREFIX_PATH} CMAKE_PREFIX_PATH=/home/ros/Workshop/src/install/rslidar_sdk:/home/ros/Workshop/src/install/unitree_nav_interfaces:/home/ros/Workshop/src/install/rslidar_msg:/home/ros/Workshop/src/install/ros2_unitree_legged_msgs:/workspaces/my_ros2_ws/install:/opt/ros/humble LD_LIBRARY_PATH=/home/ros/Workshop/src/install/unitree_nav_interfaces/lib:/home/ros/Workshop/src/install/rslidar_msg/lib:/home/ros/Workshop/src/install/ros2_unitree_legged_msgs/lib:${LD_LIBRARY_PATH} PYTHONPATH=/home/ros/Workshop/src/install/unitree_nav_interfaces/local/lib/python3.10/dist-packages:/home/ros/Workshop/src/install/rslidar_msg/local/lib/python3.10/dist-packages:/home/ros/Workshop/src/install/ros2_unitree_legged_msgs/local/lib/python3.10/dist-packages:${PYTHONPATH} /usr/bin/cmake --install /home/ros/Workshop/src/build/unitree_nav
[1.696s] -- Install configuration: ""
[1.697s] -- Execute custom install script
[1.697s] -- Up-to-date symlink: /home/ros/Workshop/src/install/unitree_nav/lib/unitree_nav/cmd_processor
[1.698s] -- Up-to-date symlink: /home/ros/Workshop/src/install/unitree_nav/lib/unitree_nav/nav_to_pose
[1.699s] -- Up-to-date symlink: /home/ros/Workshop/src/install/unitree_nav/share/unitree_nav/launch/control.launch.py
[1.699s] -- Up-to-date symlink: /home/ros/Workshop/src/install/unitree_nav/share/unitree_nav/launch/mapping.launch.py
[1.699s] -- Up-to-date symlink: /home/ros/Workshop/src/install/unitree_nav/share/unitree_nav/launch/rslidar_robosense.launch.py
[1.700s] -- Up-to-date symlink: /home/ros/Workshop/src/install/unitree_nav/share/unitree_nav/launch/unitree_nav.launch.py
[1.700s] -- Up-to-date symlink: /home/ros/Workshop/src/install/unitree_nav/share/unitree_nav/config/nav.rviz
[1.701s] -- Up-to-date symlink: /home/ros/Workshop/src/install/unitree_nav/share/unitree_nav/config/nav2_params.yaml
[1.701s] -- Up-to-date symlink: /home/ros/Workshop/src/install/unitree_nav/share/ament_index/resource_index/package_run_dependencies/unitree_nav
[1.701s] -- Up-to-date symlink: /home/ros/Workshop/src/install/unitree_nav/share/ament_index/resource_index/parent_prefix_path/unitree_nav
[1.702s] -- Up-to-date symlink: /home/ros/Workshop/src/install/unitree_nav/share/unitree_nav/environment/ament_prefix_path.sh
[1.702s] -- Up-to-date symlink: /home/ros/Workshop/src/install/unitree_nav/share/unitree_nav/environment/ament_prefix_path.dsv
[1.703s] -- Up-to-date symlink: /home/ros/Workshop/src/install/unitree_nav/share/unitree_nav/environment/path.sh
[1.703s] -- Up-to-date symlink: /home/ros/Workshop/src/install/unitree_nav/share/unitree_nav/environment/path.dsv
[1.703s] -- Up-to-date symlink: /home/ros/Workshop/src/install/unitree_nav/share/unitree_nav/local_setup.bash
[1.704s] -- Up-to-date symlink: /home/ros/Workshop/src/install/unitree_nav/share/unitree_nav/local_setup.sh
[1.704s] -- Up-to-date symlink: /home/ros/Workshop/src/install/unitree_nav/share/unitree_nav/local_setup.zsh
[1.705s] -- Up-to-date symlink: /home/ros/Workshop/src/install/unitree_nav/share/unitree_nav/local_setup.dsv
[1.705s] -- Symlinking: /home/ros/Workshop/src/install/unitree_nav/share/unitree_nav/package.dsv
[1.783s] -- Up-to-date symlink: /home/ros/Workshop/src/install/unitree_nav/share/ament_index/resource_index/packages/unitree_nav
[1.783s] -- Up-to-date symlink: /home/ros/Workshop/src/install/unitree_nav/share/unitree_nav/cmake/unitree_navConfig.cmake
[1.783s] -- Up-to-date symlink: /home/ros/Workshop/src/install/unitree_nav/share/unitree_nav/cmake/unitree_navConfig-version.cmake
[1.783s] -- Up-to-date symlink: /home/ros/Workshop/src/install/unitree_nav/share/unitree_nav/package.xml
[1.790s] Invoked command in '/home/ros/Workshop/src/build/unitree_nav' returned '0': AMENT_PREFIX_PATH=/home/ros/Workshop/src/install/rslidar_sdk:/home/ros/Workshop/src/install/unitree_nav_interfaces:/home/ros/Workshop/src/install/rslidar_msg:/home/ros/Workshop/src/install/ros2_unitree_legged_msgs:${AMENT_PREFIX_PATH} CMAKE_PREFIX_PATH=/home/ros/Workshop/src/install/rslidar_sdk:/home/ros/Workshop/src/install/unitree_nav_interfaces:/home/ros/Workshop/src/install/rslidar_msg:/home/ros/Workshop/src/install/ros2_unitree_legged_msgs:/workspaces/my_ros2_ws/install:/opt/ros/humble LD_LIBRARY_PATH=/home/ros/Workshop/src/install/unitree_nav_interfaces/lib:/home/ros/Workshop/src/install/rslidar_msg/lib:/home/ros/Workshop/src/install/ros2_unitree_legged_msgs/lib:${LD_LIBRARY_PATH} PYTHONPATH=/home/ros/Workshop/src/install/unitree_nav_interfaces/local/lib/python3.10/dist-packages:/home/ros/Workshop/src/install/rslidar_msg/local/lib/python3.10/dist-packages:/home/ros/Workshop/src/install/ros2_unitree_legged_msgs/local/lib/python3.10/dist-packages:${PYTHONPATH} /usr/bin/cmake --install /home/ros/Workshop/src/build/unitree_nav
