[0.113s] Invoking command in '/home/ros/Workshop/src/build/unitree_legged_real': AMENT_PREFIX_PATH=/home/ros/Workshop/src/install/ros2_unitree_legged_msgs:${AMENT_PREFIX_PATH} CMAKE_PREFIX_PATH=/home/ros/Workshop/src/install/ros2_unitree_legged_msgs:/workspaces/my_ros2_ws/install:/opt/ros/humble LD_LIBRARY_PATH=/home/ros/Workshop/src/install/ros2_unitree_legged_msgs/lib:${LD_LIBRARY_PATH} PYTHONPATH=/home/ros/Workshop/src/install/ros2_unitree_legged_msgs/local/lib/python3.10/dist-packages:${PYTHONPATH} /usr/bin/cmake --build /home/ros/Workshop/src/build/unitree_legged_real -- -j4 -l4
[0.803s] [ 12%] Built target ros2_udp
[0.844s] [ 25%] Built target jsp_high
[0.859s] [ 37%] Built target udp_high
[0.863s] [ 50%] Built target jsp_low
[1.123s] [ 62%] Built target udp_low
[1.163s] [ 75%] Built target ros2_position_example
[1.175s] [ 87%] Built target ros2_walk_example
[1.198s] [100%] Built target custom_gait
[1.255s] Invoked command in '/home/ros/Workshop/src/build/unitree_legged_real' returned '0': AMENT_PREFIX_PATH=/home/ros/Workshop/src/install/ros2_unitree_legged_msgs:${AMENT_PREFIX_PATH} CMAKE_PREFIX_PATH=/home/ros/Workshop/src/install/ros2_unitree_legged_msgs:/workspaces/my_ros2_ws/install:/opt/ros/humble LD_LIBRARY_PATH=/home/ros/Workshop/src/install/ros2_unitree_legged_msgs/lib:${LD_LIBRARY_PATH} PYTHONPATH=/home/ros/Workshop/src/install/ros2_unitree_legged_msgs/local/lib/python3.10/dist-packages:${PYTHONPATH} /usr/bin/cmake --build /home/ros/Workshop/src/build/unitree_legged_real -- -j4 -l4
[2.006s] Invoking command in '/home/ros/Workshop/src/build/unitree_legged_real': AMENT_PREFIX_PATH=/home/ros/Workshop/src/install/ros2_unitree_legged_msgs:${AMENT_PREFIX_PATH} CMAKE_PREFIX_PATH=/home/ros/Workshop/src/install/ros2_unitree_legged_msgs:/workspaces/my_ros2_ws/install:/opt/ros/humble LD_LIBRARY_PATH=/home/ros/Workshop/src/install/ros2_unitree_legged_msgs/lib:${LD_LIBRARY_PATH} PYTHONPATH=/home/ros/Workshop/src/install/ros2_unitree_legged_msgs/local/lib/python3.10/dist-packages:${PYTHONPATH} /usr/bin/cmake --install /home/ros/Workshop/src/build/unitree_legged_real
[2.062s] -- Install configuration: ""
[2.064s] -- Execute custom install script
[2.064s] -- Up-to-date symlink: /home/ros/Workshop/src/install/unitree_legged_real/lib/libunitree_legged_sdk_amd64.so
[2.065s] -- Up-to-date symlink: /home/ros/Workshop/src/install/unitree_legged_real/lib/libunitree_legged_sdk_arm64.so
[2.065s] -- Up-to-date symlink: /home/ros/Workshop/src/install/unitree_legged_real/lib/unitree_legged_real/ros2_udp
[2.066s] -- Up-to-date symlink: /home/ros/Workshop/src/install/unitree_legged_real/lib/unitree_legged_real/udp_high
[2.066s] -- Up-to-date symlink: /home/ros/Workshop/src/install/unitree_legged_real/lib/unitree_legged_real/jsp_high
[2.066s] -- Up-to-date symlink: /home/ros/Workshop/src/install/unitree_legged_real/lib/unitree_legged_real/ros2_walk_example
[2.067s] -- Up-to-date symlink: /home/ros/Workshop/src/install/unitree_legged_real/lib/unitree_legged_real/ros2_position_example
[2.067s] -- Up-to-date symlink: /home/ros/Workshop/src/install/unitree_legged_real/lib/unitree_legged_real/custom_gait
[2.068s] -- Up-to-date symlink: /home/ros/Workshop/src/install/unitree_legged_real/lib/unitree_legged_real/udp_low
[2.068s] -- Up-to-date symlink: /home/ros/Workshop/src/install/unitree_legged_real/lib/unitree_legged_real/jsp_low
[2.069s] -- Up-to-date symlink: /home/ros/Workshop/src/install/unitree_legged_real/share/unitree_legged_real//launch/high.launch.py
[2.069s] -- Up-to-date symlink: /home/ros/Workshop/src/install/unitree_legged_real/share/unitree_legged_real//launch/low.launch.py
[2.070s] -- Up-to-date symlink: /home/ros/Workshop/src/install/unitree_legged_real/share/unitree_legged_real//config/cmd_only.rviz
[2.070s] -- Up-to-date symlink: /home/ros/Workshop/src/install/unitree_legged_real/share/unitree_legged_real//config/state_and_cmd.rviz
[2.071s] -- Up-to-date symlink: /home/ros/Workshop/src/install/unitree_legged_real/share/unitree_legged_real//config/state_only.rviz
[2.071s] -- Up-to-date symlink: /home/ros/Workshop/src/install/unitree_legged_real/share/ament_index/resource_index/package_run_dependencies/unitree_legged_real
[2.072s] -- Up-to-date symlink: /home/ros/Workshop/src/install/unitree_legged_real/share/ament_index/resource_index/parent_prefix_path/unitree_legged_real
[2.073s] -- Up-to-date symlink: /home/ros/Workshop/src/install/unitree_legged_real/share/unitree_legged_real/environment/ament_prefix_path.sh
[2.073s] -- Up-to-date symlink: /home/ros/Workshop/src/install/unitree_legged_real/share/unitree_legged_real/environment/ament_prefix_path.dsv
[2.074s] -- Up-to-date symlink: /home/ros/Workshop/src/install/unitree_legged_real/share/unitree_legged_real/environment/path.sh
[2.074s] -- Up-to-date symlink: /home/ros/Workshop/src/install/unitree_legged_real/share/unitree_legged_real/environment/path.dsv
[2.074s] -- Up-to-date symlink: /home/ros/Workshop/src/install/unitree_legged_real/share/unitree_legged_real/local_setup.bash
[2.075s] -- Up-to-date symlink: /home/ros/Workshop/src/install/unitree_legged_real/share/unitree_legged_real/local_setup.sh
[2.075s] -- Up-to-date symlink: /home/ros/Workshop/src/install/unitree_legged_real/share/unitree_legged_real/local_setup.zsh
[2.076s] -- Up-to-date symlink: /home/ros/Workshop/src/install/unitree_legged_real/share/unitree_legged_real/local_setup.dsv
[2.076s] -- Up-to-date symlink: /home/ros/Workshop/src/install/unitree_legged_real/share/unitree_legged_real/package.dsv
[2.077s] -- Up-to-date symlink: /home/ros/Workshop/src/install/unitree_legged_real/share/ament_index/resource_index/packages/unitree_legged_real
[2.077s] -- Up-to-date symlink: /home/ros/Workshop/src/install/unitree_legged_real/share/unitree_legged_real/cmake/unitree_legged_realConfig.cmake
[2.077s] -- Up-to-date symlink: /home/ros/Workshop/src/install/unitree_legged_real/share/unitree_legged_real/cmake/unitree_legged_realConfig-version.cmake
[2.078s] -- Up-to-date symlink: /home/ros/Workshop/src/install/unitree_legged_real/share/unitree_legged_real/package.xml
[2.084s] Invoked command in '/home/ros/Workshop/src/build/unitree_legged_real' returned '0': AMENT_PREFIX_PATH=/home/ros/Workshop/src/install/ros2_unitree_legged_msgs:${AMENT_PREFIX_PATH} CMAKE_PREFIX_PATH=/home/ros/Workshop/src/install/ros2_unitree_legged_msgs:/workspaces/my_ros2_ws/install:/opt/ros/humble LD_LIBRARY_PATH=/home/ros/Workshop/src/install/ros2_unitree_legged_msgs/lib:${LD_LIBRARY_PATH} PYTHONPATH=/home/ros/Workshop/src/install/ros2_unitree_legged_msgs/local/lib/python3.10/dist-packages:${PYTHONPATH} /usr/bin/cmake --install /home/ros/Workshop/src/build/unitree_legged_real
