[1.488s] Invoking command in '/home/ros/Workshop/src/build/unitree_nav_launch_module': PYTHONPATH=/home/ros/Workshop/src/build/unitree_nav_launch_module/prefix_override:/home/ros/Workshop/src/install/unitree_nav_launch_module/lib/python3.10/site-packages:${PYTHONPATH} /usr/bin/python3 setup.py develop --editable --build-directory /home/ros/Workshop/src/build/unitree_nav_launch_module/build --no-deps install_data
[2.098s] running develop
[2.098s] /usr/lib/python3/dist-packages/setuptools/command/easy_install.py:158: EasyInstallDeprecationWarning: easy_install command is deprecated. Use build and pip and other standards-based tools.
[2.098s]   warnings.warn(
[2.100s] /usr/lib/python3/dist-packages/setuptools/command/install.py:34: SetuptoolsDeprecationWarning: setup.py install is deprecated. Use build and pip and other standards-based tools.
[2.100s]   warnings.warn(
[2.279s] /usr/lib/python3/dist-packages/pkg_resources/__init__.py:116: PkgResourcesDeprecationWarning: 2.0.5-build-libtorrent-rasterbar-qrM5vM-libtorrent-rasterbar-2.0.5-bindings-python is an invalid version and will not be supported in a future release
[2.279s]   warnings.warn(
[2.561s] running egg_info
[2.561s] creating unitree_nav_launch_module.egg-info
[2.561s] writing unitree_nav_launch_module.egg-info/PKG-INFO
[2.561s] writing dependency_links to unitree_nav_launch_module.egg-info/dependency_links.txt
[2.562s] writing entry points to unitree_nav_launch_module.egg-info/entry_points.txt
[2.562s] writing requirements to unitree_nav_launch_module.egg-info/requires.txt
[2.562s] writing top-level names to unitree_nav_launch_module.egg-info/top_level.txt
[2.564s] writing manifest file 'unitree_nav_launch_module.egg-info/SOURCES.txt'
[2.566s] reading manifest file 'unitree_nav_launch_module.egg-info/SOURCES.txt'
[2.568s] writing manifest file 'unitree_nav_launch_module.egg-info/SOURCES.txt'
[2.571s] running build_ext
[2.572s] Creating /home/ros/Workshop/src/install/unitree_nav_launch_module/lib/python3.10/site-packages/unitree-nav-launch-module.egg-link (link to .)
[2.573s] 
[2.574s] Installed /home/ros/Workshop/src/build/unitree_nav_launch_module
[2.575s] running install_data
[2.575s] creating /home/ros/Workshop/src/install/unitree_nav_launch_module/share/ament_index
[2.575s] creating /home/ros/Workshop/src/install/unitree_nav_launch_module/share/ament_index/resource_index
[2.576s] creating /home/ros/Workshop/src/install/unitree_nav_launch_module/share/ament_index/resource_index/packages
[2.577s] copying resource/unitree_nav_launch_module -> /home/ros/Workshop/src/install/unitree_nav_launch_module/share/ament_index/resource_index/packages
[2.577s] copying package.xml -> /home/ros/Workshop/src/install/unitree_nav_launch_module/share/unitree_nav_launch_module
[2.627s] Invoked command in '/home/ros/Workshop/src/build/unitree_nav_launch_module' returned '0': PYTHONPATH=/home/ros/Workshop/src/build/unitree_nav_launch_module/prefix_override:/home/ros/Workshop/src/install/unitree_nav_launch_module/lib/python3.10/site-packages:${PYTHONPATH} /usr/bin/python3 setup.py develop --editable --build-directory /home/ros/Workshop/src/build/unitree_nav_launch_module/build --no-deps install_data
