[0.643s] Invoking command in '/workspaces/my_ros2_ws/src/build/rslidar_msg': CMAKE_PREFIX_PATH=${CMAKE_PREFIX_PATH}:/workspaces/my_ros2_ws/install/object_detection:/workspaces/my_ros2_ws/install/unitree_nav_launch_module:/workspaces/my_ros2_ws/install/listen_talk_ros2:/opt/ros/humble /usr/bin/cmake /workspaces/my_ros2_ws/src/rslidar_msg -DAMENT_CMAKE_SYMLINK_INSTALL=1 -DCMAKE_INSTALL_PREFIX=/workspaces/my_ros2_ws/src/install/rslidar_msg
[5.598s] -- The C compiler identification is GNU 11.3.0
[7.329s] -- The CXX compiler identification is GNU 11.3.0
[7.815s] -- Detecting C compiler ABI info
[11.875s] -- Detecting C compiler ABI info - done
[11.949s] -- Check for working C compiler: /usr/bin/cc - skipped
[11.954s] -- Detecting C compile features
[11.963s] -- Detecting C compile features - done
[12.086s] -- Detecting CXX compiler ABI info
[15.381s] -- Detecting CXX compiler ABI info - done
[15.429s] -- Check for working CXX compiler: /usr/bin/c++ - skipped
[15.445s] -- Detecting CXX compile features
[15.452s] -- Detecting CXX compile features - done
[16.396s] -- Found ament_cmake: 1.3.4 (/opt/ros/humble/share/ament_cmake/cmake)
[25.742s] -- Found Python3: /usr/bin/python3.10 (found version "3.10.6") found components: Interpreter 
[26.259s] -- Override CMake install command with custom implementation using symlinks instead of copying resources
[36.922s] -- Found std_msgs: 4.2.3 (/opt/ros/humble/share/std_msgs/cmake)
[44.662s] -- Found rosidl_generator_c: 3.1.4 (/opt/ros/humble/share/rosidl_generator_c/cmake)
[45.350s] -- Found rosidl_adapter: 3.1.4 (/opt/ros/humble/share/rosidl_adapter/cmake)
[46.027s] -- Found rosidl_generator_cpp: 3.1.4 (/opt/ros/humble/share/rosidl_generator_cpp/cmake)
[47.063s] -- Using all available rosidl_typesupport_c: rosidl_typesupport_fastrtps_c;rosidl_typesupport_introspection_c
[48.773s] -- Using all available rosidl_typesupport_cpp: rosidl_typesupport_fastrtps_cpp;rosidl_typesupport_introspection_cpp
[49.828s] -- Found rclcpp: 16.0.4 (/opt/ros/humble/share/rclcpp/cmake)
[52.816s] -- Found rmw_implementation_cmake: 6.1.1 (/opt/ros/humble/share/rmw_implementation_cmake/cmake)
[53.187s] -- Found rmw_fastrtps_cpp: 6.2.2 (/opt/ros/humble/share/rmw_fastrtps_cpp/cmake)
[63.794s] -- Found OpenSSL: /usr/lib/x86_64-linux-gnu/libcrypto.so (found version "3.0.2")  
[65.099s] -- Found FastRTPS: /opt/ros/humble/include  
[66.615s] -- Using RMW implementation 'rmw_fastrtps_cpp' as default
[68.722s] -- Looking for pthread.h
[85.062s] -- Looking for pthread.h - found
[85.115s] -- Performing Test CMAKE_HAVE_LIBC_PTHREAD
[93.199s] -- Performing Test CMAKE_HAVE_LIBC_PTHREAD - Success
[93.217s] -- Found Threads: TRUE  
[95.641s] -- Found rosidl_default_generators: 1.2.0 (/opt/ros/humble/share/rosidl_default_generators/cmake)
[100.977s] -- Found ament_cmake_ros: 0.10.0 (/opt/ros/humble/share/ament_cmake_ros/cmake)
[117.513s] -- Using all available rosidl_typesupport_c: rosidl_typesupport_fastrtps_c;rosidl_typesupport_introspection_c
[123.183s] -- Using all available rosidl_typesupport_cpp: rosidl_typesupport_fastrtps_cpp;rosidl_typesupport_introspection_cpp
[124.107s] -- Found PythonInterp: /usr/bin/python3 (found suitable version "3.10.6", minimum required is "3.6") 
[124.446s] -- Found python_cmake_module: 0.10.0 (/opt/ros/humble/share/python_cmake_module/cmake)
[125.537s] -- Found PythonLibs: /usr/lib/x86_64-linux-gnu/libpython3.10.so (found suitable version "3.10.6", minimum required is "3.5") 
[125.565s] -- Using PYTHON_EXECUTABLE: /usr/bin/python3
[125.584s] -- Using PYTHON_INCLUDE_DIRS: /usr/include/python3.10
[125.594s] -- Using PYTHON_LIBRARIES: /usr/lib/x86_64-linux-gnu/libpython3.10.so
[125.954s] -- Found PythonExtra: .so  
[128.564s] -- Found ament_lint_auto: 0.12.6 (/opt/ros/humble/share/ament_lint_auto/cmake)
[133.118s] -- Added test 'copyright' to check source files copyright and LICENSE
[135.648s] -- Added test 'lint_cmake' to check CMake code style
[136.116s] -- Added test 'xmllint' to check XML markup files
[137.392s] -- Configuring done
[143.001s] -- Generating done
[143.709s] -- Build files have been written to: /workspaces/my_ros2_ws/src/build/rslidar_msg
[143.905s] Invoked command in '/workspaces/my_ros2_ws/src/build/rslidar_msg' returned '0': CMAKE_PREFIX_PATH=${CMAKE_PREFIX_PATH}:/workspaces/my_ros2_ws/install/object_detection:/workspaces/my_ros2_ws/install/unitree_nav_launch_module:/workspaces/my_ros2_ws/install/listen_talk_ros2:/opt/ros/humble /usr/bin/cmake /workspaces/my_ros2_ws/src/rslidar_msg -DAMENT_CMAKE_SYMLINK_INSTALL=1 -DCMAKE_INSTALL_PREFIX=/workspaces/my_ros2_ws/src/install/rslidar_msg
[143.937s] Invoking command in '/workspaces/my_ros2_ws/src/build/rslidar_msg': CMAKE_PREFIX_PATH=${CMAKE_PREFIX_PATH}:/workspaces/my_ros2_ws/install/object_detection:/workspaces/my_ros2_ws/install/unitree_nav_launch_module:/workspaces/my_ros2_ws/install/listen_talk_ros2:/opt/ros/humble /usr/bin/cmake --build /workspaces/my_ros2_ws/src/build/rslidar_msg -- -j4 -l4
[147.886s] [  3%] [34m[1mGenerating C++ code for ROS interfaces[0m
[151.898s] [  3%] Built target rslidar_msg__cpp
[153.929s] [  3%] Built target ament_cmake_python_symlink_rslidar_msg
[154.835s] [  6%] [34m[1mGenerating C++ type support for eProsima Fast-RTPS[0m
[158.559s] [  9%] [32mBuilding CXX object CMakeFiles/rslidar_msg__rosidl_typesupport_fastrtps_cpp.dir/rosidl_typesupport_fastrtps_cpp/rslidar_msg/msg/detail/dds_fastrtps/rslidar_packet__type_support.cpp.o[0m
[165.712s] [ 12%] [32m[1mLinking CXX shared library librslidar_msg__rosidl_typesupport_fastrtps_cpp.so[0m
[168.377s] [ 12%] Built target rslidar_msg__rosidl_typesupport_fastrtps_cpp
[169.263s] [ 16%] [34m[1mGenerating C++ introspection for ROS interfaces[0m
[173.380s] [ 19%] [32mBuilding CXX object CMakeFiles/rslidar_msg__rosidl_typesupport_introspection_cpp.dir/rosidl_typesupport_introspection_cpp/rslidar_msg/msg/detail/rslidar_packet__type_support.cpp.o[0m
[177.897s] [ 22%] [32m[1mLinking CXX shared library librslidar_msg__rosidl_typesupport_introspection_cpp.so[0m
[182.104s] [ 22%] Built target rslidar_msg__rosidl_typesupport_introspection_cpp
[187.190s] running egg_info
[187.209s] creating rslidar_msg.egg-info
[187.217s] writing rslidar_msg.egg-info/PKG-INFO
[187.233s] writing dependency_links to rslidar_msg.egg-info/dependency_links.txt
[187.252s] writing top-level names to rslidar_msg.egg-info/top_level.txt
[187.269s] writing manifest file 'rslidar_msg.egg-info/SOURCES.txt'
[187.351s] reading manifest file 'rslidar_msg.egg-info/SOURCES.txt'
[187.375s] writing manifest file 'rslidar_msg.egg-info/SOURCES.txt'
[188.783s] [ 22%] Built target ament_cmake_python_build_rslidar_msg_egg
[189.794s] [ 25%] [34m[1mGenerating C++ type support dispatch for ROS interfaces[0m
[194.969s] [ 29%] [32mBuilding CXX object CMakeFiles/rslidar_msg__rosidl_typesupport_cpp.dir/rosidl_typesupport_cpp/rslidar_msg/msg/rslidar_packet__type_support.cpp.o[0m
[199.503s] [ 32%] [32m[1mLinking CXX shared library librslidar_msg__rosidl_typesupport_cpp.so[0m
[201.136s] [ 32%] Built target rslidar_msg__rosidl_typesupport_cpp
[201.777s] [ 35%] [34m[1mGenerating C code for ROS interfaces[0m
[207.144s] [ 38%] [32mBuilding C object CMakeFiles/rslidar_msg__rosidl_generator_c.dir/rosidl_generator_c/rslidar_msg/msg/detail/rslidar_packet__functions.c.o[0m
[209.578s] [ 41%] [32m[1mLinking C shared library librslidar_msg__rosidl_generator_c.so[0m
[211.409s] [ 41%] Built target rslidar_msg__rosidl_generator_c
[212.215s] [ 45%] [34m[1mGenerating C type support for eProsima Fast-RTPS[0m
[216.264s] [ 48%] [32mBuilding CXX object CMakeFiles/rslidar_msg__rosidl_typesupport_fastrtps_c.dir/rosidl_typesupport_fastrtps_c/rslidar_msg/msg/detail/rslidar_packet__type_support_c.cpp.o[0m
[220.105s] [ 51%] [32m[1mLinking CXX shared library librslidar_msg__rosidl_typesupport_fastrtps_c.so[0m
[222.145s] [ 51%] Built target rslidar_msg__rosidl_typesupport_fastrtps_c
[222.801s] [ 54%] [34m[1mGenerating C type support dispatch for ROS interfaces[0m
[225.121s] [ 58%] [32mBuilding CXX object CMakeFiles/rslidar_msg__rosidl_typesupport_c.dir/rosidl_typesupport_c/rslidar_msg/msg/rslidar_packet__type_support.cpp.o[0m
[226.232s] [ 61%] [32m[1mLinking CXX shared library librslidar_msg__rosidl_typesupport_c.so[0m
[227.889s] [ 61%] Built target rslidar_msg__rosidl_typesupport_c
[228.616s] [ 64%] [34m[1mGenerating C introspection for ROS interfaces[0m
[232.237s] [ 67%] [32mBuilding C object CMakeFiles/rslidar_msg__rosidl_typesupport_introspection_c.dir/rosidl_typesupport_introspection_c/rslidar_msg/msg/detail/rslidar_packet__type_support.c.o[0m
[233.726s] [ 70%] [32m[1mLinking C shared library librslidar_msg__rosidl_typesupport_introspection_c.so[0m
[235.323s] [ 70%] Built target rslidar_msg__rosidl_typesupport_introspection_c
[236.699s] [ 70%] Built target rslidar_msg
[238.379s] [ 74%] [34m[1mGenerating Python code for ROS interfaces[0m
[243.880s] [ 74%] Built target rslidar_msg__py
[245.490s] [ 77%] [32mBuilding C object CMakeFiles/rslidar_msg__rosidl_generator_py.dir/rosidl_generator_py/rslidar_msg/msg/_rslidar_packet_s.c.o[0m
[248.012s] [ 80%] [32m[1mLinking C shared library rosidl_generator_py/rslidar_msg/librslidar_msg__rosidl_generator_py.so[0m
[249.895s] [ 80%] Built target rslidar_msg__rosidl_generator_py
[251.694s] [ 83%] [32mBuilding C object CMakeFiles/rslidar_msg__rosidl_typesupport_fastrtps_c__pyext.dir/rosidl_generator_py/rslidar_msg/_rslidar_msg_s.ep.rosidl_typesupport_fastrtps_c.c.o[0m
[254.495s] [ 87%] [32m[1mLinking C shared library rosidl_generator_py/rslidar_msg/rslidar_msg_s__rosidl_typesupport_fastrtps_c.cpython-310-x86_64-linux-gnu.so[0m
[257.089s] [ 87%] Built target rslidar_msg__rosidl_typesupport_fastrtps_c__pyext
[258.540s] [ 90%] [32mBuilding C object CMakeFiles/rslidar_msg__rosidl_typesupport_c__pyext.dir/rosidl_generator_py/rslidar_msg/_rslidar_msg_s.ep.rosidl_typesupport_c.c.o[0m
[260.529s] [ 93%] [32m[1mLinking C shared library rosidl_generator_py/rslidar_msg/rslidar_msg_s__rosidl_typesupport_c.cpython-310-x86_64-linux-gnu.so[0m
[263.930s] [ 93%] Built target rslidar_msg__rosidl_typesupport_c__pyext
[265.505s] [ 96%] [32mBuilding C object CMakeFiles/rslidar_msg__rosidl_typesupport_introspection_c__pyext.dir/rosidl_generator_py/rslidar_msg/_rslidar_msg_s.ep.rosidl_typesupport_introspection_c.c.o[0m
[267.807s] [100%] [32m[1mLinking C shared library rosidl_generator_py/rslidar_msg/rslidar_msg_s__rosidl_typesupport_introspection_c.cpython-310-x86_64-linux-gnu.so[0m
[269.634s] [100%] Built target rslidar_msg__rosidl_typesupport_introspection_c__pyext
[270.268s] Invoked command in '/workspaces/my_ros2_ws/src/build/rslidar_msg' returned '0': CMAKE_PREFIX_PATH=${CMAKE_PREFIX_PATH}:/workspaces/my_ros2_ws/install/object_detection:/workspaces/my_ros2_ws/install/unitree_nav_launch_module:/workspaces/my_ros2_ws/install/listen_talk_ros2:/opt/ros/humble /usr/bin/cmake --build /workspaces/my_ros2_ws/src/build/rslidar_msg -- -j4 -l4
[280.216s] Invoking command in '/workspaces/my_ros2_ws/src/build/rslidar_msg': CMAKE_PREFIX_PATH=${CMAKE_PREFIX_PATH}:/workspaces/my_ros2_ws/install/object_detection:/workspaces/my_ros2_ws/install/unitree_nav_launch_module:/workspaces/my_ros2_ws/install/listen_talk_ros2:/opt/ros/humble /usr/bin/cmake --install /workspaces/my_ros2_ws/src/build/rslidar_msg
[280.666s] -- Install configuration: ""
[280.684s] -- Execute custom install script
[280.733s] -- Symlinking: /workspaces/my_ros2_ws/src/install/rslidar_msg/share/ament_index/resource_index/rosidl_interfaces/rslidar_msg
[281.177s] -- Symlinking: /workspaces/my_ros2_ws/src/install/rslidar_msg/include/rslidar_msg/rslidar_msg/msg/detail/rslidar_packet__functions.h
[281.691s] -- Symlinking: /workspaces/my_ros2_ws/src/install/rslidar_msg/include/rslidar_msg/rslidar_msg/msg/detail/rslidar_packet__struct.h
[283.540s] -- Symlinking: /workspaces/my_ros2_ws/src/install/rslidar_msg/include/rslidar_msg/rslidar_msg/msg/detail/rslidar_packet__type_support.h
[284.272s] -- Symlinking: /workspaces/my_ros2_ws/src/install/rslidar_msg/include/rslidar_msg/rslidar_msg/msg/rosidl_generator_c__visibility_control.h
[284.833s] -- Symlinking: /workspaces/my_ros2_ws/src/install/rslidar_msg/include/rslidar_msg/rslidar_msg/msg/rslidar_packet.h
[285.390s] -- Symlinking: /workspaces/my_ros2_ws/src/install/rslidar_msg/share/rslidar_msg/environment/library_path.sh
[286.036s] -- Symlinking: /workspaces/my_ros2_ws/src/install/rslidar_msg/share/rslidar_msg/environment/library_path.dsv
[286.568s] -- Symlinking: /workspaces/my_ros2_ws/src/install/rslidar_msg/include/rslidar_msg/rslidar_msg/msg/detail/rslidar_packet__rosidl_typesupport_fastrtps_c.h
[287.024s] -- Symlinking: /workspaces/my_ros2_ws/src/install/rslidar_msg/include/rslidar_msg/rslidar_msg/msg/rosidl_typesupport_fastrtps_c__visibility_control.h
[287.485s] -- Symlinking: /workspaces/my_ros2_ws/src/install/rslidar_msg/include/rslidar_msg/rslidar_msg/msg/detail/rslidar_packet__builder.hpp
[287.945s] -- Symlinking: /workspaces/my_ros2_ws/src/install/rslidar_msg/include/rslidar_msg/rslidar_msg/msg/detail/rslidar_packet__struct.hpp
[288.446s] -- Symlinking: /workspaces/my_ros2_ws/src/install/rslidar_msg/include/rslidar_msg/rslidar_msg/msg/detail/rslidar_packet__traits.hpp
[289.046s] -- Symlinking: /workspaces/my_ros2_ws/src/install/rslidar_msg/include/rslidar_msg/rslidar_msg/msg/rslidar_packet.hpp
[289.531s] -- Symlinking: /workspaces/my_ros2_ws/src/install/rslidar_msg/include/rslidar_msg/rslidar_msg/msg/detail/rslidar_packet__rosidl_typesupport_fastrtps_cpp.hpp
[290.125s] -- Symlinking: /workspaces/my_ros2_ws/src/install/rslidar_msg/include/rslidar_msg/rslidar_msg/msg/rosidl_typesupport_fastrtps_cpp__visibility_control.h
[290.618s] -- Symlinking: /workspaces/my_ros2_ws/src/install/rslidar_msg/include/rslidar_msg/rslidar_msg/msg/detail/rslidar_packet__rosidl_typesupport_introspection_c.h
[291.949s] -- Symlinking: /workspaces/my_ros2_ws/src/install/rslidar_msg/include/rslidar_msg/rslidar_msg/msg/rosidl_typesupport_introspection_c__visibility_control.h
[292.514s] -- Symlinking: /workspaces/my_ros2_ws/src/install/rslidar_msg/include/rslidar_msg/rslidar_msg/msg/detail/rslidar_packet__rosidl_typesupport_introspection_cpp.hpp
[293.010s] -- Symlinking: /workspaces/my_ros2_ws/src/install/rslidar_msg/share/rslidar_msg/environment/pythonpath.sh
[293.462s] -- Symlinking: /workspaces/my_ros2_ws/src/install/rslidar_msg/share/rslidar_msg/environment/pythonpath.dsv
[293.979s] -- Symlinking: /workspaces/my_ros2_ws/src/install/rslidar_msg/local/lib/python3.10/dist-packages/rslidar_msg-0.0.0-py3.10.egg-info/PKG-INFO
[294.480s] -- Symlinking: /workspaces/my_ros2_ws/src/install/rslidar_msg/local/lib/python3.10/dist-packages/rslidar_msg-0.0.0-py3.10.egg-info/SOURCES.txt
[294.986s] -- Symlinking: /workspaces/my_ros2_ws/src/install/rslidar_msg/local/lib/python3.10/dist-packages/rslidar_msg-0.0.0-py3.10.egg-info/dependency_links.txt
[295.541s] -- Symlinking: /workspaces/my_ros2_ws/src/install/rslidar_msg/local/lib/python3.10/dist-packages/rslidar_msg-0.0.0-py3.10.egg-info/top_level.txt
[296.115s] -- Symlinking: /workspaces/my_ros2_ws/src/install/rslidar_msg/local/lib/python3.10/dist-packages/rslidar_msg/__init__.py
[296.555s] -- Symlinking: /workspaces/my_ros2_ws/src/install/rslidar_msg/local/lib/python3.10/dist-packages/rslidar_msg/_rslidar_msg_s.ep.rosidl_typesupport_c.c
[297.232s] -- Symlinking: /workspaces/my_ros2_ws/src/install/rslidar_msg/local/lib/python3.10/dist-packages/rslidar_msg/_rslidar_msg_s.ep.rosidl_typesupport_fastrtps_c.c
[298.990s] -- Symlinking: /workspaces/my_ros2_ws/src/install/rslidar_msg/local/lib/python3.10/dist-packages/rslidar_msg/_rslidar_msg_s.ep.rosidl_typesupport_introspection_c.c
[299.412s] -- Symlinking: /workspaces/my_ros2_ws/src/install/rslidar_msg/local/lib/python3.10/dist-packages/rslidar_msg/librslidar_msg__rosidl_generator_py.so
[299.995s] -- Symlinking: /workspaces/my_ros2_ws/src/install/rslidar_msg/local/lib/python3.10/dist-packages/rslidar_msg/msg/__init__.py
[300.432s] -- Symlinking: /workspaces/my_ros2_ws/src/install/rslidar_msg/local/lib/python3.10/dist-packages/rslidar_msg/msg/_rslidar_packet.py
[300.820s] -- Symlinking: /workspaces/my_ros2_ws/src/install/rslidar_msg/local/lib/python3.10/dist-packages/rslidar_msg/msg/_rslidar_packet_s.c
[301.254s] -- Symlinking: /workspaces/my_ros2_ws/src/install/rslidar_msg/local/lib/python3.10/dist-packages/rslidar_msg/rslidar_msg_s__rosidl_typesupport_c.cpython-310-x86_64-linux-gnu.so
[301.780s] -- Symlinking: /workspaces/my_ros2_ws/src/install/rslidar_msg/local/lib/python3.10/dist-packages/rslidar_msg/rslidar_msg_s__rosidl_typesupport_fastrtps_c.cpython-310-x86_64-linux-gnu.so
[302.344s] -- Symlinking: /workspaces/my_ros2_ws/src/install/rslidar_msg/local/lib/python3.10/dist-packages/rslidar_msg/rslidar_msg_s__rosidl_typesupport_introspection_c.cpython-310-x86_64-linux-gnu.so
[303.247s] -- Up-to-date symlink: /workspaces/my_ros2_ws/src/install/rslidar_msg/local/lib/python3.10/dist-packages/rslidar_msg/rslidar_msg_s__rosidl_typesupport_fastrtps_c.cpython-310-x86_64-linux-gnu.so
[303.268s] -- Up-to-date symlink: /workspaces/my_ros2_ws/src/install/rslidar_msg/local/lib/python3.10/dist-packages/rslidar_msg/rslidar_msg_s__rosidl_typesupport_introspection_c.cpython-310-x86_64-linux-gnu.so
[303.288s] -- Up-to-date symlink: /workspaces/my_ros2_ws/src/install/rslidar_msg/local/lib/python3.10/dist-packages/rslidar_msg/rslidar_msg_s__rosidl_typesupport_c.cpython-310-x86_64-linux-gnu.so
[303.322s] -- Symlinking: /workspaces/my_ros2_ws/src/install/rslidar_msg/share/rslidar_msg/msg/RslidarPacket.idl
[303.938s] -- Symlinking: /workspaces/my_ros2_ws/src/install/rslidar_msg/share/rslidar_msg/msg/RslidarPacket.msg
[304.703s] -- Symlinking: /workspaces/my_ros2_ws/src/install/rslidar_msg/share/ament_index/resource_index/package_run_dependencies/rslidar_msg
[305.321s] -- Symlinking: /workspaces/my_ros2_ws/src/install/rslidar_msg/share/ament_index/resource_index/parent_prefix_path/rslidar_msg
[305.919s] -- Symlinking: /workspaces/my_ros2_ws/src/install/rslidar_msg/share/rslidar_msg/environment/ament_prefix_path.sh
[306.509s] -- Symlinking: /workspaces/my_ros2_ws/src/install/rslidar_msg/share/rslidar_msg/environment/ament_prefix_path.dsv
[307.034s] -- Symlinking: /workspaces/my_ros2_ws/src/install/rslidar_msg/share/rslidar_msg/environment/path.sh
[307.754s] -- Symlinking: /workspaces/my_ros2_ws/src/install/rslidar_msg/share/rslidar_msg/environment/path.dsv
[308.918s] -- Symlinking: /workspaces/my_ros2_ws/src/install/rslidar_msg/share/rslidar_msg/local_setup.bash
[309.459s] -- Symlinking: /workspaces/my_ros2_ws/src/install/rslidar_msg/share/rslidar_msg/local_setup.sh
[309.919s] -- Symlinking: /workspaces/my_ros2_ws/src/install/rslidar_msg/share/rslidar_msg/local_setup.zsh
[310.986s] -- Symlinking: /workspaces/my_ros2_ws/src/install/rslidar_msg/share/rslidar_msg/local_setup.dsv
[311.519s] -- Symlinking: /workspaces/my_ros2_ws/src/install/rslidar_msg/share/rslidar_msg/package.dsv
[312.101s] -- Symlinking: /workspaces/my_ros2_ws/src/install/rslidar_msg/share/ament_index/resource_index/packages/rslidar_msg
[312.716s] -- Symlinking: /workspaces/my_ros2_ws/src/install/rslidar_msg/share/rslidar_msg/cmake/rosidl_cmake-extras.cmake
[313.227s] -- Symlinking: /workspaces/my_ros2_ws/src/install/rslidar_msg/share/rslidar_msg/cmake/ament_cmake_export_dependencies-extras.cmake
[313.667s] -- Symlinking: /workspaces/my_ros2_ws/src/install/rslidar_msg/share/rslidar_msg/cmake/ament_cmake_export_include_directories-extras.cmake
[314.132s] -- Symlinking: /workspaces/my_ros2_ws/src/install/rslidar_msg/share/rslidar_msg/cmake/ament_cmake_export_libraries-extras.cmake
[314.658s] -- Symlinking: /workspaces/my_ros2_ws/src/install/rslidar_msg/share/rslidar_msg/cmake/ament_cmake_export_targets-extras.cmake
[315.184s] -- Symlinking: /workspaces/my_ros2_ws/src/install/rslidar_msg/share/rslidar_msg/cmake/rosidl_cmake_export_typesupport_targets-extras.cmake
[315.613s] -- Symlinking: /workspaces/my_ros2_ws/src/install/rslidar_msg/share/rslidar_msg/cmake/rosidl_cmake_export_typesupport_libraries-extras.cmake
[316.137s] -- Symlinking: /workspaces/my_ros2_ws/src/install/rslidar_msg/share/rslidar_msg/cmake/rslidar_msgConfig.cmake
[316.523s] -- Symlinking: /workspaces/my_ros2_ws/src/install/rslidar_msg/share/rslidar_msg/cmake/rslidar_msgConfig-version.cmake
[316.929s] -- Symlinking: /workspaces/my_ros2_ws/src/install/rslidar_msg/share/rslidar_msg/package.xml
[317.472s] -- Installing: /workspaces/my_ros2_ws/src/install/rslidar_msg/lib/librslidar_msg__rosidl_generator_c.so
[317.535s] -- Set runtime path of "/workspaces/my_ros2_ws/src/install/rslidar_msg/lib/librslidar_msg__rosidl_generator_c.so" to ""
[317.553s] -- Installing: /workspaces/my_ros2_ws/src/install/rslidar_msg/lib/librslidar_msg__rosidl_typesupport_fastrtps_c.so
[317.609s] -- Set runtime path of "/workspaces/my_ros2_ws/src/install/rslidar_msg/lib/librslidar_msg__rosidl_typesupport_fastrtps_c.so" to ""
[317.625s] -- Installing: /workspaces/my_ros2_ws/src/install/rslidar_msg/lib/librslidar_msg__rosidl_typesupport_fastrtps_cpp.so
[317.765s] -- Set runtime path of "/workspaces/my_ros2_ws/src/install/rslidar_msg/lib/librslidar_msg__rosidl_typesupport_fastrtps_cpp.so" to ""
[317.794s] -- Installing: /workspaces/my_ros2_ws/src/install/rslidar_msg/lib/librslidar_msg__rosidl_typesupport_introspection_c.so
[317.878s] -- Set runtime path of "/workspaces/my_ros2_ws/src/install/rslidar_msg/lib/librslidar_msg__rosidl_typesupport_introspection_c.so" to ""
[317.903s] -- Installing: /workspaces/my_ros2_ws/src/install/rslidar_msg/lib/librslidar_msg__rosidl_typesupport_c.so
[317.955s] -- Set runtime path of "/workspaces/my_ros2_ws/src/install/rslidar_msg/lib/librslidar_msg__rosidl_typesupport_c.so" to ""
[317.963s] -- Installing: /workspaces/my_ros2_ws/src/install/rslidar_msg/lib/librslidar_msg__rosidl_typesupport_introspection_cpp.so
[318.039s] -- Set runtime path of "/workspaces/my_ros2_ws/src/install/rslidar_msg/lib/librslidar_msg__rosidl_typesupport_introspection_cpp.so" to ""
[318.050s] -- Installing: /workspaces/my_ros2_ws/src/install/rslidar_msg/lib/librslidar_msg__rosidl_typesupport_cpp.so
[318.115s] -- Set runtime path of "/workspaces/my_ros2_ws/src/install/rslidar_msg/lib/librslidar_msg__rosidl_typesupport_cpp.so" to ""
[318.682s] Listing '/workspaces/my_ros2_ws/src/install/rslidar_msg/local/lib/python3.10/dist-packages/rslidar_msg'...
[318.694s] Compiling '/workspaces/my_ros2_ws/src/install/rslidar_msg/local/lib/python3.10/dist-packages/rslidar_msg/__init__.py'...
[318.704s] Listing '/workspaces/my_ros2_ws/src/install/rslidar_msg/local/lib/python3.10/dist-packages/rslidar_msg/msg'...
[318.723s] Compiling '/workspaces/my_ros2_ws/src/install/rslidar_msg/local/lib/python3.10/dist-packages/rslidar_msg/msg/__init__.py'...
[318.742s] Compiling '/workspaces/my_ros2_ws/src/install/rslidar_msg/local/lib/python3.10/dist-packages/rslidar_msg/msg/_rslidar_packet.py'...
[318.761s] -- Installing: /workspaces/my_ros2_ws/src/install/rslidar_msg/lib/librslidar_msg__rosidl_generator_py.so
[318.823s] -- Set runtime path of "/workspaces/my_ros2_ws/src/install/rslidar_msg/lib/librslidar_msg__rosidl_generator_py.so" to ""
[318.837s] -- Installing: /workspaces/my_ros2_ws/src/install/rslidar_msg/share/rslidar_msg/cmake/export_rslidar_msg__rosidl_generator_cExport.cmake
[318.881s] -- Installing: /workspaces/my_ros2_ws/src/install/rslidar_msg/share/rslidar_msg/cmake/export_rslidar_msg__rosidl_generator_cExport-noconfig.cmake
[318.934s] -- Installing: /workspaces/my_ros2_ws/src/install/rslidar_msg/share/rslidar_msg/cmake/export_rslidar_msg__rosidl_typesupport_fastrtps_cExport.cmake
[318.992s] -- Installing: /workspaces/my_ros2_ws/src/install/rslidar_msg/share/rslidar_msg/cmake/export_rslidar_msg__rosidl_typesupport_fastrtps_cExport-noconfig.cmake
[319.031s] -- Installing: /workspaces/my_ros2_ws/src/install/rslidar_msg/share/rslidar_msg/cmake/export_rslidar_msg__rosidl_generator_cppExport.cmake
[319.101s] -- Installing: /workspaces/my_ros2_ws/src/install/rslidar_msg/share/rslidar_msg/cmake/export_rslidar_msg__rosidl_typesupport_fastrtps_cppExport.cmake
[319.164s] -- Installing: /workspaces/my_ros2_ws/src/install/rslidar_msg/share/rslidar_msg/cmake/export_rslidar_msg__rosidl_typesupport_fastrtps_cppExport-noconfig.cmake
[319.216s] -- Installing: /workspaces/my_ros2_ws/src/install/rslidar_msg/share/rslidar_msg/cmake/rslidar_msg__rosidl_typesupport_introspection_cExport.cmake
[319.262s] -- Installing: /workspaces/my_ros2_ws/src/install/rslidar_msg/share/rslidar_msg/cmake/rslidar_msg__rosidl_typesupport_introspection_cExport-noconfig.cmake
[319.317s] -- Installing: /workspaces/my_ros2_ws/src/install/rslidar_msg/share/rslidar_msg/cmake/rslidar_msg__rosidl_typesupport_cExport.cmake
[319.368s] -- Installing: /workspaces/my_ros2_ws/src/install/rslidar_msg/share/rslidar_msg/cmake/rslidar_msg__rosidl_typesupport_cExport-noconfig.cmake
[319.421s] -- Installing: /workspaces/my_ros2_ws/src/install/rslidar_msg/share/rslidar_msg/cmake/rslidar_msg__rosidl_typesupport_introspection_cppExport.cmake
[319.476s] -- Installing: /workspaces/my_ros2_ws/src/install/rslidar_msg/share/rslidar_msg/cmake/rslidar_msg__rosidl_typesupport_introspection_cppExport-noconfig.cmake
[319.558s] -- Installing: /workspaces/my_ros2_ws/src/install/rslidar_msg/share/rslidar_msg/cmake/rslidar_msg__rosidl_typesupport_cppExport.cmake
[319.616s] -- Installing: /workspaces/my_ros2_ws/src/install/rslidar_msg/share/rslidar_msg/cmake/rslidar_msg__rosidl_typesupport_cppExport-noconfig.cmake
[319.661s] -- Installing: /workspaces/my_ros2_ws/src/install/rslidar_msg/share/rslidar_msg/cmake/export_rslidar_msg__rosidl_generator_pyExport.cmake
[319.739s] -- Installing: /workspaces/my_ros2_ws/src/install/rslidar_msg/share/rslidar_msg/cmake/export_rslidar_msg__rosidl_generator_pyExport-noconfig.cmake
[319.846s] Invoked command in '/workspaces/my_ros2_ws/src/build/rslidar_msg' returned '0': CMAKE_PREFIX_PATH=${CMAKE_PREFIX_PATH}:/workspaces/my_ros2_ws/install/object_detection:/workspaces/my_ros2_ws/install/unitree_nav_launch_module:/workspaces/my_ros2_ws/install/listen_talk_ros2:/opt/ros/humble /usr/bin/cmake --install /workspaces/my_ros2_ws/src/build/rslidar_msg
