-- The C compiler identification is GNU 11.3.0
-- The CXX compiler identification is GNU 11.3.0
-- Detecting C compiler ABI info
-- Detecting C compiler ABI info - done
-- Check for working C compiler: /usr/bin/cc - skipped
-- Detecting C compile features
-- Detecting C compile features - done
-- Detecting CXX compiler ABI info
-- Detecting CXX compiler ABI info - done
-- Check for working CXX compiler: /usr/bin/c++ - skipped
-- Detecting CXX compile features
-- Detecting CXX compile features - done
-- Found ament_cmake: 1.3.4 (/opt/ros/humble/share/ament_cmake/cmake)
-- Found Python3: /usr/bin/python3.10 (found version "3.10.6") found components: Interpreter 
-- Override CMake install command with custom implementation using symlinks instead of copying resources
-- Found rclcpp: 16.0.4 (/opt/ros/humble/share/rclcpp/cmake)
-- Found rosidl_generator_c: 3.1.4 (/opt/ros/humble/share/rosidl_generator_c/cmake)
-- Found rosidl_adapter: 3.1.4 (/opt/ros/humble/share/rosidl_adapter/cmake)
-- Found rosidl_generator_cpp: 3.1.4 (/opt/ros/humble/share/rosidl_generator_cpp/cmake)
-- Using all available rosidl_typesupport_c: rosidl_typesupport_fastrtps_c;rosidl_typesupport_introspection_c
-- Using all available rosidl_typesupport_cpp: rosidl_typesupport_fastrtps_cpp;rosidl_typesupport_introspection_cpp
-- Found rmw_implementation_cmake: 6.1.1 (/opt/ros/humble/share/rmw_implementation_cmake/cmake)
-- Found rmw_fastrtps_cpp: 6.2.2 (/opt/ros/humble/share/rmw_fastrtps_cpp/cmake)
-- Found OpenSSL: /usr/lib/x86_64-linux-gnu/libcrypto.so (found version "3.0.2")  
-- Found FastRTPS: /opt/ros/humble/include  
-- Using RMW implementation 'rmw_fastrtps_cpp' as default
-- Looking for pthread.h
-- Looking for pthread.h - found
-- Performing Test CMAKE_HAVE_LIBC_PTHREAD
-- Performing Test CMAKE_HAVE_LIBC_PTHREAD - Success
-- Found Threads: TRUE  
-- Found std_srvs: 4.2.3 (/opt/ros/humble/share/std_srvs/cmake)
-- Found tf2: 0.25.2 (/opt/ros/humble/share/tf2/cmake)
-- Found tf2_ros: 0.25.2 (/opt/ros/humble/share/tf2_ros/cmake)
-- Found rosidl_default_generators: 1.2.0 (/opt/ros/humble/share/rosidl_default_generators/cmake)
-- Found nav_msgs: 4.2.3 (/opt/ros/humble/share/nav_msgs/cmake)
-- Found sensor_msgs: 4.2.3 (/opt/ros/humble/share/sensor_msgs/cmake)
-- Found visualization_msgs: 4.2.3 (/opt/ros/humble/share/visualization_msgs/cmake)
-- Found unitree_nav_interfaces: 0.0.0 (/workspaces/my_ros2_ws/src/install/unitree_nav_interfaces/share/unitree_nav_interfaces/cmake)
-- Found tf2_geometry_msgs: 0.25.2 (/opt/ros/humble/share/tf2_geometry_msgs/cmake)
-- Found eigen3_cmake_module: 0.1.1 (/opt/ros/humble/share/eigen3_cmake_module/cmake)
-- Found Eigen3: TRUE (found version "3.4.0") 
-- Ensuring Eigen3 include directory is part of orocos-kdl CMake target
-- Found nav2_msgs: 1.1.6 (/opt/ros/humble/share/nav2_msgs/cmake)
-- Found ros2_unitree_legged_msgs: 0.4.0 (/workspaces/my_ros2_ws/src/install/ros2_unitree_legged_msgs/share/ros2_unitree_legged_msgs/cmake)
-- Found Doxygen: /usr/bin/doxygen (found version "1.9.1") found components: doxygen dot 
-- Found ament_lint_auto: 0.12.6 (/opt/ros/humble/share/ament_lint_auto/cmake)
-- Added test 'cppcheck' to perform static code analysis on C / C++ code
-- Configured cppcheck include dirs: 
-- Configured cppcheck exclude dirs and/or files: 
-- Added test 'flake8' to check Python code syntax and style conventions
-- Added test 'lint_cmake' to check CMake code style
-- Added test 'pep257' to check Python code against some of the docstring style conventions in PEP 257
-- Added test 'uncrustify' to check C / C++ code style
-- Configured uncrustify additional arguments: 
-- Added test 'xmllint' to check XML markup files
-- Configuring done
-- Generating done
-- Build files have been written to: /workspaces/my_ros2_ws/src/build/guide_dog_unitree_go1
[ 14%] [34m[1mGenerate API documentation for doxygen[0m
Doxygen version used: 1.9.1
Searching for include files...
Searching for example files...
Searching for images...
Searching for dot files...
Searching for msc files...
Searching for dia files...
Searching for files to exclude
Searching INPUT for files to process...
Searching for files in directory /workspaces/my_ros2_ws/src/Guide_dog_Unitree_Go1/guide_dog_unitree_go1/src
Reading and parsing tag files
Parsing files
Preprocessing /workspaces/my_ros2_ws/src/Guide_dog_Unitree_Go1/guide_dog_unitree_go1/src/guide_dog.cpp...
Parsing file /workspaces/my_ros2_ws/src/Guide_dog_Unitree_Go1/guide_dog_unitree_go1/src/guide_dog.cpp...
Preprocessing /workspaces/my_ros2_ws/src/Guide_dog_Unitree_Go1/guide_dog_unitree_go1/src/vision_obstacles.cpp...
Parsing file /workspaces/my_ros2_ws/src/Guide_dog_Unitree_Go1/guide_dog_unitree_go1/src/vision_obstacles.cpp...
Preprocessing /workspaces/my_ros2_ws/src/Guide_dog_Unitree_Go1/guide_dog_unitree_go1/src/voice_control.cpp...
Parsing file /workspaces/my_ros2_ws/src/Guide_dog_Unitree_Go1/guide_dog_unitree_go1/src/voice_control.cpp...
Building macro definition list...
Building group list...
Building directory list...
Building namespace list...
Building file list...
Building class list...
Computing nesting relations for classes...
Associating documentation with classes...
Building example list...
Searching for enumerations...
Searching for documented typedefs...
Searching for members imported via using declarations...
Searching for included using directives...
Searching for documented variables...
Building interface member list...
Building member list...
Searching for friends...
Searching for documented defines...
Computing class inheritance relations...
Computing class usage relations...
Flushing cached template relations that have become invalid...
Computing class relations...
Add enum values to enums...
Searching for member function documentation...
Creating members for template instances...
Building page list...
Search for main page...
Computing page relations...
Determining the scope of groups...
Sorting lists...
Determining which enums are documented
Computing member relations...
Building full member lists recursively...
Adding members to member groups.
Computing member references...
Inheriting documentation...
Generating disk names...
Adding source references...
Adding xrefitems...
Sorting member lists...
Setting anonymous enum type...
Computing dependencies between directories...
Generating citations page...
Counting members...
Counting data structures...
Resolving user defined references...
Finding anchors and sections in the documentation...
Transferring function references...
Combining using relations...
Adding members to index pages...
Correcting members for VHDL...
Computing tooltip texts...
Generating style sheet...
Generating search indices...
Generating example documentation...
Generating file sources...
Generating file documentation...
Generating docs for file src/guide_dog.cpp...
Generating docs for file src/vision_obstacles.cpp...
Generating docs for file src/voice_control.cpp...
Generating page documentation...
Generating group documentation...
Generating class documentation...
Generating docs for compound guide_dog...
Generating docs for compound Pose2D...
Generating docs for compound vision_obstacles...
Generating docs for compound voice_control...
Generating namespace index...
Generating graph info page...
Generating directory documentation...
Generating index page...
Generating page index...
Generating module index...
Generating namespace index...
Generating namespace member index...
Generating annotated compound index...
Generating alphabetical compound index...
Generating hierarchical class index...
Generating graphical class hierarchy...
Generating member index...
Generating file index...
Generating file member index...
Generating example index...
finalizing index lists...
writing tag file...
Running plantuml with JAVA...
Running dot...
Generating dot graphs using 5 parallel threads...
Running dot for graph 1/12
Running dot for graph 2/12
Running dot for graph 3/12
Running dot for graph 4/12
Running dot for graph 5/12
Running dot for graph 6/12
Running dot for graph 7/12
Running dot for graph 8/12
Running dot for graph 9/12
Running dot for graph 10/12
Running dot for graph 11/12
Running dot for graph 12/12
Patching output file 1/7
Patching output file 2/7
Patching output file 3/7
Patching output file 4/7
Patching output file 5/7
Patching output file 6/7
Patching output file 7/7
lookup cache used 6/65536 hits=21 misses=7
finished...
[ 14%] Built target doxygen
[ 28%] [32mBuilding CXX object CMakeFiles/guide_dog.dir/src/guide_dog.cpp.o[0m
[ 42%] [32m[1mLinking CXX executable guide_dog[0m
[ 42%] Built target guide_dog
[ 57%] [32mBuilding CXX object CMakeFiles/vision_obstacles.dir/src/vision_obstacles.cpp.o[0m
[ 71%] [32m[1mLinking CXX executable vision_obstacles[0m
[ 71%] Built target vision_obstacles
[ 85%] [32mBuilding CXX object CMakeFiles/voice_control.dir/src/voice_control.cpp.o[0m
[100%] [32m[1mLinking CXX executable voice_control[0m
[100%] Built target voice_control
-- Install configuration: ""
-- Execute custom install script
-- Symlinking: /workspaces/my_ros2_ws/src/install/guide_dog_unitree_go1/lib/guide_dog_unitree_go1/voice_control
-- Symlinking: /workspaces/my_ros2_ws/src/install/guide_dog_unitree_go1/lib/guide_dog_unitree_go1/vision_obstacles
-- Symlinking: /workspaces/my_ros2_ws/src/install/guide_dog_unitree_go1/lib/guide_dog_unitree_go1/guide_dog
-- Symlinking: /workspaces/my_ros2_ws/src/install/guide_dog_unitree_go1/share/guide_dog_unitree_go1//launch/guide_dog.launch.py
-- Symlinking: /workspaces/my_ros2_ws/src/install/guide_dog_unitree_go1/share/guide_dog_unitree_go1//launch/vision.launch.xml
-- Symlinking: /workspaces/my_ros2_ws/src/install/guide_dog_unitree_go1/share/guide_dog_unitree_go1//config/nav2_params_guide_dog.yaml
-- Symlinking: /workspaces/my_ros2_ws/src/install/guide_dog_unitree_go1/share/ament_index/resource_index/package_run_dependencies/guide_dog_unitree_go1
-- Symlinking: /workspaces/my_ros2_ws/src/install/guide_dog_unitree_go1/share/ament_index/resource_index/parent_prefix_path/guide_dog_unitree_go1
-- Symlinking: /workspaces/my_ros2_ws/src/install/guide_dog_unitree_go1/share/guide_dog_unitree_go1/environment/ament_prefix_path.sh
-- Symlinking: /workspaces/my_ros2_ws/src/install/guide_dog_unitree_go1/share/guide_dog_unitree_go1/environment/ament_prefix_path.dsv
-- Symlinking: /workspaces/my_ros2_ws/src/install/guide_dog_unitree_go1/share/guide_dog_unitree_go1/environment/path.sh
-- Symlinking: /workspaces/my_ros2_ws/src/install/guide_dog_unitree_go1/share/guide_dog_unitree_go1/environment/path.dsv
-- Symlinking: /workspaces/my_ros2_ws/src/install/guide_dog_unitree_go1/share/guide_dog_unitree_go1/local_setup.bash
-- Symlinking: /workspaces/my_ros2_ws/src/install/guide_dog_unitree_go1/share/guide_dog_unitree_go1/local_setup.sh
-- Symlinking: /workspaces/my_ros2_ws/src/install/guide_dog_unitree_go1/share/guide_dog_unitree_go1/local_setup.zsh
-- Symlinking: /workspaces/my_ros2_ws/src/install/guide_dog_unitree_go1/share/guide_dog_unitree_go1/local_setup.dsv
-- Symlinking: /workspaces/my_ros2_ws/src/install/guide_dog_unitree_go1/share/guide_dog_unitree_go1/package.dsv
-- Symlinking: /workspaces/my_ros2_ws/src/install/guide_dog_unitree_go1/share/ament_index/resource_index/packages/guide_dog_unitree_go1
-- Symlinking: /workspaces/my_ros2_ws/src/install/guide_dog_unitree_go1/share/guide_dog_unitree_go1/cmake/guide_dog_unitree_go1Config.cmake
-- Symlinking: /workspaces/my_ros2_ws/src/install/guide_dog_unitree_go1/share/guide_dog_unitree_go1/cmake/guide_dog_unitree_go1Config-version.cmake
-- Symlinking: /workspaces/my_ros2_ws/src/install/guide_dog_unitree_go1/share/guide_dog_unitree_go1/package.xml
