[1.530s] Invoking command in '/workspaces/my_ros2_ws/src/build/guide_dog_unitree_go1': AMENT_PREFIX_PATH=/workspaces/my_ros2_ws/src/install/unitree_nav:/workspaces/my_ros2_ws/src/install/rslidar_sdk:/workspaces/my_ros2_ws/src/install/unitree_nav_interfaces:/workspaces/my_ros2_ws/src/install/rslidar_msg:/workspaces/my_ros2_ws/src/install/ros2_unitree_legged_msgs:${AMENT_PREFIX_PATH} CMAKE_PREFIX_PATH=/workspaces/my_ros2_ws/src/install/unitree_nav:/workspaces/my_ros2_ws/src/install/rslidar_sdk:/workspaces/my_ros2_ws/src/install/unitree_nav_interfaces:/workspaces/my_ros2_ws/src/install/rslidar_msg:/workspaces/my_ros2_ws/src/install/ros2_unitree_legged_msgs:/workspaces/my_ros2_ws/install/guide_dog_unitree_go1:/workspaces/my_ros2_ws/install/unitree_nav:/workspaces/my_ros2_ws/install/unitree_nav_interfaces:/workspaces/my_ros2_ws/install/unitree_legged_real:/workspaces/my_ros2_ws/install/rslidar_sdk:/workspaces/my_ros2_ws/install/rslidar_msg:/workspaces/my_ros2_ws/install/ros2_unitree_legged_msgs:/workspaces/my_ros2_ws/install/go1_description:/workspaces/my_ros2_ws/install:/workspaces/my_ros2_ws/install/object_detection:/workspaces/my_ros2_ws/install/unitree_nav_launch_module:/workspaces/my_ros2_ws/install/listen_talk_ros2:/opt/ros/humble LD_LIBRARY_PATH=/workspaces/my_ros2_ws/src/install/unitree_nav_interfaces/lib:/workspaces/my_ros2_ws/src/install/rslidar_msg/lib:/workspaces/my_ros2_ws/src/install/ros2_unitree_legged_msgs/lib:${LD_LIBRARY_PATH} PYTHONPATH=/workspaces/my_ros2_ws/src/install/unitree_nav_interfaces/local/lib/python3.10/dist-packages:/workspaces/my_ros2_ws/src/install/rslidar_msg/local/lib/python3.10/dist-packages:/workspaces/my_ros2_ws/src/install/ros2_unitree_legged_msgs/local/lib/python3.10/dist-packages:${PYTHONPATH} /usr/bin/cmake /workspaces/my_ros2_ws/src/Guide_dog_Unitree_Go1/guide_dog_unitree_go1 -DAMENT_CMAKE_SYMLINK_INSTALL=1 -DCMAKE_INSTALL_PREFIX=/workspaces/my_ros2_ws/src/install/guide_dog_unitree_go1
[5.662s] -- The C compiler identification is GNU 11.3.0
[7.902s] -- The CXX compiler identification is GNU 11.3.0
[8.230s] -- Detecting C compiler ABI info
[15.196s] -- Detecting C compiler ABI info - done
[15.319s] -- Check for working C compiler: /usr/bin/cc - skipped
[15.327s] -- Detecting C compile features
[15.332s] -- Detecting C compile features - done
[15.426s] -- Detecting CXX compiler ABI info
[38.513s] -- Detecting CXX compiler ABI info - done
[38.768s] -- Check for working CXX compiler: /usr/bin/c++ - skipped
[38.803s] -- Detecting CXX compile features
[38.873s] -- Detecting CXX compile features - done
[41.070s] -- Found ament_cmake: 1.3.4 (/opt/ros/humble/share/ament_cmake/cmake)
[58.918s] -- Found Python3: /usr/bin/python3.10 (found version "3.10.6") found components: Interpreter 
[62.497s] -- Override CMake install command with custom implementation using symlinks instead of copying resources
[80.943s] -- Found rclcpp: 16.0.4 (/opt/ros/humble/share/rclcpp/cmake)
[92.523s] -- Found rosidl_generator_c: 3.1.4 (/opt/ros/humble/share/rosidl_generator_c/cmake)
[93.672s] -- Found rosidl_adapter: 3.1.4 (/opt/ros/humble/share/rosidl_adapter/cmake)
[96.461s] -- Found rosidl_generator_cpp: 3.1.4 (/opt/ros/humble/share/rosidl_generator_cpp/cmake)
[98.009s] -- Using all available rosidl_typesupport_c: rosidl_typesupport_fastrtps_c;rosidl_typesupport_introspection_c
[99.936s] -- Using all available rosidl_typesupport_cpp: rosidl_typesupport_fastrtps_cpp;rosidl_typesupport_introspection_cpp
[103.354s] -- Found rmw_implementation_cmake: 6.1.1 (/opt/ros/humble/share/rmw_implementation_cmake/cmake)
[103.748s] -- Found rmw_fastrtps_cpp: 6.2.2 (/opt/ros/humble/share/rmw_fastrtps_cpp/cmake)
[118.091s] -- Found OpenSSL: /usr/lib/x86_64-linux-gnu/libcrypto.so (found version "3.0.2")  
[119.789s] -- Found FastRTPS: /opt/ros/humble/include  
[122.609s] -- Using RMW implementation 'rmw_fastrtps_cpp' as default
[124.378s] -- Looking for pthread.h
[132.658s] -- Looking for pthread.h - found
[132.674s] -- Performing Test CMAKE_HAVE_LIBC_PTHREAD
[137.787s] -- Performing Test CMAKE_HAVE_LIBC_PTHREAD - Success
[137.793s] -- Found Threads: TRUE  
[139.742s] -- Found std_srvs: 4.2.3 (/opt/ros/humble/share/std_srvs/cmake)
[140.018s] -- Found tf2: 0.25.2 (/opt/ros/humble/share/tf2/cmake)
[140.756s] -- Found tf2_ros: 0.25.2 (/opt/ros/humble/share/tf2_ros/cmake)
[148.110s] -- Found rosidl_default_generators: 1.2.0 (/opt/ros/humble/share/rosidl_default_generators/cmake)
[150.144s] -- Found nav_msgs: 4.2.3 (/opt/ros/humble/share/nav_msgs/cmake)
[151.250s] -- Found sensor_msgs: 4.2.3 (/opt/ros/humble/share/sensor_msgs/cmake)
[152.146s] -- Found visualization_msgs: 4.2.3 (/opt/ros/humble/share/visualization_msgs/cmake)
[152.718s] -- Found unitree_nav_interfaces: 0.0.0 (/workspaces/my_ros2_ws/src/install/unitree_nav_interfaces/share/unitree_nav_interfaces/cmake)
[153.705s] -- Found tf2_geometry_msgs: 0.25.2 (/opt/ros/humble/share/tf2_geometry_msgs/cmake)
[157.305s] -- Found eigen3_cmake_module: 0.1.1 (/opt/ros/humble/share/eigen3_cmake_module/cmake)
[157.651s] -- Found Eigen3: TRUE (found version "3.4.0") 
[157.662s] -- Ensuring Eigen3 include directory is part of orocos-kdl CMake target
[158.689s] -- Found nav2_msgs: 1.1.6 (/opt/ros/humble/share/nav2_msgs/cmake)
[160.118s] -- Found ros2_unitree_legged_msgs: 0.4.0 (/workspaces/my_ros2_ws/src/install/ros2_unitree_legged_msgs/share/ros2_unitree_legged_msgs/cmake)
[163.015s] -- Found Doxygen: /usr/bin/doxygen (found version "1.9.1") found components: doxygen dot 
[163.974s] -- Found ament_lint_auto: 0.12.6 (/opt/ros/humble/share/ament_lint_auto/cmake)
[167.706s] -- Added test 'cppcheck' to perform static code analysis on C / C++ code
[167.713s] -- Configured cppcheck include dirs: 
[167.717s] -- Configured cppcheck exclude dirs and/or files: 
[167.975s] -- Added test 'flake8' to check Python code syntax and style conventions
[168.385s] -- Added test 'lint_cmake' to check CMake code style
[168.972s] -- Added test 'pep257' to check Python code against some of the docstring style conventions in PEP 257
[170.266s] -- Added test 'uncrustify' to check C / C++ code style
[170.324s] -- Configured uncrustify additional arguments: 
[170.779s] -- Added test 'xmllint' to check XML markup files
[171.679s] -- Configuring done
[173.883s] -- Generating done
[174.397s] -- Build files have been written to: /workspaces/my_ros2_ws/src/build/guide_dog_unitree_go1
[174.677s] Invoked command in '/workspaces/my_ros2_ws/src/build/guide_dog_unitree_go1' returned '0': AMENT_PREFIX_PATH=/workspaces/my_ros2_ws/src/install/unitree_nav:/workspaces/my_ros2_ws/src/install/rslidar_sdk:/workspaces/my_ros2_ws/src/install/unitree_nav_interfaces:/workspaces/my_ros2_ws/src/install/rslidar_msg:/workspaces/my_ros2_ws/src/install/ros2_unitree_legged_msgs:${AMENT_PREFIX_PATH} CMAKE_PREFIX_PATH=/workspaces/my_ros2_ws/src/install/unitree_nav:/workspaces/my_ros2_ws/src/install/rslidar_sdk:/workspaces/my_ros2_ws/src/install/unitree_nav_interfaces:/workspaces/my_ros2_ws/src/install/rslidar_msg:/workspaces/my_ros2_ws/src/install/ros2_unitree_legged_msgs:/workspaces/my_ros2_ws/install/guide_dog_unitree_go1:/workspaces/my_ros2_ws/install/unitree_nav:/workspaces/my_ros2_ws/install/unitree_nav_interfaces:/workspaces/my_ros2_ws/install/unitree_legged_real:/workspaces/my_ros2_ws/install/rslidar_sdk:/workspaces/my_ros2_ws/install/rslidar_msg:/workspaces/my_ros2_ws/install/ros2_unitree_legged_msgs:/workspaces/my_ros2_ws/install/go1_description:/workspaces/my_ros2_ws/install:/workspaces/my_ros2_ws/install/object_detection:/workspaces/my_ros2_ws/install/unitree_nav_launch_module:/workspaces/my_ros2_ws/install/listen_talk_ros2:/opt/ros/humble LD_LIBRARY_PATH=/workspaces/my_ros2_ws/src/install/unitree_nav_interfaces/lib:/workspaces/my_ros2_ws/src/install/rslidar_msg/lib:/workspaces/my_ros2_ws/src/install/ros2_unitree_legged_msgs/lib:${LD_LIBRARY_PATH} PYTHONPATH=/workspaces/my_ros2_ws/src/install/unitree_nav_interfaces/local/lib/python3.10/dist-packages:/workspaces/my_ros2_ws/src/install/rslidar_msg/local/lib/python3.10/dist-packages:/workspaces/my_ros2_ws/src/install/ros2_unitree_legged_msgs/local/lib/python3.10/dist-packages:${PYTHONPATH} /usr/bin/cmake /workspaces/my_ros2_ws/src/Guide_dog_Unitree_Go1/guide_dog_unitree_go1 -DAMENT_CMAKE_SYMLINK_INSTALL=1 -DCMAKE_INSTALL_PREFIX=/workspaces/my_ros2_ws/src/install/guide_dog_unitree_go1
[174.831s] Invoking command in '/workspaces/my_ros2_ws/src/build/guide_dog_unitree_go1': AMENT_PREFIX_PATH=/workspaces/my_ros2_ws/src/install/unitree_nav:/workspaces/my_ros2_ws/src/install/rslidar_sdk:/workspaces/my_ros2_ws/src/install/unitree_nav_interfaces:/workspaces/my_ros2_ws/src/install/rslidar_msg:/workspaces/my_ros2_ws/src/install/ros2_unitree_legged_msgs:${AMENT_PREFIX_PATH} CMAKE_PREFIX_PATH=/workspaces/my_ros2_ws/src/install/unitree_nav:/workspaces/my_ros2_ws/src/install/rslidar_sdk:/workspaces/my_ros2_ws/src/install/unitree_nav_interfaces:/workspaces/my_ros2_ws/src/install/rslidar_msg:/workspaces/my_ros2_ws/src/install/ros2_unitree_legged_msgs:/workspaces/my_ros2_ws/install/guide_dog_unitree_go1:/workspaces/my_ros2_ws/install/unitree_nav:/workspaces/my_ros2_ws/install/unitree_nav_interfaces:/workspaces/my_ros2_ws/install/unitree_legged_real:/workspaces/my_ros2_ws/install/rslidar_sdk:/workspaces/my_ros2_ws/install/rslidar_msg:/workspaces/my_ros2_ws/install/ros2_unitree_legged_msgs:/workspaces/my_ros2_ws/install/go1_description:/workspaces/my_ros2_ws/install:/workspaces/my_ros2_ws/install/object_detection:/workspaces/my_ros2_ws/install/unitree_nav_launch_module:/workspaces/my_ros2_ws/install/listen_talk_ros2:/opt/ros/humble LD_LIBRARY_PATH=/workspaces/my_ros2_ws/src/install/unitree_nav_interfaces/lib:/workspaces/my_ros2_ws/src/install/rslidar_msg/lib:/workspaces/my_ros2_ws/src/install/ros2_unitree_legged_msgs/lib:${LD_LIBRARY_PATH} PYTHONPATH=/workspaces/my_ros2_ws/src/install/unitree_nav_interfaces/local/lib/python3.10/dist-packages:/workspaces/my_ros2_ws/src/install/rslidar_msg/local/lib/python3.10/dist-packages:/workspaces/my_ros2_ws/src/install/ros2_unitree_legged_msgs/local/lib/python3.10/dist-packages:${PYTHONPATH} /usr/bin/cmake --build /workspaces/my_ros2_ws/src/build/guide_dog_unitree_go1 -- -j4 -l4
[180.885s] [ 14%] [34m[1mGenerate API documentation for doxygen[0m
[182.144s] warning: tag INPUT: input source 'README.md' does not exist
[182.148s] Doxygen version used: 1.9.1
[182.166s] Searching for include files...
[182.181s] Searching for example files...
[182.186s] Searching for images...
[182.191s] Searching for dot files...
[182.196s] Searching for msc files...
[182.201s] Searching for dia files...
[182.205s] Searching for files to exclude
[182.209s] Searching INPUT for files to process...
[182.212s] Searching for files in directory /workspaces/my_ros2_ws/src/Guide_dog_Unitree_Go1/guide_dog_unitree_go1/src
[182.229s] warning: source 'README.md' is not a readable file or directory... skipping.
[182.234s] Reading and parsing tag files
[182.238s] Parsing files
[182.242s] Preprocessing /workspaces/my_ros2_ws/src/Guide_dog_Unitree_Go1/guide_dog_unitree_go1/src/guide_dog.cpp...
[182.246s] Parsing file /workspaces/my_ros2_ws/src/Guide_dog_Unitree_Go1/guide_dog_unitree_go1/src/guide_dog.cpp...
[182.250s] Preprocessing /workspaces/my_ros2_ws/src/Guide_dog_Unitree_Go1/guide_dog_unitree_go1/src/vision_obstacles.cpp...
[182.304s] Parsing file /workspaces/my_ros2_ws/src/Guide_dog_Unitree_Go1/guide_dog_unitree_go1/src/vision_obstacles.cpp...
[182.312s] Preprocessing /workspaces/my_ros2_ws/src/Guide_dog_Unitree_Go1/guide_dog_unitree_go1/src/voice_control.cpp...
[182.343s] Parsing file /workspaces/my_ros2_ws/src/Guide_dog_Unitree_Go1/guide_dog_unitree_go1/src/voice_control.cpp...
[182.348s] Building macro definition list...
[182.352s] Building group list...
[182.360s] Building directory list...
[182.369s] Building namespace list...
[182.375s] Building file list...
[182.381s] Building class list...
[182.386s] Computing nesting relations for classes...
[182.391s] Associating documentation with classes...
[182.396s] Building example list...
[182.400s] Searching for enumerations...
[182.407s] Searching for documented typedefs...
[182.415s] Searching for members imported via using declarations...
[182.420s] Searching for included using directives...
[182.425s] Searching for documented variables...
[182.429s] Building interface member list...
[182.435s] Building member list...
[182.442s] Searching for friends...
[182.445s] Searching for documented defines...
[182.449s] Computing class inheritance relations...
[182.456s] Computing class usage relations...
[182.460s] Flushing cached template relations that have become invalid...
[182.467s] Computing class relations...
[182.473s] Add enum values to enums...
[182.481s] Searching for member function documentation...
[182.486s] Creating members for template instances...
[182.490s] Building page list...
[182.495s] Search for main page...
[182.499s] Computing page relations...
[182.502s] Determining the scope of groups...
[182.507s] Sorting lists...
[182.516s] Determining which enums are documented
[182.521s] Computing member relations...
[182.526s] Building full member lists recursively...
[182.531s] /workspaces/my_ros2_ws/src/Guide_dog_Unitree_Go1/guide_dog_unitree_go1/src/guide_dog.cpp:73: warning: Compound Pose2D is not documented.
[182.537s] /workspaces/my_ros2_ws/src/Guide_dog_Unitree_Go1/guide_dog_unitree_go1/src/guide_dog.cpp:87: warning: Compound guide_dog is not documented.
[182.544s] Adding members to member groups.
[182.548s] Computing member references...
[182.551s] Inheriting documentation...
[182.556s] Generating disk names...
[182.562s] Adding source references...
[182.566s] Adding xrefitems...
[182.573s] Sorting member lists...
[182.588s] Setting anonymous enum type...
[182.593s] Computing dependencies between directories...
[182.597s] Generating citations page...
[182.600s] Counting members...
[182.604s] Counting data structures...
[182.614s] Resolving user defined references...
[182.618s] Finding anchors and sections in the documentation...
[182.624s] Transferring function references...
[182.628s] Combining using relations...
[182.633s] Adding members to index pages...
[182.638s] Correcting members for VHDL...
[182.642s] Computing tooltip texts...
[182.650s] Generating style sheet...
[182.656s] Generating search indices...
[182.702s] Generating example documentation...
[182.708s] Generating file sources...
[182.712s] Generating file documentation...
[182.720s] Generating docs for file src/guide_dog.cpp...
[182.728s] /workspaces/my_ros2_ws/src/Guide_dog_Unitree_Go1/guide_dog_unitree_go1/src/guide_dog.cpp:47: warning: Member STATES (macro definition) of file guide_dog.cpp is not documented.
[182.740s] /workspaces/my_ros2_ws/src/Guide_dog_Unitree_Go1/guide_dog_unitree_go1/src/guide_dog.cpp:53: warning: Member X(state, name) (macro definition) of file guide_dog.cpp is not documented.
[182.746s] /workspaces/my_ros2_ws/src/Guide_dog_Unitree_Go1/guide_dog_unitree_go1/src/guide_dog.cpp:57: warning: Member X(state, name) (macro definition) of file guide_dog.cpp is not documented.
[182.751s] /workspaces/my_ros2_ws/src/Guide_dog_Unitree_Go1/guide_dog_unitree_go1/src/guide_dog.cpp:54: warning: Member State (enumeration) of file guide_dog.cpp is not documented.
[182.758s] /workspaces/my_ros2_ws/src/Guide_dog_Unitree_Go1/guide_dog_unitree_go1/src/guide_dog.cpp:63: warning: Member to_value(Enumeration const value) -> typename std::underlying_type< Enumeration >::type (function) of file guide_dog.cpp is not documented.
[182.766s] /workspaces/my_ros2_ws/src/Guide_dog_Unitree_Go1/guide_dog_unitree_go1/src/guide_dog.cpp:69: warning: Member get_state_name(State state) (function) of file guide_dog.cpp is not documented.
[182.772s] /workspaces/my_ros2_ws/src/Guide_dog_Unitree_Go1/guide_dog_unitree_go1/src/guide_dog.cpp:352: warning: Member quaternion_to_rpy(const geometry_msgs::msg::Quaternion &q) (function) of file guide_dog.cpp is not documented.
[182.776s] /workspaces/my_ros2_ws/src/Guide_dog_Unitree_Go1/guide_dog_unitree_go1/src/guide_dog.cpp:362: warning: Member rpy_to_quaternion(double roll, double pitch, double yaw) (function) of file guide_dog.cpp is not documented.
[182.786s] /workspaces/my_ros2_ws/src/Guide_dog_Unitree_Go1/guide_dog_unitree_go1/src/guide_dog.cpp:368: warning: Member main(int argc, char **argv) (function) of file guide_dog.cpp is not documented.
[182.797s] /workspaces/my_ros2_ws/src/Guide_dog_Unitree_Go1/guide_dog_unitree_go1/src/guide_dog.cpp:58: warning: Member STATE_NAMES (variable) of file guide_dog.cpp is not documented.
[182.802s] Generating docs for file src/vision_obstacles.cpp...
[182.808s] Generating docs for file src/voice_control.cpp...
[182.818s] Generating page documentation...
[182.826s] Generating group documentation...
[182.830s] Generating class documentation...
[182.834s] Generating docs for compound guide_dog...
[182.838s] Generating docs for compound Pose2D...
[182.846s] /workspaces/my_ros2_ws/src/Guide_dog_Unitree_Go1/guide_dog_unitree_go1/src/guide_dog.cpp:74: warning: Member x (variable) of struct Pose2D is not documented.
[182.852s] /workspaces/my_ros2_ws/src/Guide_dog_Unitree_Go1/guide_dog_unitree_go1/src/guide_dog.cpp:75: warning: Member y (variable) of struct Pose2D is not documented.
[182.856s] /workspaces/my_ros2_ws/src/Guide_dog_Unitree_Go1/guide_dog_unitree_go1/src/guide_dog.cpp:76: warning: Member theta (variable) of struct Pose2D is not documented.
[182.859s] Generating docs for compound vision_obstacles...
[182.865s] Generating docs for compound voice_control...
[182.878s] Generating namespace index...
[182.885s] Generating graph info page...
[182.896s] Generating directory documentation...
[182.909s] Generating index page...
[182.914s] Generating page index...
[182.923s] Generating module index...
[182.928s] Generating namespace index...
[182.951s] Generating namespace member index...
[182.959s] Generating annotated compound index...
[182.970s] Generating alphabetical compound index...
[182.974s] Generating hierarchical class index...
[182.984s] Generating graphical class hierarchy...
[182.995s] Generating member index...
[183.001s] Generating file index...
[183.006s] Generating file member index...
[183.034s] Generating example index...
[183.039s] finalizing index lists...
[183.045s] writing tag file...
[183.052s] Running plantuml with JAVA...
[183.063s] Running dot...
[183.074s] Generating dot graphs using 5 parallel threads...
[183.082s] Running dot for graph 1/12
[183.099s] Running dot for graph 2/12
[183.142s] Running dot for graph 3/12
[183.147s] Running dot for graph 4/12
[183.160s] Running dot for graph 5/12
[184.956s] Running dot for graph 6/12
[184.973s] Running dot for graph 7/12
[184.983s] Running dot for graph 8/12
[184.993s] Running dot for graph 9/12
[185.023s] Running dot for graph 10/12
[186.157s] Running dot for graph 11/12
[186.253s] Running dot for graph 12/12
[187.120s] Patching output file 1/7
[187.143s] Patching output file 2/7
[187.167s] Patching output file 3/7
[187.186s] Patching output file 4/7
[187.209s] Patching output file 5/7
[187.229s] Patching output file 6/7
[187.254s] Patching output file 7/7
[187.375s] lookup cache used 6/65536 hits=21 misses=7
[187.386s] finished...
[188.194s] [ 14%] Built target doxygen
[189.763s] [ 28%] [32mBuilding CXX object CMakeFiles/guide_dog.dir/src/guide_dog.cpp.o[0m
[259.861s] [ 42%] [32m[1mLinking CXX executable guide_dog[0m
[313.268s] [ 42%] Built target guide_dog
[315.002s] [ 57%] [32mBuilding CXX object CMakeFiles/vision_obstacles.dir/src/vision_obstacles.cpp.o[0m
[343.878s] [ 71%] [32m[1mLinking CXX executable vision_obstacles[0m
[368.092s] [ 71%] Built target vision_obstacles
[369.771s] [ 85%] [32mBuilding CXX object CMakeFiles/voice_control.dir/src/voice_control.cpp.o[0m
[403.674s] [100%] [32m[1mLinking CXX executable voice_control[0m
[429.155s] [100%] Built target voice_control
[429.936s] Invoked command in '/workspaces/my_ros2_ws/src/build/guide_dog_unitree_go1' returned '0': AMENT_PREFIX_PATH=/workspaces/my_ros2_ws/src/install/unitree_nav:/workspaces/my_ros2_ws/src/install/rslidar_sdk:/workspaces/my_ros2_ws/src/install/unitree_nav_interfaces:/workspaces/my_ros2_ws/src/install/rslidar_msg:/workspaces/my_ros2_ws/src/install/ros2_unitree_legged_msgs:${AMENT_PREFIX_PATH} CMAKE_PREFIX_PATH=/workspaces/my_ros2_ws/src/install/unitree_nav:/workspaces/my_ros2_ws/src/install/rslidar_sdk:/workspaces/my_ros2_ws/src/install/unitree_nav_interfaces:/workspaces/my_ros2_ws/src/install/rslidar_msg:/workspaces/my_ros2_ws/src/install/ros2_unitree_legged_msgs:/workspaces/my_ros2_ws/install/guide_dog_unitree_go1:/workspaces/my_ros2_ws/install/unitree_nav:/workspaces/my_ros2_ws/install/unitree_nav_interfaces:/workspaces/my_ros2_ws/install/unitree_legged_real:/workspaces/my_ros2_ws/install/rslidar_sdk:/workspaces/my_ros2_ws/install/rslidar_msg:/workspaces/my_ros2_ws/install/ros2_unitree_legged_msgs:/workspaces/my_ros2_ws/install/go1_description:/workspaces/my_ros2_ws/install:/workspaces/my_ros2_ws/install/object_detection:/workspaces/my_ros2_ws/install/unitree_nav_launch_module:/workspaces/my_ros2_ws/install/listen_talk_ros2:/opt/ros/humble LD_LIBRARY_PATH=/workspaces/my_ros2_ws/src/install/unitree_nav_interfaces/lib:/workspaces/my_ros2_ws/src/install/rslidar_msg/lib:/workspaces/my_ros2_ws/src/install/ros2_unitree_legged_msgs/lib:${LD_LIBRARY_PATH} PYTHONPATH=/workspaces/my_ros2_ws/src/install/unitree_nav_interfaces/local/lib/python3.10/dist-packages:/workspaces/my_ros2_ws/src/install/rslidar_msg/local/lib/python3.10/dist-packages:/workspaces/my_ros2_ws/src/install/ros2_unitree_legged_msgs/local/lib/python3.10/dist-packages:${PYTHONPATH} /usr/bin/cmake --build /workspaces/my_ros2_ws/src/build/guide_dog_unitree_go1 -- -j4 -l4
[433.102s] Invoking command in '/workspaces/my_ros2_ws/src/build/guide_dog_unitree_go1': AMENT_PREFIX_PATH=/workspaces/my_ros2_ws/src/install/unitree_nav:/workspaces/my_ros2_ws/src/install/rslidar_sdk:/workspaces/my_ros2_ws/src/install/unitree_nav_interfaces:/workspaces/my_ros2_ws/src/install/rslidar_msg:/workspaces/my_ros2_ws/src/install/ros2_unitree_legged_msgs:${AMENT_PREFIX_PATH} CMAKE_PREFIX_PATH=/workspaces/my_ros2_ws/src/install/unitree_nav:/workspaces/my_ros2_ws/src/install/rslidar_sdk:/workspaces/my_ros2_ws/src/install/unitree_nav_interfaces:/workspaces/my_ros2_ws/src/install/rslidar_msg:/workspaces/my_ros2_ws/src/install/ros2_unitree_legged_msgs:/workspaces/my_ros2_ws/install/guide_dog_unitree_go1:/workspaces/my_ros2_ws/install/unitree_nav:/workspaces/my_ros2_ws/install/unitree_nav_interfaces:/workspaces/my_ros2_ws/install/unitree_legged_real:/workspaces/my_ros2_ws/install/rslidar_sdk:/workspaces/my_ros2_ws/install/rslidar_msg:/workspaces/my_ros2_ws/install/ros2_unitree_legged_msgs:/workspaces/my_ros2_ws/install/go1_description:/workspaces/my_ros2_ws/install:/workspaces/my_ros2_ws/install/object_detection:/workspaces/my_ros2_ws/install/unitree_nav_launch_module:/workspaces/my_ros2_ws/install/listen_talk_ros2:/opt/ros/humble LD_LIBRARY_PATH=/workspaces/my_ros2_ws/src/install/unitree_nav_interfaces/lib:/workspaces/my_ros2_ws/src/install/rslidar_msg/lib:/workspaces/my_ros2_ws/src/install/ros2_unitree_legged_msgs/lib:${LD_LIBRARY_PATH} PYTHONPATH=/workspaces/my_ros2_ws/src/install/unitree_nav_interfaces/local/lib/python3.10/dist-packages:/workspaces/my_ros2_ws/src/install/rslidar_msg/local/lib/python3.10/dist-packages:/workspaces/my_ros2_ws/src/install/ros2_unitree_legged_msgs/local/lib/python3.10/dist-packages:${PYTHONPATH} /usr/bin/cmake --install /workspaces/my_ros2_ws/src/build/guide_dog_unitree_go1
[433.772s] -- Install configuration: ""
[433.790s] -- Execute custom install script
[433.819s] -- Symlinking: /workspaces/my_ros2_ws/src/install/guide_dog_unitree_go1/lib/guide_dog_unitree_go1/voice_control
[434.227s] -- Symlinking: /workspaces/my_ros2_ws/src/install/guide_dog_unitree_go1/lib/guide_dog_unitree_go1/vision_obstacles
[434.592s] -- Symlinking: /workspaces/my_ros2_ws/src/install/guide_dog_unitree_go1/lib/guide_dog_unitree_go1/guide_dog
[435.278s] -- Symlinking: /workspaces/my_ros2_ws/src/install/guide_dog_unitree_go1/share/guide_dog_unitree_go1//launch/guide_dog.launch.py
[435.837s] -- Symlinking: /workspaces/my_ros2_ws/src/install/guide_dog_unitree_go1/share/guide_dog_unitree_go1//launch/vision.launch.xml
[436.242s] -- Symlinking: /workspaces/my_ros2_ws/src/install/guide_dog_unitree_go1/share/guide_dog_unitree_go1//config/nav2_params_guide_dog.yaml
[436.667s] -- Symlinking: /workspaces/my_ros2_ws/src/install/guide_dog_unitree_go1/share/ament_index/resource_index/package_run_dependencies/guide_dog_unitree_go1
[437.007s] -- Symlinking: /workspaces/my_ros2_ws/src/install/guide_dog_unitree_go1/share/ament_index/resource_index/parent_prefix_path/guide_dog_unitree_go1
[437.353s] -- Symlinking: /workspaces/my_ros2_ws/src/install/guide_dog_unitree_go1/share/guide_dog_unitree_go1/environment/ament_prefix_path.sh
[437.739s] -- Symlinking: /workspaces/my_ros2_ws/src/install/guide_dog_unitree_go1/share/guide_dog_unitree_go1/environment/ament_prefix_path.dsv
[438.180s] -- Symlinking: /workspaces/my_ros2_ws/src/install/guide_dog_unitree_go1/share/guide_dog_unitree_go1/environment/path.sh
[438.526s] -- Symlinking: /workspaces/my_ros2_ws/src/install/guide_dog_unitree_go1/share/guide_dog_unitree_go1/environment/path.dsv
[438.878s] -- Symlinking: /workspaces/my_ros2_ws/src/install/guide_dog_unitree_go1/share/guide_dog_unitree_go1/local_setup.bash
[439.197s] -- Symlinking: /workspaces/my_ros2_ws/src/install/guide_dog_unitree_go1/share/guide_dog_unitree_go1/local_setup.sh
[439.653s] -- Symlinking: /workspaces/my_ros2_ws/src/install/guide_dog_unitree_go1/share/guide_dog_unitree_go1/local_setup.zsh
[440.007s] -- Symlinking: /workspaces/my_ros2_ws/src/install/guide_dog_unitree_go1/share/guide_dog_unitree_go1/local_setup.dsv
[440.422s] -- Symlinking: /workspaces/my_ros2_ws/src/install/guide_dog_unitree_go1/share/guide_dog_unitree_go1/package.dsv
[440.788s] -- Symlinking: /workspaces/my_ros2_ws/src/install/guide_dog_unitree_go1/share/ament_index/resource_index/packages/guide_dog_unitree_go1
[441.166s] -- Symlinking: /workspaces/my_ros2_ws/src/install/guide_dog_unitree_go1/share/guide_dog_unitree_go1/cmake/guide_dog_unitree_go1Config.cmake
[441.544s] -- Symlinking: /workspaces/my_ros2_ws/src/install/guide_dog_unitree_go1/share/guide_dog_unitree_go1/cmake/guide_dog_unitree_go1Config-version.cmake
[441.865s] -- Symlinking: /workspaces/my_ros2_ws/src/install/guide_dog_unitree_go1/share/guide_dog_unitree_go1/package.xml
[442.299s] Invoked command in '/workspaces/my_ros2_ws/src/build/guide_dog_unitree_go1' returned '0': AMENT_PREFIX_PATH=/workspaces/my_ros2_ws/src/install/unitree_nav:/workspaces/my_ros2_ws/src/install/rslidar_sdk:/workspaces/my_ros2_ws/src/install/unitree_nav_interfaces:/workspaces/my_ros2_ws/src/install/rslidar_msg:/workspaces/my_ros2_ws/src/install/ros2_unitree_legged_msgs:${AMENT_PREFIX_PATH} CMAKE_PREFIX_PATH=/workspaces/my_ros2_ws/src/install/unitree_nav:/workspaces/my_ros2_ws/src/install/rslidar_sdk:/workspaces/my_ros2_ws/src/install/unitree_nav_interfaces:/workspaces/my_ros2_ws/src/install/rslidar_msg:/workspaces/my_ros2_ws/src/install/ros2_unitree_legged_msgs:/workspaces/my_ros2_ws/install/guide_dog_unitree_go1:/workspaces/my_ros2_ws/install/unitree_nav:/workspaces/my_ros2_ws/install/unitree_nav_interfaces:/workspaces/my_ros2_ws/install/unitree_legged_real:/workspaces/my_ros2_ws/install/rslidar_sdk:/workspaces/my_ros2_ws/install/rslidar_msg:/workspaces/my_ros2_ws/install/ros2_unitree_legged_msgs:/workspaces/my_ros2_ws/install/go1_description:/workspaces/my_ros2_ws/install:/workspaces/my_ros2_ws/install/object_detection:/workspaces/my_ros2_ws/install/unitree_nav_launch_module:/workspaces/my_ros2_ws/install/listen_talk_ros2:/opt/ros/humble LD_LIBRARY_PATH=/workspaces/my_ros2_ws/src/install/unitree_nav_interfaces/lib:/workspaces/my_ros2_ws/src/install/rslidar_msg/lib:/workspaces/my_ros2_ws/src/install/ros2_unitree_legged_msgs/lib:${LD_LIBRARY_PATH} PYTHONPATH=/workspaces/my_ros2_ws/src/install/unitree_nav_interfaces/local/lib/python3.10/dist-packages:/workspaces/my_ros2_ws/src/install/rslidar_msg/local/lib/python3.10/dist-packages:/workspaces/my_ros2_ws/src/install/ros2_unitree_legged_msgs/local/lib/python3.10/dist-packages:${PYTHONPATH} /usr/bin/cmake --install /workspaces/my_ros2_ws/src/build/guide_dog_unitree_go1
