[0.879s] Invoking command in '/workspaces/my_ros2_ws/src/build/unitree_nav_interfaces': CMAKE_PREFIX_PATH=${CMAKE_PREFIX_PATH}:/workspaces/my_ros2_ws/install/object_detection:/workspaces/my_ros2_ws/install/unitree_nav_launch_module:/workspaces/my_ros2_ws/install/listen_talk_ros2:/opt/ros/humble /usr/bin/cmake --build /workspaces/my_ros2_ws/src/build/unitree_nav_interfaces -- -j4 -l4
[4.778s] [35m[1mConsolidate compiler generated dependencies of target unitree_nav_interfaces_srv__rosidl_generator_c[0m
[6.051s] [  2%] Built target unitree_nav_interfaces_srv__cpp
[6.856s] [  2%] Built target ament_cmake_python_symlink_unitree_nav_interfaces
[7.180s] [ 12%] Built target unitree_nav_interfaces_srv__rosidl_generator_c
[7.495s] [35m[1mConsolidate compiler generated dependencies of target unitree_nav_interfaces_srv__rosidl_typesupport_fastrtps_cpp[0m
[8.006s] [35m[1mConsolidate compiler generated dependencies of target unitree_nav_interfaces_srv__rosidl_typesupport_cpp[0m
[9.188s] [35m[1mConsolidate compiler generated dependencies of target unitree_nav_interfaces_srv__rosidl_typesupport_introspection_cpp[0m
[12.488s] running egg_info
[12.514s] writing unitree_nav_interfaces.egg-info/PKG-INFO
[12.530s] writing dependency_links to unitree_nav_interfaces.egg-info/dependency_links.txt
[12.555s] writing top-level names to unitree_nav_interfaces.egg-info/top_level.txt
[12.725s] reading manifest file 'unitree_nav_interfaces.egg-info/SOURCES.txt'
[12.793s] writing manifest file 'unitree_nav_interfaces.egg-info/SOURCES.txt'
[14.367s] [ 23%] Built target unitree_nav_interfaces_srv__rosidl_typesupport_cpp
[14.527s] [ 23%] Built target ament_cmake_python_build_unitree_nav_interfaces_egg
[15.366s] [ 35%] Built target unitree_nav_interfaces_srv__rosidl_typesupport_fastrtps_cpp
[15.414s] [ 43%] Built target unitree_nav_interfaces_srv__rosidl_typesupport_introspection_cpp
[16.351s] [35m[1mConsolidate compiler generated dependencies of target unitree_nav_interfaces_srv__rosidl_typesupport_introspection_c[0m
[16.395s] [35m[1mConsolidate compiler generated dependencies of target unitree_nav_interfaces_srv__rosidl_typesupport_fastrtps_c[0m
[16.919s] [35m[1mConsolidate compiler generated dependencies of target unitree_nav_interfaces_srv__rosidl_typesupport_c[0m
[18.922s] [ 53%] Built target unitree_nav_interfaces_srv__rosidl_typesupport_introspection_c
[19.102s] [ 64%] Built target unitree_nav_interfaces_srv__rosidl_typesupport_c
[21.602s] [ 74%] Built target unitree_nav_interfaces_srv__rosidl_typesupport_fastrtps_c
[23.825s] [ 74%] Built target unitree_nav_interfaces_srv
[25.802s] [ 76%] Built target unitree_nav_interfaces_srv__py
[26.808s] [35m[1mConsolidate compiler generated dependencies of target unitree_nav_interfaces_srv__rosidl_generator_py[0m
[29.881s] [ 84%] Built target unitree_nav_interfaces_srv__rosidl_generator_py
[31.388s] [35m[1mConsolidate compiler generated dependencies of target unitree_nav_interfaces__rosidl_typesupport_fastrtps_c__pyext[0m
[31.406s] [35m[1mConsolidate compiler generated dependencies of target unitree_nav_interfaces__rosidl_typesupport_introspection_c__pyext[0m
[31.423s] [35m[1mConsolidate compiler generated dependencies of target unitree_nav_interfaces__rosidl_typesupport_c__pyext[0m
[34.106s] [ 89%] Built target unitree_nav_interfaces__rosidl_typesupport_c__pyext
[34.171s] [100%] Built target unitree_nav_interfaces__rosidl_typesupport_fastrtps_c__pyext
[34.176s] [100%] Built target unitree_nav_interfaces__rosidl_typesupport_introspection_c__pyext
[34.828s] Invoked command in '/workspaces/my_ros2_ws/src/build/unitree_nav_interfaces' returned '0': CMAKE_PREFIX_PATH=${CMAKE_PREFIX_PATH}:/workspaces/my_ros2_ws/install/object_detection:/workspaces/my_ros2_ws/install/unitree_nav_launch_module:/workspaces/my_ros2_ws/install/listen_talk_ros2:/opt/ros/humble /usr/bin/cmake --build /workspaces/my_ros2_ws/src/build/unitree_nav_interfaces -- -j4 -l4
[47.024s] Invoking command in '/workspaces/my_ros2_ws/src/build/unitree_nav_interfaces': CMAKE_PREFIX_PATH=${CMAKE_PREFIX_PATH}:/workspaces/my_ros2_ws/install/object_detection:/workspaces/my_ros2_ws/install/unitree_nav_launch_module:/workspaces/my_ros2_ws/install/listen_talk_ros2:/opt/ros/humble /usr/bin/cmake --install /workspaces/my_ros2_ws/src/build/unitree_nav_interfaces
[47.489s] -- Install configuration: ""
[47.501s] -- Execute custom install script
[47.515s] -- Up-to-date symlink: /workspaces/my_ros2_ws/src/install/unitree_nav_interfaces/share/ament_index/resource_index/rosidl_interfaces/unitree_nav_interfaces
[47.530s] -- Up-to-date symlink: /workspaces/my_ros2_ws/src/install/unitree_nav_interfaces/include/unitree_nav_interfaces/unitree_nav_interfaces/msg/rosidl_generator_c__visibility_control.h
[47.541s] -- Up-to-date symlink: /workspaces/my_ros2_ws/src/install/unitree_nav_interfaces/include/unitree_nav_interfaces/unitree_nav_interfaces/srv/detail/nav_to_pose__functions.h
[47.553s] -- Up-to-date symlink: /workspaces/my_ros2_ws/src/install/unitree_nav_interfaces/include/unitree_nav_interfaces/unitree_nav_interfaces/srv/detail/nav_to_pose__struct.h
[47.559s] -- Up-to-date symlink: /workspaces/my_ros2_ws/src/install/unitree_nav_interfaces/include/unitree_nav_interfaces/unitree_nav_interfaces/srv/detail/nav_to_pose__type_support.h
[47.566s] -- Up-to-date symlink: /workspaces/my_ros2_ws/src/install/unitree_nav_interfaces/include/unitree_nav_interfaces/unitree_nav_interfaces/srv/detail/set_body_rpy__functions.h
[47.578s] -- Up-to-date symlink: /workspaces/my_ros2_ws/src/install/unitree_nav_interfaces/include/unitree_nav_interfaces/unitree_nav_interfaces/srv/detail/set_body_rpy__struct.h
[47.589s] -- Up-to-date symlink: /workspaces/my_ros2_ws/src/install/unitree_nav_interfaces/include/unitree_nav_interfaces/unitree_nav_interfaces/srv/detail/set_body_rpy__type_support.h
[47.601s] -- Up-to-date symlink: /workspaces/my_ros2_ws/src/install/unitree_nav_interfaces/include/unitree_nav_interfaces/unitree_nav_interfaces/srv/nav_to_pose.h
[47.611s] -- Up-to-date symlink: /workspaces/my_ros2_ws/src/install/unitree_nav_interfaces/include/unitree_nav_interfaces/unitree_nav_interfaces/srv/set_body_rpy.h
[47.621s] -- Up-to-date symlink: /workspaces/my_ros2_ws/src/install/unitree_nav_interfaces/share/unitree_nav_interfaces/environment/library_path.sh
[47.637s] -- Up-to-date symlink: /workspaces/my_ros2_ws/src/install/unitree_nav_interfaces/share/unitree_nav_interfaces/environment/library_path.dsv
[47.646s] -- Up-to-date symlink: /workspaces/my_ros2_ws/src/install/unitree_nav_interfaces/include/unitree_nav_interfaces/unitree_nav_interfaces/msg/rosidl_typesupport_fastrtps_c__visibility_control.h
[47.659s] -- Up-to-date symlink: /workspaces/my_ros2_ws/src/install/unitree_nav_interfaces/include/unitree_nav_interfaces/unitree_nav_interfaces/srv/detail/nav_to_pose__rosidl_typesupport_fastrtps_c.h
[47.667s] -- Up-to-date symlink: /workspaces/my_ros2_ws/src/install/unitree_nav_interfaces/include/unitree_nav_interfaces/unitree_nav_interfaces/srv/detail/set_body_rpy__rosidl_typesupport_fastrtps_c.h
[47.683s] -- Up-to-date symlink: /workspaces/my_ros2_ws/src/install/unitree_nav_interfaces/include/unitree_nav_interfaces/unitree_nav_interfaces/srv/detail/nav_to_pose__builder.hpp
[47.689s] -- Up-to-date symlink: /workspaces/my_ros2_ws/src/install/unitree_nav_interfaces/include/unitree_nav_interfaces/unitree_nav_interfaces/srv/detail/nav_to_pose__struct.hpp
[47.698s] -- Up-to-date symlink: /workspaces/my_ros2_ws/src/install/unitree_nav_interfaces/include/unitree_nav_interfaces/unitree_nav_interfaces/srv/detail/nav_to_pose__traits.hpp
[47.710s] -- Up-to-date symlink: /workspaces/my_ros2_ws/src/install/unitree_nav_interfaces/include/unitree_nav_interfaces/unitree_nav_interfaces/srv/detail/set_body_rpy__builder.hpp
[47.725s] -- Up-to-date symlink: /workspaces/my_ros2_ws/src/install/unitree_nav_interfaces/include/unitree_nav_interfaces/unitree_nav_interfaces/srv/detail/set_body_rpy__struct.hpp
[47.733s] -- Up-to-date symlink: /workspaces/my_ros2_ws/src/install/unitree_nav_interfaces/include/unitree_nav_interfaces/unitree_nav_interfaces/srv/detail/set_body_rpy__traits.hpp
[47.739s] -- Up-to-date symlink: /workspaces/my_ros2_ws/src/install/unitree_nav_interfaces/include/unitree_nav_interfaces/unitree_nav_interfaces/srv/nav_to_pose.hpp
[47.753s] -- Up-to-date symlink: /workspaces/my_ros2_ws/src/install/unitree_nav_interfaces/include/unitree_nav_interfaces/unitree_nav_interfaces/srv/set_body_rpy.hpp
[47.767s] -- Up-to-date symlink: /workspaces/my_ros2_ws/src/install/unitree_nav_interfaces/include/unitree_nav_interfaces/unitree_nav_interfaces/msg/rosidl_typesupport_fastrtps_cpp__visibility_control.h
[47.779s] -- Up-to-date symlink: /workspaces/my_ros2_ws/src/install/unitree_nav_interfaces/include/unitree_nav_interfaces/unitree_nav_interfaces/srv/detail/nav_to_pose__rosidl_typesupport_fastrtps_cpp.hpp
[47.786s] -- Up-to-date symlink: /workspaces/my_ros2_ws/src/install/unitree_nav_interfaces/include/unitree_nav_interfaces/unitree_nav_interfaces/srv/detail/set_body_rpy__rosidl_typesupport_fastrtps_cpp.hpp
[47.800s] -- Up-to-date symlink: /workspaces/my_ros2_ws/src/install/unitree_nav_interfaces/include/unitree_nav_interfaces/unitree_nav_interfaces/msg/rosidl_typesupport_introspection_c__visibility_control.h
[47.811s] -- Up-to-date symlink: /workspaces/my_ros2_ws/src/install/unitree_nav_interfaces/include/unitree_nav_interfaces/unitree_nav_interfaces/srv/detail/nav_to_pose__rosidl_typesupport_introspection_c.h
[47.818s] -- Up-to-date symlink: /workspaces/my_ros2_ws/src/install/unitree_nav_interfaces/include/unitree_nav_interfaces/unitree_nav_interfaces/srv/detail/set_body_rpy__rosidl_typesupport_introspection_c.h
[47.828s] -- Up-to-date symlink: /workspaces/my_ros2_ws/src/install/unitree_nav_interfaces/include/unitree_nav_interfaces/unitree_nav_interfaces/srv/detail/nav_to_pose__rosidl_typesupport_introspection_cpp.hpp
[47.837s] -- Up-to-date symlink: /workspaces/my_ros2_ws/src/install/unitree_nav_interfaces/include/unitree_nav_interfaces/unitree_nav_interfaces/srv/detail/set_body_rpy__rosidl_typesupport_introspection_cpp.hpp
[47.848s] -- Up-to-date symlink: /workspaces/my_ros2_ws/src/install/unitree_nav_interfaces/share/unitree_nav_interfaces/environment/pythonpath.sh
[47.863s] -- Up-to-date symlink: /workspaces/my_ros2_ws/src/install/unitree_nav_interfaces/share/unitree_nav_interfaces/environment/pythonpath.dsv
[47.869s] -- Up-to-date symlink: /workspaces/my_ros2_ws/src/install/unitree_nav_interfaces/local/lib/python3.10/dist-packages/unitree_nav_interfaces-0.0.0-py3.10.egg-info/PKG-INFO
[47.874s] -- Up-to-date symlink: /workspaces/my_ros2_ws/src/install/unitree_nav_interfaces/local/lib/python3.10/dist-packages/unitree_nav_interfaces-0.0.0-py3.10.egg-info/SOURCES.txt
[47.887s] -- Up-to-date symlink: /workspaces/my_ros2_ws/src/install/unitree_nav_interfaces/local/lib/python3.10/dist-packages/unitree_nav_interfaces-0.0.0-py3.10.egg-info/dependency_links.txt
[47.893s] -- Up-to-date symlink: /workspaces/my_ros2_ws/src/install/unitree_nav_interfaces/local/lib/python3.10/dist-packages/unitree_nav_interfaces-0.0.0-py3.10.egg-info/top_level.txt
[47.919s] -- Up-to-date symlink: /workspaces/my_ros2_ws/src/install/unitree_nav_interfaces/local/lib/python3.10/dist-packages/unitree_nav_interfaces/__init__.py
[47.940s] -- Up-to-date symlink: /workspaces/my_ros2_ws/src/install/unitree_nav_interfaces/local/lib/python3.10/dist-packages/unitree_nav_interfaces/_unitree_nav_interfaces_s.ep.rosidl_typesupport_c.c
[47.951s] -- Up-to-date symlink: /workspaces/my_ros2_ws/src/install/unitree_nav_interfaces/local/lib/python3.10/dist-packages/unitree_nav_interfaces/_unitree_nav_interfaces_s.ep.rosidl_typesupport_fastrtps_c.c
[47.978s] -- Up-to-date symlink: /workspaces/my_ros2_ws/src/install/unitree_nav_interfaces/local/lib/python3.10/dist-packages/unitree_nav_interfaces/_unitree_nav_interfaces_s.ep.rosidl_typesupport_introspection_c.c
[47.986s] -- Up-to-date symlink: /workspaces/my_ros2_ws/src/install/unitree_nav_interfaces/local/lib/python3.10/dist-packages/unitree_nav_interfaces/libunitree_nav_interfaces_srv__rosidl_generator_py.so
[48.012s] -- Up-to-date symlink: /workspaces/my_ros2_ws/src/install/unitree_nav_interfaces/local/lib/python3.10/dist-packages/unitree_nav_interfaces/srv/__init__.py
[48.028s] -- Up-to-date symlink: /workspaces/my_ros2_ws/src/install/unitree_nav_interfaces/local/lib/python3.10/dist-packages/unitree_nav_interfaces/srv/_nav_to_pose.py
[48.037s] -- Up-to-date symlink: /workspaces/my_ros2_ws/src/install/unitree_nav_interfaces/local/lib/python3.10/dist-packages/unitree_nav_interfaces/srv/_nav_to_pose_s.c
[48.054s] -- Up-to-date symlink: /workspaces/my_ros2_ws/src/install/unitree_nav_interfaces/local/lib/python3.10/dist-packages/unitree_nav_interfaces/srv/_set_body_rpy.py
[48.060s] -- Up-to-date symlink: /workspaces/my_ros2_ws/src/install/unitree_nav_interfaces/local/lib/python3.10/dist-packages/unitree_nav_interfaces/srv/_set_body_rpy_s.c
[48.080s] -- Up-to-date symlink: /workspaces/my_ros2_ws/src/install/unitree_nav_interfaces/local/lib/python3.10/dist-packages/unitree_nav_interfaces/unitree_nav_interfaces_s__rosidl_typesupport_c.cpython-310-x86_64-linux-gnu.so
[48.092s] -- Up-to-date symlink: /workspaces/my_ros2_ws/src/install/unitree_nav_interfaces/local/lib/python3.10/dist-packages/unitree_nav_interfaces/unitree_nav_interfaces_s__rosidl_typesupport_fastrtps_c.cpython-310-x86_64-linux-gnu.so
[48.106s] -- Up-to-date symlink: /workspaces/my_ros2_ws/src/install/unitree_nav_interfaces/local/lib/python3.10/dist-packages/unitree_nav_interfaces/unitree_nav_interfaces_s__rosidl_typesupport_introspection_c.cpython-310-x86_64-linux-gnu.so
[48.119s] -- Up-to-date symlink: /workspaces/my_ros2_ws/src/install/unitree_nav_interfaces/local/lib/python3.10/dist-packages/unitree_nav_interfaces/unitree_nav_interfaces_s__rosidl_typesupport_fastrtps_c.cpython-310-x86_64-linux-gnu.so
[48.133s] -- Up-to-date symlink: /workspaces/my_ros2_ws/src/install/unitree_nav_interfaces/local/lib/python3.10/dist-packages/unitree_nav_interfaces/unitree_nav_interfaces_s__rosidl_typesupport_introspection_c.cpython-310-x86_64-linux-gnu.so
[48.146s] -- Up-to-date symlink: /workspaces/my_ros2_ws/src/install/unitree_nav_interfaces/local/lib/python3.10/dist-packages/unitree_nav_interfaces/unitree_nav_interfaces_s__rosidl_typesupport_c.cpython-310-x86_64-linux-gnu.so
[48.156s] -- Up-to-date symlink: /workspaces/my_ros2_ws/src/install/unitree_nav_interfaces/share/unitree_nav_interfaces/srv/SetBodyRPY.idl
[48.165s] -- Up-to-date symlink: /workspaces/my_ros2_ws/src/install/unitree_nav_interfaces/share/unitree_nav_interfaces/srv/NavToPose.idl
[48.172s] -- Up-to-date symlink: /workspaces/my_ros2_ws/src/install/unitree_nav_interfaces/share/unitree_nav_interfaces/srv/SetBodyRPY.srv
[48.187s] -- Up-to-date symlink: /workspaces/my_ros2_ws/src/install/unitree_nav_interfaces/share/unitree_nav_interfaces/srv/SetBodyRPY_Request.msg
[48.194s] -- Up-to-date symlink: /workspaces/my_ros2_ws/src/install/unitree_nav_interfaces/share/unitree_nav_interfaces/srv/SetBodyRPY_Response.msg
[48.216s] -- Up-to-date symlink: /workspaces/my_ros2_ws/src/install/unitree_nav_interfaces/share/unitree_nav_interfaces/srv/NavToPose.srv
[48.225s] -- Up-to-date symlink: /workspaces/my_ros2_ws/src/install/unitree_nav_interfaces/share/unitree_nav_interfaces/srv/NavToPose_Request.msg
[48.234s] -- Up-to-date symlink: /workspaces/my_ros2_ws/src/install/unitree_nav_interfaces/share/unitree_nav_interfaces/srv/NavToPose_Response.msg
[48.242s] -- Up-to-date symlink: /workspaces/my_ros2_ws/src/install/unitree_nav_interfaces/share/ament_index/resource_index/package_run_dependencies/unitree_nav_interfaces
[48.257s] -- Up-to-date symlink: /workspaces/my_ros2_ws/src/install/unitree_nav_interfaces/share/ament_index/resource_index/parent_prefix_path/unitree_nav_interfaces
[48.269s] -- Up-to-date symlink: /workspaces/my_ros2_ws/src/install/unitree_nav_interfaces/share/unitree_nav_interfaces/environment/ament_prefix_path.sh
[48.278s] -- Up-to-date symlink: /workspaces/my_ros2_ws/src/install/unitree_nav_interfaces/share/unitree_nav_interfaces/environment/ament_prefix_path.dsv
[48.292s] -- Up-to-date symlink: /workspaces/my_ros2_ws/src/install/unitree_nav_interfaces/share/unitree_nav_interfaces/environment/path.sh
[48.307s] -- Up-to-date symlink: /workspaces/my_ros2_ws/src/install/unitree_nav_interfaces/share/unitree_nav_interfaces/environment/path.dsv
[48.317s] -- Up-to-date symlink: /workspaces/my_ros2_ws/src/install/unitree_nav_interfaces/share/unitree_nav_interfaces/local_setup.bash
[48.324s] -- Up-to-date symlink: /workspaces/my_ros2_ws/src/install/unitree_nav_interfaces/share/unitree_nav_interfaces/local_setup.sh
[48.331s] -- Up-to-date symlink: /workspaces/my_ros2_ws/src/install/unitree_nav_interfaces/share/unitree_nav_interfaces/local_setup.zsh
[48.344s] -- Up-to-date symlink: /workspaces/my_ros2_ws/src/install/unitree_nav_interfaces/share/unitree_nav_interfaces/local_setup.dsv
[48.352s] -- Symlinking: /workspaces/my_ros2_ws/src/install/unitree_nav_interfaces/share/unitree_nav_interfaces/package.dsv
[48.766s] -- Up-to-date symlink: /workspaces/my_ros2_ws/src/install/unitree_nav_interfaces/share/ament_index/resource_index/packages/unitree_nav_interfaces
[48.778s] -- Up-to-date symlink: /workspaces/my_ros2_ws/src/install/unitree_nav_interfaces/share/unitree_nav_interfaces/cmake/ament_cmake_export_dependencies-extras.cmake
[48.787s] -- Up-to-date symlink: /workspaces/my_ros2_ws/src/install/unitree_nav_interfaces/share/unitree_nav_interfaces/cmake/rosidl_cmake-extras.cmake
[48.801s] -- Up-to-date symlink: /workspaces/my_ros2_ws/src/install/unitree_nav_interfaces/share/unitree_nav_interfaces/cmake/ament_cmake_export_include_directories-extras.cmake
[48.817s] -- Up-to-date symlink: /workspaces/my_ros2_ws/src/install/unitree_nav_interfaces/share/unitree_nav_interfaces/cmake/ament_cmake_export_libraries-extras.cmake
[48.823s] -- Up-to-date symlink: /workspaces/my_ros2_ws/src/install/unitree_nav_interfaces/share/unitree_nav_interfaces/cmake/ament_cmake_export_targets-extras.cmake
[48.845s] -- Up-to-date symlink: /workspaces/my_ros2_ws/src/install/unitree_nav_interfaces/share/unitree_nav_interfaces/cmake/rosidl_cmake_export_typesupport_targets-extras.cmake
[48.854s] -- Up-to-date symlink: /workspaces/my_ros2_ws/src/install/unitree_nav_interfaces/share/unitree_nav_interfaces/cmake/rosidl_cmake_export_typesupport_libraries-extras.cmake
[48.862s] -- Up-to-date symlink: /workspaces/my_ros2_ws/src/install/unitree_nav_interfaces/share/unitree_nav_interfaces/cmake/unitree_nav_interfacesConfig.cmake
[48.877s] -- Up-to-date symlink: /workspaces/my_ros2_ws/src/install/unitree_nav_interfaces/share/unitree_nav_interfaces/cmake/unitree_nav_interfacesConfig-version.cmake
[48.889s] -- Up-to-date symlink: /workspaces/my_ros2_ws/src/install/unitree_nav_interfaces/share/unitree_nav_interfaces/package.xml
[48.899s] -- Up-to-date: /workspaces/my_ros2_ws/src/install/unitree_nav_interfaces/lib/libunitree_nav_interfaces__rosidl_generator_c.so
[48.903s] -- Up-to-date: /workspaces/my_ros2_ws/src/install/unitree_nav_interfaces/lib/libunitree_nav_interfaces__rosidl_typesupport_fastrtps_c.so
[48.912s] -- Up-to-date: /workspaces/my_ros2_ws/src/install/unitree_nav_interfaces/lib/libunitree_nav_interfaces__rosidl_typesupport_fastrtps_cpp.so
[48.927s] -- Up-to-date: /workspaces/my_ros2_ws/src/install/unitree_nav_interfaces/lib/libunitree_nav_interfaces__rosidl_typesupport_introspection_c.so
[48.939s] -- Up-to-date: /workspaces/my_ros2_ws/src/install/unitree_nav_interfaces/lib/libunitree_nav_interfaces__rosidl_typesupport_c.so
[48.950s] -- Up-to-date: /workspaces/my_ros2_ws/src/install/unitree_nav_interfaces/lib/libunitree_nav_interfaces__rosidl_typesupport_introspection_cpp.so
[48.967s] -- Up-to-date: /workspaces/my_ros2_ws/src/install/unitree_nav_interfaces/lib/libunitree_nav_interfaces__rosidl_typesupport_cpp.so
[49.256s] Listing '/workspaces/my_ros2_ws/src/install/unitree_nav_interfaces/local/lib/python3.10/dist-packages/unitree_nav_interfaces'...
[49.262s] Listing '/workspaces/my_ros2_ws/src/install/unitree_nav_interfaces/local/lib/python3.10/dist-packages/unitree_nav_interfaces/srv'...
[49.271s] -- Up-to-date: /workspaces/my_ros2_ws/src/install/unitree_nav_interfaces/lib/libunitree_nav_interfaces_srv__rosidl_generator_py.so
[49.283s] -- Up-to-date: /workspaces/my_ros2_ws/src/install/unitree_nav_interfaces/share/unitree_nav_interfaces/cmake/export_unitree_nav_interfaces_srv__rosidl_generator_cExport.cmake
[49.288s] -- Up-to-date: /workspaces/my_ros2_ws/src/install/unitree_nav_interfaces/share/unitree_nav_interfaces/cmake/export_unitree_nav_interfaces_srv__rosidl_generator_cExport-noconfig.cmake
[49.299s] -- Up-to-date: /workspaces/my_ros2_ws/src/install/unitree_nav_interfaces/share/unitree_nav_interfaces/cmake/export_unitree_nav_interfaces_srv__rosidl_typesupport_fastrtps_cExport.cmake
[49.308s] -- Up-to-date: /workspaces/my_ros2_ws/src/install/unitree_nav_interfaces/share/unitree_nav_interfaces/cmake/export_unitree_nav_interfaces_srv__rosidl_typesupport_fastrtps_cExport-noconfig.cmake
[49.324s] -- Up-to-date: /workspaces/my_ros2_ws/src/install/unitree_nav_interfaces/share/unitree_nav_interfaces/cmake/export_unitree_nav_interfaces_srv__rosidl_generator_cppExport.cmake
[49.364s] -- Up-to-date: /workspaces/my_ros2_ws/src/install/unitree_nav_interfaces/share/unitree_nav_interfaces/cmake/export_unitree_nav_interfaces_srv__rosidl_typesupport_fastrtps_cppExport.cmake
[49.370s] -- Up-to-date: /workspaces/my_ros2_ws/src/install/unitree_nav_interfaces/share/unitree_nav_interfaces/cmake/export_unitree_nav_interfaces_srv__rosidl_typesupport_fastrtps_cppExport-noconfig.cmake
[49.386s] -- Up-to-date: /workspaces/my_ros2_ws/src/install/unitree_nav_interfaces/share/unitree_nav_interfaces/cmake/unitree_nav_interfaces_srv__rosidl_typesupport_introspection_cExport.cmake
[49.397s] -- Up-to-date: /workspaces/my_ros2_ws/src/install/unitree_nav_interfaces/share/unitree_nav_interfaces/cmake/unitree_nav_interfaces_srv__rosidl_typesupport_introspection_cExport-noconfig.cmake
[49.411s] -- Up-to-date: /workspaces/my_ros2_ws/src/install/unitree_nav_interfaces/share/unitree_nav_interfaces/cmake/unitree_nav_interfaces_srv__rosidl_typesupport_cExport.cmake
[49.421s] -- Up-to-date: /workspaces/my_ros2_ws/src/install/unitree_nav_interfaces/share/unitree_nav_interfaces/cmake/unitree_nav_interfaces_srv__rosidl_typesupport_cExport-noconfig.cmake
[49.443s] -- Up-to-date: /workspaces/my_ros2_ws/src/install/unitree_nav_interfaces/share/unitree_nav_interfaces/cmake/unitree_nav_interfaces_srv__rosidl_typesupport_introspection_cppExport.cmake
[49.458s] -- Up-to-date: /workspaces/my_ros2_ws/src/install/unitree_nav_interfaces/share/unitree_nav_interfaces/cmake/unitree_nav_interfaces_srv__rosidl_typesupport_introspection_cppExport-noconfig.cmake
[49.483s] -- Up-to-date: /workspaces/my_ros2_ws/src/install/unitree_nav_interfaces/share/unitree_nav_interfaces/cmake/unitree_nav_interfaces_srv__rosidl_typesupport_cppExport.cmake
[49.490s] -- Up-to-date: /workspaces/my_ros2_ws/src/install/unitree_nav_interfaces/share/unitree_nav_interfaces/cmake/unitree_nav_interfaces_srv__rosidl_typesupport_cppExport-noconfig.cmake
[49.502s] -- Up-to-date: /workspaces/my_ros2_ws/src/install/unitree_nav_interfaces/share/unitree_nav_interfaces/cmake/export_unitree_nav_interfaces_srv__rosidl_generator_pyExport.cmake
[49.509s] -- Up-to-date: /workspaces/my_ros2_ws/src/install/unitree_nav_interfaces/share/unitree_nav_interfaces/cmake/export_unitree_nav_interfaces_srv__rosidl_generator_pyExport-noconfig.cmake
[49.530s] Invoked command in '/workspaces/my_ros2_ws/src/build/unitree_nav_interfaces' returned '0': CMAKE_PREFIX_PATH=${CMAKE_PREFIX_PATH}:/workspaces/my_ros2_ws/install/object_detection:/workspaces/my_ros2_ws/install/unitree_nav_launch_module:/workspaces/my_ros2_ws/install/listen_talk_ros2:/opt/ros/humble /usr/bin/cmake --install /workspaces/my_ros2_ws/src/build/unitree_nav_interfaces
