[0.082s] Invoking command in '/home/ros/Workshop/src/build/go1_description': CMAKE_PREFIX_PATH=${CMAKE_PREFIX_PATH}:/opt/ros/humble /usr/bin/cmake /home/ros/Workshop/src/unitree_ros2/go1_description -DAMENT_CMAKE_SYMLINK_INSTALL=1 -DCMAKE_INSTALL_PREFIX=/home/ros/Workshop/src/install/go1_description
[0.193s] -- Found ament_cmake: 1.3.4 (/opt/ros/humble/share/ament_cmake/cmake)
[0.535s] -- Override CMake install command with custom implementation using symlinks instead of copying resources
[0.557s] -- Found ament_lint_auto: 0.12.6 (/opt/ros/humble/share/ament_lint_auto/cmake)
[0.692s] -- Added test 'flake8' to check Python code syntax and style conventions
[0.693s] -- Added test 'lint_cmake' to check CMake code style
[0.693s] -- Added test 'pep257' to check Python code against some of the docstring style conventions in PEP 257
[0.695s] -- Added test 'xmllint' to check XML markup files
[0.698s] -- Configuring done
[0.710s] -- Generating done
[0.712s] -- Build files have been written to: /home/ros/Workshop/src/build/go1_description
[0.719s] Invoked command in '/home/ros/Workshop/src/build/go1_description' returned '0': CMAKE_PREFIX_PATH=${CMAKE_PREFIX_PATH}:/opt/ros/humble /usr/bin/cmake /home/ros/Workshop/src/unitree_ros2/go1_description -DAMENT_CMAKE_SYMLINK_INSTALL=1 -DCMAKE_INSTALL_PREFIX=/home/ros/Workshop/src/install/go1_description
[0.719s] Invoking command in '/home/ros/Workshop/src/build/go1_description': CMAKE_PREFIX_PATH=${CMAKE_PREFIX_PATH}:/opt/ros/humble /usr/bin/cmake --build /home/ros/Workshop/src/build/go1_description -- -j4 -l4
[1.018s] Invoked command in '/home/ros/Workshop/src/build/go1_description' returned '0': CMAKE_PREFIX_PATH=${CMAKE_PREFIX_PATH}:/opt/ros/humble /usr/bin/cmake --build /home/ros/Workshop/src/build/go1_description -- -j4 -l4
[1.416s] Invoking command in '/home/ros/Workshop/src/build/go1_description': CMAKE_PREFIX_PATH=${CMAKE_PREFIX_PATH}:/opt/ros/humble /usr/bin/cmake --install /home/ros/Workshop/src/build/go1_description
[1.475s] -- Install configuration: ""
[1.476s] -- Execute custom install script
[1.477s] -- Up-to-date symlink: /home/ros/Workshop/src/install/go1_description/share/go1_description//launch/load_go1.launch.py
[1.477s] -- Up-to-date symlink: /home/ros/Workshop/src/install/go1_description/share/go1_description//config/go1.rviz
[1.477s] -- Up-to-date symlink: /home/ros/Workshop/src/install/go1_description/share/go1_description//meshes/calf.dae
[1.478s] -- Up-to-date symlink: /home/ros/Workshop/src/install/go1_description/share/go1_description//meshes/depthCamera.dae
[1.478s] -- Up-to-date symlink: /home/ros/Workshop/src/install/go1_description/share/go1_description//meshes/hip.dae
[1.479s] -- Up-to-date symlink: /home/ros/Workshop/src/install/go1_description/share/go1_description//meshes/thigh.dae
[1.479s] -- Up-to-date symlink: /home/ros/Workshop/src/install/go1_description/share/go1_description//meshes/thigh_mirror.dae
[1.479s] -- Up-to-date symlink: /home/ros/Workshop/src/install/go1_description/share/go1_description//meshes/trunk.dae
[1.480s] -- Up-to-date symlink: /home/ros/Workshop/src/install/go1_description/share/go1_description//meshes/ultraSound.dae
[1.480s] -- Up-to-date symlink: /home/ros/Workshop/src/install/go1_description/share/go1_description//xacro/const.xacro
[1.480s] -- Up-to-date symlink: /home/ros/Workshop/src/install/go1_description/share/go1_description//xacro/depthCamera.xacro
[1.481s] -- Up-to-date symlink: /home/ros/Workshop/src/install/go1_description/share/go1_description//xacro/gazebo.xacro
[1.481s] -- Up-to-date symlink: /home/ros/Workshop/src/install/go1_description/share/go1_description//xacro/leg.xacro
[1.481s] -- Up-to-date symlink: /home/ros/Workshop/src/install/go1_description/share/go1_description//xacro/materials.xacro
[1.482s] -- Up-to-date symlink: /home/ros/Workshop/src/install/go1_description/share/go1_description//xacro/robot.xacro
[1.482s] -- Up-to-date symlink: /home/ros/Workshop/src/install/go1_description/share/go1_description//xacro/transmission.xacro
[1.482s] -- Up-to-date symlink: /home/ros/Workshop/src/install/go1_description/share/go1_description//xacro/ultraSound.xacro
[1.482s] -- Up-to-date symlink: /home/ros/Workshop/src/install/go1_description/share/ament_index/resource_index/package_run_dependencies/go1_description
[1.482s] -- Up-to-date symlink: /home/ros/Workshop/src/install/go1_description/share/ament_index/resource_index/parent_prefix_path/go1_description
[1.483s] -- Up-to-date symlink: /home/ros/Workshop/src/install/go1_description/share/go1_description/environment/ament_prefix_path.sh
[1.483s] -- Up-to-date symlink: /home/ros/Workshop/src/install/go1_description/share/go1_description/environment/ament_prefix_path.dsv
[1.483s] -- Up-to-date symlink: /home/ros/Workshop/src/install/go1_description/share/go1_description/environment/path.sh
[1.483s] -- Up-to-date symlink: /home/ros/Workshop/src/install/go1_description/share/go1_description/environment/path.dsv
[1.484s] -- Up-to-date symlink: /home/ros/Workshop/src/install/go1_description/share/go1_description/local_setup.bash
[1.484s] -- Up-to-date symlink: /home/ros/Workshop/src/install/go1_description/share/go1_description/local_setup.sh
[1.484s] -- Up-to-date symlink: /home/ros/Workshop/src/install/go1_description/share/go1_description/local_setup.zsh
[1.484s] -- Up-to-date symlink: /home/ros/Workshop/src/install/go1_description/share/go1_description/local_setup.dsv
[1.484s] -- Symlinking: /home/ros/Workshop/src/install/go1_description/share/go1_description/package.dsv
[1.544s] -- Up-to-date symlink: /home/ros/Workshop/src/install/go1_description/share/ament_index/resource_index/packages/go1_description
[1.545s] -- Up-to-date symlink: /home/ros/Workshop/src/install/go1_description/share/go1_description/cmake/go1_descriptionConfig.cmake
[1.545s] -- Up-to-date symlink: /home/ros/Workshop/src/install/go1_description/share/go1_description/cmake/go1_descriptionConfig-version.cmake
[1.545s] -- Up-to-date symlink: /home/ros/Workshop/src/install/go1_description/share/go1_description/package.xml
[1.548s] Invoked command in '/home/ros/Workshop/src/build/go1_description' returned '0': CMAKE_PREFIX_PATH=${CMAKE_PREFIX_PATH}:/opt/ros/humble /usr/bin/cmake --install /home/ros/Workshop/src/build/go1_description
