[35m[1mConsolidate compiler generated dependencies of target nav_to_pose[0m
[35m[1mConsolidate compiler generated dependencies of target cmd_processor[0m
[ 50%] Built target cmd_processor
[100%] Built target nav_to_pose
-- Install configuration: ""
-- Execute custom install script
-- Symlinking: /workspaces/my_ros2_ws/src/install/unitree_nav/lib/unitree_nav/cmd_processor
-- Symlinking: /workspaces/my_ros2_ws/src/install/unitree_nav/lib/unitree_nav/nav_to_pose
-- Symlinking: /workspaces/my_ros2_ws/src/install/unitree_nav/share/unitree_nav/launch/control.launch.py
-- Symlinking: /workspaces/my_ros2_ws/src/install/unitree_nav/share/unitree_nav/launch/mapping.launch.py
-- Symlinking: /workspaces/my_ros2_ws/src/install/unitree_nav/share/unitree_nav/launch/rslidar_robosense.launch.py
-- Symlinking: /workspaces/my_ros2_ws/src/install/unitree_nav/share/unitree_nav/launch/unitree_nav.launch.py
-- Symlinking: /workspaces/my_ros2_ws/src/install/unitree_nav/share/unitree_nav/config/nav.rviz
-- Symlinking: /workspaces/my_ros2_ws/src/install/unitree_nav/share/unitree_nav/config/nav2_params.yaml
-- Symlinking: /workspaces/my_ros2_ws/src/install/unitree_nav/share/ament_index/resource_index/package_run_dependencies/unitree_nav
-- Symlinking: /workspaces/my_ros2_ws/src/install/unitree_nav/share/ament_index/resource_index/parent_prefix_path/unitree_nav
-- Symlinking: /workspaces/my_ros2_ws/src/install/unitree_nav/share/unitree_nav/environment/ament_prefix_path.sh
-- Symlinking: /workspaces/my_ros2_ws/src/install/unitree_nav/share/unitree_nav/environment/ament_prefix_path.dsv
-- Symlinking: /workspaces/my_ros2_ws/src/install/unitree_nav/share/unitree_nav/environment/path.sh
-- Symlinking: /workspaces/my_ros2_ws/src/install/unitree_nav/share/unitree_nav/environment/path.dsv
-- Symlinking: /workspaces/my_ros2_ws/src/install/unitree_nav/share/unitree_nav/local_setup.bash
-- Symlinking: /workspaces/my_ros2_ws/src/install/unitree_nav/share/unitree_nav/local_setup.sh
-- Symlinking: /workspaces/my_ros2_ws/src/install/unitree_nav/share/unitree_nav/local_setup.zsh
-- Symlinking: /workspaces/my_ros2_ws/src/install/unitree_nav/share/unitree_nav/local_setup.dsv
-- Symlinking: /workspaces/my_ros2_ws/src/install/unitree_nav/share/unitree_nav/package.dsv
-- Symlinking: /workspaces/my_ros2_ws/src/install/unitree_nav/share/ament_index/resource_index/packages/unitree_nav
-- Symlinking: /workspaces/my_ros2_ws/src/install/unitree_nav/share/unitree_nav/cmake/unitree_navConfig.cmake
-- Symlinking: /workspaces/my_ros2_ws/src/install/unitree_nav/share/unitree_nav/cmake/unitree_navConfig-version.cmake
-- Symlinking: /workspaces/my_ros2_ws/src/install/unitree_nav/share/unitree_nav/package.xml
