[0.754s] Invoking command in '/workspaces/my_ros2_ws/src/build/unitree_nav_interfaces': CMAKE_PREFIX_PATH=${CMAKE_PREFIX_PATH}:/workspaces/my_ros2_ws/install/object_detection:/workspaces/my_ros2_ws/install/unitree_nav_launch_module:/workspaces/my_ros2_ws/install/listen_talk_ros2:/opt/ros/humble /usr/bin/cmake /workspaces/my_ros2_ws/src/unitree_nav/unitree_nav_interfaces -DAMENT_CMAKE_SYMLINK_INSTALL=1 -DCMAKE_INSTALL_PREFIX=/workspaces/my_ros2_ws/src/install/unitree_nav_interfaces
[5.542s] -- The C compiler identification is GNU 11.3.0
[7.310s] -- The CXX compiler identification is GNU 11.3.0
[7.708s] -- Detecting C compiler ABI info
[11.834s] -- Detecting C compiler ABI info - done
[11.896s] -- Check for working C compiler: /usr/bin/cc - skipped
[11.908s] -- Detecting C compile features
[11.927s] -- Detecting C compile features - done
[12.013s] -- Detecting CXX compiler ABI info
[15.367s] -- Detecting CXX compiler ABI info - done
[15.406s] -- Check for working CXX compiler: /usr/bin/c++ - skipped
[15.412s] -- Detecting CXX compile features
[15.420s] -- Detecting CXX compile features - done
[16.284s] -- Found ament_cmake: 1.3.4 (/opt/ros/humble/share/ament_cmake/cmake)
[25.752s] -- Found Python3: /usr/bin/python3.10 (found version "3.10.6") found components: Interpreter 
[26.224s] -- Override CMake install command with custom implementation using symlinks instead of copying resources
[36.774s] -- Found geometry_msgs: 4.2.3 (/opt/ros/humble/share/geometry_msgs/cmake)
[44.627s] -- Found rosidl_generator_c: 3.1.4 (/opt/ros/humble/share/rosidl_generator_c/cmake)
[45.312s] -- Found rosidl_adapter: 3.1.4 (/opt/ros/humble/share/rosidl_adapter/cmake)
[45.962s] -- Found rosidl_generator_cpp: 3.1.4 (/opt/ros/humble/share/rosidl_generator_cpp/cmake)
[46.911s] -- Using all available rosidl_typesupport_c: rosidl_typesupport_fastrtps_c;rosidl_typesupport_introspection_c
[48.644s] -- Using all available rosidl_typesupport_cpp: rosidl_typesupport_fastrtps_cpp;rosidl_typesupport_introspection_cpp
[50.094s] -- Found rosidl_default_generators: 1.2.0 (/opt/ros/humble/share/rosidl_default_generators/cmake)
[55.431s] -- Found ament_cmake_ros: 0.10.0 (/opt/ros/humble/share/ament_cmake_ros/cmake)
[78.860s] -- Using all available rosidl_typesupport_c: rosidl_typesupport_fastrtps_c;rosidl_typesupport_introspection_c
[88.705s] -- Using all available rosidl_typesupport_cpp: rosidl_typesupport_fastrtps_cpp;rosidl_typesupport_introspection_cpp
[89.807s] -- Found PythonInterp: /usr/bin/python3 (found suitable version "3.10.6", minimum required is "3.6") 
[90.120s] -- Found python_cmake_module: 0.10.0 (/opt/ros/humble/share/python_cmake_module/cmake)
[91.265s] -- Found PythonLibs: /usr/lib/x86_64-linux-gnu/libpython3.10.so (found suitable version "3.10.6", minimum required is "3.5") 
[91.301s] -- Using PYTHON_EXECUTABLE: /usr/bin/python3
[91.310s] -- Using PYTHON_INCLUDE_DIRS: /usr/include/python3.10
[91.333s] -- Using PYTHON_LIBRARIES: /usr/lib/x86_64-linux-gnu/libpython3.10.so
[91.625s] -- Found PythonExtra: .so  
[95.600s] -- Found ament_lint_auto: 0.12.6 (/opt/ros/humble/share/ament_lint_auto/cmake)
[108.327s] -- Added test 'cppcheck' to perform static code analysis on C / C++ code
[108.335s] -- Configured cppcheck include dirs: 
[108.343s] -- Configured cppcheck exclude dirs and/or files: 
[109.610s] -- Added test 'flake8' to check Python code syntax and style conventions
[112.871s] -- Added test 'lint_cmake' to check CMake code style
[114.117s] -- Added test 'pep257' to check Python code against some of the docstring style conventions in PEP 257
[123.141s] -- Added test 'uncrustify' to check C / C++ code style
[123.159s] -- Configured uncrustify additional arguments: 
[124.121s] -- Added test 'xmllint' to check XML markup files
[125.693s] -- Configuring done
[132.703s] -- Generating done
[133.491s] -- Build files have been written to: /workspaces/my_ros2_ws/src/build/unitree_nav_interfaces
[137.793s] Invoked command in '/workspaces/my_ros2_ws/src/build/unitree_nav_interfaces' returned '0': CMAKE_PREFIX_PATH=${CMAKE_PREFIX_PATH}:/workspaces/my_ros2_ws/install/object_detection:/workspaces/my_ros2_ws/install/unitree_nav_launch_module:/workspaces/my_ros2_ws/install/listen_talk_ros2:/opt/ros/humble /usr/bin/cmake /workspaces/my_ros2_ws/src/unitree_nav/unitree_nav_interfaces -DAMENT_CMAKE_SYMLINK_INSTALL=1 -DCMAKE_INSTALL_PREFIX=/workspaces/my_ros2_ws/src/install/unitree_nav_interfaces
[137.819s] Invoking command in '/workspaces/my_ros2_ws/src/build/unitree_nav_interfaces': CMAKE_PREFIX_PATH=${CMAKE_PREFIX_PATH}:/workspaces/my_ros2_ws/install/object_detection:/workspaces/my_ros2_ws/install/unitree_nav_launch_module:/workspaces/my_ros2_ws/install/listen_talk_ros2:/opt/ros/humble /usr/bin/cmake --build /workspaces/my_ros2_ws/src/build/unitree_nav_interfaces -- -j4 -l4
[142.334s] [  2%] [34m[1mGenerating C++ code for ROS interfaces[0m
[149.367s] [  2%] Built target unitree_nav_interfaces_srv__cpp
[151.856s] [  2%] Built target ament_cmake_python_symlink_unitree_nav_interfaces
[152.775s] [  5%] [34m[1mGenerating C++ type support for eProsima Fast-RTPS[0m
[158.698s] [  7%] [32mBuilding CXX object CMakeFiles/unitree_nav_interfaces_srv__rosidl_typesupport_fastrtps_cpp.dir/rosidl_typesupport_fastrtps_cpp/unitree_nav_interfaces/srv/detail/dds_fastrtps/set_body_rpy__type_support.cpp.o[0m
[165.228s] [ 10%] [32mBuilding CXX object CMakeFiles/unitree_nav_interfaces_srv__rosidl_typesupport_fastrtps_cpp.dir/rosidl_typesupport_fastrtps_cpp/unitree_nav_interfaces/srv/detail/dds_fastrtps/nav_to_pose__type_support.cpp.o[0m
[169.407s] [ 12%] [32m[1mLinking CXX shared library libunitree_nav_interfaces__rosidl_typesupport_fastrtps_cpp.so[0m
[172.457s] [ 12%] Built target unitree_nav_interfaces_srv__rosidl_typesupport_fastrtps_cpp
[173.319s] [ 15%] [34m[1mGenerating C++ introspection for ROS interfaces[0m
[179.151s] [ 17%] [32mBuilding CXX object CMakeFiles/unitree_nav_interfaces_srv__rosidl_typesupport_introspection_cpp.dir/rosidl_typesupport_introspection_cpp/unitree_nav_interfaces/srv/detail/set_body_rpy__type_support.cpp.o[0m
[185.563s] [ 20%] [32mBuilding CXX object CMakeFiles/unitree_nav_interfaces_srv__rosidl_typesupport_introspection_cpp.dir/rosidl_typesupport_introspection_cpp/unitree_nav_interfaces/srv/detail/nav_to_pose__type_support.cpp.o[0m
[190.971s] [ 23%] [32m[1mLinking CXX shared library libunitree_nav_interfaces__rosidl_typesupport_introspection_cpp.so[0m
[195.378s] [ 23%] Built target unitree_nav_interfaces_srv__rosidl_typesupport_introspection_cpp
[199.885s] running egg_info
[199.905s] creating unitree_nav_interfaces.egg-info
[199.914s] writing unitree_nav_interfaces.egg-info/PKG-INFO
[199.931s] writing dependency_links to unitree_nav_interfaces.egg-info/dependency_links.txt
[199.948s] writing top-level names to unitree_nav_interfaces.egg-info/top_level.txt
[199.967s] writing manifest file 'unitree_nav_interfaces.egg-info/SOURCES.txt'
[200.006s] reading manifest file 'unitree_nav_interfaces.egg-info/SOURCES.txt'
[200.029s] writing manifest file 'unitree_nav_interfaces.egg-info/SOURCES.txt'
[200.633s] [ 23%] Built target ament_cmake_python_build_unitree_nav_interfaces_egg
[201.381s] [ 25%] [34m[1mGenerating C++ type support dispatch for ROS interfaces[0m
[205.511s] [ 28%] [32mBuilding CXX object CMakeFiles/unitree_nav_interfaces_srv__rosidl_typesupport_cpp.dir/rosidl_typesupport_cpp/unitree_nav_interfaces/srv/set_body_rpy__type_support.cpp.o[0m
[208.880s] [ 30%] [32mBuilding CXX object CMakeFiles/unitree_nav_interfaces_srv__rosidl_typesupport_cpp.dir/rosidl_typesupport_cpp/unitree_nav_interfaces/srv/nav_to_pose__type_support.cpp.o[0m
[211.911s] [ 33%] [32m[1mLinking CXX shared library libunitree_nav_interfaces__rosidl_typesupport_cpp.so[0m
[214.321s] [ 33%] Built target unitree_nav_interfaces_srv__rosidl_typesupport_cpp
[215.062s] [ 35%] [34m[1mGenerating C code for ROS interfaces[0m
[223.092s] [ 38%] [32mBuilding C object CMakeFiles/unitree_nav_interfaces_srv__rosidl_generator_c.dir/rosidl_generator_c/unitree_nav_interfaces/srv/detail/set_body_rpy__functions.c.o[0m
[224.357s] [ 41%] [32mBuilding C object CMakeFiles/unitree_nav_interfaces_srv__rosidl_generator_c.dir/rosidl_generator_c/unitree_nav_interfaces/srv/detail/nav_to_pose__functions.c.o[0m
[225.673s] [ 43%] [32m[1mLinking C shared library libunitree_nav_interfaces__rosidl_generator_c.so[0m
[227.310s] [ 43%] Built target unitree_nav_interfaces_srv__rosidl_generator_c
[228.108s] [ 46%] [34m[1mGenerating C type support for eProsima Fast-RTPS[0m
[232.682s] [ 48%] [32mBuilding CXX object CMakeFiles/unitree_nav_interfaces_srv__rosidl_typesupport_fastrtps_c.dir/rosidl_typesupport_fastrtps_c/unitree_nav_interfaces/srv/detail/set_body_rpy__type_support_c.cpp.o[0m
[235.823s] [ 51%] [32mBuilding CXX object CMakeFiles/unitree_nav_interfaces_srv__rosidl_typesupport_fastrtps_c.dir/rosidl_typesupport_fastrtps_c/unitree_nav_interfaces/srv/detail/nav_to_pose__type_support_c.cpp.o[0m
[239.341s] [ 53%] [32m[1mLinking CXX shared library libunitree_nav_interfaces__rosidl_typesupport_fastrtps_c.so[0m
[241.751s] [ 53%] Built target unitree_nav_interfaces_srv__rosidl_typesupport_fastrtps_c
[242.734s] [ 56%] [34m[1mGenerating C type support dispatch for ROS interfaces[0m
[246.479s] [ 58%] [32mBuilding CXX object CMakeFiles/unitree_nav_interfaces_srv__rosidl_typesupport_c.dir/rosidl_typesupport_c/unitree_nav_interfaces/srv/set_body_rpy__type_support.cpp.o[0m
[247.985s] [ 61%] [32mBuilding CXX object CMakeFiles/unitree_nav_interfaces_srv__rosidl_typesupport_c.dir/rosidl_typesupport_c/unitree_nav_interfaces/srv/nav_to_pose__type_support.cpp.o[0m
[249.342s] [ 64%] [32m[1mLinking CXX shared library libunitree_nav_interfaces__rosidl_typesupport_c.so[0m
[251.604s] [ 64%] Built target unitree_nav_interfaces_srv__rosidl_typesupport_c
[252.369s] [ 66%] [34m[1mGenerating C introspection for ROS interfaces[0m
[258.226s] [ 69%] [32mBuilding C object CMakeFiles/unitree_nav_interfaces_srv__rosidl_typesupport_introspection_c.dir/rosidl_typesupport_introspection_c/unitree_nav_interfaces/srv/detail/set_body_rpy__type_support.c.o[0m
[259.457s] [ 71%] [32mBuilding C object CMakeFiles/unitree_nav_interfaces_srv__rosidl_typesupport_introspection_c.dir/rosidl_typesupport_introspection_c/unitree_nav_interfaces/srv/detail/nav_to_pose__type_support.c.o[0m
[262.237s] [ 74%] [32m[1mLinking C shared library libunitree_nav_interfaces__rosidl_typesupport_introspection_c.so[0m
[264.423s] [ 74%] Built target unitree_nav_interfaces_srv__rosidl_typesupport_introspection_c
[265.854s] [ 74%] Built target unitree_nav_interfaces_srv
[267.302s] [ 76%] [34m[1mGenerating Python code for ROS interfaces[0m
[275.595s] [ 76%] Built target unitree_nav_interfaces_srv__py
[277.440s] [ 79%] [32mBuilding C object CMakeFiles/unitree_nav_interfaces_srv__rosidl_generator_py.dir/rosidl_generator_py/unitree_nav_interfaces/srv/_set_body_rpy_s.c.o[0m
[279.284s] [ 82%] [32mBuilding C object CMakeFiles/unitree_nav_interfaces_srv__rosidl_generator_py.dir/rosidl_generator_py/unitree_nav_interfaces/srv/_nav_to_pose_s.c.o[0m
[281.150s] [ 84%] [32m[1mLinking C shared library rosidl_generator_py/unitree_nav_interfaces/libunitree_nav_interfaces_srv__rosidl_generator_py.so[0m
[284.762s] [ 84%] Built target unitree_nav_interfaces_srv__rosidl_generator_py
[286.555s] [ 87%] [32mBuilding C object CMakeFiles/unitree_nav_interfaces__rosidl_typesupport_fastrtps_c__pyext.dir/rosidl_generator_py/unitree_nav_interfaces/_unitree_nav_interfaces_s.ep.rosidl_typesupport_fastrtps_c.c.o[0m
[288.881s] [ 89%] [32m[1mLinking C shared library rosidl_generator_py/unitree_nav_interfaces/unitree_nav_interfaces_s__rosidl_typesupport_fastrtps_c.cpython-310-x86_64-linux-gnu.so[0m
[291.878s] [ 89%] Built target unitree_nav_interfaces__rosidl_typesupport_fastrtps_c__pyext
[293.484s] [ 92%] [32mBuilding C object CMakeFiles/unitree_nav_interfaces__rosidl_typesupport_c__pyext.dir/rosidl_generator_py/unitree_nav_interfaces/_unitree_nav_interfaces_s.ep.rosidl_typesupport_c.c.o[0m
[295.672s] [ 94%] [32m[1mLinking C shared library rosidl_generator_py/unitree_nav_interfaces/unitree_nav_interfaces_s__rosidl_typesupport_c.cpython-310-x86_64-linux-gnu.so[0m
[298.955s] [ 94%] Built target unitree_nav_interfaces__rosidl_typesupport_c__pyext
[300.471s] [ 97%] [32mBuilding C object CMakeFiles/unitree_nav_interfaces__rosidl_typesupport_introspection_c__pyext.dir/rosidl_generator_py/unitree_nav_interfaces/_unitree_nav_interfaces_s.ep.rosidl_typesupport_introspection_c.c.o[0m
[303.218s] [100%] [32m[1mLinking C shared library rosidl_generator_py/unitree_nav_interfaces/unitree_nav_interfaces_s__rosidl_typesupport_introspection_c.cpython-310-x86_64-linux-gnu.so[0m
[305.670s] [100%] Built target unitree_nav_interfaces__rosidl_typesupport_introspection_c__pyext
[306.348s] Invoked command in '/workspaces/my_ros2_ws/src/build/unitree_nav_interfaces' returned '0': CMAKE_PREFIX_PATH=${CMAKE_PREFIX_PATH}:/workspaces/my_ros2_ws/install/object_detection:/workspaces/my_ros2_ws/install/unitree_nav_launch_module:/workspaces/my_ros2_ws/install/listen_talk_ros2:/opt/ros/humble /usr/bin/cmake --build /workspaces/my_ros2_ws/src/build/unitree_nav_interfaces -- -j4 -l4
[320.628s] Invoking command in '/workspaces/my_ros2_ws/src/build/unitree_nav_interfaces': CMAKE_PREFIX_PATH=${CMAKE_PREFIX_PATH}:/workspaces/my_ros2_ws/install/object_detection:/workspaces/my_ros2_ws/install/unitree_nav_launch_module:/workspaces/my_ros2_ws/install/listen_talk_ros2:/opt/ros/humble /usr/bin/cmake --install /workspaces/my_ros2_ws/src/build/unitree_nav_interfaces
[321.032s] -- Install configuration: ""
[321.053s] -- Execute custom install script
[321.095s] -- Symlinking: /workspaces/my_ros2_ws/src/install/unitree_nav_interfaces/share/ament_index/resource_index/rosidl_interfaces/unitree_nav_interfaces
[321.723s] -- Symlinking: /workspaces/my_ros2_ws/src/install/unitree_nav_interfaces/include/unitree_nav_interfaces/unitree_nav_interfaces/msg/rosidl_generator_c__visibility_control.h
[322.147s] -- Symlinking: /workspaces/my_ros2_ws/src/install/unitree_nav_interfaces/include/unitree_nav_interfaces/unitree_nav_interfaces/srv/detail/nav_to_pose__functions.h
[322.600s] -- Symlinking: /workspaces/my_ros2_ws/src/install/unitree_nav_interfaces/include/unitree_nav_interfaces/unitree_nav_interfaces/srv/detail/nav_to_pose__struct.h
[323.017s] -- Symlinking: /workspaces/my_ros2_ws/src/install/unitree_nav_interfaces/include/unitree_nav_interfaces/unitree_nav_interfaces/srv/detail/nav_to_pose__type_support.h
[323.420s] -- Symlinking: /workspaces/my_ros2_ws/src/install/unitree_nav_interfaces/include/unitree_nav_interfaces/unitree_nav_interfaces/srv/detail/set_body_rpy__functions.h
[323.821s] -- Symlinking: /workspaces/my_ros2_ws/src/install/unitree_nav_interfaces/include/unitree_nav_interfaces/unitree_nav_interfaces/srv/detail/set_body_rpy__struct.h
[324.364s] -- Symlinking: /workspaces/my_ros2_ws/src/install/unitree_nav_interfaces/include/unitree_nav_interfaces/unitree_nav_interfaces/srv/detail/set_body_rpy__type_support.h
[324.839s] -- Symlinking: /workspaces/my_ros2_ws/src/install/unitree_nav_interfaces/include/unitree_nav_interfaces/unitree_nav_interfaces/srv/nav_to_pose.h
[325.276s] -- Symlinking: /workspaces/my_ros2_ws/src/install/unitree_nav_interfaces/include/unitree_nav_interfaces/unitree_nav_interfaces/srv/set_body_rpy.h
[325.728s] -- Symlinking: /workspaces/my_ros2_ws/src/install/unitree_nav_interfaces/share/unitree_nav_interfaces/environment/library_path.sh
[326.159s] -- Symlinking: /workspaces/my_ros2_ws/src/install/unitree_nav_interfaces/share/unitree_nav_interfaces/environment/library_path.dsv
[326.584s] -- Symlinking: /workspaces/my_ros2_ws/src/install/unitree_nav_interfaces/include/unitree_nav_interfaces/unitree_nav_interfaces/msg/rosidl_typesupport_fastrtps_c__visibility_control.h
[327.040s] -- Symlinking: /workspaces/my_ros2_ws/src/install/unitree_nav_interfaces/include/unitree_nav_interfaces/unitree_nav_interfaces/srv/detail/nav_to_pose__rosidl_typesupport_fastrtps_c.h
[327.456s] -- Symlinking: /workspaces/my_ros2_ws/src/install/unitree_nav_interfaces/include/unitree_nav_interfaces/unitree_nav_interfaces/srv/detail/set_body_rpy__rosidl_typesupport_fastrtps_c.h
[328.409s] -- Symlinking: /workspaces/my_ros2_ws/src/install/unitree_nav_interfaces/include/unitree_nav_interfaces/unitree_nav_interfaces/srv/detail/nav_to_pose__builder.hpp
[329.200s] -- Symlinking: /workspaces/my_ros2_ws/src/install/unitree_nav_interfaces/include/unitree_nav_interfaces/unitree_nav_interfaces/srv/detail/nav_to_pose__struct.hpp
[329.754s] -- Symlinking: /workspaces/my_ros2_ws/src/install/unitree_nav_interfaces/include/unitree_nav_interfaces/unitree_nav_interfaces/srv/detail/nav_to_pose__traits.hpp
[330.272s] -- Symlinking: /workspaces/my_ros2_ws/src/install/unitree_nav_interfaces/include/unitree_nav_interfaces/unitree_nav_interfaces/srv/detail/set_body_rpy__builder.hpp
[330.867s] -- Symlinking: /workspaces/my_ros2_ws/src/install/unitree_nav_interfaces/include/unitree_nav_interfaces/unitree_nav_interfaces/srv/detail/set_body_rpy__struct.hpp
[331.379s] -- Symlinking: /workspaces/my_ros2_ws/src/install/unitree_nav_interfaces/include/unitree_nav_interfaces/unitree_nav_interfaces/srv/detail/set_body_rpy__traits.hpp
[332.093s] -- Symlinking: /workspaces/my_ros2_ws/src/install/unitree_nav_interfaces/include/unitree_nav_interfaces/unitree_nav_interfaces/srv/nav_to_pose.hpp
[332.583s] -- Symlinking: /workspaces/my_ros2_ws/src/install/unitree_nav_interfaces/include/unitree_nav_interfaces/unitree_nav_interfaces/srv/set_body_rpy.hpp
[333.140s] -- Symlinking: /workspaces/my_ros2_ws/src/install/unitree_nav_interfaces/include/unitree_nav_interfaces/unitree_nav_interfaces/msg/rosidl_typesupport_fastrtps_cpp__visibility_control.h
[333.605s] -- Symlinking: /workspaces/my_ros2_ws/src/install/unitree_nav_interfaces/include/unitree_nav_interfaces/unitree_nav_interfaces/srv/detail/nav_to_pose__rosidl_typesupport_fastrtps_cpp.hpp
[335.150s] -- Symlinking: /workspaces/my_ros2_ws/src/install/unitree_nav_interfaces/include/unitree_nav_interfaces/unitree_nav_interfaces/srv/detail/set_body_rpy__rosidl_typesupport_fastrtps_cpp.hpp
[335.671s] -- Symlinking: /workspaces/my_ros2_ws/src/install/unitree_nav_interfaces/include/unitree_nav_interfaces/unitree_nav_interfaces/msg/rosidl_typesupport_introspection_c__visibility_control.h
[336.080s] -- Symlinking: /workspaces/my_ros2_ws/src/install/unitree_nav_interfaces/include/unitree_nav_interfaces/unitree_nav_interfaces/srv/detail/nav_to_pose__rosidl_typesupport_introspection_c.h
[336.772s] -- Symlinking: /workspaces/my_ros2_ws/src/install/unitree_nav_interfaces/include/unitree_nav_interfaces/unitree_nav_interfaces/srv/detail/set_body_rpy__rosidl_typesupport_introspection_c.h
[337.381s] -- Symlinking: /workspaces/my_ros2_ws/src/install/unitree_nav_interfaces/include/unitree_nav_interfaces/unitree_nav_interfaces/srv/detail/nav_to_pose__rosidl_typesupport_introspection_cpp.hpp
[338.350s] -- Symlinking: /workspaces/my_ros2_ws/src/install/unitree_nav_interfaces/include/unitree_nav_interfaces/unitree_nav_interfaces/srv/detail/set_body_rpy__rosidl_typesupport_introspection_cpp.hpp
[339.127s] -- Symlinking: /workspaces/my_ros2_ws/src/install/unitree_nav_interfaces/share/unitree_nav_interfaces/environment/pythonpath.sh
[339.702s] -- Symlinking: /workspaces/my_ros2_ws/src/install/unitree_nav_interfaces/share/unitree_nav_interfaces/environment/pythonpath.dsv
[340.411s] -- Symlinking: /workspaces/my_ros2_ws/src/install/unitree_nav_interfaces/local/lib/python3.10/dist-packages/unitree_nav_interfaces-0.0.0-py3.10.egg-info/PKG-INFO
[341.281s] -- Symlinking: /workspaces/my_ros2_ws/src/install/unitree_nav_interfaces/local/lib/python3.10/dist-packages/unitree_nav_interfaces-0.0.0-py3.10.egg-info/SOURCES.txt
[342.338s] -- Symlinking: /workspaces/my_ros2_ws/src/install/unitree_nav_interfaces/local/lib/python3.10/dist-packages/unitree_nav_interfaces-0.0.0-py3.10.egg-info/dependency_links.txt
[342.886s] -- Symlinking: /workspaces/my_ros2_ws/src/install/unitree_nav_interfaces/local/lib/python3.10/dist-packages/unitree_nav_interfaces-0.0.0-py3.10.egg-info/top_level.txt
[343.399s] -- Symlinking: /workspaces/my_ros2_ws/src/install/unitree_nav_interfaces/local/lib/python3.10/dist-packages/unitree_nav_interfaces/__init__.py
[344.038s] -- Symlinking: /workspaces/my_ros2_ws/src/install/unitree_nav_interfaces/local/lib/python3.10/dist-packages/unitree_nav_interfaces/_unitree_nav_interfaces_s.ep.rosidl_typesupport_c.c
[344.633s] -- Symlinking: /workspaces/my_ros2_ws/src/install/unitree_nav_interfaces/local/lib/python3.10/dist-packages/unitree_nav_interfaces/_unitree_nav_interfaces_s.ep.rosidl_typesupport_fastrtps_c.c
[345.208s] -- Symlinking: /workspaces/my_ros2_ws/src/install/unitree_nav_interfaces/local/lib/python3.10/dist-packages/unitree_nav_interfaces/_unitree_nav_interfaces_s.ep.rosidl_typesupport_introspection_c.c
[345.866s] -- Symlinking: /workspaces/my_ros2_ws/src/install/unitree_nav_interfaces/local/lib/python3.10/dist-packages/unitree_nav_interfaces/libunitree_nav_interfaces_srv__rosidl_generator_py.so
[346.496s] -- Symlinking: /workspaces/my_ros2_ws/src/install/unitree_nav_interfaces/local/lib/python3.10/dist-packages/unitree_nav_interfaces/srv/__init__.py
[347.005s] -- Symlinking: /workspaces/my_ros2_ws/src/install/unitree_nav_interfaces/local/lib/python3.10/dist-packages/unitree_nav_interfaces/srv/_nav_to_pose.py
[347.567s] -- Symlinking: /workspaces/my_ros2_ws/src/install/unitree_nav_interfaces/local/lib/python3.10/dist-packages/unitree_nav_interfaces/srv/_nav_to_pose_s.c
[348.036s] -- Symlinking: /workspaces/my_ros2_ws/src/install/unitree_nav_interfaces/local/lib/python3.10/dist-packages/unitree_nav_interfaces/srv/_set_body_rpy.py
[348.559s] -- Symlinking: /workspaces/my_ros2_ws/src/install/unitree_nav_interfaces/local/lib/python3.10/dist-packages/unitree_nav_interfaces/srv/_set_body_rpy_s.c
[349.057s] -- Symlinking: /workspaces/my_ros2_ws/src/install/unitree_nav_interfaces/local/lib/python3.10/dist-packages/unitree_nav_interfaces/unitree_nav_interfaces_s__rosidl_typesupport_c.cpython-310-x86_64-linux-gnu.so
[349.539s] -- Symlinking: /workspaces/my_ros2_ws/src/install/unitree_nav_interfaces/local/lib/python3.10/dist-packages/unitree_nav_interfaces/unitree_nav_interfaces_s__rosidl_typesupport_fastrtps_c.cpython-310-x86_64-linux-gnu.so
[349.997s] -- Symlinking: /workspaces/my_ros2_ws/src/install/unitree_nav_interfaces/local/lib/python3.10/dist-packages/unitree_nav_interfaces/unitree_nav_interfaces_s__rosidl_typesupport_introspection_c.cpython-310-x86_64-linux-gnu.so
[350.472s] -- Up-to-date symlink: /workspaces/my_ros2_ws/src/install/unitree_nav_interfaces/local/lib/python3.10/dist-packages/unitree_nav_interfaces/unitree_nav_interfaces_s__rosidl_typesupport_fastrtps_c.cpython-310-x86_64-linux-gnu.so
[350.491s] -- Up-to-date symlink: /workspaces/my_ros2_ws/src/install/unitree_nav_interfaces/local/lib/python3.10/dist-packages/unitree_nav_interfaces/unitree_nav_interfaces_s__rosidl_typesupport_introspection_c.cpython-310-x86_64-linux-gnu.so
[350.523s] -- Up-to-date symlink: /workspaces/my_ros2_ws/src/install/unitree_nav_interfaces/local/lib/python3.10/dist-packages/unitree_nav_interfaces/unitree_nav_interfaces_s__rosidl_typesupport_c.cpython-310-x86_64-linux-gnu.so
[350.548s] -- Symlinking: /workspaces/my_ros2_ws/src/install/unitree_nav_interfaces/share/unitree_nav_interfaces/srv/SetBodyRPY.idl
[350.974s] -- Symlinking: /workspaces/my_ros2_ws/src/install/unitree_nav_interfaces/share/unitree_nav_interfaces/srv/NavToPose.idl
[351.472s] -- Symlinking: /workspaces/my_ros2_ws/src/install/unitree_nav_interfaces/share/unitree_nav_interfaces/srv/SetBodyRPY.srv
[351.924s] -- Symlinking: /workspaces/my_ros2_ws/src/install/unitree_nav_interfaces/share/unitree_nav_interfaces/srv/SetBodyRPY_Request.msg
[352.486s] -- Symlinking: /workspaces/my_ros2_ws/src/install/unitree_nav_interfaces/share/unitree_nav_interfaces/srv/SetBodyRPY_Response.msg
[352.927s] -- Symlinking: /workspaces/my_ros2_ws/src/install/unitree_nav_interfaces/share/unitree_nav_interfaces/srv/NavToPose.srv
[353.414s] -- Symlinking: /workspaces/my_ros2_ws/src/install/unitree_nav_interfaces/share/unitree_nav_interfaces/srv/NavToPose_Request.msg
[353.834s] -- Symlinking: /workspaces/my_ros2_ws/src/install/unitree_nav_interfaces/share/unitree_nav_interfaces/srv/NavToPose_Response.msg
[354.264s] -- Symlinking: /workspaces/my_ros2_ws/src/install/unitree_nav_interfaces/share/ament_index/resource_index/package_run_dependencies/unitree_nav_interfaces
[354.645s] -- Symlinking: /workspaces/my_ros2_ws/src/install/unitree_nav_interfaces/share/ament_index/resource_index/parent_prefix_path/unitree_nav_interfaces
[355.093s] -- Symlinking: /workspaces/my_ros2_ws/src/install/unitree_nav_interfaces/share/unitree_nav_interfaces/environment/ament_prefix_path.sh
[355.544s] -- Symlinking: /workspaces/my_ros2_ws/src/install/unitree_nav_interfaces/share/unitree_nav_interfaces/environment/ament_prefix_path.dsv
[356.012s] -- Symlinking: /workspaces/my_ros2_ws/src/install/unitree_nav_interfaces/share/unitree_nav_interfaces/environment/path.sh
[356.487s] -- Symlinking: /workspaces/my_ros2_ws/src/install/unitree_nav_interfaces/share/unitree_nav_interfaces/environment/path.dsv
[356.996s] -- Symlinking: /workspaces/my_ros2_ws/src/install/unitree_nav_interfaces/share/unitree_nav_interfaces/local_setup.bash
[357.452s] -- Symlinking: /workspaces/my_ros2_ws/src/install/unitree_nav_interfaces/share/unitree_nav_interfaces/local_setup.sh
[357.960s] -- Symlinking: /workspaces/my_ros2_ws/src/install/unitree_nav_interfaces/share/unitree_nav_interfaces/local_setup.zsh
[358.380s] -- Symlinking: /workspaces/my_ros2_ws/src/install/unitree_nav_interfaces/share/unitree_nav_interfaces/local_setup.dsv
[358.792s] -- Symlinking: /workspaces/my_ros2_ws/src/install/unitree_nav_interfaces/share/unitree_nav_interfaces/package.dsv
[359.292s] -- Symlinking: /workspaces/my_ros2_ws/src/install/unitree_nav_interfaces/share/ament_index/resource_index/packages/unitree_nav_interfaces
[359.817s] -- Symlinking: /workspaces/my_ros2_ws/src/install/unitree_nav_interfaces/share/unitree_nav_interfaces/cmake/ament_cmake_export_dependencies-extras.cmake
[360.290s] -- Symlinking: /workspaces/my_ros2_ws/src/install/unitree_nav_interfaces/share/unitree_nav_interfaces/cmake/rosidl_cmake-extras.cmake
[360.886s] -- Symlinking: /workspaces/my_ros2_ws/src/install/unitree_nav_interfaces/share/unitree_nav_interfaces/cmake/ament_cmake_export_include_directories-extras.cmake
[361.350s] -- Symlinking: /workspaces/my_ros2_ws/src/install/unitree_nav_interfaces/share/unitree_nav_interfaces/cmake/ament_cmake_export_libraries-extras.cmake
[362.402s] -- Symlinking: /workspaces/my_ros2_ws/src/install/unitree_nav_interfaces/share/unitree_nav_interfaces/cmake/ament_cmake_export_targets-extras.cmake
[362.942s] -- Symlinking: /workspaces/my_ros2_ws/src/install/unitree_nav_interfaces/share/unitree_nav_interfaces/cmake/rosidl_cmake_export_typesupport_targets-extras.cmake
[363.496s] -- Symlinking: /workspaces/my_ros2_ws/src/install/unitree_nav_interfaces/share/unitree_nav_interfaces/cmake/rosidl_cmake_export_typesupport_libraries-extras.cmake
[363.955s] -- Symlinking: /workspaces/my_ros2_ws/src/install/unitree_nav_interfaces/share/unitree_nav_interfaces/cmake/unitree_nav_interfacesConfig.cmake
[364.415s] -- Symlinking: /workspaces/my_ros2_ws/src/install/unitree_nav_interfaces/share/unitree_nav_interfaces/cmake/unitree_nav_interfacesConfig-version.cmake
[364.901s] -- Symlinking: /workspaces/my_ros2_ws/src/install/unitree_nav_interfaces/share/unitree_nav_interfaces/package.xml
[365.414s] -- Installing: /workspaces/my_ros2_ws/src/install/unitree_nav_interfaces/lib/libunitree_nav_interfaces__rosidl_generator_c.so
[365.479s] -- Set runtime path of "/workspaces/my_ros2_ws/src/install/unitree_nav_interfaces/lib/libunitree_nav_interfaces__rosidl_generator_c.so" to ""
[365.503s] -- Installing: /workspaces/my_ros2_ws/src/install/unitree_nav_interfaces/lib/libunitree_nav_interfaces__rosidl_typesupport_fastrtps_c.so
[365.582s] -- Set runtime path of "/workspaces/my_ros2_ws/src/install/unitree_nav_interfaces/lib/libunitree_nav_interfaces__rosidl_typesupport_fastrtps_c.so" to ""
[365.603s] -- Installing: /workspaces/my_ros2_ws/src/install/unitree_nav_interfaces/lib/libunitree_nav_interfaces__rosidl_typesupport_fastrtps_cpp.so
[365.669s] -- Set runtime path of "/workspaces/my_ros2_ws/src/install/unitree_nav_interfaces/lib/libunitree_nav_interfaces__rosidl_typesupport_fastrtps_cpp.so" to ""
[365.687s] -- Installing: /workspaces/my_ros2_ws/src/install/unitree_nav_interfaces/lib/libunitree_nav_interfaces__rosidl_typesupport_introspection_c.so
[365.768s] -- Set runtime path of "/workspaces/my_ros2_ws/src/install/unitree_nav_interfaces/lib/libunitree_nav_interfaces__rosidl_typesupport_introspection_c.so" to ""
[365.775s] -- Installing: /workspaces/my_ros2_ws/src/install/unitree_nav_interfaces/lib/libunitree_nav_interfaces__rosidl_typesupport_c.so
[365.862s] -- Set runtime path of "/workspaces/my_ros2_ws/src/install/unitree_nav_interfaces/lib/libunitree_nav_interfaces__rosidl_typesupport_c.so" to ""
[365.884s] -- Installing: /workspaces/my_ros2_ws/src/install/unitree_nav_interfaces/lib/libunitree_nav_interfaces__rosidl_typesupport_introspection_cpp.so
[365.947s] -- Set runtime path of "/workspaces/my_ros2_ws/src/install/unitree_nav_interfaces/lib/libunitree_nav_interfaces__rosidl_typesupport_introspection_cpp.so" to ""
[365.969s] -- Installing: /workspaces/my_ros2_ws/src/install/unitree_nav_interfaces/lib/libunitree_nav_interfaces__rosidl_typesupport_cpp.so
[366.056s] -- Set runtime path of "/workspaces/my_ros2_ws/src/install/unitree_nav_interfaces/lib/libunitree_nav_interfaces__rosidl_typesupport_cpp.so" to ""
[366.578s] Listing '/workspaces/my_ros2_ws/src/install/unitree_nav_interfaces/local/lib/python3.10/dist-packages/unitree_nav_interfaces'...
[366.585s] Compiling '/workspaces/my_ros2_ws/src/install/unitree_nav_interfaces/local/lib/python3.10/dist-packages/unitree_nav_interfaces/__init__.py'...
[366.590s] Listing '/workspaces/my_ros2_ws/src/install/unitree_nav_interfaces/local/lib/python3.10/dist-packages/unitree_nav_interfaces/srv'...
[366.615s] Compiling '/workspaces/my_ros2_ws/src/install/unitree_nav_interfaces/local/lib/python3.10/dist-packages/unitree_nav_interfaces/srv/__init__.py'...
[366.622s] Compiling '/workspaces/my_ros2_ws/src/install/unitree_nav_interfaces/local/lib/python3.10/dist-packages/unitree_nav_interfaces/srv/_nav_to_pose.py'...
[366.630s] Compiling '/workspaces/my_ros2_ws/src/install/unitree_nav_interfaces/local/lib/python3.10/dist-packages/unitree_nav_interfaces/srv/_set_body_rpy.py'...
[366.640s] -- Installing: /workspaces/my_ros2_ws/src/install/unitree_nav_interfaces/lib/libunitree_nav_interfaces_srv__rosidl_generator_py.so
[366.708s] -- Set runtime path of "/workspaces/my_ros2_ws/src/install/unitree_nav_interfaces/lib/libunitree_nav_interfaces_srv__rosidl_generator_py.so" to ""
[366.724s] -- Installing: /workspaces/my_ros2_ws/src/install/unitree_nav_interfaces/share/unitree_nav_interfaces/cmake/export_unitree_nav_interfaces_srv__rosidl_generator_cExport.cmake
[366.811s] -- Installing: /workspaces/my_ros2_ws/src/install/unitree_nav_interfaces/share/unitree_nav_interfaces/cmake/export_unitree_nav_interfaces_srv__rosidl_generator_cExport-noconfig.cmake
[366.884s] -- Installing: /workspaces/my_ros2_ws/src/install/unitree_nav_interfaces/share/unitree_nav_interfaces/cmake/export_unitree_nav_interfaces_srv__rosidl_typesupport_fastrtps_cExport.cmake
[366.944s] -- Installing: /workspaces/my_ros2_ws/src/install/unitree_nav_interfaces/share/unitree_nav_interfaces/cmake/export_unitree_nav_interfaces_srv__rosidl_typesupport_fastrtps_cExport-noconfig.cmake
[366.991s] -- Installing: /workspaces/my_ros2_ws/src/install/unitree_nav_interfaces/share/unitree_nav_interfaces/cmake/export_unitree_nav_interfaces_srv__rosidl_generator_cppExport.cmake
[367.054s] -- Installing: /workspaces/my_ros2_ws/src/install/unitree_nav_interfaces/share/unitree_nav_interfaces/cmake/export_unitree_nav_interfaces_srv__rosidl_typesupport_fastrtps_cppExport.cmake
[367.118s] -- Installing: /workspaces/my_ros2_ws/src/install/unitree_nav_interfaces/share/unitree_nav_interfaces/cmake/export_unitree_nav_interfaces_srv__rosidl_typesupport_fastrtps_cppExport-noconfig.cmake
[367.178s] -- Installing: /workspaces/my_ros2_ws/src/install/unitree_nav_interfaces/share/unitree_nav_interfaces/cmake/unitree_nav_interfaces_srv__rosidl_typesupport_introspection_cExport.cmake
[367.266s] -- Installing: /workspaces/my_ros2_ws/src/install/unitree_nav_interfaces/share/unitree_nav_interfaces/cmake/unitree_nav_interfaces_srv__rosidl_typesupport_introspection_cExport-noconfig.cmake
[367.324s] -- Installing: /workspaces/my_ros2_ws/src/install/unitree_nav_interfaces/share/unitree_nav_interfaces/cmake/unitree_nav_interfaces_srv__rosidl_typesupport_cExport.cmake
[367.403s] -- Installing: /workspaces/my_ros2_ws/src/install/unitree_nav_interfaces/share/unitree_nav_interfaces/cmake/unitree_nav_interfaces_srv__rosidl_typesupport_cExport-noconfig.cmake
[367.447s] -- Installing: /workspaces/my_ros2_ws/src/install/unitree_nav_interfaces/share/unitree_nav_interfaces/cmake/unitree_nav_interfaces_srv__rosidl_typesupport_introspection_cppExport.cmake
[367.492s] -- Installing: /workspaces/my_ros2_ws/src/install/unitree_nav_interfaces/share/unitree_nav_interfaces/cmake/unitree_nav_interfaces_srv__rosidl_typesupport_introspection_cppExport-noconfig.cmake
[367.550s] -- Installing: /workspaces/my_ros2_ws/src/install/unitree_nav_interfaces/share/unitree_nav_interfaces/cmake/unitree_nav_interfaces_srv__rosidl_typesupport_cppExport.cmake
[367.590s] -- Installing: /workspaces/my_ros2_ws/src/install/unitree_nav_interfaces/share/unitree_nav_interfaces/cmake/unitree_nav_interfaces_srv__rosidl_typesupport_cppExport-noconfig.cmake
[367.635s] -- Installing: /workspaces/my_ros2_ws/src/install/unitree_nav_interfaces/share/unitree_nav_interfaces/cmake/export_unitree_nav_interfaces_srv__rosidl_generator_pyExport.cmake
[367.678s] -- Installing: /workspaces/my_ros2_ws/src/install/unitree_nav_interfaces/share/unitree_nav_interfaces/cmake/export_unitree_nav_interfaces_srv__rosidl_generator_pyExport-noconfig.cmake
[367.757s] Invoked command in '/workspaces/my_ros2_ws/src/build/unitree_nav_interfaces' returned '0': CMAKE_PREFIX_PATH=${CMAKE_PREFIX_PATH}:/workspaces/my_ros2_ws/install/object_detection:/workspaces/my_ros2_ws/install/unitree_nav_launch_module:/workspaces/my_ros2_ws/install/listen_talk_ros2:/opt/ros/humble /usr/bin/cmake --install /workspaces/my_ros2_ws/src/build/unitree_nav_interfaces
