[0.099s] Invoking command in '/home/ros/Workshop/src/build/rslidar_msg': CMAKE_PREFIX_PATH=${CMAKE_PREFIX_PATH}:/opt/ros/humble /usr/bin/cmake --build /home/ros/Workshop/src/build/rslidar_msg -- -j4 -l4
[1.054s] [  3%] Built target rslidar_msg__cpp
[1.151s] [ 12%] Built target rslidar_msg__rosidl_generator_c
[1.213s] [ 12%] Built target ament_cmake_python_symlink_rslidar_msg
[1.754s] [ 22%] Built target rslidar_msg__rosidl_typesupport_fastrtps_cpp
[1.850s] [ 32%] Built target rslidar_msg__rosidl_typesupport_introspection_cpp
[2.010s] [ 41%] Built target rslidar_msg__rosidl_typesupport_cpp
[2.081s] [ 51%] Built target rslidar_msg__rosidl_typesupport_fastrtps_c
[2.533s] [ 61%] Built target rslidar_msg__rosidl_typesupport_introspection_c
[2.657s] [ 70%] Built target rslidar_msg__rosidl_typesupport_c
[3.206s] [ 70%] Built target rslidar_msg
[3.630s] [ 74%] Built target rslidar_msg__py
[3.743s] running egg_info
[3.746s] writing rslidar_msg.egg-info/PKG-INFO
[3.747s] writing dependency_links to rslidar_msg.egg-info/dependency_links.txt
[3.748s] writing top-level names to rslidar_msg.egg-info/top_level.txt
[3.759s] reading manifest file 'rslidar_msg.egg-info/SOURCES.txt'
[3.761s] writing manifest file 'rslidar_msg.egg-info/SOURCES.txt'
[3.936s] [ 74%] Built target ament_cmake_python_build_rslidar_msg_egg
[4.012s] [ 80%] Built target rslidar_msg__rosidl_generator_py
[4.577s] [ 87%] Built target rslidar_msg__rosidl_typesupport_c__pyext
[4.599s] [ 93%] Built target rslidar_msg__rosidl_typesupport_introspection_c__pyext
[4.630s] [100%] Built target rslidar_msg__rosidl_typesupport_fastrtps_c__pyext
[4.791s] Invoked command in '/home/ros/Workshop/src/build/rslidar_msg' returned '0': CMAKE_PREFIX_PATH=${CMAKE_PREFIX_PATH}:/opt/ros/humble /usr/bin/cmake --build /home/ros/Workshop/src/build/rslidar_msg -- -j4 -l4
[6.390s] Invoking command in '/home/ros/Workshop/src/build/rslidar_msg': CMAKE_PREFIX_PATH=${CMAKE_PREFIX_PATH}:/opt/ros/humble /usr/bin/cmake --install /home/ros/Workshop/src/build/rslidar_msg
[6.492s] -- Install configuration: ""
[6.497s] -- Execute custom install script
[6.499s] -- Up-to-date symlink: /home/ros/Workshop/src/install/rslidar_msg/share/ament_index/resource_index/rosidl_interfaces/rslidar_msg
[6.501s] -- Up-to-date symlink: /home/ros/Workshop/src/install/rslidar_msg/include/rslidar_msg/rslidar_msg/msg/detail/rslidar_packet__functions.h
[6.502s] -- Up-to-date symlink: /home/ros/Workshop/src/install/rslidar_msg/include/rslidar_msg/rslidar_msg/msg/detail/rslidar_packet__struct.h
[6.504s] -- Up-to-date symlink: /home/ros/Workshop/src/install/rslidar_msg/include/rslidar_msg/rslidar_msg/msg/detail/rslidar_packet__type_support.h
[6.506s] -- Up-to-date symlink: /home/ros/Workshop/src/install/rslidar_msg/include/rslidar_msg/rslidar_msg/msg/rosidl_generator_c__visibility_control.h
[6.508s] -- Up-to-date symlink: /home/ros/Workshop/src/install/rslidar_msg/include/rslidar_msg/rslidar_msg/msg/rslidar_packet.h
[6.510s] -- Up-to-date symlink: /home/ros/Workshop/src/install/rslidar_msg/share/rslidar_msg/environment/library_path.sh
[6.510s] -- Up-to-date symlink: /home/ros/Workshop/src/install/rslidar_msg/share/rslidar_msg/environment/library_path.dsv
[6.512s] -- Up-to-date symlink: /home/ros/Workshop/src/install/rslidar_msg/include/rslidar_msg/rslidar_msg/msg/detail/rslidar_packet__rosidl_typesupport_fastrtps_c.h
[6.513s] -- Up-to-date symlink: /home/ros/Workshop/src/install/rslidar_msg/include/rslidar_msg/rslidar_msg/msg/rosidl_typesupport_fastrtps_c__visibility_control.h
[6.516s] -- Up-to-date symlink: /home/ros/Workshop/src/install/rslidar_msg/include/rslidar_msg/rslidar_msg/msg/detail/rslidar_packet__builder.hpp
[6.517s] -- Up-to-date symlink: /home/ros/Workshop/src/install/rslidar_msg/include/rslidar_msg/rslidar_msg/msg/detail/rslidar_packet__struct.hpp
[6.517s] -- Up-to-date symlink: /home/ros/Workshop/src/install/rslidar_msg/include/rslidar_msg/rslidar_msg/msg/detail/rslidar_packet__traits.hpp
[6.519s] -- Up-to-date symlink: /home/ros/Workshop/src/install/rslidar_msg/include/rslidar_msg/rslidar_msg/msg/rslidar_packet.hpp
[6.521s] -- Up-to-date symlink: /home/ros/Workshop/src/install/rslidar_msg/include/rslidar_msg/rslidar_msg/msg/detail/rslidar_packet__rosidl_typesupport_fastrtps_cpp.hpp
[6.525s] -- Up-to-date symlink: /home/ros/Workshop/src/install/rslidar_msg/include/rslidar_msg/rslidar_msg/msg/rosidl_typesupport_fastrtps_cpp__visibility_control.h
[6.527s] -- Up-to-date symlink: /home/ros/Workshop/src/install/rslidar_msg/include/rslidar_msg/rslidar_msg/msg/detail/rslidar_packet__rosidl_typesupport_introspection_c.h
[6.529s] -- Up-to-date symlink: /home/ros/Workshop/src/install/rslidar_msg/include/rslidar_msg/rslidar_msg/msg/rosidl_typesupport_introspection_c__visibility_control.h
[6.530s] -- Up-to-date symlink: /home/ros/Workshop/src/install/rslidar_msg/include/rslidar_msg/rslidar_msg/msg/detail/rslidar_packet__rosidl_typesupport_introspection_cpp.hpp
[6.532s] -- Up-to-date symlink: /home/ros/Workshop/src/install/rslidar_msg/share/rslidar_msg/environment/pythonpath.sh
[6.534s] -- Up-to-date symlink: /home/ros/Workshop/src/install/rslidar_msg/share/rslidar_msg/environment/pythonpath.dsv
[6.534s] -- Up-to-date symlink: /home/ros/Workshop/src/install/rslidar_msg/local/lib/python3.10/dist-packages/rslidar_msg-0.0.0-py3.10.egg-info/PKG-INFO
[6.535s] -- Up-to-date symlink: /home/ros/Workshop/src/install/rslidar_msg/local/lib/python3.10/dist-packages/rslidar_msg-0.0.0-py3.10.egg-info/SOURCES.txt
[6.537s] -- Up-to-date symlink: /home/ros/Workshop/src/install/rslidar_msg/local/lib/python3.10/dist-packages/rslidar_msg-0.0.0-py3.10.egg-info/dependency_links.txt
[6.538s] -- Up-to-date symlink: /home/ros/Workshop/src/install/rslidar_msg/local/lib/python3.10/dist-packages/rslidar_msg-0.0.0-py3.10.egg-info/top_level.txt
[6.542s] -- Up-to-date symlink: /home/ros/Workshop/src/install/rslidar_msg/local/lib/python3.10/dist-packages/rslidar_msg/__init__.py
[6.543s] -- Up-to-date symlink: /home/ros/Workshop/src/install/rslidar_msg/local/lib/python3.10/dist-packages/rslidar_msg/_rslidar_msg_s.ep.rosidl_typesupport_c.c
[6.545s] -- Up-to-date symlink: /home/ros/Workshop/src/install/rslidar_msg/local/lib/python3.10/dist-packages/rslidar_msg/_rslidar_msg_s.ep.rosidl_typesupport_fastrtps_c.c
[6.546s] -- Up-to-date symlink: /home/ros/Workshop/src/install/rslidar_msg/local/lib/python3.10/dist-packages/rslidar_msg/_rslidar_msg_s.ep.rosidl_typesupport_introspection_c.c
[6.546s] -- Up-to-date symlink: /home/ros/Workshop/src/install/rslidar_msg/local/lib/python3.10/dist-packages/rslidar_msg/librslidar_msg__rosidl_generator_py.so
[6.547s] -- Up-to-date symlink: /home/ros/Workshop/src/install/rslidar_msg/local/lib/python3.10/dist-packages/rslidar_msg/msg/__init__.py
[6.547s] -- Up-to-date symlink: /home/ros/Workshop/src/install/rslidar_msg/local/lib/python3.10/dist-packages/rslidar_msg/msg/_rslidar_packet.py
[6.548s] -- Up-to-date symlink: /home/ros/Workshop/src/install/rslidar_msg/local/lib/python3.10/dist-packages/rslidar_msg/msg/_rslidar_packet_s.c
[6.550s] -- Up-to-date symlink: /home/ros/Workshop/src/install/rslidar_msg/local/lib/python3.10/dist-packages/rslidar_msg/rslidar_msg_s__rosidl_typesupport_c.cpython-310-x86_64-linux-gnu.so
[6.550s] -- Up-to-date symlink: /home/ros/Workshop/src/install/rslidar_msg/local/lib/python3.10/dist-packages/rslidar_msg/rslidar_msg_s__rosidl_typesupport_fastrtps_c.cpython-310-x86_64-linux-gnu.so
[6.550s] -- Up-to-date symlink: /home/ros/Workshop/src/install/rslidar_msg/local/lib/python3.10/dist-packages/rslidar_msg/rslidar_msg_s__rosidl_typesupport_introspection_c.cpython-310-x86_64-linux-gnu.so
[6.551s] -- Up-to-date symlink: /home/ros/Workshop/src/install/rslidar_msg/local/lib/python3.10/dist-packages/rslidar_msg/rslidar_msg_s__rosidl_typesupport_fastrtps_c.cpython-310-x86_64-linux-gnu.so
[6.553s] -- Up-to-date symlink: /home/ros/Workshop/src/install/rslidar_msg/local/lib/python3.10/dist-packages/rslidar_msg/rslidar_msg_s__rosidl_typesupport_introspection_c.cpython-310-x86_64-linux-gnu.so
[6.553s] -- Up-to-date symlink: /home/ros/Workshop/src/install/rslidar_msg/local/lib/python3.10/dist-packages/rslidar_msg/rslidar_msg_s__rosidl_typesupport_c.cpython-310-x86_64-linux-gnu.so
[6.554s] -- Up-to-date symlink: /home/ros/Workshop/src/install/rslidar_msg/share/rslidar_msg/msg/RslidarPacket.idl
[6.555s] -- Up-to-date symlink: /home/ros/Workshop/src/install/rslidar_msg/share/rslidar_msg/msg/RslidarPacket.msg
[6.555s] -- Up-to-date symlink: /home/ros/Workshop/src/install/rslidar_msg/share/ament_index/resource_index/package_run_dependencies/rslidar_msg
[6.556s] -- Up-to-date symlink: /home/ros/Workshop/src/install/rslidar_msg/share/ament_index/resource_index/parent_prefix_path/rslidar_msg
[6.557s] -- Up-to-date symlink: /home/ros/Workshop/src/install/rslidar_msg/share/rslidar_msg/environment/ament_prefix_path.sh
[6.557s] -- Up-to-date symlink: /home/ros/Workshop/src/install/rslidar_msg/share/rslidar_msg/environment/ament_prefix_path.dsv
[6.558s] -- Up-to-date symlink: /home/ros/Workshop/src/install/rslidar_msg/share/rslidar_msg/environment/path.sh
[6.559s] -- Up-to-date symlink: /home/ros/Workshop/src/install/rslidar_msg/share/rslidar_msg/environment/path.dsv
[6.560s] -- Up-to-date symlink: /home/ros/Workshop/src/install/rslidar_msg/share/rslidar_msg/local_setup.bash
[6.560s] -- Up-to-date symlink: /home/ros/Workshop/src/install/rslidar_msg/share/rslidar_msg/local_setup.sh
[6.561s] -- Up-to-date symlink: /home/ros/Workshop/src/install/rslidar_msg/share/rslidar_msg/local_setup.zsh
[6.561s] -- Up-to-date symlink: /home/ros/Workshop/src/install/rslidar_msg/share/rslidar_msg/local_setup.dsv
[6.562s] -- Symlinking: /home/ros/Workshop/src/install/rslidar_msg/share/rslidar_msg/package.dsv
[6.678s] -- Up-to-date symlink: /home/ros/Workshop/src/install/rslidar_msg/share/ament_index/resource_index/packages/rslidar_msg
[6.679s] -- Up-to-date symlink: /home/ros/Workshop/src/install/rslidar_msg/share/rslidar_msg/cmake/rosidl_cmake-extras.cmake
[6.680s] -- Up-to-date symlink: /home/ros/Workshop/src/install/rslidar_msg/share/rslidar_msg/cmake/ament_cmake_export_dependencies-extras.cmake
[6.680s] -- Up-to-date symlink: /home/ros/Workshop/src/install/rslidar_msg/share/rslidar_msg/cmake/ament_cmake_export_include_directories-extras.cmake
[6.681s] -- Up-to-date symlink: /home/ros/Workshop/src/install/rslidar_msg/share/rslidar_msg/cmake/ament_cmake_export_libraries-extras.cmake
[6.681s] -- Up-to-date symlink: /home/ros/Workshop/src/install/rslidar_msg/share/rslidar_msg/cmake/ament_cmake_export_targets-extras.cmake
[6.682s] -- Up-to-date symlink: /home/ros/Workshop/src/install/rslidar_msg/share/rslidar_msg/cmake/rosidl_cmake_export_typesupport_targets-extras.cmake
[6.682s] -- Up-to-date symlink: /home/ros/Workshop/src/install/rslidar_msg/share/rslidar_msg/cmake/rosidl_cmake_export_typesupport_libraries-extras.cmake
[6.682s] -- Up-to-date symlink: /home/ros/Workshop/src/install/rslidar_msg/share/rslidar_msg/cmake/rslidar_msgConfig.cmake
[6.683s] -- Up-to-date symlink: /home/ros/Workshop/src/install/rslidar_msg/share/rslidar_msg/cmake/rslidar_msgConfig-version.cmake
[6.684s] -- Up-to-date symlink: /home/ros/Workshop/src/install/rslidar_msg/share/rslidar_msg/package.xml
[6.685s] -- Up-to-date: /home/ros/Workshop/src/install/rslidar_msg/lib/librslidar_msg__rosidl_generator_c.so
[6.686s] -- Up-to-date: /home/ros/Workshop/src/install/rslidar_msg/lib/librslidar_msg__rosidl_typesupport_fastrtps_c.so
[6.688s] -- Up-to-date: /home/ros/Workshop/src/install/rslidar_msg/lib/librslidar_msg__rosidl_typesupport_fastrtps_cpp.so
[6.690s] -- Up-to-date: /home/ros/Workshop/src/install/rslidar_msg/lib/librslidar_msg__rosidl_typesupport_introspection_c.so
[6.691s] -- Up-to-date: /home/ros/Workshop/src/install/rslidar_msg/lib/librslidar_msg__rosidl_typesupport_c.so
[6.692s] -- Up-to-date: /home/ros/Workshop/src/install/rslidar_msg/lib/librslidar_msg__rosidl_typesupport_introspection_cpp.so
[6.694s] -- Up-to-date: /home/ros/Workshop/src/install/rslidar_msg/lib/librslidar_msg__rosidl_typesupport_cpp.so
[6.851s] Listing '/home/ros/Workshop/src/install/rslidar_msg/local/lib/python3.10/dist-packages/rslidar_msg'...
[6.853s] Listing '/home/ros/Workshop/src/install/rslidar_msg/local/lib/python3.10/dist-packages/rslidar_msg/msg'...
[6.863s] -- Up-to-date: /home/ros/Workshop/src/install/rslidar_msg/lib/librslidar_msg__rosidl_generator_py.so
[6.864s] -- Up-to-date: /home/ros/Workshop/src/install/rslidar_msg/share/rslidar_msg/cmake/export_rslidar_msg__rosidl_generator_cExport.cmake
[6.866s] -- Up-to-date: /home/ros/Workshop/src/install/rslidar_msg/share/rslidar_msg/cmake/export_rslidar_msg__rosidl_generator_cExport-noconfig.cmake
[6.867s] -- Up-to-date: /home/ros/Workshop/src/install/rslidar_msg/share/rslidar_msg/cmake/export_rslidar_msg__rosidl_typesupport_fastrtps_cExport.cmake
[6.868s] -- Up-to-date: /home/ros/Workshop/src/install/rslidar_msg/share/rslidar_msg/cmake/export_rslidar_msg__rosidl_typesupport_fastrtps_cExport-noconfig.cmake
[6.870s] -- Up-to-date: /home/ros/Workshop/src/install/rslidar_msg/share/rslidar_msg/cmake/export_rslidar_msg__rosidl_generator_cppExport.cmake
[6.878s] -- Up-to-date: /home/ros/Workshop/src/install/rslidar_msg/share/rslidar_msg/cmake/export_rslidar_msg__rosidl_typesupport_fastrtps_cppExport.cmake
[6.879s] -- Up-to-date: /home/ros/Workshop/src/install/rslidar_msg/share/rslidar_msg/cmake/export_rslidar_msg__rosidl_typesupport_fastrtps_cppExport-noconfig.cmake
[6.880s] -- Up-to-date: /home/ros/Workshop/src/install/rslidar_msg/share/rslidar_msg/cmake/rslidar_msg__rosidl_typesupport_introspection_cExport.cmake
[6.881s] -- Up-to-date: /home/ros/Workshop/src/install/rslidar_msg/share/rslidar_msg/cmake/rslidar_msg__rosidl_typesupport_introspection_cExport-noconfig.cmake
[6.881s] -- Up-to-date: /home/ros/Workshop/src/install/rslidar_msg/share/rslidar_msg/cmake/rslidar_msg__rosidl_typesupport_cExport.cmake
[6.882s] -- Up-to-date: /home/ros/Workshop/src/install/rslidar_msg/share/rslidar_msg/cmake/rslidar_msg__rosidl_typesupport_cExport-noconfig.cmake
[6.883s] -- Up-to-date: /home/ros/Workshop/src/install/rslidar_msg/share/rslidar_msg/cmake/rslidar_msg__rosidl_typesupport_introspection_cppExport.cmake
[6.885s] -- Up-to-date: /home/ros/Workshop/src/install/rslidar_msg/share/rslidar_msg/cmake/rslidar_msg__rosidl_typesupport_introspection_cppExport-noconfig.cmake
[6.885s] -- Up-to-date: /home/ros/Workshop/src/install/rslidar_msg/share/rslidar_msg/cmake/rslidar_msg__rosidl_typesupport_cppExport.cmake
[6.887s] -- Up-to-date: /home/ros/Workshop/src/install/rslidar_msg/share/rslidar_msg/cmake/rslidar_msg__rosidl_typesupport_cppExport-noconfig.cmake
[6.889s] -- Up-to-date: /home/ros/Workshop/src/install/rslidar_msg/share/rslidar_msg/cmake/export_rslidar_msg__rosidl_generator_pyExport.cmake
[6.890s] -- Up-to-date: /home/ros/Workshop/src/install/rslidar_msg/share/rslidar_msg/cmake/export_rslidar_msg__rosidl_generator_pyExport-noconfig.cmake
[6.892s] Invoked command in '/home/ros/Workshop/src/build/rslidar_msg' returned '0': CMAKE_PREFIX_PATH=${CMAKE_PREFIX_PATH}:/opt/ros/humble /usr/bin/cmake --install /home/ros/Workshop/src/build/rslidar_msg
