[0.145s] Invoking command in '/home/ros/Workshop/src/build/ros2_unitree_legged_msgs': CMAKE_PREFIX_PATH=${CMAKE_PREFIX_PATH}:/opt/ros/humble /usr/bin/cmake --build /home/ros/Workshop/src/build/ros2_unitree_legged_msgs -- -j4 -l4
[1.055s] [  0%] Built target ros2_unitree_legged_msgs__cpp
[1.160s] [ 12%] Built target ros2_unitree_legged_msgs__rosidl_generator_c
[1.498s] [ 12%] Built target ament_cmake_python_symlink_ros2_unitree_legged_msgs
[2.105s] [ 35%] Built target ros2_unitree_legged_msgs__rosidl_typesupport_cpp
[2.107s] [ 35%] Built target ros2_unitree_legged_msgs__rosidl_typesupport_fastrtps_cpp
[2.226s] [ 47%] Built target ros2_unitree_legged_msgs__rosidl_typesupport_introspection_cpp
[2.654s] [ 59%] Built target ros2_unitree_legged_msgs__rosidl_typesupport_fastrtps_c
[2.856s] [ 71%] Built target ros2_unitree_legged_msgs__rosidl_typesupport_c
[2.908s] [ 83%] Built target ros2_unitree_legged_msgs__rosidl_typesupport_introspection_c
[3.357s] [ 83%] Built target ros2_unitree_legged_msgs
[3.765s] [ 84%] Built target ros2_unitree_legged_msgs__py
[4.037s] running egg_info
[4.043s] writing ros2_unitree_legged_msgs.egg-info/PKG-INFO
[4.045s] writing dependency_links to ros2_unitree_legged_msgs.egg-info/dependency_links.txt
[4.045s] writing top-level names to ros2_unitree_legged_msgs.egg-info/top_level.txt
[4.058s] reading manifest file 'ros2_unitree_legged_msgs.egg-info/SOURCES.txt'
[4.067s] writing manifest file 'ros2_unitree_legged_msgs.egg-info/SOURCES.txt'
[4.301s] [ 95%] Built target ros2_unitree_legged_msgs__rosidl_generator_py
[4.321s] [ 95%] Built target ament_cmake_python_build_ros2_unitree_legged_msgs_egg
[4.855s] [ 97%] Built target ros2_unitree_legged_msgs__rosidl_typesupport_fastrtps_c__pyext
[4.933s] [ 99%] Built target ros2_unitree_legged_msgs__rosidl_typesupport_introspection_c__pyext
[4.956s] [100%] Built target ros2_unitree_legged_msgs__rosidl_typesupport_c__pyext
[5.072s] Invoked command in '/home/ros/Workshop/src/build/ros2_unitree_legged_msgs' returned '0': CMAKE_PREFIX_PATH=${CMAKE_PREFIX_PATH}:/opt/ros/humble /usr/bin/cmake --build /home/ros/Workshop/src/build/ros2_unitree_legged_msgs -- -j4 -l4
[12.069s] Invoking command in '/home/ros/Workshop/src/build/ros2_unitree_legged_msgs': CMAKE_PREFIX_PATH=${CMAKE_PREFIX_PATH}:/opt/ros/humble /usr/bin/cmake --install /home/ros/Workshop/src/build/ros2_unitree_legged_msgs
[12.121s] -- Install configuration: ""
[12.122s] -- Execute custom install script
[12.122s] -- Up-to-date symlink: /home/ros/Workshop/src/install/ros2_unitree_legged_msgs/share/ament_index/resource_index/rosidl_interfaces/ros2_unitree_legged_msgs
[12.125s] -- Up-to-date symlink: /home/ros/Workshop/src/install/ros2_unitree_legged_msgs/include/ros2_unitree_legged_msgs/ros2_unitree_legged_msgs/msg/bms_cmd.h
[12.125s] -- Up-to-date symlink: /home/ros/Workshop/src/install/ros2_unitree_legged_msgs/include/ros2_unitree_legged_msgs/ros2_unitree_legged_msgs/msg/bms_state.h
[12.125s] -- Up-to-date symlink: /home/ros/Workshop/src/install/ros2_unitree_legged_msgs/include/ros2_unitree_legged_msgs/ros2_unitree_legged_msgs/msg/cartesian.h
[12.126s] -- Up-to-date symlink: /home/ros/Workshop/src/install/ros2_unitree_legged_msgs/include/ros2_unitree_legged_msgs/ros2_unitree_legged_msgs/msg/detail/bms_cmd__functions.h
[12.126s] -- Up-to-date symlink: /home/ros/Workshop/src/install/ros2_unitree_legged_msgs/include/ros2_unitree_legged_msgs/ros2_unitree_legged_msgs/msg/detail/bms_cmd__struct.h
[12.126s] -- Up-to-date symlink: /home/ros/Workshop/src/install/ros2_unitree_legged_msgs/include/ros2_unitree_legged_msgs/ros2_unitree_legged_msgs/msg/detail/bms_cmd__type_support.h
[12.126s] -- Up-to-date symlink: /home/ros/Workshop/src/install/ros2_unitree_legged_msgs/include/ros2_unitree_legged_msgs/ros2_unitree_legged_msgs/msg/detail/bms_state__functions.h
[12.126s] -- Up-to-date symlink: /home/ros/Workshop/src/install/ros2_unitree_legged_msgs/include/ros2_unitree_legged_msgs/ros2_unitree_legged_msgs/msg/detail/bms_state__struct.h
[12.127s] -- Up-to-date symlink: /home/ros/Workshop/src/install/ros2_unitree_legged_msgs/include/ros2_unitree_legged_msgs/ros2_unitree_legged_msgs/msg/detail/bms_state__type_support.h
[12.127s] -- Up-to-date symlink: /home/ros/Workshop/src/install/ros2_unitree_legged_msgs/include/ros2_unitree_legged_msgs/ros2_unitree_legged_msgs/msg/detail/cartesian__functions.h
[12.127s] -- Up-to-date symlink: /home/ros/Workshop/src/install/ros2_unitree_legged_msgs/include/ros2_unitree_legged_msgs/ros2_unitree_legged_msgs/msg/detail/cartesian__struct.h
[12.128s] -- Up-to-date symlink: /home/ros/Workshop/src/install/ros2_unitree_legged_msgs/include/ros2_unitree_legged_msgs/ros2_unitree_legged_msgs/msg/detail/cartesian__type_support.h
[12.128s] -- Up-to-date symlink: /home/ros/Workshop/src/install/ros2_unitree_legged_msgs/include/ros2_unitree_legged_msgs/ros2_unitree_legged_msgs/msg/detail/high_cmd__functions.h
[12.128s] -- Up-to-date symlink: /home/ros/Workshop/src/install/ros2_unitree_legged_msgs/include/ros2_unitree_legged_msgs/ros2_unitree_legged_msgs/msg/detail/high_cmd__struct.h
[12.128s] -- Up-to-date symlink: /home/ros/Workshop/src/install/ros2_unitree_legged_msgs/include/ros2_unitree_legged_msgs/ros2_unitree_legged_msgs/msg/detail/high_cmd__type_support.h
[12.129s] -- Up-to-date symlink: /home/ros/Workshop/src/install/ros2_unitree_legged_msgs/include/ros2_unitree_legged_msgs/ros2_unitree_legged_msgs/msg/detail/high_state__functions.h
[12.129s] -- Up-to-date symlink: /home/ros/Workshop/src/install/ros2_unitree_legged_msgs/include/ros2_unitree_legged_msgs/ros2_unitree_legged_msgs/msg/detail/high_state__struct.h
[12.129s] -- Up-to-date symlink: /home/ros/Workshop/src/install/ros2_unitree_legged_msgs/include/ros2_unitree_legged_msgs/ros2_unitree_legged_msgs/msg/detail/high_state__type_support.h
[12.129s] -- Up-to-date symlink: /home/ros/Workshop/src/install/ros2_unitree_legged_msgs/include/ros2_unitree_legged_msgs/ros2_unitree_legged_msgs/msg/detail/imu__functions.h
[12.130s] -- Up-to-date symlink: /home/ros/Workshop/src/install/ros2_unitree_legged_msgs/include/ros2_unitree_legged_msgs/ros2_unitree_legged_msgs/msg/detail/imu__struct.h
[12.130s] -- Up-to-date symlink: /home/ros/Workshop/src/install/ros2_unitree_legged_msgs/include/ros2_unitree_legged_msgs/ros2_unitree_legged_msgs/msg/detail/imu__type_support.h
[12.130s] -- Up-to-date symlink: /home/ros/Workshop/src/install/ros2_unitree_legged_msgs/include/ros2_unitree_legged_msgs/ros2_unitree_legged_msgs/msg/detail/led__functions.h
[12.130s] -- Up-to-date symlink: /home/ros/Workshop/src/install/ros2_unitree_legged_msgs/include/ros2_unitree_legged_msgs/ros2_unitree_legged_msgs/msg/detail/led__struct.h
[12.131s] -- Up-to-date symlink: /home/ros/Workshop/src/install/ros2_unitree_legged_msgs/include/ros2_unitree_legged_msgs/ros2_unitree_legged_msgs/msg/detail/led__type_support.h
[12.131s] -- Up-to-date symlink: /home/ros/Workshop/src/install/ros2_unitree_legged_msgs/include/ros2_unitree_legged_msgs/ros2_unitree_legged_msgs/msg/detail/low_cmd__functions.h
[12.131s] -- Up-to-date symlink: /home/ros/Workshop/src/install/ros2_unitree_legged_msgs/include/ros2_unitree_legged_msgs/ros2_unitree_legged_msgs/msg/detail/low_cmd__struct.h
[12.131s] -- Up-to-date symlink: /home/ros/Workshop/src/install/ros2_unitree_legged_msgs/include/ros2_unitree_legged_msgs/ros2_unitree_legged_msgs/msg/detail/low_cmd__type_support.h
[12.132s] -- Up-to-date symlink: /home/ros/Workshop/src/install/ros2_unitree_legged_msgs/include/ros2_unitree_legged_msgs/ros2_unitree_legged_msgs/msg/detail/low_state__functions.h
[12.132s] -- Up-to-date symlink: /home/ros/Workshop/src/install/ros2_unitree_legged_msgs/include/ros2_unitree_legged_msgs/ros2_unitree_legged_msgs/msg/detail/low_state__struct.h
[12.132s] -- Up-to-date symlink: /home/ros/Workshop/src/install/ros2_unitree_legged_msgs/include/ros2_unitree_legged_msgs/ros2_unitree_legged_msgs/msg/detail/low_state__type_support.h
[12.132s] -- Up-to-date symlink: /home/ros/Workshop/src/install/ros2_unitree_legged_msgs/include/ros2_unitree_legged_msgs/ros2_unitree_legged_msgs/msg/detail/motor_cmd__functions.h
[12.132s] -- Up-to-date symlink: /home/ros/Workshop/src/install/ros2_unitree_legged_msgs/include/ros2_unitree_legged_msgs/ros2_unitree_legged_msgs/msg/detail/motor_cmd__struct.h
[12.133s] -- Up-to-date symlink: /home/ros/Workshop/src/install/ros2_unitree_legged_msgs/include/ros2_unitree_legged_msgs/ros2_unitree_legged_msgs/msg/detail/motor_cmd__type_support.h
[12.133s] -- Up-to-date symlink: /home/ros/Workshop/src/install/ros2_unitree_legged_msgs/include/ros2_unitree_legged_msgs/ros2_unitree_legged_msgs/msg/detail/motor_state__functions.h
[12.133s] -- Up-to-date symlink: /home/ros/Workshop/src/install/ros2_unitree_legged_msgs/include/ros2_unitree_legged_msgs/ros2_unitree_legged_msgs/msg/detail/motor_state__struct.h
[12.133s] -- Up-to-date symlink: /home/ros/Workshop/src/install/ros2_unitree_legged_msgs/include/ros2_unitree_legged_msgs/ros2_unitree_legged_msgs/msg/detail/motor_state__type_support.h
[12.134s] -- Up-to-date symlink: /home/ros/Workshop/src/install/ros2_unitree_legged_msgs/include/ros2_unitree_legged_msgs/ros2_unitree_legged_msgs/msg/high_cmd.h
[12.134s] -- Up-to-date symlink: /home/ros/Workshop/src/install/ros2_unitree_legged_msgs/include/ros2_unitree_legged_msgs/ros2_unitree_legged_msgs/msg/high_state.h
[12.134s] -- Up-to-date symlink: /home/ros/Workshop/src/install/ros2_unitree_legged_msgs/include/ros2_unitree_legged_msgs/ros2_unitree_legged_msgs/msg/imu.h
[12.134s] -- Up-to-date symlink: /home/ros/Workshop/src/install/ros2_unitree_legged_msgs/include/ros2_unitree_legged_msgs/ros2_unitree_legged_msgs/msg/led.h
[12.134s] -- Up-to-date symlink: /home/ros/Workshop/src/install/ros2_unitree_legged_msgs/include/ros2_unitree_legged_msgs/ros2_unitree_legged_msgs/msg/low_cmd.h
[12.135s] -- Up-to-date symlink: /home/ros/Workshop/src/install/ros2_unitree_legged_msgs/include/ros2_unitree_legged_msgs/ros2_unitree_legged_msgs/msg/low_state.h
[12.135s] -- Up-to-date symlink: /home/ros/Workshop/src/install/ros2_unitree_legged_msgs/include/ros2_unitree_legged_msgs/ros2_unitree_legged_msgs/msg/motor_cmd.h
[12.135s] -- Up-to-date symlink: /home/ros/Workshop/src/install/ros2_unitree_legged_msgs/include/ros2_unitree_legged_msgs/ros2_unitree_legged_msgs/msg/motor_state.h
[12.135s] -- Up-to-date symlink: /home/ros/Workshop/src/install/ros2_unitree_legged_msgs/include/ros2_unitree_legged_msgs/ros2_unitree_legged_msgs/msg/rosidl_generator_c__visibility_control.h
[12.136s] -- Up-to-date symlink: /home/ros/Workshop/src/install/ros2_unitree_legged_msgs/share/ros2_unitree_legged_msgs/environment/library_path.sh
[12.136s] -- Up-to-date symlink: /home/ros/Workshop/src/install/ros2_unitree_legged_msgs/share/ros2_unitree_legged_msgs/environment/library_path.dsv
[12.138s] -- Up-to-date symlink: /home/ros/Workshop/src/install/ros2_unitree_legged_msgs/include/ros2_unitree_legged_msgs/ros2_unitree_legged_msgs/msg/detail/bms_cmd__rosidl_typesupport_fastrtps_c.h
[12.138s] -- Up-to-date symlink: /home/ros/Workshop/src/install/ros2_unitree_legged_msgs/include/ros2_unitree_legged_msgs/ros2_unitree_legged_msgs/msg/detail/bms_state__rosidl_typesupport_fastrtps_c.h
[12.138s] -- Up-to-date symlink: /home/ros/Workshop/src/install/ros2_unitree_legged_msgs/include/ros2_unitree_legged_msgs/ros2_unitree_legged_msgs/msg/detail/cartesian__rosidl_typesupport_fastrtps_c.h
[12.138s] -- Up-to-date symlink: /home/ros/Workshop/src/install/ros2_unitree_legged_msgs/include/ros2_unitree_legged_msgs/ros2_unitree_legged_msgs/msg/detail/high_cmd__rosidl_typesupport_fastrtps_c.h
[12.139s] -- Up-to-date symlink: /home/ros/Workshop/src/install/ros2_unitree_legged_msgs/include/ros2_unitree_legged_msgs/ros2_unitree_legged_msgs/msg/detail/high_state__rosidl_typesupport_fastrtps_c.h
[12.139s] -- Up-to-date symlink: /home/ros/Workshop/src/install/ros2_unitree_legged_msgs/include/ros2_unitree_legged_msgs/ros2_unitree_legged_msgs/msg/detail/imu__rosidl_typesupport_fastrtps_c.h
[12.139s] -- Up-to-date symlink: /home/ros/Workshop/src/install/ros2_unitree_legged_msgs/include/ros2_unitree_legged_msgs/ros2_unitree_legged_msgs/msg/detail/led__rosidl_typesupport_fastrtps_c.h
[12.139s] -- Up-to-date symlink: /home/ros/Workshop/src/install/ros2_unitree_legged_msgs/include/ros2_unitree_legged_msgs/ros2_unitree_legged_msgs/msg/detail/low_cmd__rosidl_typesupport_fastrtps_c.h
[12.140s] -- Up-to-date symlink: /home/ros/Workshop/src/install/ros2_unitree_legged_msgs/include/ros2_unitree_legged_msgs/ros2_unitree_legged_msgs/msg/detail/low_state__rosidl_typesupport_fastrtps_c.h
[12.140s] -- Up-to-date symlink: /home/ros/Workshop/src/install/ros2_unitree_legged_msgs/include/ros2_unitree_legged_msgs/ros2_unitree_legged_msgs/msg/detail/motor_cmd__rosidl_typesupport_fastrtps_c.h
[12.140s] -- Up-to-date symlink: /home/ros/Workshop/src/install/ros2_unitree_legged_msgs/include/ros2_unitree_legged_msgs/ros2_unitree_legged_msgs/msg/detail/motor_state__rosidl_typesupport_fastrtps_c.h
[12.141s] -- Up-to-date symlink: /home/ros/Workshop/src/install/ros2_unitree_legged_msgs/include/ros2_unitree_legged_msgs/ros2_unitree_legged_msgs/msg/rosidl_typesupport_fastrtps_c__visibility_control.h
[12.141s] -- Up-to-date symlink: /home/ros/Workshop/src/install/ros2_unitree_legged_msgs/include/ros2_unitree_legged_msgs/ros2_unitree_legged_msgs/msg/detail/bms_cmd__rosidl_typesupport_introspection_c.h
[12.142s] -- Up-to-date symlink: /home/ros/Workshop/src/install/ros2_unitree_legged_msgs/include/ros2_unitree_legged_msgs/ros2_unitree_legged_msgs/msg/detail/bms_state__rosidl_typesupport_introspection_c.h
[12.142s] -- Up-to-date symlink: /home/ros/Workshop/src/install/ros2_unitree_legged_msgs/include/ros2_unitree_legged_msgs/ros2_unitree_legged_msgs/msg/detail/cartesian__rosidl_typesupport_introspection_c.h
[12.142s] -- Up-to-date symlink: /home/ros/Workshop/src/install/ros2_unitree_legged_msgs/include/ros2_unitree_legged_msgs/ros2_unitree_legged_msgs/msg/detail/high_cmd__rosidl_typesupport_introspection_c.h
[12.142s] -- Up-to-date symlink: /home/ros/Workshop/src/install/ros2_unitree_legged_msgs/include/ros2_unitree_legged_msgs/ros2_unitree_legged_msgs/msg/detail/high_state__rosidl_typesupport_introspection_c.h
[12.143s] -- Up-to-date symlink: /home/ros/Workshop/src/install/ros2_unitree_legged_msgs/include/ros2_unitree_legged_msgs/ros2_unitree_legged_msgs/msg/detail/imu__rosidl_typesupport_introspection_c.h
[12.143s] -- Up-to-date symlink: /home/ros/Workshop/src/install/ros2_unitree_legged_msgs/include/ros2_unitree_legged_msgs/ros2_unitree_legged_msgs/msg/detail/led__rosidl_typesupport_introspection_c.h
[12.143s] -- Up-to-date symlink: /home/ros/Workshop/src/install/ros2_unitree_legged_msgs/include/ros2_unitree_legged_msgs/ros2_unitree_legged_msgs/msg/detail/low_cmd__rosidl_typesupport_introspection_c.h
[12.143s] -- Up-to-date symlink: /home/ros/Workshop/src/install/ros2_unitree_legged_msgs/include/ros2_unitree_legged_msgs/ros2_unitree_legged_msgs/msg/detail/low_state__rosidl_typesupport_introspection_c.h
[12.143s] -- Up-to-date symlink: /home/ros/Workshop/src/install/ros2_unitree_legged_msgs/include/ros2_unitree_legged_msgs/ros2_unitree_legged_msgs/msg/detail/motor_cmd__rosidl_typesupport_introspection_c.h
[12.144s] -- Up-to-date symlink: /home/ros/Workshop/src/install/ros2_unitree_legged_msgs/include/ros2_unitree_legged_msgs/ros2_unitree_legged_msgs/msg/detail/motor_state__rosidl_typesupport_introspection_c.h
[12.144s] -- Up-to-date symlink: /home/ros/Workshop/src/install/ros2_unitree_legged_msgs/include/ros2_unitree_legged_msgs/ros2_unitree_legged_msgs/msg/rosidl_typesupport_introspection_c__visibility_control.h
[12.146s] -- Up-to-date symlink: /home/ros/Workshop/src/install/ros2_unitree_legged_msgs/include/ros2_unitree_legged_msgs/ros2_unitree_legged_msgs/msg/bms_cmd.hpp
[12.146s] -- Up-to-date symlink: /home/ros/Workshop/src/install/ros2_unitree_legged_msgs/include/ros2_unitree_legged_msgs/ros2_unitree_legged_msgs/msg/bms_state.hpp
[12.146s] -- Up-to-date symlink: /home/ros/Workshop/src/install/ros2_unitree_legged_msgs/include/ros2_unitree_legged_msgs/ros2_unitree_legged_msgs/msg/cartesian.hpp
[12.147s] -- Up-to-date symlink: /home/ros/Workshop/src/install/ros2_unitree_legged_msgs/include/ros2_unitree_legged_msgs/ros2_unitree_legged_msgs/msg/detail/bms_cmd__builder.hpp
[12.147s] -- Up-to-date symlink: /home/ros/Workshop/src/install/ros2_unitree_legged_msgs/include/ros2_unitree_legged_msgs/ros2_unitree_legged_msgs/msg/detail/bms_cmd__struct.hpp
[12.147s] -- Up-to-date symlink: /home/ros/Workshop/src/install/ros2_unitree_legged_msgs/include/ros2_unitree_legged_msgs/ros2_unitree_legged_msgs/msg/detail/bms_cmd__traits.hpp
[12.147s] -- Up-to-date symlink: /home/ros/Workshop/src/install/ros2_unitree_legged_msgs/include/ros2_unitree_legged_msgs/ros2_unitree_legged_msgs/msg/detail/bms_state__builder.hpp
[12.148s] -- Up-to-date symlink: /home/ros/Workshop/src/install/ros2_unitree_legged_msgs/include/ros2_unitree_legged_msgs/ros2_unitree_legged_msgs/msg/detail/bms_state__struct.hpp
[12.148s] -- Up-to-date symlink: /home/ros/Workshop/src/install/ros2_unitree_legged_msgs/include/ros2_unitree_legged_msgs/ros2_unitree_legged_msgs/msg/detail/bms_state__traits.hpp
[12.148s] -- Up-to-date symlink: /home/ros/Workshop/src/install/ros2_unitree_legged_msgs/include/ros2_unitree_legged_msgs/ros2_unitree_legged_msgs/msg/detail/cartesian__builder.hpp
[12.148s] -- Up-to-date symlink: /home/ros/Workshop/src/install/ros2_unitree_legged_msgs/include/ros2_unitree_legged_msgs/ros2_unitree_legged_msgs/msg/detail/cartesian__struct.hpp
[12.148s] -- Up-to-date symlink: /home/ros/Workshop/src/install/ros2_unitree_legged_msgs/include/ros2_unitree_legged_msgs/ros2_unitree_legged_msgs/msg/detail/cartesian__traits.hpp
[12.149s] -- Up-to-date symlink: /home/ros/Workshop/src/install/ros2_unitree_legged_msgs/include/ros2_unitree_legged_msgs/ros2_unitree_legged_msgs/msg/detail/high_cmd__builder.hpp
[12.149s] -- Up-to-date symlink: /home/ros/Workshop/src/install/ros2_unitree_legged_msgs/include/ros2_unitree_legged_msgs/ros2_unitree_legged_msgs/msg/detail/high_cmd__struct.hpp
[12.149s] -- Up-to-date symlink: /home/ros/Workshop/src/install/ros2_unitree_legged_msgs/include/ros2_unitree_legged_msgs/ros2_unitree_legged_msgs/msg/detail/high_cmd__traits.hpp
[12.149s] -- Up-to-date symlink: /home/ros/Workshop/src/install/ros2_unitree_legged_msgs/include/ros2_unitree_legged_msgs/ros2_unitree_legged_msgs/msg/detail/high_state__builder.hpp
[12.150s] -- Up-to-date symlink: /home/ros/Workshop/src/install/ros2_unitree_legged_msgs/include/ros2_unitree_legged_msgs/ros2_unitree_legged_msgs/msg/detail/high_state__struct.hpp
[12.150s] -- Up-to-date symlink: /home/ros/Workshop/src/install/ros2_unitree_legged_msgs/include/ros2_unitree_legged_msgs/ros2_unitree_legged_msgs/msg/detail/high_state__traits.hpp
[12.150s] -- Up-to-date symlink: /home/ros/Workshop/src/install/ros2_unitree_legged_msgs/include/ros2_unitree_legged_msgs/ros2_unitree_legged_msgs/msg/detail/imu__builder.hpp
[12.150s] -- Up-to-date symlink: /home/ros/Workshop/src/install/ros2_unitree_legged_msgs/include/ros2_unitree_legged_msgs/ros2_unitree_legged_msgs/msg/detail/imu__struct.hpp
[12.151s] -- Up-to-date symlink: /home/ros/Workshop/src/install/ros2_unitree_legged_msgs/include/ros2_unitree_legged_msgs/ros2_unitree_legged_msgs/msg/detail/imu__traits.hpp
[12.151s] -- Up-to-date symlink: /home/ros/Workshop/src/install/ros2_unitree_legged_msgs/include/ros2_unitree_legged_msgs/ros2_unitree_legged_msgs/msg/detail/led__builder.hpp
[12.152s] -- Up-to-date symlink: /home/ros/Workshop/src/install/ros2_unitree_legged_msgs/include/ros2_unitree_legged_msgs/ros2_unitree_legged_msgs/msg/detail/led__struct.hpp
[12.152s] -- Up-to-date symlink: /home/ros/Workshop/src/install/ros2_unitree_legged_msgs/include/ros2_unitree_legged_msgs/ros2_unitree_legged_msgs/msg/detail/led__traits.hpp
[12.152s] -- Up-to-date symlink: /home/ros/Workshop/src/install/ros2_unitree_legged_msgs/include/ros2_unitree_legged_msgs/ros2_unitree_legged_msgs/msg/detail/low_cmd__builder.hpp
[12.152s] -- Up-to-date symlink: /home/ros/Workshop/src/install/ros2_unitree_legged_msgs/include/ros2_unitree_legged_msgs/ros2_unitree_legged_msgs/msg/detail/low_cmd__struct.hpp
[12.153s] -- Up-to-date symlink: /home/ros/Workshop/src/install/ros2_unitree_legged_msgs/include/ros2_unitree_legged_msgs/ros2_unitree_legged_msgs/msg/detail/low_cmd__traits.hpp
[12.153s] -- Up-to-date symlink: /home/ros/Workshop/src/install/ros2_unitree_legged_msgs/include/ros2_unitree_legged_msgs/ros2_unitree_legged_msgs/msg/detail/low_state__builder.hpp
[12.153s] -- Up-to-date symlink: /home/ros/Workshop/src/install/ros2_unitree_legged_msgs/include/ros2_unitree_legged_msgs/ros2_unitree_legged_msgs/msg/detail/low_state__struct.hpp
[12.153s] -- Up-to-date symlink: /home/ros/Workshop/src/install/ros2_unitree_legged_msgs/include/ros2_unitree_legged_msgs/ros2_unitree_legged_msgs/msg/detail/low_state__traits.hpp
[12.153s] -- Up-to-date symlink: /home/ros/Workshop/src/install/ros2_unitree_legged_msgs/include/ros2_unitree_legged_msgs/ros2_unitree_legged_msgs/msg/detail/motor_cmd__builder.hpp
[12.154s] -- Up-to-date symlink: /home/ros/Workshop/src/install/ros2_unitree_legged_msgs/include/ros2_unitree_legged_msgs/ros2_unitree_legged_msgs/msg/detail/motor_cmd__struct.hpp
[12.154s] -- Up-to-date symlink: /home/ros/Workshop/src/install/ros2_unitree_legged_msgs/include/ros2_unitree_legged_msgs/ros2_unitree_legged_msgs/msg/detail/motor_cmd__traits.hpp
[12.154s] -- Up-to-date symlink: /home/ros/Workshop/src/install/ros2_unitree_legged_msgs/include/ros2_unitree_legged_msgs/ros2_unitree_legged_msgs/msg/detail/motor_state__builder.hpp
[12.155s] -- Up-to-date symlink: /home/ros/Workshop/src/install/ros2_unitree_legged_msgs/include/ros2_unitree_legged_msgs/ros2_unitree_legged_msgs/msg/detail/motor_state__struct.hpp
[12.155s] -- Up-to-date symlink: /home/ros/Workshop/src/install/ros2_unitree_legged_msgs/include/ros2_unitree_legged_msgs/ros2_unitree_legged_msgs/msg/detail/motor_state__traits.hpp
[12.155s] -- Up-to-date symlink: /home/ros/Workshop/src/install/ros2_unitree_legged_msgs/include/ros2_unitree_legged_msgs/ros2_unitree_legged_msgs/msg/high_cmd.hpp
[12.155s] -- Up-to-date symlink: /home/ros/Workshop/src/install/ros2_unitree_legged_msgs/include/ros2_unitree_legged_msgs/ros2_unitree_legged_msgs/msg/high_state.hpp
[12.156s] -- Up-to-date symlink: /home/ros/Workshop/src/install/ros2_unitree_legged_msgs/include/ros2_unitree_legged_msgs/ros2_unitree_legged_msgs/msg/imu.hpp
[12.156s] -- Up-to-date symlink: /home/ros/Workshop/src/install/ros2_unitree_legged_msgs/include/ros2_unitree_legged_msgs/ros2_unitree_legged_msgs/msg/led.hpp
[12.157s] -- Up-to-date symlink: /home/ros/Workshop/src/install/ros2_unitree_legged_msgs/include/ros2_unitree_legged_msgs/ros2_unitree_legged_msgs/msg/low_cmd.hpp
[12.159s] -- Up-to-date symlink: /home/ros/Workshop/src/install/ros2_unitree_legged_msgs/include/ros2_unitree_legged_msgs/ros2_unitree_legged_msgs/msg/low_state.hpp
[12.159s] -- Up-to-date symlink: /home/ros/Workshop/src/install/ros2_unitree_legged_msgs/include/ros2_unitree_legged_msgs/ros2_unitree_legged_msgs/msg/motor_cmd.hpp
[12.159s] -- Up-to-date symlink: /home/ros/Workshop/src/install/ros2_unitree_legged_msgs/include/ros2_unitree_legged_msgs/ros2_unitree_legged_msgs/msg/motor_state.hpp
[12.160s] -- Up-to-date symlink: /home/ros/Workshop/src/install/ros2_unitree_legged_msgs/include/ros2_unitree_legged_msgs/ros2_unitree_legged_msgs/msg/detail/bms_cmd__rosidl_typesupport_fastrtps_cpp.hpp
[12.161s] -- Up-to-date symlink: /home/ros/Workshop/src/install/ros2_unitree_legged_msgs/include/ros2_unitree_legged_msgs/ros2_unitree_legged_msgs/msg/detail/bms_state__rosidl_typesupport_fastrtps_cpp.hpp
[12.162s] -- Up-to-date symlink: /home/ros/Workshop/src/install/ros2_unitree_legged_msgs/include/ros2_unitree_legged_msgs/ros2_unitree_legged_msgs/msg/detail/cartesian__rosidl_typesupport_fastrtps_cpp.hpp
[12.163s] -- Up-to-date symlink: /home/ros/Workshop/src/install/ros2_unitree_legged_msgs/include/ros2_unitree_legged_msgs/ros2_unitree_legged_msgs/msg/detail/high_cmd__rosidl_typesupport_fastrtps_cpp.hpp
[12.164s] -- Up-to-date symlink: /home/ros/Workshop/src/install/ros2_unitree_legged_msgs/include/ros2_unitree_legged_msgs/ros2_unitree_legged_msgs/msg/detail/high_state__rosidl_typesupport_fastrtps_cpp.hpp
[12.164s] -- Up-to-date symlink: /home/ros/Workshop/src/install/ros2_unitree_legged_msgs/include/ros2_unitree_legged_msgs/ros2_unitree_legged_msgs/msg/detail/imu__rosidl_typesupport_fastrtps_cpp.hpp
[12.164s] -- Up-to-date symlink: /home/ros/Workshop/src/install/ros2_unitree_legged_msgs/include/ros2_unitree_legged_msgs/ros2_unitree_legged_msgs/msg/detail/led__rosidl_typesupport_fastrtps_cpp.hpp
[12.165s] -- Up-to-date symlink: /home/ros/Workshop/src/install/ros2_unitree_legged_msgs/include/ros2_unitree_legged_msgs/ros2_unitree_legged_msgs/msg/detail/low_cmd__rosidl_typesupport_fastrtps_cpp.hpp
[12.165s] -- Up-to-date symlink: /home/ros/Workshop/src/install/ros2_unitree_legged_msgs/include/ros2_unitree_legged_msgs/ros2_unitree_legged_msgs/msg/detail/low_state__rosidl_typesupport_fastrtps_cpp.hpp
[12.165s] -- Up-to-date symlink: /home/ros/Workshop/src/install/ros2_unitree_legged_msgs/include/ros2_unitree_legged_msgs/ros2_unitree_legged_msgs/msg/detail/motor_cmd__rosidl_typesupport_fastrtps_cpp.hpp
[12.165s] -- Up-to-date symlink: /home/ros/Workshop/src/install/ros2_unitree_legged_msgs/include/ros2_unitree_legged_msgs/ros2_unitree_legged_msgs/msg/detail/motor_state__rosidl_typesupport_fastrtps_cpp.hpp
[12.166s] -- Up-to-date symlink: /home/ros/Workshop/src/install/ros2_unitree_legged_msgs/include/ros2_unitree_legged_msgs/ros2_unitree_legged_msgs/msg/rosidl_typesupport_fastrtps_cpp__visibility_control.h
[12.167s] -- Up-to-date symlink: /home/ros/Workshop/src/install/ros2_unitree_legged_msgs/include/ros2_unitree_legged_msgs/ros2_unitree_legged_msgs/msg/detail/bms_cmd__rosidl_typesupport_introspection_cpp.hpp
[12.167s] -- Up-to-date symlink: /home/ros/Workshop/src/install/ros2_unitree_legged_msgs/include/ros2_unitree_legged_msgs/ros2_unitree_legged_msgs/msg/detail/bms_state__rosidl_typesupport_introspection_cpp.hpp
[12.167s] -- Up-to-date symlink: /home/ros/Workshop/src/install/ros2_unitree_legged_msgs/include/ros2_unitree_legged_msgs/ros2_unitree_legged_msgs/msg/detail/cartesian__rosidl_typesupport_introspection_cpp.hpp
[12.168s] -- Up-to-date symlink: /home/ros/Workshop/src/install/ros2_unitree_legged_msgs/include/ros2_unitree_legged_msgs/ros2_unitree_legged_msgs/msg/detail/high_cmd__rosidl_typesupport_introspection_cpp.hpp
[12.168s] -- Up-to-date symlink: /home/ros/Workshop/src/install/ros2_unitree_legged_msgs/include/ros2_unitree_legged_msgs/ros2_unitree_legged_msgs/msg/detail/high_state__rosidl_typesupport_introspection_cpp.hpp
[12.168s] -- Up-to-date symlink: /home/ros/Workshop/src/install/ros2_unitree_legged_msgs/include/ros2_unitree_legged_msgs/ros2_unitree_legged_msgs/msg/detail/imu__rosidl_typesupport_introspection_cpp.hpp
[12.168s] -- Up-to-date symlink: /home/ros/Workshop/src/install/ros2_unitree_legged_msgs/include/ros2_unitree_legged_msgs/ros2_unitree_legged_msgs/msg/detail/led__rosidl_typesupport_introspection_cpp.hpp
[12.169s] -- Up-to-date symlink: /home/ros/Workshop/src/install/ros2_unitree_legged_msgs/include/ros2_unitree_legged_msgs/ros2_unitree_legged_msgs/msg/detail/low_cmd__rosidl_typesupport_introspection_cpp.hpp
[12.169s] -- Up-to-date symlink: /home/ros/Workshop/src/install/ros2_unitree_legged_msgs/include/ros2_unitree_legged_msgs/ros2_unitree_legged_msgs/msg/detail/low_state__rosidl_typesupport_introspection_cpp.hpp
[12.169s] -- Up-to-date symlink: /home/ros/Workshop/src/install/ros2_unitree_legged_msgs/include/ros2_unitree_legged_msgs/ros2_unitree_legged_msgs/msg/detail/motor_cmd__rosidl_typesupport_introspection_cpp.hpp
[12.169s] -- Up-to-date symlink: /home/ros/Workshop/src/install/ros2_unitree_legged_msgs/include/ros2_unitree_legged_msgs/ros2_unitree_legged_msgs/msg/detail/motor_state__rosidl_typesupport_introspection_cpp.hpp
[12.170s] -- Up-to-date symlink: /home/ros/Workshop/src/install/ros2_unitree_legged_msgs/share/ros2_unitree_legged_msgs/environment/pythonpath.sh
[12.170s] -- Up-to-date symlink: /home/ros/Workshop/src/install/ros2_unitree_legged_msgs/share/ros2_unitree_legged_msgs/environment/pythonpath.dsv
[12.171s] -- Up-to-date symlink: /home/ros/Workshop/src/install/ros2_unitree_legged_msgs/local/lib/python3.10/dist-packages/ros2_unitree_legged_msgs-0.4.0-py3.10.egg-info/PKG-INFO
[12.171s] -- Up-to-date symlink: /home/ros/Workshop/src/install/ros2_unitree_legged_msgs/local/lib/python3.10/dist-packages/ros2_unitree_legged_msgs-0.4.0-py3.10.egg-info/SOURCES.txt
[12.171s] -- Up-to-date symlink: /home/ros/Workshop/src/install/ros2_unitree_legged_msgs/local/lib/python3.10/dist-packages/ros2_unitree_legged_msgs-0.4.0-py3.10.egg-info/dependency_links.txt
[12.172s] -- Up-to-date symlink: /home/ros/Workshop/src/install/ros2_unitree_legged_msgs/local/lib/python3.10/dist-packages/ros2_unitree_legged_msgs-0.4.0-py3.10.egg-info/top_level.txt
[12.174s] -- Up-to-date symlink: /home/ros/Workshop/src/install/ros2_unitree_legged_msgs/local/lib/python3.10/dist-packages/ros2_unitree_legged_msgs/__init__.py
[12.174s] -- Up-to-date symlink: /home/ros/Workshop/src/install/ros2_unitree_legged_msgs/local/lib/python3.10/dist-packages/ros2_unitree_legged_msgs/_ros2_unitree_legged_msgs_s.ep.rosidl_typesupport_c.c
[12.174s] -- Up-to-date symlink: /home/ros/Workshop/src/install/ros2_unitree_legged_msgs/local/lib/python3.10/dist-packages/ros2_unitree_legged_msgs/_ros2_unitree_legged_msgs_s.ep.rosidl_typesupport_fastrtps_c.c
[12.174s] -- Up-to-date symlink: /home/ros/Workshop/src/install/ros2_unitree_legged_msgs/local/lib/python3.10/dist-packages/ros2_unitree_legged_msgs/_ros2_unitree_legged_msgs_s.ep.rosidl_typesupport_introspection_c.c
[12.174s] -- Up-to-date symlink: /home/ros/Workshop/src/install/ros2_unitree_legged_msgs/local/lib/python3.10/dist-packages/ros2_unitree_legged_msgs/libros2_unitree_legged_msgs__rosidl_generator_py.so
[12.175s] -- Up-to-date symlink: /home/ros/Workshop/src/install/ros2_unitree_legged_msgs/local/lib/python3.10/dist-packages/ros2_unitree_legged_msgs/msg/__init__.py
[12.175s] -- Up-to-date symlink: /home/ros/Workshop/src/install/ros2_unitree_legged_msgs/local/lib/python3.10/dist-packages/ros2_unitree_legged_msgs/msg/_bms_cmd.py
[12.175s] -- Up-to-date symlink: /home/ros/Workshop/src/install/ros2_unitree_legged_msgs/local/lib/python3.10/dist-packages/ros2_unitree_legged_msgs/msg/_bms_cmd_s.c
[12.175s] -- Up-to-date symlink: /home/ros/Workshop/src/install/ros2_unitree_legged_msgs/local/lib/python3.10/dist-packages/ros2_unitree_legged_msgs/msg/_bms_state.py
[12.176s] -- Up-to-date symlink: /home/ros/Workshop/src/install/ros2_unitree_legged_msgs/local/lib/python3.10/dist-packages/ros2_unitree_legged_msgs/msg/_bms_state_s.c
[12.176s] -- Up-to-date symlink: /home/ros/Workshop/src/install/ros2_unitree_legged_msgs/local/lib/python3.10/dist-packages/ros2_unitree_legged_msgs/msg/_cartesian.py
[12.176s] -- Up-to-date symlink: /home/ros/Workshop/src/install/ros2_unitree_legged_msgs/local/lib/python3.10/dist-packages/ros2_unitree_legged_msgs/msg/_cartesian_s.c
[12.176s] -- Up-to-date symlink: /home/ros/Workshop/src/install/ros2_unitree_legged_msgs/local/lib/python3.10/dist-packages/ros2_unitree_legged_msgs/msg/_high_cmd.py
[12.177s] -- Up-to-date symlink: /home/ros/Workshop/src/install/ros2_unitree_legged_msgs/local/lib/python3.10/dist-packages/ros2_unitree_legged_msgs/msg/_high_cmd_s.c
[12.177s] -- Up-to-date symlink: /home/ros/Workshop/src/install/ros2_unitree_legged_msgs/local/lib/python3.10/dist-packages/ros2_unitree_legged_msgs/msg/_high_state.py
[12.177s] -- Up-to-date symlink: /home/ros/Workshop/src/install/ros2_unitree_legged_msgs/local/lib/python3.10/dist-packages/ros2_unitree_legged_msgs/msg/_high_state_s.c
[12.177s] -- Up-to-date symlink: /home/ros/Workshop/src/install/ros2_unitree_legged_msgs/local/lib/python3.10/dist-packages/ros2_unitree_legged_msgs/msg/_imu.py
[12.177s] -- Up-to-date symlink: /home/ros/Workshop/src/install/ros2_unitree_legged_msgs/local/lib/python3.10/dist-packages/ros2_unitree_legged_msgs/msg/_imu_s.c
[12.178s] -- Up-to-date symlink: /home/ros/Workshop/src/install/ros2_unitree_legged_msgs/local/lib/python3.10/dist-packages/ros2_unitree_legged_msgs/msg/_led.py
[12.178s] -- Up-to-date symlink: /home/ros/Workshop/src/install/ros2_unitree_legged_msgs/local/lib/python3.10/dist-packages/ros2_unitree_legged_msgs/msg/_led_s.c
[12.178s] -- Up-to-date symlink: /home/ros/Workshop/src/install/ros2_unitree_legged_msgs/local/lib/python3.10/dist-packages/ros2_unitree_legged_msgs/msg/_low_cmd.py
[12.179s] -- Up-to-date symlink: /home/ros/Workshop/src/install/ros2_unitree_legged_msgs/local/lib/python3.10/dist-packages/ros2_unitree_legged_msgs/msg/_low_cmd_s.c
[12.179s] -- Up-to-date symlink: /home/ros/Workshop/src/install/ros2_unitree_legged_msgs/local/lib/python3.10/dist-packages/ros2_unitree_legged_msgs/msg/_low_state.py
[12.179s] -- Up-to-date symlink: /home/ros/Workshop/src/install/ros2_unitree_legged_msgs/local/lib/python3.10/dist-packages/ros2_unitree_legged_msgs/msg/_low_state_s.c
[12.180s] -- Up-to-date symlink: /home/ros/Workshop/src/install/ros2_unitree_legged_msgs/local/lib/python3.10/dist-packages/ros2_unitree_legged_msgs/msg/_motor_cmd.py
[12.180s] -- Up-to-date symlink: /home/ros/Workshop/src/install/ros2_unitree_legged_msgs/local/lib/python3.10/dist-packages/ros2_unitree_legged_msgs/msg/_motor_cmd_s.c
[12.180s] -- Up-to-date symlink: /home/ros/Workshop/src/install/ros2_unitree_legged_msgs/local/lib/python3.10/dist-packages/ros2_unitree_legged_msgs/msg/_motor_state.py
[12.181s] -- Up-to-date symlink: /home/ros/Workshop/src/install/ros2_unitree_legged_msgs/local/lib/python3.10/dist-packages/ros2_unitree_legged_msgs/msg/_motor_state_s.c
[12.181s] -- Up-to-date symlink: /home/ros/Workshop/src/install/ros2_unitree_legged_msgs/local/lib/python3.10/dist-packages/ros2_unitree_legged_msgs/ros2_unitree_legged_msgs_s__rosidl_typesupport_c.cpython-310-x86_64-linux-gnu.so
[12.181s] -- Up-to-date symlink: /home/ros/Workshop/src/install/ros2_unitree_legged_msgs/local/lib/python3.10/dist-packages/ros2_unitree_legged_msgs/ros2_unitree_legged_msgs_s__rosidl_typesupport_fastrtps_c.cpython-310-x86_64-linux-gnu.so
[12.182s] -- Up-to-date symlink: /home/ros/Workshop/src/install/ros2_unitree_legged_msgs/local/lib/python3.10/dist-packages/ros2_unitree_legged_msgs/ros2_unitree_legged_msgs_s__rosidl_typesupport_introspection_c.cpython-310-x86_64-linux-gnu.so
[12.182s] -- Up-to-date symlink: /home/ros/Workshop/src/install/ros2_unitree_legged_msgs/local/lib/python3.10/dist-packages/ros2_unitree_legged_msgs/ros2_unitree_legged_msgs_s__rosidl_typesupport_fastrtps_c.cpython-310-x86_64-linux-gnu.so
[12.183s] -- Up-to-date symlink: /home/ros/Workshop/src/install/ros2_unitree_legged_msgs/local/lib/python3.10/dist-packages/ros2_unitree_legged_msgs/ros2_unitree_legged_msgs_s__rosidl_typesupport_introspection_c.cpython-310-x86_64-linux-gnu.so
[12.183s] -- Up-to-date symlink: /home/ros/Workshop/src/install/ros2_unitree_legged_msgs/local/lib/python3.10/dist-packages/ros2_unitree_legged_msgs/ros2_unitree_legged_msgs_s__rosidl_typesupport_c.cpython-310-x86_64-linux-gnu.so
[12.184s] -- Up-to-date symlink: /home/ros/Workshop/src/install/ros2_unitree_legged_msgs/share/ros2_unitree_legged_msgs/msg/MotorCmd.idl
[12.184s] -- Up-to-date symlink: /home/ros/Workshop/src/install/ros2_unitree_legged_msgs/share/ros2_unitree_legged_msgs/msg/MotorState.idl
[12.184s] -- Up-to-date symlink: /home/ros/Workshop/src/install/ros2_unitree_legged_msgs/share/ros2_unitree_legged_msgs/msg/BmsCmd.idl
[12.184s] -- Up-to-date symlink: /home/ros/Workshop/src/install/ros2_unitree_legged_msgs/share/ros2_unitree_legged_msgs/msg/BmsState.idl
[12.185s] -- Up-to-date symlink: /home/ros/Workshop/src/install/ros2_unitree_legged_msgs/share/ros2_unitree_legged_msgs/msg/Cartesian.idl
[12.185s] -- Up-to-date symlink: /home/ros/Workshop/src/install/ros2_unitree_legged_msgs/share/ros2_unitree_legged_msgs/msg/IMU.idl
[12.185s] -- Up-to-date symlink: /home/ros/Workshop/src/install/ros2_unitree_legged_msgs/share/ros2_unitree_legged_msgs/msg/LED.idl
[12.186s] -- Up-to-date symlink: /home/ros/Workshop/src/install/ros2_unitree_legged_msgs/share/ros2_unitree_legged_msgs/msg/LowCmd.idl
[12.186s] -- Up-to-date symlink: /home/ros/Workshop/src/install/ros2_unitree_legged_msgs/share/ros2_unitree_legged_msgs/msg/LowState.idl
[12.187s] -- Up-to-date symlink: /home/ros/Workshop/src/install/ros2_unitree_legged_msgs/share/ros2_unitree_legged_msgs/msg/HighCmd.idl
[12.187s] -- Up-to-date symlink: /home/ros/Workshop/src/install/ros2_unitree_legged_msgs/share/ros2_unitree_legged_msgs/msg/HighState.idl
[12.187s] -- Up-to-date symlink: /home/ros/Workshop/src/install/ros2_unitree_legged_msgs/share/ros2_unitree_legged_msgs/msg/MotorCmd.msg
[12.188s] -- Up-to-date symlink: /home/ros/Workshop/src/install/ros2_unitree_legged_msgs/share/ros2_unitree_legged_msgs/msg/MotorState.msg
[12.188s] -- Up-to-date symlink: /home/ros/Workshop/src/install/ros2_unitree_legged_msgs/share/ros2_unitree_legged_msgs/msg/BmsCmd.msg
[12.188s] -- Up-to-date symlink: /home/ros/Workshop/src/install/ros2_unitree_legged_msgs/share/ros2_unitree_legged_msgs/msg/BmsState.msg
[12.188s] -- Up-to-date symlink: /home/ros/Workshop/src/install/ros2_unitree_legged_msgs/share/ros2_unitree_legged_msgs/msg/Cartesian.msg
[12.189s] -- Up-to-date symlink: /home/ros/Workshop/src/install/ros2_unitree_legged_msgs/share/ros2_unitree_legged_msgs/msg/IMU.msg
[12.189s] -- Up-to-date symlink: /home/ros/Workshop/src/install/ros2_unitree_legged_msgs/share/ros2_unitree_legged_msgs/msg/LED.msg
[12.189s] -- Up-to-date symlink: /home/ros/Workshop/src/install/ros2_unitree_legged_msgs/share/ros2_unitree_legged_msgs/msg/LowCmd.msg
[12.190s] -- Up-to-date symlink: /home/ros/Workshop/src/install/ros2_unitree_legged_msgs/share/ros2_unitree_legged_msgs/msg/LowState.msg
[12.190s] -- Up-to-date symlink: /home/ros/Workshop/src/install/ros2_unitree_legged_msgs/share/ros2_unitree_legged_msgs/msg/HighCmd.msg
[12.190s] -- Up-to-date symlink: /home/ros/Workshop/src/install/ros2_unitree_legged_msgs/share/ros2_unitree_legged_msgs/msg/HighState.msg
[12.190s] -- Up-to-date symlink: /home/ros/Workshop/src/install/ros2_unitree_legged_msgs/share/ament_index/resource_index/package_run_dependencies/ros2_unitree_legged_msgs
[12.191s] -- Up-to-date symlink: /home/ros/Workshop/src/install/ros2_unitree_legged_msgs/share/ament_index/resource_index/parent_prefix_path/ros2_unitree_legged_msgs
[12.191s] -- Up-to-date symlink: /home/ros/Workshop/src/install/ros2_unitree_legged_msgs/share/ros2_unitree_legged_msgs/environment/ament_prefix_path.sh
[12.191s] -- Up-to-date symlink: /home/ros/Workshop/src/install/ros2_unitree_legged_msgs/share/ros2_unitree_legged_msgs/environment/ament_prefix_path.dsv
[12.192s] -- Up-to-date symlink: /home/ros/Workshop/src/install/ros2_unitree_legged_msgs/share/ros2_unitree_legged_msgs/environment/path.sh
[12.192s] -- Up-to-date symlink: /home/ros/Workshop/src/install/ros2_unitree_legged_msgs/share/ros2_unitree_legged_msgs/environment/path.dsv
[12.192s] -- Up-to-date symlink: /home/ros/Workshop/src/install/ros2_unitree_legged_msgs/share/ros2_unitree_legged_msgs/local_setup.bash
[12.193s] -- Up-to-date symlink: /home/ros/Workshop/src/install/ros2_unitree_legged_msgs/share/ros2_unitree_legged_msgs/local_setup.sh
[12.193s] -- Up-to-date symlink: /home/ros/Workshop/src/install/ros2_unitree_legged_msgs/share/ros2_unitree_legged_msgs/local_setup.zsh
[12.194s] -- Up-to-date symlink: /home/ros/Workshop/src/install/ros2_unitree_legged_msgs/share/ros2_unitree_legged_msgs/local_setup.dsv
[12.194s] -- Symlinking: /home/ros/Workshop/src/install/ros2_unitree_legged_msgs/share/ros2_unitree_legged_msgs/package.dsv
[12.263s] -- Up-to-date symlink: /home/ros/Workshop/src/install/ros2_unitree_legged_msgs/share/ament_index/resource_index/packages/ros2_unitree_legged_msgs
[12.264s] -- Up-to-date symlink: /home/ros/Workshop/src/install/ros2_unitree_legged_msgs/share/ros2_unitree_legged_msgs/cmake/rosidl_cmake-extras.cmake
[12.264s] -- Up-to-date symlink: /home/ros/Workshop/src/install/ros2_unitree_legged_msgs/share/ros2_unitree_legged_msgs/cmake/ament_cmake_export_include_directories-extras.cmake
[12.265s] -- Up-to-date symlink: /home/ros/Workshop/src/install/ros2_unitree_legged_msgs/share/ros2_unitree_legged_msgs/cmake/ament_cmake_export_libraries-extras.cmake
[12.266s] -- Up-to-date symlink: /home/ros/Workshop/src/install/ros2_unitree_legged_msgs/share/ros2_unitree_legged_msgs/cmake/ament_cmake_export_targets-extras.cmake
[12.266s] -- Up-to-date symlink: /home/ros/Workshop/src/install/ros2_unitree_legged_msgs/share/ros2_unitree_legged_msgs/cmake/rosidl_cmake_export_typesupport_targets-extras.cmake
[12.267s] -- Up-to-date symlink: /home/ros/Workshop/src/install/ros2_unitree_legged_msgs/share/ros2_unitree_legged_msgs/cmake/ament_cmake_export_dependencies-extras.cmake
[12.268s] -- Up-to-date symlink: /home/ros/Workshop/src/install/ros2_unitree_legged_msgs/share/ros2_unitree_legged_msgs/cmake/rosidl_cmake_export_typesupport_libraries-extras.cmake
[12.268s] -- Up-to-date symlink: /home/ros/Workshop/src/install/ros2_unitree_legged_msgs/share/ros2_unitree_legged_msgs/cmake/ros2_unitree_legged_msgsConfig.cmake
[12.268s] -- Up-to-date symlink: /home/ros/Workshop/src/install/ros2_unitree_legged_msgs/share/ros2_unitree_legged_msgs/cmake/ros2_unitree_legged_msgsConfig-version.cmake
[12.271s] -- Up-to-date symlink: /home/ros/Workshop/src/install/ros2_unitree_legged_msgs/share/ros2_unitree_legged_msgs/package.xml
[12.272s] -- Up-to-date: /home/ros/Workshop/src/install/ros2_unitree_legged_msgs/lib/libros2_unitree_legged_msgs__rosidl_generator_c.so
[12.273s] -- Up-to-date: /home/ros/Workshop/src/install/ros2_unitree_legged_msgs/lib/libros2_unitree_legged_msgs__rosidl_typesupport_fastrtps_c.so
[12.273s] -- Up-to-date: /home/ros/Workshop/src/install/ros2_unitree_legged_msgs/lib/libros2_unitree_legged_msgs__rosidl_typesupport_introspection_c.so
[12.274s] -- Up-to-date: /home/ros/Workshop/src/install/ros2_unitree_legged_msgs/lib/libros2_unitree_legged_msgs__rosidl_typesupport_c.so
[12.274s] -- Up-to-date: /home/ros/Workshop/src/install/ros2_unitree_legged_msgs/lib/libros2_unitree_legged_msgs__rosidl_typesupport_fastrtps_cpp.so
[12.275s] -- Up-to-date: /home/ros/Workshop/src/install/ros2_unitree_legged_msgs/lib/libros2_unitree_legged_msgs__rosidl_typesupport_introspection_cpp.so
[12.276s] -- Up-to-date: /home/ros/Workshop/src/install/ros2_unitree_legged_msgs/lib/libros2_unitree_legged_msgs__rosidl_typesupport_cpp.so
[12.361s] Listing '/home/ros/Workshop/src/install/ros2_unitree_legged_msgs/local/lib/python3.10/dist-packages/ros2_unitree_legged_msgs'...
[12.361s] Listing '/home/ros/Workshop/src/install/ros2_unitree_legged_msgs/local/lib/python3.10/dist-packages/ros2_unitree_legged_msgs/msg'...
[12.369s] -- Up-to-date: /home/ros/Workshop/src/install/ros2_unitree_legged_msgs/lib/libros2_unitree_legged_msgs__rosidl_generator_py.so
[12.369s] -- Up-to-date: /home/ros/Workshop/src/install/ros2_unitree_legged_msgs/share/ros2_unitree_legged_msgs/cmake/export_ros2_unitree_legged_msgs__rosidl_generator_cExport.cmake
[12.369s] -- Up-to-date: /home/ros/Workshop/src/install/ros2_unitree_legged_msgs/share/ros2_unitree_legged_msgs/cmake/export_ros2_unitree_legged_msgs__rosidl_generator_cExport-noconfig.cmake
[12.370s] -- Up-to-date: /home/ros/Workshop/src/install/ros2_unitree_legged_msgs/share/ros2_unitree_legged_msgs/cmake/export_ros2_unitree_legged_msgs__rosidl_typesupport_fastrtps_cExport.cmake
[12.370s] -- Up-to-date: /home/ros/Workshop/src/install/ros2_unitree_legged_msgs/share/ros2_unitree_legged_msgs/cmake/export_ros2_unitree_legged_msgs__rosidl_typesupport_fastrtps_cExport-noconfig.cmake
[12.370s] -- Up-to-date: /home/ros/Workshop/src/install/ros2_unitree_legged_msgs/share/ros2_unitree_legged_msgs/cmake/ros2_unitree_legged_msgs__rosidl_typesupport_introspection_cExport.cmake
[12.370s] -- Up-to-date: /home/ros/Workshop/src/install/ros2_unitree_legged_msgs/share/ros2_unitree_legged_msgs/cmake/ros2_unitree_legged_msgs__rosidl_typesupport_introspection_cExport-noconfig.cmake
[12.370s] -- Up-to-date: /home/ros/Workshop/src/install/ros2_unitree_legged_msgs/share/ros2_unitree_legged_msgs/cmake/ros2_unitree_legged_msgs__rosidl_typesupport_cExport.cmake
[12.371s] -- Up-to-date: /home/ros/Workshop/src/install/ros2_unitree_legged_msgs/share/ros2_unitree_legged_msgs/cmake/ros2_unitree_legged_msgs__rosidl_typesupport_cExport-noconfig.cmake
[12.371s] -- Up-to-date: /home/ros/Workshop/src/install/ros2_unitree_legged_msgs/share/ros2_unitree_legged_msgs/cmake/export_ros2_unitree_legged_msgs__rosidl_generator_cppExport.cmake
[12.371s] -- Up-to-date: /home/ros/Workshop/src/install/ros2_unitree_legged_msgs/share/ros2_unitree_legged_msgs/cmake/export_ros2_unitree_legged_msgs__rosidl_typesupport_fastrtps_cppExport.cmake
[12.372s] -- Up-to-date: /home/ros/Workshop/src/install/ros2_unitree_legged_msgs/share/ros2_unitree_legged_msgs/cmake/export_ros2_unitree_legged_msgs__rosidl_typesupport_fastrtps_cppExport-noconfig.cmake
[12.372s] -- Up-to-date: /home/ros/Workshop/src/install/ros2_unitree_legged_msgs/share/ros2_unitree_legged_msgs/cmake/ros2_unitree_legged_msgs__rosidl_typesupport_introspection_cppExport.cmake
[12.372s] -- Up-to-date: /home/ros/Workshop/src/install/ros2_unitree_legged_msgs/share/ros2_unitree_legged_msgs/cmake/ros2_unitree_legged_msgs__rosidl_typesupport_introspection_cppExport-noconfig.cmake
[12.373s] -- Up-to-date: /home/ros/Workshop/src/install/ros2_unitree_legged_msgs/share/ros2_unitree_legged_msgs/cmake/ros2_unitree_legged_msgs__rosidl_typesupport_cppExport.cmake
[12.373s] -- Up-to-date: /home/ros/Workshop/src/install/ros2_unitree_legged_msgs/share/ros2_unitree_legged_msgs/cmake/ros2_unitree_legged_msgs__rosidl_typesupport_cppExport-noconfig.cmake
[12.373s] -- Up-to-date: /home/ros/Workshop/src/install/ros2_unitree_legged_msgs/share/ros2_unitree_legged_msgs/cmake/export_ros2_unitree_legged_msgs__rosidl_generator_pyExport.cmake
[12.373s] -- Up-to-date: /home/ros/Workshop/src/install/ros2_unitree_legged_msgs/share/ros2_unitree_legged_msgs/cmake/export_ros2_unitree_legged_msgs__rosidl_generator_pyExport-noconfig.cmake
[12.380s] Invoked command in '/home/ros/Workshop/src/build/ros2_unitree_legged_msgs' returned '0': CMAKE_PREFIX_PATH=${CMAKE_PREFIX_PATH}:/opt/ros/humble /usr/bin/cmake --install /home/ros/Workshop/src/build/ros2_unitree_legged_msgs
