[31mCMake Error at CMakeLists.txt:16 (find_package):
  By not providing "Findnav2_msgs.cmake" in CMAKE_MODULE_PATH this project
  has asked CMake to find a package configuration file provided by
  "nav2_msgs", but CMake did not find one.

  Could not find a package configuration file provided by "nav2_msgs" with
  any of the following names:

    nav2_msgsConfig.cmake
    nav2_msgs-config.cmake

  Add the installation prefix of "nav2_msgs" to CMAKE_PREFIX_PATH or set
  "nav2_msgs_DIR" to a directory containing one of the above files.  If
  "nav2_msgs" provides a separate development package or SDK, be sure it has
  been installed.

[0m
Traceback (most recent call last):
  File "/usr/lib/python3/dist-packages/colcon_core/executor/__init__.py", line 91, in __call__
    rc = await self.task(*args, **kwargs)
  File "/usr/lib/python3/dist-packages/colcon_core/task/__init__.py", line 93, in __call__
    return await task_method(*args, **kwargs)
  File "/usr/lib/python3/dist-packages/colcon_ros/task/ament_cmake/build.py", line 59, in build
    rc = await extension.build(
  File "/usr/lib/python3/dist-packages/colcon_cmake/task/cmake/build.py", line 87, in build
    rc = await self._reconfigure(args, env)
  File "/usr/lib/python3/dist-packages/colcon_cmake/task/cmake/build.py", line 182, in _reconfigure
    buildfile = get_buildfile(cmake_cache)
  File "/usr/lib/python3/dist-packages/colcon_cmake/task/cmake/__init__.py", line 112, in get_buildfile
    if 'Ninja' in generator:
TypeError: argument of type 'NoneType' is not iterable
