[0.109s] Invoking command in '/home/ros/Workshop/src/build/unitree_nav': AMENT_PREFIX_PATH=/home/ros/Workshop/src/install/rslidar_sdk:/home/ros/Workshop/src/install/unitree_nav_interfaces:/home/ros/Workshop/src/install/rslidar_msg:/home/ros/Workshop/src/install/ros2_unitree_legged_msgs:${AMENT_PREFIX_PATH} CMAKE_PREFIX_PATH=/home/ros/Workshop/src/install/rslidar_sdk:/home/ros/Workshop/src/install/unitree_nav_interfaces:/home/ros/Workshop/src/install/rslidar_msg:/home/ros/Workshop/src/install/ros2_unitree_legged_msgs:/workspaces/my_ros2_ws/install:/opt/ros/humble LD_LIBRARY_PATH=/home/ros/Workshop/src/install/unitree_nav_interfaces/lib:/home/ros/Workshop/src/install/rslidar_msg/lib:/home/ros/Workshop/src/install/ros2_unitree_legged_msgs/lib:${LD_LIBRARY_PATH} PYTHONPATH=/home/ros/Workshop/src/install/unitree_nav_interfaces/local/lib/python3.10/dist-packages:/home/ros/Workshop/src/install/rslidar_msg/local/lib/python3.10/dist-packages:/home/ros/Workshop/src/install/ros2_unitree_legged_msgs/local/lib/python3.10/dist-packages:${PYTHONPATH} /usr/bin/cmake --build /home/ros/Workshop/src/build/unitree_nav -- -j4 -l4
[0.491s] [35m[1mConsolidate compiler generated dependencies of target cmd_processor[0m
[0.502s] [35m[1mConsolidate compiler generated dependencies of target nav_to_pose[0m
[0.662s] [ 50%] Built target cmd_processor
[0.714s] [100%] Built target nav_to_pose
[0.819s] Invoked command in '/home/ros/Workshop/src/build/unitree_nav' returned '0': AMENT_PREFIX_PATH=/home/ros/Workshop/src/install/rslidar_sdk:/home/ros/Workshop/src/install/unitree_nav_interfaces:/home/ros/Workshop/src/install/rslidar_msg:/home/ros/Workshop/src/install/ros2_unitree_legged_msgs:${AMENT_PREFIX_PATH} CMAKE_PREFIX_PATH=/home/ros/Workshop/src/install/rslidar_sdk:/home/ros/Workshop/src/install/unitree_nav_interfaces:/home/ros/Workshop/src/install/rslidar_msg:/home/ros/Workshop/src/install/ros2_unitree_legged_msgs:/workspaces/my_ros2_ws/install:/opt/ros/humble LD_LIBRARY_PATH=/home/ros/Workshop/src/install/unitree_nav_interfaces/lib:/home/ros/Workshop/src/install/rslidar_msg/lib:/home/ros/Workshop/src/install/ros2_unitree_legged_msgs/lib:${LD_LIBRARY_PATH} PYTHONPATH=/home/ros/Workshop/src/install/unitree_nav_interfaces/local/lib/python3.10/dist-packages:/home/ros/Workshop/src/install/rslidar_msg/local/lib/python3.10/dist-packages:/home/ros/Workshop/src/install/ros2_unitree_legged_msgs/local/lib/python3.10/dist-packages:${PYTHONPATH} /usr/bin/cmake --build /home/ros/Workshop/src/build/unitree_nav -- -j4 -l4
[1.227s] Invoking command in '/home/ros/Workshop/src/build/unitree_nav': AMENT_PREFIX_PATH=/home/ros/Workshop/src/install/rslidar_sdk:/home/ros/Workshop/src/install/unitree_nav_interfaces:/home/ros/Workshop/src/install/rslidar_msg:/home/ros/Workshop/src/install/ros2_unitree_legged_msgs:${AMENT_PREFIX_PATH} CMAKE_PREFIX_PATH=/home/ros/Workshop/src/install/rslidar_sdk:/home/ros/Workshop/src/install/unitree_nav_interfaces:/home/ros/Workshop/src/install/rslidar_msg:/home/ros/Workshop/src/install/ros2_unitree_legged_msgs:/workspaces/my_ros2_ws/install:/opt/ros/humble LD_LIBRARY_PATH=/home/ros/Workshop/src/install/unitree_nav_interfaces/lib:/home/ros/Workshop/src/install/rslidar_msg/lib:/home/ros/Workshop/src/install/ros2_unitree_legged_msgs/lib:${LD_LIBRARY_PATH} PYTHONPATH=/home/ros/Workshop/src/install/unitree_nav_interfaces/local/lib/python3.10/dist-packages:/home/ros/Workshop/src/install/rslidar_msg/local/lib/python3.10/dist-packages:/home/ros/Workshop/src/install/ros2_unitree_legged_msgs/local/lib/python3.10/dist-packages:${PYTHONPATH} /usr/bin/cmake --install /home/ros/Workshop/src/build/unitree_nav
[1.272s] -- Install configuration: ""
[1.272s] -- Execute custom install script
[1.273s] -- Up-to-date symlink: /home/ros/Workshop/src/install/unitree_nav/lib/unitree_nav/cmd_processor
[1.273s] -- Up-to-date symlink: /home/ros/Workshop/src/install/unitree_nav/lib/unitree_nav/nav_to_pose
[1.273s] -- Up-to-date symlink: /home/ros/Workshop/src/install/unitree_nav/share/unitree_nav/launch/control.launch.py
[1.274s] -- Up-to-date symlink: /home/ros/Workshop/src/install/unitree_nav/share/unitree_nav/launch/mapping.launch.py
[1.274s] -- Up-to-date symlink: /home/ros/Workshop/src/install/unitree_nav/share/unitree_nav/launch/rslidar_robosense.launch.py
[1.275s] -- Up-to-date symlink: /home/ros/Workshop/src/install/unitree_nav/share/unitree_nav/launch/unitree_nav.launch.py
[1.275s] -- Up-to-date symlink: /home/ros/Workshop/src/install/unitree_nav/share/unitree_nav/config/nav.rviz
[1.275s] -- Up-to-date symlink: /home/ros/Workshop/src/install/unitree_nav/share/unitree_nav/config/nav2_params.yaml
[1.276s] -- Up-to-date symlink: /home/ros/Workshop/src/install/unitree_nav/share/ament_index/resource_index/package_run_dependencies/unitree_nav
[1.276s] -- Up-to-date symlink: /home/ros/Workshop/src/install/unitree_nav/share/ament_index/resource_index/parent_prefix_path/unitree_nav
[1.276s] -- Up-to-date symlink: /home/ros/Workshop/src/install/unitree_nav/share/unitree_nav/environment/ament_prefix_path.sh
[1.276s] -- Up-to-date symlink: /home/ros/Workshop/src/install/unitree_nav/share/unitree_nav/environment/ament_prefix_path.dsv
[1.277s] -- Up-to-date symlink: /home/ros/Workshop/src/install/unitree_nav/share/unitree_nav/environment/path.sh
[1.277s] -- Up-to-date symlink: /home/ros/Workshop/src/install/unitree_nav/share/unitree_nav/environment/path.dsv
[1.277s] -- Up-to-date symlink: /home/ros/Workshop/src/install/unitree_nav/share/unitree_nav/local_setup.bash
[1.278s] -- Up-to-date symlink: /home/ros/Workshop/src/install/unitree_nav/share/unitree_nav/local_setup.sh
[1.278s] -- Up-to-date symlink: /home/ros/Workshop/src/install/unitree_nav/share/unitree_nav/local_setup.zsh
[1.278s] -- Up-to-date symlink: /home/ros/Workshop/src/install/unitree_nav/share/unitree_nav/local_setup.dsv
[1.278s] -- Symlinking: /home/ros/Workshop/src/install/unitree_nav/share/unitree_nav/package.dsv
[1.337s] -- Up-to-date symlink: /home/ros/Workshop/src/install/unitree_nav/share/ament_index/resource_index/packages/unitree_nav
[1.337s] -- Up-to-date symlink: /home/ros/Workshop/src/install/unitree_nav/share/unitree_nav/cmake/unitree_navConfig.cmake
[1.337s] -- Up-to-date symlink: /home/ros/Workshop/src/install/unitree_nav/share/unitree_nav/cmake/unitree_navConfig-version.cmake
[1.338s] -- Up-to-date symlink: /home/ros/Workshop/src/install/unitree_nav/share/unitree_nav/package.xml
[1.340s] Invoked command in '/home/ros/Workshop/src/build/unitree_nav' returned '0': AMENT_PREFIX_PATH=/home/ros/Workshop/src/install/rslidar_sdk:/home/ros/Workshop/src/install/unitree_nav_interfaces:/home/ros/Workshop/src/install/rslidar_msg:/home/ros/Workshop/src/install/ros2_unitree_legged_msgs:${AMENT_PREFIX_PATH} CMAKE_PREFIX_PATH=/home/ros/Workshop/src/install/rslidar_sdk:/home/ros/Workshop/src/install/unitree_nav_interfaces:/home/ros/Workshop/src/install/rslidar_msg:/home/ros/Workshop/src/install/ros2_unitree_legged_msgs:/workspaces/my_ros2_ws/install:/opt/ros/humble LD_LIBRARY_PATH=/home/ros/Workshop/src/install/unitree_nav_interfaces/lib:/home/ros/Workshop/src/install/rslidar_msg/lib:/home/ros/Workshop/src/install/ros2_unitree_legged_msgs/lib:${LD_LIBRARY_PATH} PYTHONPATH=/home/ros/Workshop/src/install/unitree_nav_interfaces/local/lib/python3.10/dist-packages:/home/ros/Workshop/src/install/rslidar_msg/local/lib/python3.10/dist-packages:/home/ros/Workshop/src/install/ros2_unitree_legged_msgs/local/lib/python3.10/dist-packages:${PYTHONPATH} /usr/bin/cmake --install /home/ros/Workshop/src/build/unitree_nav
