[1.061s] Invoking command in '/workspaces/my_ros2_ws/src/build/go1_description': CMAKE_PREFIX_PATH=${CMAKE_PREFIX_PATH}:/workspaces/my_ros2_ws/install/object_detection:/workspaces/my_ros2_ws/install/unitree_nav_launch_module:/workspaces/my_ros2_ws/install/listen_talk_ros2:/opt/ros/humble /usr/bin/cmake /workspaces/my_ros2_ws/src/unitree_ros2/go1_description -DAMENT_CMAKE_SYMLINK_INSTALL=1 -DCMAKE_INSTALL_PREFIX=/workspaces/my_ros2_ws/src/install/go1_description
[5.331s] -- The C compiler identification is GNU 11.3.0
[7.215s] -- The CXX compiler identification is GNU 11.3.0
[7.552s] -- Detecting C compiler ABI info
[11.866s] -- Detecting C compiler ABI info - done
[11.901s] -- Check for working C compiler: /usr/bin/cc - skipped
[11.921s] -- Detecting C compile features
[11.965s] -- Detecting C compile features - done
[12.052s] -- Detecting CXX compiler ABI info
[15.332s] -- Detecting CXX compiler ABI info - done
[15.540s] -- Check for working CXX compiler: /usr/bin/c++ - skipped
[15.553s] -- Detecting CXX compile features
[15.598s] -- Detecting CXX compile features - done
[16.143s] -- Found ament_cmake: 1.3.4 (/opt/ros/humble/share/ament_cmake/cmake)
[25.501s] -- Found Python3: /usr/bin/python3.10 (found version "3.10.6") found components: Interpreter 
[26.033s] -- Override CMake install command with custom implementation using symlinks instead of copying resources
[36.829s] -- Found ament_lint_auto: 0.12.6 (/opt/ros/humble/share/ament_lint_auto/cmake)
[43.738s] -- Added test 'flake8' to check Python code syntax and style conventions
[44.243s] -- Added test 'lint_cmake' to check CMake code style
[44.557s] -- Added test 'pep257' to check Python code against some of the docstring style conventions in PEP 257
[44.945s] -- Added test 'xmllint' to check XML markup files
[45.807s] -- Configuring done
[46.826s] -- Generating done
[47.107s] -- Build files have been written to: /workspaces/my_ros2_ws/src/build/go1_description
[47.275s] Invoked command in '/workspaces/my_ros2_ws/src/build/go1_description' returned '0': CMAKE_PREFIX_PATH=${CMAKE_PREFIX_PATH}:/workspaces/my_ros2_ws/install/object_detection:/workspaces/my_ros2_ws/install/unitree_nav_launch_module:/workspaces/my_ros2_ws/install/listen_talk_ros2:/opt/ros/humble /usr/bin/cmake /workspaces/my_ros2_ws/src/unitree_ros2/go1_description -DAMENT_CMAKE_SYMLINK_INSTALL=1 -DCMAKE_INSTALL_PREFIX=/workspaces/my_ros2_ws/src/install/go1_description
[47.353s] Invoking command in '/workspaces/my_ros2_ws/src/build/go1_description': CMAKE_PREFIX_PATH=${CMAKE_PREFIX_PATH}:/workspaces/my_ros2_ws/install/object_detection:/workspaces/my_ros2_ws/install/unitree_nav_launch_module:/workspaces/my_ros2_ws/install/listen_talk_ros2:/opt/ros/humble /usr/bin/cmake --build /workspaces/my_ros2_ws/src/build/go1_description -- -j4 -l4
[50.477s] Invoked command in '/workspaces/my_ros2_ws/src/build/go1_description' returned '0': CMAKE_PREFIX_PATH=${CMAKE_PREFIX_PATH}:/workspaces/my_ros2_ws/install/object_detection:/workspaces/my_ros2_ws/install/unitree_nav_launch_module:/workspaces/my_ros2_ws/install/listen_talk_ros2:/opt/ros/humble /usr/bin/cmake --build /workspaces/my_ros2_ws/src/build/go1_description -- -j4 -l4
[53.984s] Invoking command in '/workspaces/my_ros2_ws/src/build/go1_description': CMAKE_PREFIX_PATH=${CMAKE_PREFIX_PATH}:/workspaces/my_ros2_ws/install/object_detection:/workspaces/my_ros2_ws/install/unitree_nav_launch_module:/workspaces/my_ros2_ws/install/listen_talk_ros2:/opt/ros/humble /usr/bin/cmake --install /workspaces/my_ros2_ws/src/build/go1_description
[54.582s] -- Install configuration: ""
[54.597s] -- Execute custom install script
[54.628s] -- Symlinking: /workspaces/my_ros2_ws/src/install/go1_description/share/go1_description//launch/load_go1.launch.py
[55.142s] -- Symlinking: /workspaces/my_ros2_ws/src/install/go1_description/share/go1_description//config/go1.rviz
[55.650s] -- Symlinking: /workspaces/my_ros2_ws/src/install/go1_description/share/go1_description//meshes/calf.dae
[56.113s] -- Symlinking: /workspaces/my_ros2_ws/src/install/go1_description/share/go1_description//meshes/depthCamera.dae
[57.638s] -- Symlinking: /workspaces/my_ros2_ws/src/install/go1_description/share/go1_description//meshes/hip.dae
[58.411s] -- Symlinking: /workspaces/my_ros2_ws/src/install/go1_description/share/go1_description//meshes/thigh.dae
[59.346s] -- Symlinking: /workspaces/my_ros2_ws/src/install/go1_description/share/go1_description//meshes/thigh_mirror.dae
[60.344s] -- Symlinking: /workspaces/my_ros2_ws/src/install/go1_description/share/go1_description//meshes/trunk.dae
[61.231s] -- Symlinking: /workspaces/my_ros2_ws/src/install/go1_description/share/go1_description//meshes/ultraSound.dae
[62.313s] -- Symlinking: /workspaces/my_ros2_ws/src/install/go1_description/share/go1_description//xacro/const.xacro
[63.391s] -- Symlinking: /workspaces/my_ros2_ws/src/install/go1_description/share/go1_description//xacro/depthCamera.xacro
[64.285s] -- Symlinking: /workspaces/my_ros2_ws/src/install/go1_description/share/go1_description//xacro/gazebo.xacro
[65.037s] -- Symlinking: /workspaces/my_ros2_ws/src/install/go1_description/share/go1_description//xacro/leg.xacro
[65.777s] -- Symlinking: /workspaces/my_ros2_ws/src/install/go1_description/share/go1_description//xacro/materials.xacro
[66.525s] -- Symlinking: /workspaces/my_ros2_ws/src/install/go1_description/share/go1_description//xacro/robot.xacro
[67.870s] -- Symlinking: /workspaces/my_ros2_ws/src/install/go1_description/share/go1_description//xacro/transmission.xacro
[69.314s] -- Symlinking: /workspaces/my_ros2_ws/src/install/go1_description/share/go1_description//xacro/ultraSound.xacro
[70.972s] -- Symlinking: /workspaces/my_ros2_ws/src/install/go1_description/share/ament_index/resource_index/package_run_dependencies/go1_description
[74.604s] -- Symlinking: /workspaces/my_ros2_ws/src/install/go1_description/share/ament_index/resource_index/parent_prefix_path/go1_description
[77.097s] -- Symlinking: /workspaces/my_ros2_ws/src/install/go1_description/share/go1_description/environment/ament_prefix_path.sh
[78.543s] -- Symlinking: /workspaces/my_ros2_ws/src/install/go1_description/share/go1_description/environment/ament_prefix_path.dsv
[80.328s] -- Symlinking: /workspaces/my_ros2_ws/src/install/go1_description/share/go1_description/environment/path.sh
[82.045s] -- Symlinking: /workspaces/my_ros2_ws/src/install/go1_description/share/go1_description/environment/path.dsv
[84.164s] -- Symlinking: /workspaces/my_ros2_ws/src/install/go1_description/share/go1_description/local_setup.bash
[85.632s] -- Symlinking: /workspaces/my_ros2_ws/src/install/go1_description/share/go1_description/local_setup.sh
[87.048s] -- Symlinking: /workspaces/my_ros2_ws/src/install/go1_description/share/go1_description/local_setup.zsh
[88.156s] -- Symlinking: /workspaces/my_ros2_ws/src/install/go1_description/share/go1_description/local_setup.dsv
[89.023s] -- Symlinking: /workspaces/my_ros2_ws/src/install/go1_description/share/go1_description/package.dsv
[89.719s] -- Symlinking: /workspaces/my_ros2_ws/src/install/go1_description/share/ament_index/resource_index/packages/go1_description
[90.660s] -- Symlinking: /workspaces/my_ros2_ws/src/install/go1_description/share/go1_description/cmake/go1_descriptionConfig.cmake
[91.404s] -- Symlinking: /workspaces/my_ros2_ws/src/install/go1_description/share/go1_description/cmake/go1_descriptionConfig-version.cmake
[92.790s] -- Symlinking: /workspaces/my_ros2_ws/src/install/go1_description/share/go1_description/package.xml
[93.658s] Invoked command in '/workspaces/my_ros2_ws/src/build/go1_description' returned '0': CMAKE_PREFIX_PATH=${CMAKE_PREFIX_PATH}:/workspaces/my_ros2_ws/install/object_detection:/workspaces/my_ros2_ws/install/unitree_nav_launch_module:/workspaces/my_ros2_ws/install/listen_talk_ros2:/opt/ros/humble /usr/bin/cmake --install /workspaces/my_ros2_ws/src/build/go1_description
