[0.149s] Invoking command in '/home/ros/Workshop/src/build/rslidar_msg': CMAKE_PREFIX_PATH=${CMAKE_PREFIX_PATH}:/opt/ros/humble /usr/bin/cmake --build /home/ros/Workshop/src/build/rslidar_msg -- -j4 -l4
[1.271s] [  9%] Built target rslidar_msg__rosidl_generator_c
[1.377s] [  9%] Built target ament_cmake_python_symlink_rslidar_msg
[1.390s] [ 12%] Built target rslidar_msg__cpp
[1.967s] [ 22%] Built target rslidar_msg__rosidl_typesupport_introspection_c
[2.107s] [ 32%] Built target rslidar_msg__rosidl_typesupport_fastrtps_c
[2.133s] [ 41%] Built target rslidar_msg__rosidl_typesupport_c
[2.757s] [ 51%] Built target rslidar_msg__rosidl_typesupport_fastrtps_cpp
[2.904s] [ 61%] Built target rslidar_msg__rosidl_typesupport_cpp
[2.918s] running egg_info
[2.928s] writing rslidar_msg.egg-info/PKG-INFO
[2.929s] [ 70%] Built target rslidar_msg__rosidl_typesupport_introspection_cpp
[2.932s] writing dependency_links to rslidar_msg.egg-info/dependency_links.txt
[2.934s] writing top-level names to rslidar_msg.egg-info/top_level.txt
[2.945s] reading manifest file 'rslidar_msg.egg-info/SOURCES.txt'
[2.947s] writing manifest file 'rslidar_msg.egg-info/SOURCES.txt'
[3.109s] [ 70%] Built target ament_cmake_python_build_rslidar_msg_egg
[3.247s] [ 70%] Built target rslidar_msg
[3.587s] [ 74%] Built target rslidar_msg__py
[3.912s] [ 80%] Built target rslidar_msg__rosidl_generator_py
[4.464s] [ 87%] Built target rslidar_msg__rosidl_typesupport_c__pyext
[4.512s] [ 93%] Built target rslidar_msg__rosidl_typesupport_introspection_c__pyext
[4.532s] [100%] Built target rslidar_msg__rosidl_typesupport_fastrtps_c__pyext
[4.626s] Invoked command in '/home/ros/Workshop/src/build/rslidar_msg' returned '0': CMAKE_PREFIX_PATH=${CMAKE_PREFIX_PATH}:/opt/ros/humble /usr/bin/cmake --build /home/ros/Workshop/src/build/rslidar_msg -- -j4 -l4
[6.218s] Invoking command in '/home/ros/Workshop/src/build/rslidar_msg': CMAKE_PREFIX_PATH=${CMAKE_PREFIX_PATH}:/opt/ros/humble /usr/bin/cmake --install /home/ros/Workshop/src/build/rslidar_msg
[6.370s] -- Install configuration: ""
[6.375s] -- Execute custom install script
[6.379s] -- Up-to-date symlink: /home/ros/Workshop/src/install/rslidar_msg/share/ament_index/resource_index/rosidl_interfaces/rslidar_msg
[6.385s] -- Up-to-date symlink: /home/ros/Workshop/src/install/rslidar_msg/include/rslidar_msg/rslidar_msg/msg/detail/rslidar_packet__functions.h
[6.386s] -- Up-to-date symlink: /home/ros/Workshop/src/install/rslidar_msg/include/rslidar_msg/rslidar_msg/msg/detail/rslidar_packet__struct.h
[6.387s] -- Up-to-date symlink: /home/ros/Workshop/src/install/rslidar_msg/include/rslidar_msg/rslidar_msg/msg/detail/rslidar_packet__type_support.h
[6.388s] -- Up-to-date symlink: /home/ros/Workshop/src/install/rslidar_msg/include/rslidar_msg/rslidar_msg/msg/rosidl_generator_c__visibility_control.h
[6.391s] -- Up-to-date symlink: /home/ros/Workshop/src/install/rslidar_msg/include/rslidar_msg/rslidar_msg/msg/rslidar_packet.h
[6.392s] -- Up-to-date symlink: /home/ros/Workshop/src/install/rslidar_msg/share/rslidar_msg/environment/library_path.sh
[6.393s] -- Up-to-date symlink: /home/ros/Workshop/src/install/rslidar_msg/share/rslidar_msg/environment/library_path.dsv
[6.394s] -- Up-to-date symlink: /home/ros/Workshop/src/install/rslidar_msg/include/rslidar_msg/rslidar_msg/msg/detail/rslidar_packet__rosidl_typesupport_fastrtps_c.h
[6.395s] -- Up-to-date symlink: /home/ros/Workshop/src/install/rslidar_msg/include/rslidar_msg/rslidar_msg/msg/rosidl_typesupport_fastrtps_c__visibility_control.h
[6.399s] -- Up-to-date symlink: /home/ros/Workshop/src/install/rslidar_msg/include/rslidar_msg/rslidar_msg/msg/detail/rslidar_packet__builder.hpp
[6.402s] -- Up-to-date symlink: /home/ros/Workshop/src/install/rslidar_msg/include/rslidar_msg/rslidar_msg/msg/detail/rslidar_packet__struct.hpp
[6.403s] -- Up-to-date symlink: /home/ros/Workshop/src/install/rslidar_msg/include/rslidar_msg/rslidar_msg/msg/detail/rslidar_packet__traits.hpp
[6.404s] -- Up-to-date symlink: /home/ros/Workshop/src/install/rslidar_msg/include/rslidar_msg/rslidar_msg/msg/rslidar_packet.hpp
[6.409s] -- Up-to-date symlink: /home/ros/Workshop/src/install/rslidar_msg/include/rslidar_msg/rslidar_msg/msg/detail/rslidar_packet__rosidl_typesupport_fastrtps_cpp.hpp
[6.411s] -- Up-to-date symlink: /home/ros/Workshop/src/install/rslidar_msg/include/rslidar_msg/rslidar_msg/msg/rosidl_typesupport_fastrtps_cpp__visibility_control.h
[6.412s] -- Up-to-date symlink: /home/ros/Workshop/src/install/rslidar_msg/include/rslidar_msg/rslidar_msg/msg/detail/rslidar_packet__rosidl_typesupport_introspection_c.h
[6.414s] -- Up-to-date symlink: /home/ros/Workshop/src/install/rslidar_msg/include/rslidar_msg/rslidar_msg/msg/rosidl_typesupport_introspection_c__visibility_control.h
[6.416s] -- Up-to-date symlink: /home/ros/Workshop/src/install/rslidar_msg/include/rslidar_msg/rslidar_msg/msg/detail/rslidar_packet__rosidl_typesupport_introspection_cpp.hpp
[6.418s] -- Up-to-date symlink: /home/ros/Workshop/src/install/rslidar_msg/share/rslidar_msg/environment/pythonpath.sh
[6.421s] -- Up-to-date symlink: /home/ros/Workshop/src/install/rslidar_msg/share/rslidar_msg/environment/pythonpath.dsv
[6.425s] -- Up-to-date symlink: /home/ros/Workshop/src/install/rslidar_msg/local/lib/python3.10/dist-packages/rslidar_msg-0.0.0-py3.10.egg-info/PKG-INFO
[6.426s] -- Up-to-date symlink: /home/ros/Workshop/src/install/rslidar_msg/local/lib/python3.10/dist-packages/rslidar_msg-0.0.0-py3.10.egg-info/SOURCES.txt
[6.427s] -- Up-to-date symlink: /home/ros/Workshop/src/install/rslidar_msg/local/lib/python3.10/dist-packages/rslidar_msg-0.0.0-py3.10.egg-info/dependency_links.txt
[6.427s] -- Up-to-date symlink: /home/ros/Workshop/src/install/rslidar_msg/local/lib/python3.10/dist-packages/rslidar_msg-0.0.0-py3.10.egg-info/top_level.txt
[6.430s] -- Up-to-date symlink: /home/ros/Workshop/src/install/rslidar_msg/local/lib/python3.10/dist-packages/rslidar_msg/__init__.py
[6.433s] -- Up-to-date symlink: /home/ros/Workshop/src/install/rslidar_msg/local/lib/python3.10/dist-packages/rslidar_msg/_rslidar_msg_s.ep.rosidl_typesupport_c.c
[6.435s] -- Up-to-date symlink: /home/ros/Workshop/src/install/rslidar_msg/local/lib/python3.10/dist-packages/rslidar_msg/_rslidar_msg_s.ep.rosidl_typesupport_fastrtps_c.c
[6.439s] -- Up-to-date symlink: /home/ros/Workshop/src/install/rslidar_msg/local/lib/python3.10/dist-packages/rslidar_msg/_rslidar_msg_s.ep.rosidl_typesupport_introspection_c.c
[6.442s] -- Up-to-date symlink: /home/ros/Workshop/src/install/rslidar_msg/local/lib/python3.10/dist-packages/rslidar_msg/librslidar_msg__rosidl_generator_py.so
[6.447s] -- Up-to-date symlink: /home/ros/Workshop/src/install/rslidar_msg/local/lib/python3.10/dist-packages/rslidar_msg/msg/__init__.py
[6.451s] -- Up-to-date symlink: /home/ros/Workshop/src/install/rslidar_msg/local/lib/python3.10/dist-packages/rslidar_msg/msg/_rslidar_packet.py
[6.451s] -- Up-to-date symlink: /home/ros/Workshop/src/install/rslidar_msg/local/lib/python3.10/dist-packages/rslidar_msg/msg/_rslidar_packet_s.c
[6.452s] -- Up-to-date symlink: /home/ros/Workshop/src/install/rslidar_msg/local/lib/python3.10/dist-packages/rslidar_msg/rslidar_msg_s__rosidl_typesupport_c.cpython-310-x86_64-linux-gnu.so
[6.452s] -- Up-to-date symlink: /home/ros/Workshop/src/install/rslidar_msg/local/lib/python3.10/dist-packages/rslidar_msg/rslidar_msg_s__rosidl_typesupport_fastrtps_c.cpython-310-x86_64-linux-gnu.so
[6.452s] -- Up-to-date symlink: /home/ros/Workshop/src/install/rslidar_msg/local/lib/python3.10/dist-packages/rslidar_msg/rslidar_msg_s__rosidl_typesupport_introspection_c.cpython-310-x86_64-linux-gnu.so
[6.454s] -- Up-to-date symlink: /home/ros/Workshop/src/install/rslidar_msg/local/lib/python3.10/dist-packages/rslidar_msg/rslidar_msg_s__rosidl_typesupport_fastrtps_c.cpython-310-x86_64-linux-gnu.so
[6.458s] -- Up-to-date symlink: /home/ros/Workshop/src/install/rslidar_msg/local/lib/python3.10/dist-packages/rslidar_msg/rslidar_msg_s__rosidl_typesupport_introspection_c.cpython-310-x86_64-linux-gnu.so
[6.460s] -- Up-to-date symlink: /home/ros/Workshop/src/install/rslidar_msg/local/lib/python3.10/dist-packages/rslidar_msg/rslidar_msg_s__rosidl_typesupport_c.cpython-310-x86_64-linux-gnu.so
[6.461s] -- Up-to-date symlink: /home/ros/Workshop/src/install/rslidar_msg/share/rslidar_msg/msg/RslidarPacket.idl
[6.463s] -- Up-to-date symlink: /home/ros/Workshop/src/install/rslidar_msg/share/rslidar_msg/msg/RslidarPacket.msg
[6.466s] -- Up-to-date symlink: /home/ros/Workshop/src/install/rslidar_msg/share/ament_index/resource_index/package_run_dependencies/rslidar_msg
[6.471s] -- Up-to-date symlink: /home/ros/Workshop/src/install/rslidar_msg/share/ament_index/resource_index/parent_prefix_path/rslidar_msg
[6.472s] -- Up-to-date symlink: /home/ros/Workshop/src/install/rslidar_msg/share/rslidar_msg/environment/ament_prefix_path.sh
[6.473s] -- Up-to-date symlink: /home/ros/Workshop/src/install/rslidar_msg/share/rslidar_msg/environment/ament_prefix_path.dsv
[6.475s] -- Up-to-date symlink: /home/ros/Workshop/src/install/rslidar_msg/share/rslidar_msg/environment/path.sh
[6.482s] -- Up-to-date symlink: /home/ros/Workshop/src/install/rslidar_msg/share/rslidar_msg/environment/path.dsv
[6.485s] -- Up-to-date symlink: /home/ros/Workshop/src/install/rslidar_msg/share/rslidar_msg/local_setup.bash
[6.487s] -- Up-to-date symlink: /home/ros/Workshop/src/install/rslidar_msg/share/rslidar_msg/local_setup.sh
[6.489s] -- Up-to-date symlink: /home/ros/Workshop/src/install/rslidar_msg/share/rslidar_msg/local_setup.zsh
[6.491s] -- Up-to-date symlink: /home/ros/Workshop/src/install/rslidar_msg/share/rslidar_msg/local_setup.dsv
[6.491s] -- Symlinking: /home/ros/Workshop/src/install/rslidar_msg/share/rslidar_msg/package.dsv
[6.603s] -- Up-to-date symlink: /home/ros/Workshop/src/install/rslidar_msg/share/ament_index/resource_index/packages/rslidar_msg
[6.604s] -- Up-to-date symlink: /home/ros/Workshop/src/install/rslidar_msg/share/rslidar_msg/cmake/rosidl_cmake-extras.cmake
[6.604s] -- Up-to-date symlink: /home/ros/Workshop/src/install/rslidar_msg/share/rslidar_msg/cmake/ament_cmake_export_dependencies-extras.cmake
[6.604s] -- Up-to-date symlink: /home/ros/Workshop/src/install/rslidar_msg/share/rslidar_msg/cmake/ament_cmake_export_include_directories-extras.cmake
[6.604s] -- Up-to-date symlink: /home/ros/Workshop/src/install/rslidar_msg/share/rslidar_msg/cmake/ament_cmake_export_libraries-extras.cmake
[6.605s] -- Up-to-date symlink: /home/ros/Workshop/src/install/rslidar_msg/share/rslidar_msg/cmake/ament_cmake_export_targets-extras.cmake
[6.605s] -- Up-to-date symlink: /home/ros/Workshop/src/install/rslidar_msg/share/rslidar_msg/cmake/rosidl_cmake_export_typesupport_targets-extras.cmake
[6.605s] -- Up-to-date symlink: /home/ros/Workshop/src/install/rslidar_msg/share/rslidar_msg/cmake/rosidl_cmake_export_typesupport_libraries-extras.cmake
[6.605s] -- Up-to-date symlink: /home/ros/Workshop/src/install/rslidar_msg/share/rslidar_msg/cmake/rslidar_msgConfig.cmake
[6.605s] -- Up-to-date symlink: /home/ros/Workshop/src/install/rslidar_msg/share/rslidar_msg/cmake/rslidar_msgConfig-version.cmake
[6.605s] -- Up-to-date symlink: /home/ros/Workshop/src/install/rslidar_msg/share/rslidar_msg/package.xml
[6.612s] -- Up-to-date: /home/ros/Workshop/src/install/rslidar_msg/lib/librslidar_msg__rosidl_generator_c.so
[6.617s] -- Up-to-date: /home/ros/Workshop/src/install/rslidar_msg/lib/librslidar_msg__rosidl_typesupport_fastrtps_c.so
[6.620s] -- Up-to-date: /home/ros/Workshop/src/install/rslidar_msg/lib/librslidar_msg__rosidl_typesupport_fastrtps_cpp.so
[6.622s] -- Up-to-date: /home/ros/Workshop/src/install/rslidar_msg/lib/librslidar_msg__rosidl_typesupport_introspection_c.so
[6.623s] -- Up-to-date: /home/ros/Workshop/src/install/rslidar_msg/lib/librslidar_msg__rosidl_typesupport_c.so
[6.628s] -- Up-to-date: /home/ros/Workshop/src/install/rslidar_msg/lib/librslidar_msg__rosidl_typesupport_introspection_cpp.so
[6.630s] -- Up-to-date: /home/ros/Workshop/src/install/rslidar_msg/lib/librslidar_msg__rosidl_typesupport_cpp.so
[6.753s] Listing '/home/ros/Workshop/src/install/rslidar_msg/local/lib/python3.10/dist-packages/rslidar_msg'...
[6.753s] Listing '/home/ros/Workshop/src/install/rslidar_msg/local/lib/python3.10/dist-packages/rslidar_msg/msg'...
[6.764s] -- Up-to-date: /home/ros/Workshop/src/install/rslidar_msg/lib/librslidar_msg__rosidl_generator_py.so
[6.766s] -- Up-to-date: /home/ros/Workshop/src/install/rslidar_msg/share/rslidar_msg/cmake/export_rslidar_msg__rosidl_generator_cExport.cmake
[6.766s] -- Up-to-date: /home/ros/Workshop/src/install/rslidar_msg/share/rslidar_msg/cmake/export_rslidar_msg__rosidl_generator_cExport-noconfig.cmake
[6.766s] -- Up-to-date: /home/ros/Workshop/src/install/rslidar_msg/share/rslidar_msg/cmake/export_rslidar_msg__rosidl_typesupport_fastrtps_cExport.cmake
[6.767s] -- Up-to-date: /home/ros/Workshop/src/install/rslidar_msg/share/rslidar_msg/cmake/export_rslidar_msg__rosidl_typesupport_fastrtps_cExport-noconfig.cmake
[6.768s] -- Up-to-date: /home/ros/Workshop/src/install/rslidar_msg/share/rslidar_msg/cmake/export_rslidar_msg__rosidl_generator_cppExport.cmake
[6.768s] -- Up-to-date: /home/ros/Workshop/src/install/rslidar_msg/share/rslidar_msg/cmake/export_rslidar_msg__rosidl_typesupport_fastrtps_cppExport.cmake
[6.769s] -- Up-to-date: /home/ros/Workshop/src/install/rslidar_msg/share/rslidar_msg/cmake/export_rslidar_msg__rosidl_typesupport_fastrtps_cppExport-noconfig.cmake
[6.771s] -- Up-to-date: /home/ros/Workshop/src/install/rslidar_msg/share/rslidar_msg/cmake/rslidar_msg__rosidl_typesupport_introspection_cExport.cmake
[6.771s] -- Up-to-date: /home/ros/Workshop/src/install/rslidar_msg/share/rslidar_msg/cmake/rslidar_msg__rosidl_typesupport_introspection_cExport-noconfig.cmake
[6.772s] -- Up-to-date: /home/ros/Workshop/src/install/rslidar_msg/share/rslidar_msg/cmake/rslidar_msg__rosidl_typesupport_cExport.cmake
[6.772s] -- Up-to-date: /home/ros/Workshop/src/install/rslidar_msg/share/rslidar_msg/cmake/rslidar_msg__rosidl_typesupport_cExport-noconfig.cmake
[6.773s] -- Up-to-date: /home/ros/Workshop/src/install/rslidar_msg/share/rslidar_msg/cmake/rslidar_msg__rosidl_typesupport_introspection_cppExport.cmake
[6.773s] -- Up-to-date: /home/ros/Workshop/src/install/rslidar_msg/share/rslidar_msg/cmake/rslidar_msg__rosidl_typesupport_introspection_cppExport-noconfig.cmake
[6.774s] -- Up-to-date: /home/ros/Workshop/src/install/rslidar_msg/share/rslidar_msg/cmake/rslidar_msg__rosidl_typesupport_cppExport.cmake
[6.774s] -- Up-to-date: /home/ros/Workshop/src/install/rslidar_msg/share/rslidar_msg/cmake/rslidar_msg__rosidl_typesupport_cppExport-noconfig.cmake
[6.775s] -- Up-to-date: /home/ros/Workshop/src/install/rslidar_msg/share/rslidar_msg/cmake/export_rslidar_msg__rosidl_generator_pyExport.cmake
[6.776s] -- Up-to-date: /home/ros/Workshop/src/install/rslidar_msg/share/rslidar_msg/cmake/export_rslidar_msg__rosidl_generator_pyExport-noconfig.cmake
[6.794s] Invoked command in '/home/ros/Workshop/src/build/rslidar_msg' returned '0': CMAKE_PREFIX_PATH=${CMAKE_PREFIX_PATH}:/opt/ros/humble /usr/bin/cmake --install /home/ros/Workshop/src/build/rslidar_msg
