[0.442s] DEBUG:colcon:Command line arguments: ['/usr/bin/colcon', 'build', '--symlink-install']
[0.443s] DEBUG:colcon:Parsed command line arguments: Namespace(log_base=None, log_level=None, verb_name='build', build_base='build', install_base='install', merge_install=False, symlink_install=True, test_result_base=None, continue_on_error=False, executor='parallel', parallel_workers=4, event_handlers=None, ignore_user_meta=False, metas=['./colcon.meta'], base_paths=['.'], packages_ignore=None, packages_ignore_regex=None, paths=None, packages_up_to=None, packages_up_to_regex=None, packages_above=None, packages_above_and_dependencies=None, packages_above_depth=None, packages_select_by_dep=None, packages_skip_by_dep=None, packages_skip_up_to=None, packages_select_build_failed=False, packages_skip_build_finished=False, packages_select_test_failures=False, packages_skip_test_passed=False, packages_select=None, packages_skip=None, packages_select_regex=None, packages_skip_regex=None, packages_start=None, packages_end=None, cmake_args=None, cmake_target=None, cmake_target_skip_unavailable=False, cmake_clean_cache=False, cmake_clean_first=False, cmake_force_configure=False, ament_cmake_args=None, catkin_cmake_args=None, catkin_skip_building_tests=False, verb_parser=<colcon_defaults.argument_parser.defaults.DefaultArgumentsDecorator object at 0x7f61e21a9fc0>, verb_extension=<colcon_core.verb.build.BuildVerb object at 0x7f61e292d4e0>, main=<bound method BuildVerb.main of <colcon_core.verb.build.BuildVerb object at 0x7f61e292d4e0>>)
[0.490s] Level 1:colcon.colcon_core.package_discovery:discover_packages(colcon_meta) check parameters
[0.490s] Level 1:colcon.colcon_core.package_discovery:discover_packages(recursive) check parameters
[0.490s] Level 1:colcon.colcon_core.package_discovery:discover_packages(ignore) check parameters
[0.490s] Level 1:colcon.colcon_core.package_discovery:discover_packages(path) check parameters
[0.490s] Level 1:colcon.colcon_core.package_discovery:discover_packages(colcon_meta) discover
[0.491s] Level 1:colcon.colcon_core.package_discovery:discover_packages(recursive) discover
[0.491s] INFO:colcon.colcon_core.package_discovery:Crawling recursively for packages in '/home/ros/Workshop/src'
[0.491s] Level 1:colcon.colcon_core.package_identification:_identify(.) by extensions ['ignore', 'ignore_ament_install']
[0.491s] Level 1:colcon.colcon_core.package_identification:_identify(.) by extension 'ignore'
[0.491s] Level 1:colcon.colcon_core.package_identification:_identify(.) by extension 'ignore_ament_install'
[0.491s] Level 1:colcon.colcon_core.package_identification:_identify(.) by extensions ['colcon_pkg']
[0.491s] Level 1:colcon.colcon_core.package_identification:_identify(.) by extension 'colcon_pkg'
[0.491s] Level 1:colcon.colcon_core.package_identification:_identify(.) by extensions ['colcon_meta']
[0.491s] Level 1:colcon.colcon_core.package_identification:_identify(.) by extension 'colcon_meta'
[0.491s] Level 1:colcon.colcon_core.package_identification:_identify(.) by extensions ['ros']
[0.491s] Level 1:colcon.colcon_core.package_identification:_identify(.) by extension 'ros'
[0.504s] Level 1:colcon.colcon_core.package_identification:_identify(.) by extensions ['cmake', 'python']
[0.504s] Level 1:colcon.colcon_core.package_identification:_identify(.) by extension 'cmake'
[0.505s] Level 1:colcon.colcon_core.package_identification:_identify(.) by extension 'python'
[0.505s] Level 1:colcon.colcon_core.package_identification:_identify(.) by extensions ['python_setup_py']
[0.505s] Level 1:colcon.colcon_core.package_identification:_identify(.) by extension 'python_setup_py'
[0.505s] Level 1:colcon.colcon_core.package_identification:_identify(build) by extensions ['ignore', 'ignore_ament_install']
[0.505s] Level 1:colcon.colcon_core.package_identification:_identify(build) by extension 'ignore'
[0.505s] Level 1:colcon.colcon_core.package_identification:_identify(build) ignored
[0.505s] Level 1:colcon.colcon_core.package_identification:_identify(install) by extensions ['ignore', 'ignore_ament_install']
[0.505s] Level 1:colcon.colcon_core.package_identification:_identify(install) by extension 'ignore'
[0.505s] Level 1:colcon.colcon_core.package_identification:_identify(install) ignored
[0.505s] Level 1:colcon.colcon_core.package_identification:_identify(log) by extensions ['ignore', 'ignore_ament_install']
[0.505s] Level 1:colcon.colcon_core.package_identification:_identify(log) by extension 'ignore'
[0.505s] Level 1:colcon.colcon_core.package_identification:_identify(log) ignored
[0.506s] Level 1:colcon.colcon_core.package_identification:_identify(rslidar_msg) by extensions ['ignore', 'ignore_ament_install']
[0.506s] Level 1:colcon.colcon_core.package_identification:_identify(rslidar_msg) by extension 'ignore'
[0.506s] Level 1:colcon.colcon_core.package_identification:_identify(rslidar_msg) by extension 'ignore_ament_install'
[0.506s] Level 1:colcon.colcon_core.package_identification:_identify(rslidar_msg) by extensions ['colcon_pkg']
[0.506s] Level 1:colcon.colcon_core.package_identification:_identify(rslidar_msg) by extension 'colcon_pkg'
[0.506s] Level 1:colcon.colcon_core.package_identification:_identify(rslidar_msg) by extensions ['colcon_meta']
[0.506s] Level 1:colcon.colcon_core.package_identification:_identify(rslidar_msg) by extension 'colcon_meta'
[0.506s] Level 1:colcon.colcon_core.package_identification:_identify(rslidar_msg) by extensions ['ros']
[0.506s] Level 1:colcon.colcon_core.package_identification:_identify(rslidar_msg) by extension 'ros'
[0.510s] DEBUG:colcon.colcon_core.package_identification:Package 'rslidar_msg' with type 'ros.ament_cmake' and name 'rslidar_msg'
[0.510s] Level 1:colcon.colcon_core.package_identification:_identify(rslidar_sdk_ros2) by extensions ['ignore', 'ignore_ament_install']
[0.510s] Level 1:colcon.colcon_core.package_identification:_identify(rslidar_sdk_ros2) by extension 'ignore'
[0.510s] Level 1:colcon.colcon_core.package_identification:_identify(rslidar_sdk_ros2) by extension 'ignore_ament_install'
[0.510s] Level 1:colcon.colcon_core.package_identification:_identify(rslidar_sdk_ros2) by extensions ['colcon_pkg']
[0.510s] Level 1:colcon.colcon_core.package_identification:_identify(rslidar_sdk_ros2) by extension 'colcon_pkg'
[0.510s] Level 1:colcon.colcon_core.package_identification:_identify(rslidar_sdk_ros2) by extensions ['colcon_meta']
[0.510s] Level 1:colcon.colcon_core.package_identification:_identify(rslidar_sdk_ros2) by extension 'colcon_meta'
[0.510s] Level 1:colcon.colcon_core.package_identification:_identify(rslidar_sdk_ros2) by extensions ['ros']
[0.510s] Level 1:colcon.colcon_core.package_identification:_identify(rslidar_sdk_ros2) by extension 'ros'
[0.511s] DEBUG:colcon.colcon_core.package_identification:Package 'rslidar_sdk_ros2' with type 'ros.ament_cmake' and name 'rslidar_sdk'
[0.511s] Level 1:colcon.colcon_core.package_identification:_identify(unitree_nav) by extensions ['ignore', 'ignore_ament_install']
[0.511s] Level 1:colcon.colcon_core.package_identification:_identify(unitree_nav) by extension 'ignore'
[0.511s] Level 1:colcon.colcon_core.package_identification:_identify(unitree_nav) by extension 'ignore_ament_install'
[0.511s] Level 1:colcon.colcon_core.package_identification:_identify(unitree_nav) by extensions ['colcon_pkg']
[0.511s] Level 1:colcon.colcon_core.package_identification:_identify(unitree_nav) by extension 'colcon_pkg'
[0.511s] Level 1:colcon.colcon_core.package_identification:_identify(unitree_nav) by extensions ['colcon_meta']
[0.512s] Level 1:colcon.colcon_core.package_identification:_identify(unitree_nav) by extension 'colcon_meta'
[0.512s] Level 1:colcon.colcon_core.package_identification:_identify(unitree_nav) by extensions ['ros']
[0.512s] Level 1:colcon.colcon_core.package_identification:_identify(unitree_nav) by extension 'ros'
[0.512s] Level 1:colcon.colcon_core.package_identification:_identify(unitree_nav) by extensions ['cmake', 'python']
[0.512s] Level 1:colcon.colcon_core.package_identification:_identify(unitree_nav) by extension 'cmake'
[0.512s] Level 1:colcon.colcon_core.package_identification:_identify(unitree_nav) by extension 'python'
[0.512s] Level 1:colcon.colcon_core.package_identification:_identify(unitree_nav) by extensions ['python_setup_py']
[0.512s] Level 1:colcon.colcon_core.package_identification:_identify(unitree_nav) by extension 'python_setup_py'
[0.512s] Level 1:colcon.colcon_core.package_identification:_identify(unitree_nav/log) by extensions ['ignore', 'ignore_ament_install']
[0.512s] Level 1:colcon.colcon_core.package_identification:_identify(unitree_nav/log) by extension 'ignore'
[0.512s] Level 1:colcon.colcon_core.package_identification:_identify(unitree_nav/log) ignored
[0.512s] Level 1:colcon.colcon_core.package_identification:_identify(unitree_nav/unitree_nav) by extensions ['ignore', 'ignore_ament_install']
[0.512s] Level 1:colcon.colcon_core.package_identification:_identify(unitree_nav/unitree_nav) by extension 'ignore'
[0.512s] Level 1:colcon.colcon_core.package_identification:_identify(unitree_nav/unitree_nav) by extension 'ignore_ament_install'
[0.512s] Level 1:colcon.colcon_core.package_identification:_identify(unitree_nav/unitree_nav) by extensions ['colcon_pkg']
[0.513s] Level 1:colcon.colcon_core.package_identification:_identify(unitree_nav/unitree_nav) by extension 'colcon_pkg'
[0.513s] Level 1:colcon.colcon_core.package_identification:_identify(unitree_nav/unitree_nav) by extensions ['colcon_meta']
[0.513s] Level 1:colcon.colcon_core.package_identification:_identify(unitree_nav/unitree_nav) by extension 'colcon_meta'
[0.513s] Level 1:colcon.colcon_core.package_identification:_identify(unitree_nav/unitree_nav) by extensions ['ros']
[0.513s] Level 1:colcon.colcon_core.package_identification:_identify(unitree_nav/unitree_nav) by extension 'ros'
[0.514s] DEBUG:colcon.colcon_core.package_identification:Package 'unitree_nav/unitree_nav' with type 'ros.ament_cmake' and name 'unitree_nav'
[0.515s] Level 1:colcon.colcon_core.package_identification:_identify(unitree_nav/unitree_nav_interfaces) by extensions ['ignore', 'ignore_ament_install']
[0.515s] Level 1:colcon.colcon_core.package_identification:_identify(unitree_nav/unitree_nav_interfaces) by extension 'ignore'
[0.515s] Level 1:colcon.colcon_core.package_identification:_identify(unitree_nav/unitree_nav_interfaces) by extension 'ignore_ament_install'
[0.515s] Level 1:colcon.colcon_core.package_identification:_identify(unitree_nav/unitree_nav_interfaces) by extensions ['colcon_pkg']
[0.515s] Level 1:colcon.colcon_core.package_identification:_identify(unitree_nav/unitree_nav_interfaces) by extension 'colcon_pkg'
[0.515s] Level 1:colcon.colcon_core.package_identification:_identify(unitree_nav/unitree_nav_interfaces) by extensions ['colcon_meta']
[0.515s] Level 1:colcon.colcon_core.package_identification:_identify(unitree_nav/unitree_nav_interfaces) by extension 'colcon_meta'
[0.515s] Level 1:colcon.colcon_core.package_identification:_identify(unitree_nav/unitree_nav_interfaces) by extensions ['ros']
[0.515s] Level 1:colcon.colcon_core.package_identification:_identify(unitree_nav/unitree_nav_interfaces) by extension 'ros'
[0.516s] DEBUG:colcon.colcon_core.package_identification:Package 'unitree_nav/unitree_nav_interfaces' with type 'ros.ament_cmake' and name 'unitree_nav_interfaces'
[0.516s] Level 1:colcon.colcon_core.package_identification:_identify(unitree_nav/unitree_nav_launch_module) by extensions ['ignore', 'ignore_ament_install']
[0.516s] Level 1:colcon.colcon_core.package_identification:_identify(unitree_nav/unitree_nav_launch_module) by extension 'ignore'
[0.516s] Level 1:colcon.colcon_core.package_identification:_identify(unitree_nav/unitree_nav_launch_module) by extension 'ignore_ament_install'
[0.516s] Level 1:colcon.colcon_core.package_identification:_identify(unitree_nav/unitree_nav_launch_module) by extensions ['colcon_pkg']
[0.516s] Level 1:colcon.colcon_core.package_identification:_identify(unitree_nav/unitree_nav_launch_module) by extension 'colcon_pkg'
[0.516s] Level 1:colcon.colcon_core.package_identification:_identify(unitree_nav/unitree_nav_launch_module) by extensions ['colcon_meta']
[0.516s] Level 1:colcon.colcon_core.package_identification:_identify(unitree_nav/unitree_nav_launch_module) by extension 'colcon_meta'
[0.516s] Level 1:colcon.colcon_core.package_identification:_identify(unitree_nav/unitree_nav_launch_module) by extensions ['ros']
[0.516s] Level 1:colcon.colcon_core.package_identification:_identify(unitree_nav/unitree_nav_launch_module) by extension 'ros'
[0.517s] DEBUG:colcon.colcon_core.package_identification:Package 'unitree_nav/unitree_nav_launch_module' with type 'ros.ament_python' and name 'unitree_nav_launch_module'
[0.517s] Level 1:colcon.colcon_core.package_identification:_identify(unitree_ros2) by extensions ['ignore', 'ignore_ament_install']
[0.517s] Level 1:colcon.colcon_core.package_identification:_identify(unitree_ros2) by extension 'ignore'
[0.517s] Level 1:colcon.colcon_core.package_identification:_identify(unitree_ros2) by extension 'ignore_ament_install'
[0.517s] Level 1:colcon.colcon_core.package_identification:_identify(unitree_ros2) by extensions ['colcon_pkg']
[0.517s] Level 1:colcon.colcon_core.package_identification:_identify(unitree_ros2) by extension 'colcon_pkg'
[0.517s] Level 1:colcon.colcon_core.package_identification:_identify(unitree_ros2) by extensions ['colcon_meta']
[0.517s] Level 1:colcon.colcon_core.package_identification:_identify(unitree_ros2) by extension 'colcon_meta'
[0.517s] Level 1:colcon.colcon_core.package_identification:_identify(unitree_ros2) by extensions ['ros']
[0.517s] Level 1:colcon.colcon_core.package_identification:_identify(unitree_ros2) by extension 'ros'
[0.517s] Level 1:colcon.colcon_core.package_identification:_identify(unitree_ros2) by extensions ['cmake', 'python']
[0.517s] Level 1:colcon.colcon_core.package_identification:_identify(unitree_ros2) by extension 'cmake'
[0.517s] Level 1:colcon.colcon_core.package_identification:_identify(unitree_ros2) by extension 'python'
[0.518s] Level 1:colcon.colcon_core.package_identification:_identify(unitree_ros2) by extensions ['python_setup_py']
[0.518s] Level 1:colcon.colcon_core.package_identification:_identify(unitree_ros2) by extension 'python_setup_py'
[0.518s] Level 1:colcon.colcon_core.package_identification:_identify(unitree_ros2/go1_description) by extensions ['ignore', 'ignore_ament_install']
[0.518s] Level 1:colcon.colcon_core.package_identification:_identify(unitree_ros2/go1_description) by extension 'ignore'
[0.518s] Level 1:colcon.colcon_core.package_identification:_identify(unitree_ros2/go1_description) by extension 'ignore_ament_install'
[0.518s] Level 1:colcon.colcon_core.package_identification:_identify(unitree_ros2/go1_description) by extensions ['colcon_pkg']
[0.518s] Level 1:colcon.colcon_core.package_identification:_identify(unitree_ros2/go1_description) by extension 'colcon_pkg'
[0.518s] Level 1:colcon.colcon_core.package_identification:_identify(unitree_ros2/go1_description) by extensions ['colcon_meta']
[0.518s] Level 1:colcon.colcon_core.package_identification:_identify(unitree_ros2/go1_description) by extension 'colcon_meta'
[0.518s] Level 1:colcon.colcon_core.package_identification:_identify(unitree_ros2/go1_description) by extensions ['ros']
[0.518s] Level 1:colcon.colcon_core.package_identification:_identify(unitree_ros2/go1_description) by extension 'ros'
[0.519s] DEBUG:colcon.colcon_core.package_identification:Package 'unitree_ros2/go1_description' with type 'ros.ament_cmake' and name 'go1_description'
[0.519s] Level 1:colcon.colcon_core.package_identification:_identify(unitree_ros2/ros2_unitree_legged_msgs) by extensions ['ignore', 'ignore_ament_install']
[0.519s] Level 1:colcon.colcon_core.package_identification:_identify(unitree_ros2/ros2_unitree_legged_msgs) by extension 'ignore'
[0.519s] Level 1:colcon.colcon_core.package_identification:_identify(unitree_ros2/ros2_unitree_legged_msgs) by extension 'ignore_ament_install'
[0.519s] Level 1:colcon.colcon_core.package_identification:_identify(unitree_ros2/ros2_unitree_legged_msgs) by extensions ['colcon_pkg']
[0.519s] Level 1:colcon.colcon_core.package_identification:_identify(unitree_ros2/ros2_unitree_legged_msgs) by extension 'colcon_pkg'
[0.519s] Level 1:colcon.colcon_core.package_identification:_identify(unitree_ros2/ros2_unitree_legged_msgs) by extensions ['colcon_meta']
[0.519s] Level 1:colcon.colcon_core.package_identification:_identify(unitree_ros2/ros2_unitree_legged_msgs) by extension 'colcon_meta'
[0.519s] Level 1:colcon.colcon_core.package_identification:_identify(unitree_ros2/ros2_unitree_legged_msgs) by extensions ['ros']
[0.519s] Level 1:colcon.colcon_core.package_identification:_identify(unitree_ros2/ros2_unitree_legged_msgs) by extension 'ros'
[0.520s] DEBUG:colcon.colcon_core.package_identification:Package 'unitree_ros2/ros2_unitree_legged_msgs' with type 'ros.ament_cmake' and name 'ros2_unitree_legged_msgs'
[0.520s] Level 1:colcon.colcon_core.package_identification:_identify(unitree_ros2/unitree_legged_real) by extensions ['ignore', 'ignore_ament_install']
[0.520s] Level 1:colcon.colcon_core.package_identification:_identify(unitree_ros2/unitree_legged_real) by extension 'ignore'
[0.520s] Level 1:colcon.colcon_core.package_identification:_identify(unitree_ros2/unitree_legged_real) by extension 'ignore_ament_install'
[0.520s] Level 1:colcon.colcon_core.package_identification:_identify(unitree_ros2/unitree_legged_real) by extensions ['colcon_pkg']
[0.520s] Level 1:colcon.colcon_core.package_identification:_identify(unitree_ros2/unitree_legged_real) by extension 'colcon_pkg'
[0.520s] Level 1:colcon.colcon_core.package_identification:_identify(unitree_ros2/unitree_legged_real) by extensions ['colcon_meta']
[0.520s] Level 1:colcon.colcon_core.package_identification:_identify(unitree_ros2/unitree_legged_real) by extension 'colcon_meta'
[0.520s] Level 1:colcon.colcon_core.package_identification:_identify(unitree_ros2/unitree_legged_real) by extensions ['ros']
[0.520s] Level 1:colcon.colcon_core.package_identification:_identify(unitree_ros2/unitree_legged_real) by extension 'ros'
[0.521s] DEBUG:colcon.colcon_core.package_identification:Package 'unitree_ros2/unitree_legged_real' with type 'ros.ament_cmake' and name 'unitree_legged_real'
[0.521s] Level 1:colcon.colcon_core.package_discovery:discover_packages(recursive) using defaults
[0.521s] Level 1:colcon.colcon_core.package_discovery:discover_packages(ignore) discover
[0.521s] Level 1:colcon.colcon_core.package_discovery:discover_packages(ignore) using defaults
[0.521s] Level 1:colcon.colcon_core.package_discovery:discover_packages(path) discover
[0.521s] Level 1:colcon.colcon_core.package_discovery:discover_packages(path) using defaults
[0.555s] Level 5:colcon.colcon_core.verb:set package 'go1_description' build argument 'cmake_args' from command line to 'None'
[0.555s] Level 5:colcon.colcon_core.verb:set package 'go1_description' build argument 'cmake_target' from command line to 'None'
[0.555s] Level 5:colcon.colcon_core.verb:set package 'go1_description' build argument 'cmake_target_skip_unavailable' from command line to 'False'
[0.555s] Level 5:colcon.colcon_core.verb:set package 'go1_description' build argument 'cmake_clean_cache' from command line to 'False'
[0.555s] Level 5:colcon.colcon_core.verb:set package 'go1_description' build argument 'cmake_clean_first' from command line to 'False'
[0.555s] Level 5:colcon.colcon_core.verb:set package 'go1_description' build argument 'cmake_force_configure' from command line to 'False'
[0.555s] Level 5:colcon.colcon_core.verb:set package 'go1_description' build argument 'ament_cmake_args' from command line to 'None'
[0.555s] Level 5:colcon.colcon_core.verb:set package 'go1_description' build argument 'catkin_cmake_args' from command line to 'None'
[0.555s] Level 5:colcon.colcon_core.verb:set package 'go1_description' build argument 'catkin_skip_building_tests' from command line to 'False'
[0.556s] DEBUG:colcon.colcon_core.verb:Building package 'go1_description' with the following arguments: {'ament_cmake_args': None, 'build_base': '/home/ros/Workshop/src/build/go1_description', 'catkin_cmake_args': None, 'catkin_skip_building_tests': False, 'cmake_args': None, 'cmake_clean_cache': False, 'cmake_clean_first': False, 'cmake_force_configure': False, 'cmake_target': None, 'cmake_target_skip_unavailable': False, 'install_base': '/home/ros/Workshop/src/install/go1_description', 'merge_install': False, 'path': '/home/ros/Workshop/src/unitree_ros2/go1_description', 'symlink_install': True, 'test_result_base': None}
[0.558s] Level 5:colcon.colcon_core.verb:set package 'ros2_unitree_legged_msgs' build argument 'cmake_args' from command line to 'None'
[0.558s] Level 5:colcon.colcon_core.verb:set package 'ros2_unitree_legged_msgs' build argument 'cmake_target' from command line to 'None'
[0.558s] Level 5:colcon.colcon_core.verb:set package 'ros2_unitree_legged_msgs' build argument 'cmake_target_skip_unavailable' from command line to 'False'
[0.558s] Level 5:colcon.colcon_core.verb:set package 'ros2_unitree_legged_msgs' build argument 'cmake_clean_cache' from command line to 'False'
[0.558s] Level 5:colcon.colcon_core.verb:set package 'ros2_unitree_legged_msgs' build argument 'cmake_clean_first' from command line to 'False'
[0.558s] Level 5:colcon.colcon_core.verb:set package 'ros2_unitree_legged_msgs' build argument 'cmake_force_configure' from command line to 'False'
[0.558s] Level 5:colcon.colcon_core.verb:set package 'ros2_unitree_legged_msgs' build argument 'ament_cmake_args' from command line to 'None'
[0.558s] Level 5:colcon.colcon_core.verb:set package 'ros2_unitree_legged_msgs' build argument 'catkin_cmake_args' from command line to 'None'
[0.558s] Level 5:colcon.colcon_core.verb:set package 'ros2_unitree_legged_msgs' build argument 'catkin_skip_building_tests' from command line to 'False'
[0.558s] DEBUG:colcon.colcon_core.verb:Building package 'ros2_unitree_legged_msgs' with the following arguments: {'ament_cmake_args': None, 'build_base': '/home/ros/Workshop/src/build/ros2_unitree_legged_msgs', 'catkin_cmake_args': None, 'catkin_skip_building_tests': False, 'cmake_args': None, 'cmake_clean_cache': False, 'cmake_clean_first': False, 'cmake_force_configure': False, 'cmake_target': None, 'cmake_target_skip_unavailable': False, 'install_base': '/home/ros/Workshop/src/install/ros2_unitree_legged_msgs', 'merge_install': False, 'path': '/home/ros/Workshop/src/unitree_ros2/ros2_unitree_legged_msgs', 'symlink_install': True, 'test_result_base': None}
[0.559s] Level 5:colcon.colcon_core.verb:set package 'rslidar_msg' build argument 'cmake_args' from command line to 'None'
[0.559s] Level 5:colcon.colcon_core.verb:set package 'rslidar_msg' build argument 'cmake_target' from command line to 'None'
[0.559s] Level 5:colcon.colcon_core.verb:set package 'rslidar_msg' build argument 'cmake_target_skip_unavailable' from command line to 'False'
[0.559s] Level 5:colcon.colcon_core.verb:set package 'rslidar_msg' build argument 'cmake_clean_cache' from command line to 'False'
[0.560s] Level 5:colcon.colcon_core.verb:set package 'rslidar_msg' build argument 'cmake_clean_first' from command line to 'False'
[0.560s] Level 5:colcon.colcon_core.verb:set package 'rslidar_msg' build argument 'cmake_force_configure' from command line to 'False'
[0.560s] Level 5:colcon.colcon_core.verb:set package 'rslidar_msg' build argument 'ament_cmake_args' from command line to 'None'
[0.560s] Level 5:colcon.colcon_core.verb:set package 'rslidar_msg' build argument 'catkin_cmake_args' from command line to 'None'
[0.560s] Level 5:colcon.colcon_core.verb:set package 'rslidar_msg' build argument 'catkin_skip_building_tests' from command line to 'False'
[0.560s] DEBUG:colcon.colcon_core.verb:Building package 'rslidar_msg' with the following arguments: {'ament_cmake_args': None, 'build_base': '/home/ros/Workshop/src/build/rslidar_msg', 'catkin_cmake_args': None, 'catkin_skip_building_tests': False, 'cmake_args': None, 'cmake_clean_cache': False, 'cmake_clean_first': False, 'cmake_force_configure': False, 'cmake_target': None, 'cmake_target_skip_unavailable': False, 'install_base': '/home/ros/Workshop/src/install/rslidar_msg', 'merge_install': False, 'path': '/home/ros/Workshop/src/rslidar_msg', 'symlink_install': True, 'test_result_base': None}
[0.561s] Level 5:colcon.colcon_core.verb:set package 'unitree_nav_interfaces' build argument 'cmake_args' from command line to 'None'
[0.561s] Level 5:colcon.colcon_core.verb:set package 'unitree_nav_interfaces' build argument 'cmake_target' from command line to 'None'
[0.561s] Level 5:colcon.colcon_core.verb:set package 'unitree_nav_interfaces' build argument 'cmake_target_skip_unavailable' from command line to 'False'
[0.561s] Level 5:colcon.colcon_core.verb:set package 'unitree_nav_interfaces' build argument 'cmake_clean_cache' from command line to 'False'
[0.561s] Level 5:colcon.colcon_core.verb:set package 'unitree_nav_interfaces' build argument 'cmake_clean_first' from command line to 'False'
[0.561s] Level 5:colcon.colcon_core.verb:set package 'unitree_nav_interfaces' build argument 'cmake_force_configure' from command line to 'False'
[0.561s] Level 5:colcon.colcon_core.verb:set package 'unitree_nav_interfaces' build argument 'ament_cmake_args' from command line to 'None'
[0.561s] Level 5:colcon.colcon_core.verb:set package 'unitree_nav_interfaces' build argument 'catkin_cmake_args' from command line to 'None'
[0.561s] Level 5:colcon.colcon_core.verb:set package 'unitree_nav_interfaces' build argument 'catkin_skip_building_tests' from command line to 'False'
[0.561s] DEBUG:colcon.colcon_core.verb:Building package 'unitree_nav_interfaces' with the following arguments: {'ament_cmake_args': None, 'build_base': '/home/ros/Workshop/src/build/unitree_nav_interfaces', 'catkin_cmake_args': None, 'catkin_skip_building_tests': False, 'cmake_args': None, 'cmake_clean_cache': False, 'cmake_clean_first': False, 'cmake_force_configure': False, 'cmake_target': None, 'cmake_target_skip_unavailable': False, 'install_base': '/home/ros/Workshop/src/install/unitree_nav_interfaces', 'merge_install': False, 'path': '/home/ros/Workshop/src/unitree_nav/unitree_nav_interfaces', 'symlink_install': True, 'test_result_base': None}
[0.563s] Level 5:colcon.colcon_core.verb:set package 'unitree_nav_launch_module' build argument 'cmake_args' from command line to 'None'
[0.563s] Level 5:colcon.colcon_core.verb:set package 'unitree_nav_launch_module' build argument 'cmake_target' from command line to 'None'
[0.563s] Level 5:colcon.colcon_core.verb:set package 'unitree_nav_launch_module' build argument 'cmake_target_skip_unavailable' from command line to 'False'
[0.563s] Level 5:colcon.colcon_core.verb:set package 'unitree_nav_launch_module' build argument 'cmake_clean_cache' from command line to 'False'
[0.563s] Level 5:colcon.colcon_core.verb:set package 'unitree_nav_launch_module' build argument 'cmake_clean_first' from command line to 'False'
[0.563s] Level 5:colcon.colcon_core.verb:set package 'unitree_nav_launch_module' build argument 'cmake_force_configure' from command line to 'False'
[0.563s] Level 5:colcon.colcon_core.verb:set package 'unitree_nav_launch_module' build argument 'ament_cmake_args' from command line to 'None'
[0.563s] Level 5:colcon.colcon_core.verb:set package 'unitree_nav_launch_module' build argument 'catkin_cmake_args' from command line to 'None'
[0.563s] Level 5:colcon.colcon_core.verb:set package 'unitree_nav_launch_module' build argument 'catkin_skip_building_tests' from command line to 'False'
[0.563s] DEBUG:colcon.colcon_core.verb:Building package 'unitree_nav_launch_module' with the following arguments: {'ament_cmake_args': None, 'build_base': '/home/ros/Workshop/src/build/unitree_nav_launch_module', 'catkin_cmake_args': None, 'catkin_skip_building_tests': False, 'cmake_args': None, 'cmake_clean_cache': False, 'cmake_clean_first': False, 'cmake_force_configure': False, 'cmake_target': None, 'cmake_target_skip_unavailable': False, 'install_base': '/home/ros/Workshop/src/install/unitree_nav_launch_module', 'merge_install': False, 'path': '/home/ros/Workshop/src/unitree_nav/unitree_nav_launch_module', 'symlink_install': True, 'test_result_base': None}
[0.565s] Level 5:colcon.colcon_core.verb:set package 'rslidar_sdk' build argument 'cmake_args' from command line to 'None'
[0.565s] Level 5:colcon.colcon_core.verb:set package 'rslidar_sdk' build argument 'cmake_target' from command line to 'None'
[0.565s] Level 5:colcon.colcon_core.verb:set package 'rslidar_sdk' build argument 'cmake_target_skip_unavailable' from command line to 'False'
[0.566s] Level 5:colcon.colcon_core.verb:set package 'rslidar_sdk' build argument 'cmake_clean_cache' from command line to 'False'
[0.566s] Level 5:colcon.colcon_core.verb:set package 'rslidar_sdk' build argument 'cmake_clean_first' from command line to 'False'
[0.566s] Level 5:colcon.colcon_core.verb:set package 'rslidar_sdk' build argument 'cmake_force_configure' from command line to 'False'
[0.566s] Level 5:colcon.colcon_core.verb:set package 'rslidar_sdk' build argument 'ament_cmake_args' from command line to 'None'
[0.567s] Level 5:colcon.colcon_core.verb:set package 'rslidar_sdk' build argument 'catkin_cmake_args' from command line to 'None'
[0.567s] Level 5:colcon.colcon_core.verb:set package 'rslidar_sdk' build argument 'catkin_skip_building_tests' from command line to 'False'
[0.567s] DEBUG:colcon.colcon_core.verb:Building package 'rslidar_sdk' with the following arguments: {'ament_cmake_args': None, 'build_base': '/home/ros/Workshop/src/build/rslidar_sdk', 'catkin_cmake_args': None, 'catkin_skip_building_tests': False, 'cmake_args': None, 'cmake_clean_cache': False, 'cmake_clean_first': False, 'cmake_force_configure': False, 'cmake_target': None, 'cmake_target_skip_unavailable': False, 'install_base': '/home/ros/Workshop/src/install/rslidar_sdk', 'merge_install': False, 'path': '/home/ros/Workshop/src/rslidar_sdk_ros2', 'symlink_install': True, 'test_result_base': None}
[0.568s] Level 5:colcon.colcon_core.verb:set package 'unitree_legged_real' build argument 'cmake_args' from command line to 'None'
[0.568s] Level 5:colcon.colcon_core.verb:set package 'unitree_legged_real' build argument 'cmake_target' from command line to 'None'
[0.568s] Level 5:colcon.colcon_core.verb:set package 'unitree_legged_real' build argument 'cmake_target_skip_unavailable' from command line to 'False'
[0.568s] Level 5:colcon.colcon_core.verb:set package 'unitree_legged_real' build argument 'cmake_clean_cache' from command line to 'False'
[0.568s] Level 5:colcon.colcon_core.verb:set package 'unitree_legged_real' build argument 'cmake_clean_first' from command line to 'False'
[0.568s] Level 5:colcon.colcon_core.verb:set package 'unitree_legged_real' build argument 'cmake_force_configure' from command line to 'False'
[0.568s] Level 5:colcon.colcon_core.verb:set package 'unitree_legged_real' build argument 'ament_cmake_args' from command line to 'None'
[0.568s] Level 5:colcon.colcon_core.verb:set package 'unitree_legged_real' build argument 'catkin_cmake_args' from command line to 'None'
[0.568s] Level 5:colcon.colcon_core.verb:set package 'unitree_legged_real' build argument 'catkin_skip_building_tests' from command line to 'False'
[0.568s] DEBUG:colcon.colcon_core.verb:Building package 'unitree_legged_real' with the following arguments: {'ament_cmake_args': None, 'build_base': '/home/ros/Workshop/src/build/unitree_legged_real', 'catkin_cmake_args': None, 'catkin_skip_building_tests': False, 'cmake_args': None, 'cmake_clean_cache': False, 'cmake_clean_first': False, 'cmake_force_configure': False, 'cmake_target': None, 'cmake_target_skip_unavailable': False, 'install_base': '/home/ros/Workshop/src/install/unitree_legged_real', 'merge_install': False, 'path': '/home/ros/Workshop/src/unitree_ros2/unitree_legged_real', 'symlink_install': True, 'test_result_base': None}
[0.569s] Level 5:colcon.colcon_core.verb:set package 'unitree_nav' build argument 'cmake_args' from command line to 'None'
[0.569s] Level 5:colcon.colcon_core.verb:set package 'unitree_nav' build argument 'cmake_target' from command line to 'None'
[0.570s] Level 5:colcon.colcon_core.verb:set package 'unitree_nav' build argument 'cmake_target_skip_unavailable' from command line to 'False'
[0.570s] Level 5:colcon.colcon_core.verb:set package 'unitree_nav' build argument 'cmake_clean_cache' from command line to 'False'
[0.570s] Level 5:colcon.colcon_core.verb:set package 'unitree_nav' build argument 'cmake_clean_first' from command line to 'False'
[0.570s] Level 5:colcon.colcon_core.verb:set package 'unitree_nav' build argument 'cmake_force_configure' from command line to 'False'
[0.570s] Level 5:colcon.colcon_core.verb:set package 'unitree_nav' build argument 'ament_cmake_args' from command line to 'None'
[0.570s] Level 5:colcon.colcon_core.verb:set package 'unitree_nav' build argument 'catkin_cmake_args' from command line to 'None'
[0.570s] Level 5:colcon.colcon_core.verb:set package 'unitree_nav' build argument 'catkin_skip_building_tests' from command line to 'False'
[0.570s] DEBUG:colcon.colcon_core.verb:Building package 'unitree_nav' with the following arguments: {'ament_cmake_args': None, 'build_base': '/home/ros/Workshop/src/build/unitree_nav', 'catkin_cmake_args': None, 'catkin_skip_building_tests': False, 'cmake_args': None, 'cmake_clean_cache': False, 'cmake_clean_first': False, 'cmake_force_configure': False, 'cmake_target': None, 'cmake_target_skip_unavailable': False, 'install_base': '/home/ros/Workshop/src/install/unitree_nav', 'merge_install': False, 'path': '/home/ros/Workshop/src/unitree_nav/unitree_nav', 'symlink_install': True, 'test_result_base': None}
[0.571s] INFO:colcon.colcon_core.executor:Executing jobs using 'parallel' executor
[0.575s] DEBUG:colcon.colcon_parallel_executor.executor.parallel:run_until_complete
[0.576s] INFO:colcon.colcon_ros.task.ament_cmake.build:Building ROS package in '/home/ros/Workshop/src/unitree_ros2/ros2_unitree_legged_msgs' with build type 'ament_cmake'
[0.576s] INFO:colcon.colcon_cmake.task.cmake.build:Building CMake package in '/home/ros/Workshop/src/unitree_ros2/ros2_unitree_legged_msgs'
[0.586s] INFO:colcon.colcon_core.plugin_system:Skipping extension 'colcon_core.shell.bat': Not used on non-Windows systems
[0.588s] INFO:colcon.colcon_core.shell:Skip shell extension 'powershell' for command environment: Not usable outside of PowerShell
[0.588s] DEBUG:colcon.colcon_core.shell:Skip shell extension 'dsv' for command environment
[0.603s] INFO:colcon.colcon_ros.task.ament_cmake.build:Building ROS package in '/home/ros/Workshop/src/rslidar_msg' with build type 'ament_cmake'
[0.603s] INFO:colcon.colcon_cmake.task.cmake.build:Building CMake package in '/home/ros/Workshop/src/rslidar_msg'
[0.606s] INFO:colcon.colcon_core.shell:Skip shell extension 'powershell' for command environment: Not usable outside of PowerShell
[0.606s] DEBUG:colcon.colcon_core.shell:Skip shell extension 'dsv' for command environment
[0.629s] INFO:colcon.colcon_ros.task.ament_cmake.build:Building ROS package in '/home/ros/Workshop/src/unitree_nav/unitree_nav_interfaces' with build type 'ament_cmake'
[0.629s] INFO:colcon.colcon_cmake.task.cmake.build:Building CMake package in '/home/ros/Workshop/src/unitree_nav/unitree_nav_interfaces'
[0.636s] INFO:colcon.colcon_core.shell:Skip shell extension 'powershell' for command environment: Not usable outside of PowerShell
[0.637s] DEBUG:colcon.colcon_core.shell:Skip shell extension 'dsv' for command environment
[0.666s] INFO:colcon.colcon_ros.task.ament_cmake.build:Building ROS package in '/home/ros/Workshop/src/unitree_ros2/go1_description' with build type 'ament_cmake'
[0.667s] INFO:colcon.colcon_cmake.task.cmake.build:Building CMake package in '/home/ros/Workshop/src/unitree_ros2/go1_description'
[0.670s] INFO:colcon.colcon_core.shell:Skip shell extension 'powershell' for command environment: Not usable outside of PowerShell
[0.671s] DEBUG:colcon.colcon_core.shell:Skip shell extension 'dsv' for command environment
[0.712s] DEBUG:colcon.colcon_core.event_handler.log_command:Invoking command in '/home/ros/Workshop/src/build/ros2_unitree_legged_msgs': CMAKE_PREFIX_PATH=${CMAKE_PREFIX_PATH}:/opt/ros/humble /usr/bin/cmake /home/ros/Workshop/src/unitree_ros2/ros2_unitree_legged_msgs -DAMENT_CMAKE_SYMLINK_INSTALL=1 -DCMAKE_INSTALL_PREFIX=/home/ros/Workshop/src/install/ros2_unitree_legged_msgs
[0.714s] DEBUG:colcon.colcon_core.event_handler.log_command:Invoking command in '/home/ros/Workshop/src/build/rslidar_msg': CMAKE_PREFIX_PATH=${CMAKE_PREFIX_PATH}:/opt/ros/humble /usr/bin/cmake /home/ros/Workshop/src/rslidar_msg -DAMENT_CMAKE_SYMLINK_INSTALL=1 -DCMAKE_INSTALL_PREFIX=/home/ros/Workshop/src/install/rslidar_msg
[0.737s] DEBUG:colcon.colcon_core.event_handler.log_command:Invoking command in '/home/ros/Workshop/src/build/unitree_nav_interfaces': CMAKE_PREFIX_PATH=${CMAKE_PREFIX_PATH}:/opt/ros/humble /usr/bin/cmake /home/ros/Workshop/src/unitree_nav/unitree_nav_interfaces -DAMENT_CMAKE_SYMLINK_INSTALL=1 -DCMAKE_INSTALL_PREFIX=/home/ros/Workshop/src/install/unitree_nav_interfaces
[0.764s] DEBUG:colcon.colcon_core.event_handler.log_command:Invoking command in '/home/ros/Workshop/src/build/go1_description': CMAKE_PREFIX_PATH=${CMAKE_PREFIX_PATH}:/opt/ros/humble /usr/bin/cmake /home/ros/Workshop/src/unitree_ros2/go1_description -DAMENT_CMAKE_SYMLINK_INSTALL=1 -DCMAKE_INSTALL_PREFIX=/home/ros/Workshop/src/install/go1_description
[4.031s] DEBUG:colcon.colcon_core.event_handler.log_command:Invoked command in '/home/ros/Workshop/src/build/go1_description' returned '0': CMAKE_PREFIX_PATH=${CMAKE_PREFIX_PATH}:/opt/ros/humble /usr/bin/cmake /home/ros/Workshop/src/unitree_ros2/go1_description -DAMENT_CMAKE_SYMLINK_INSTALL=1 -DCMAKE_INSTALL_PREFIX=/home/ros/Workshop/src/install/go1_description
[4.039s] DEBUG:colcon.colcon_core.event_handler.log_command:Invoking command in '/home/ros/Workshop/src/build/go1_description': CMAKE_PREFIX_PATH=${CMAKE_PREFIX_PATH}:/opt/ros/humble /usr/bin/cmake --build /home/ros/Workshop/src/build/go1_description -- -j4 -l4
[4.358s] DEBUG:colcon.colcon_core.event_handler.log_command:Invoked command in '/home/ros/Workshop/src/build/go1_description' returned '0': CMAKE_PREFIX_PATH=${CMAKE_PREFIX_PATH}:/opt/ros/humble /usr/bin/cmake --build /home/ros/Workshop/src/build/go1_description -- -j4 -l4
[4.730s] DEBUG:colcon.colcon_core.event_handler.log_command:Invoking command in '/home/ros/Workshop/src/build/go1_description': CMAKE_PREFIX_PATH=${CMAKE_PREFIX_PATH}:/opt/ros/humble /usr/bin/cmake --install /home/ros/Workshop/src/build/go1_description
[5.354s] WARNING:colcon.colcon_cmake.task.cmake.build:Could not build CMake package 'unitree_nav_interfaces' because the CMake cache has no 'CMAKE_PROJECT_NAME' variable
[5.355s] DEBUG:colcon.colcon_core.event_handler.log_command:Invoked command in '/home/ros/Workshop/src/build/unitree_nav_interfaces' returned '0': CMAKE_PREFIX_PATH=${CMAKE_PREFIX_PATH}:/opt/ros/humble /usr/bin/cmake /home/ros/Workshop/src/unitree_nav/unitree_nav_interfaces -DAMENT_CMAKE_SYMLINK_INSTALL=1 -DCMAKE_INSTALL_PREFIX=/home/ros/Workshop/src/install/unitree_nav_interfaces
[6.408s] DEBUG:colcon.colcon_parallel_executor.executor.parallel:run_until_complete was interrupted
[6.408s] DEBUG:colcon.colcon_parallel_executor.executor.parallel:run_until_complete again
[6.425s] DEBUG:colcon.colcon_parallel_executor.executor.parallel:run_until_complete finished
[6.425s] DEBUG:colcon.colcon_parallel_executor.executor.parallel:closing loop
[6.425s] DEBUG:colcon.colcon_parallel_executor.executor.parallel:loop closed
[6.426s] DEBUG:colcon.colcon_core.event_reactor:joining thread
[6.452s] INFO:colcon.colcon_core.plugin_system:Skipping extension 'colcon_notification.desktop_notification.terminal_notifier': Not used on non-Darwin systems
[6.452s] INFO:colcon.colcon_core.plugin_system:Skipping extension 'colcon_notification.desktop_notification.win32': Not used on non-Windows systems
[6.453s] INFO:colcon.colcon_notification.desktop_notification:Sending desktop notification using 'notify2'
[6.479s] DEBUG:colcon.colcon_notification.desktop_notification.notify2:Failed to initialize notify2: org.freedesktop.DBus.Error.Spawn.ExecFailed: /usr/bin/dbus-launch terminated abnormally with the following error: Authorization required, but no authorization protocol specified
Autolaunch error: X11 initialization failed.

[6.479s] DEBUG:colcon.colcon_core.event_reactor:joined thread
[6.483s] INFO:colcon.colcon_core.shell:Creating prefix script '/home/ros/Workshop/src/install/local_setup.ps1'
[6.485s] INFO:colcon.colcon_core.shell:Creating prefix util module '/home/ros/Workshop/src/install/_local_setup_util_ps1.py'
[6.487s] INFO:colcon.colcon_core.shell:Creating prefix chain script '/home/ros/Workshop/src/install/setup.ps1'
[6.490s] INFO:colcon.colcon_core.shell:Creating prefix script '/home/ros/Workshop/src/install/local_setup.sh'
[6.491s] INFO:colcon.colcon_core.shell:Creating prefix util module '/home/ros/Workshop/src/install/_local_setup_util_sh.py'
[6.492s] INFO:colcon.colcon_core.shell:Creating prefix chain script '/home/ros/Workshop/src/install/setup.sh'
[6.496s] INFO:colcon.colcon_core.shell:Creating prefix script '/home/ros/Workshop/src/install/local_setup.bash'
[6.496s] INFO:colcon.colcon_core.shell:Creating prefix chain script '/home/ros/Workshop/src/install/setup.bash'
[6.500s] INFO:colcon.colcon_core.shell:Creating prefix script '/home/ros/Workshop/src/install/local_setup.zsh'
[6.501s] INFO:colcon.colcon_core.shell:Creating prefix chain script '/home/ros/Workshop/src/install/setup.zsh'
