[0.093s] Invoking command in '/home/ros/Workshop/src/build/go1_description': CMAKE_PREFIX_PATH=${CMAKE_PREFIX_PATH}:/opt/ros/humble /usr/bin/cmake /home/ros/Workshop/src/unitree_ros2/go1_description -DAMENT_CMAKE_SYMLINK_INSTALL=1 -DCMAKE_INSTALL_PREFIX=/home/ros/Workshop/src/install/go1_description
[0.503s] -- The C compiler identification is GNU 11.3.0
[0.761s] -- The CXX compiler identification is GNU 11.3.0
[0.794s] -- Detecting C compiler ABI info
[1.345s] -- Detecting C compiler ABI info - done
[1.360s] -- Check for working C compiler: /usr/bin/cc - skipped
[1.361s] -- Detecting C compile features
[1.361s] -- Detecting C compile features - done
[1.366s] -- Detecting CXX compiler ABI info
[1.888s] -- Detecting CXX compiler ABI info - done
[1.905s] -- Check for working CXX compiler: /usr/bin/c++ - skipped
[1.905s] -- Detecting CXX compile features
[1.906s] -- Detecting CXX compile features - done
[1.928s] -- Found ament_cmake: 1.3.4 (/opt/ros/humble/share/ament_cmake/cmake)
[2.629s] -- Found Python3: /usr/bin/python3.10 (found version "3.10.6") found components: Interpreter 
[2.784s] -- Override CMake install command with custom implementation using symlinks instead of copying resources
[3.020s] -- Found ament_lint_auto: 0.12.6 (/opt/ros/humble/share/ament_lint_auto/cmake)
[3.302s] -- Added test 'flake8' to check Python code syntax and style conventions
[3.308s] -- Added test 'lint_cmake' to check CMake code style
[3.315s] -- Added test 'pep257' to check Python code against some of the docstring style conventions in PEP 257
[3.325s] -- Added test 'xmllint' to check XML markup files
[3.342s] -- Configuring done
[3.351s] -- Generating done
[3.354s] -- Build files have been written to: /home/ros/Workshop/src/build/go1_description
[3.360s] Invoked command in '/home/ros/Workshop/src/build/go1_description' returned '0': CMAKE_PREFIX_PATH=${CMAKE_PREFIX_PATH}:/opt/ros/humble /usr/bin/cmake /home/ros/Workshop/src/unitree_ros2/go1_description -DAMENT_CMAKE_SYMLINK_INSTALL=1 -DCMAKE_INSTALL_PREFIX=/home/ros/Workshop/src/install/go1_description
[3.368s] Invoking command in '/home/ros/Workshop/src/build/go1_description': CMAKE_PREFIX_PATH=${CMAKE_PREFIX_PATH}:/opt/ros/humble /usr/bin/cmake --build /home/ros/Workshop/src/build/go1_description -- -j4 -l4
[3.687s] Invoked command in '/home/ros/Workshop/src/build/go1_description' returned '0': CMAKE_PREFIX_PATH=${CMAKE_PREFIX_PATH}:/opt/ros/humble /usr/bin/cmake --build /home/ros/Workshop/src/build/go1_description -- -j4 -l4
[4.059s] Invoking command in '/home/ros/Workshop/src/build/go1_description': CMAKE_PREFIX_PATH=${CMAKE_PREFIX_PATH}:/opt/ros/humble /usr/bin/cmake --install /home/ros/Workshop/src/build/go1_description
[4.119s] -- Install configuration: ""
[4.121s] -- Execute custom install script
[4.124s] -- Symlinking: /home/ros/Workshop/src/install/go1_description/share/go1_description//launch/load_go1.launch.py
[4.196s] -- Symlinking: /home/ros/Workshop/src/install/go1_description/share/go1_description//config/go1.rviz
[4.266s] -- Symlinking: /home/ros/Workshop/src/install/go1_description/share/go1_description//meshes/calf.dae
[4.326s] -- Symlinking: /home/ros/Workshop/src/install/go1_description/share/go1_description//meshes/depthCamera.dae
[4.392s] -- Symlinking: /home/ros/Workshop/src/install/go1_description/share/go1_description//meshes/hip.dae
[4.463s] -- Symlinking: /home/ros/Workshop/src/install/go1_description/share/go1_description//meshes/thigh.dae
[4.520s] -- Symlinking: /home/ros/Workshop/src/install/go1_description/share/go1_description//meshes/thigh_mirror.dae
[4.583s] -- Symlinking: /home/ros/Workshop/src/install/go1_description/share/go1_description//meshes/trunk.dae
[4.643s] -- Symlinking: /home/ros/Workshop/src/install/go1_description/share/go1_description//meshes/ultraSound.dae
[4.716s] -- Symlinking: /home/ros/Workshop/src/install/go1_description/share/go1_description//xacro/const.xacro
[4.792s] -- Symlinking: /home/ros/Workshop/src/install/go1_description/share/go1_description//xacro/depthCamera.xacro
[4.847s] -- Symlinking: /home/ros/Workshop/src/install/go1_description/share/go1_description//xacro/gazebo.xacro
[4.908s] -- Symlinking: /home/ros/Workshop/src/install/go1_description/share/go1_description//xacro/leg.xacro
[4.986s] -- Symlinking: /home/ros/Workshop/src/install/go1_description/share/go1_description//xacro/materials.xacro
[5.046s] -- Symlinking: /home/ros/Workshop/src/install/go1_description/share/go1_description//xacro/robot.xacro
[5.105s] -- Symlinking: /home/ros/Workshop/src/install/go1_description/share/go1_description//xacro/transmission.xacro
[5.175s] -- Symlinking: /home/ros/Workshop/src/install/go1_description/share/go1_description//xacro/ultraSound.xacro
[5.232s] -- Symlinking: /home/ros/Workshop/src/install/go1_description/share/ament_index/resource_index/package_run_dependencies/go1_description
[5.285s] -- Symlinking: /home/ros/Workshop/src/install/go1_description/share/ament_index/resource_index/parent_prefix_path/go1_description
[5.345s] -- Symlinking: /home/ros/Workshop/src/install/go1_description/share/go1_description/environment/ament_prefix_path.sh
[5.410s] -- Symlinking: /home/ros/Workshop/src/install/go1_description/share/go1_description/environment/ament_prefix_path.dsv
[5.469s] -- Symlinking: /home/ros/Workshop/src/install/go1_description/share/go1_description/environment/path.sh
[5.533s] -- Symlinking: /home/ros/Workshop/src/install/go1_description/share/go1_description/environment/path.dsv
[5.590s] -- Symlinking: /home/ros/Workshop/src/install/go1_description/share/go1_description/local_setup.bash
[5.649s] -- Symlinking: /home/ros/Workshop/src/install/go1_description/share/go1_description/local_setup.sh
[5.703s] -- Symlinking: /home/ros/Workshop/src/install/go1_description/share/go1_description/local_setup.zsh
