[0.700s] DEBUG:colcon:Command line arguments: ['/usr/bin/colcon', 'build', '--symlink-install']
[0.700s] DEBUG:colcon:Parsed command line arguments: Namespace(log_base=None, log_level=None, verb_name='build', build_base='build', install_base='install', merge_install=False, symlink_install=True, test_result_base=None, continue_on_error=False, executor='parallel', parallel_workers=4, event_handlers=None, ignore_user_meta=False, metas=['./colcon.meta'], base_paths=['.'], packages_ignore=None, packages_ignore_regex=None, paths=None, packages_up_to=None, packages_up_to_regex=None, packages_above=None, packages_above_and_dependencies=None, packages_above_depth=None, packages_select_by_dep=None, packages_skip_by_dep=None, packages_skip_up_to=None, packages_select_build_failed=False, packages_skip_build_finished=False, packages_select_test_failures=False, packages_skip_test_passed=False, packages_select=None, packages_skip=None, packages_select_regex=None, packages_skip_regex=None, packages_start=None, packages_end=None, cmake_args=None, cmake_target=None, cmake_target_skip_unavailable=False, cmake_clean_cache=False, cmake_clean_first=False, cmake_force_configure=False, ament_cmake_args=None, catkin_cmake_args=None, catkin_skip_building_tests=False, verb_parser=<colcon_defaults.argument_parser.defaults.DefaultArgumentsDecorator object at 0x7fe48c31dd20>, verb_extension=<colcon_core.verb.build.BuildVerb object at 0x7fe48cb114e0>, main=<bound method BuildVerb.main of <colcon_core.verb.build.BuildVerb object at 0x7fe48cb114e0>>)
[0.759s] Level 1:colcon.colcon_core.package_discovery:discover_packages(colcon_meta) check parameters
[0.759s] Level 1:colcon.colcon_core.package_discovery:discover_packages(recursive) check parameters
[0.759s] Level 1:colcon.colcon_core.package_discovery:discover_packages(ignore) check parameters
[0.759s] Level 1:colcon.colcon_core.package_discovery:discover_packages(path) check parameters
[0.759s] Level 1:colcon.colcon_core.package_discovery:discover_packages(colcon_meta) discover
[0.759s] Level 1:colcon.colcon_core.package_discovery:discover_packages(recursive) discover
[0.759s] INFO:colcon.colcon_core.package_discovery:Crawling recursively for packages in '/home/ros/Workshop/src'
[0.759s] Level 1:colcon.colcon_core.package_identification:_identify(.) by extensions ['ignore', 'ignore_ament_install']
[0.759s] Level 1:colcon.colcon_core.package_identification:_identify(.) by extension 'ignore'
[0.760s] Level 1:colcon.colcon_core.package_identification:_identify(.) by extension 'ignore_ament_install'
[0.760s] Level 1:colcon.colcon_core.package_identification:_identify(.) by extensions ['colcon_pkg']
[0.760s] Level 1:colcon.colcon_core.package_identification:_identify(.) by extension 'colcon_pkg'
[0.760s] Level 1:colcon.colcon_core.package_identification:_identify(.) by extensions ['colcon_meta']
[0.760s] Level 1:colcon.colcon_core.package_identification:_identify(.) by extension 'colcon_meta'
[0.760s] Level 1:colcon.colcon_core.package_identification:_identify(.) by extensions ['ros']
[0.760s] Level 1:colcon.colcon_core.package_identification:_identify(.) by extension 'ros'
[0.777s] Level 1:colcon.colcon_core.package_identification:_identify(.) by extensions ['cmake', 'python']
[0.777s] Level 1:colcon.colcon_core.package_identification:_identify(.) by extension 'cmake'
[0.777s] Level 1:colcon.colcon_core.package_identification:_identify(.) by extension 'python'
[0.778s] Level 1:colcon.colcon_core.package_identification:_identify(.) by extensions ['python_setup_py']
[0.778s] Level 1:colcon.colcon_core.package_identification:_identify(.) by extension 'python_setup_py'
[0.778s] Level 1:colcon.colcon_core.package_identification:_identify(build) by extensions ['ignore', 'ignore_ament_install']
[0.778s] Level 1:colcon.colcon_core.package_identification:_identify(build) by extension 'ignore'
[0.778s] Level 1:colcon.colcon_core.package_identification:_identify(build) ignored
[0.778s] Level 1:colcon.colcon_core.package_identification:_identify(install) by extensions ['ignore', 'ignore_ament_install']
[0.778s] Level 1:colcon.colcon_core.package_identification:_identify(install) by extension 'ignore'
[0.778s] Level 1:colcon.colcon_core.package_identification:_identify(install) ignored
[0.778s] Level 1:colcon.colcon_core.package_identification:_identify(log) by extensions ['ignore', 'ignore_ament_install']
[0.779s] Level 1:colcon.colcon_core.package_identification:_identify(log) by extension 'ignore'
[0.779s] Level 1:colcon.colcon_core.package_identification:_identify(log) ignored
[0.779s] Level 1:colcon.colcon_core.package_identification:_identify(rslidar_msg) by extensions ['ignore', 'ignore_ament_install']
[0.779s] Level 1:colcon.colcon_core.package_identification:_identify(rslidar_msg) by extension 'ignore'
[0.780s] Level 1:colcon.colcon_core.package_identification:_identify(rslidar_msg) by extension 'ignore_ament_install'
[0.780s] Level 1:colcon.colcon_core.package_identification:_identify(rslidar_msg) by extensions ['colcon_pkg']
[0.780s] Level 1:colcon.colcon_core.package_identification:_identify(rslidar_msg) by extension 'colcon_pkg'
[0.780s] Level 1:colcon.colcon_core.package_identification:_identify(rslidar_msg) by extensions ['colcon_meta']
[0.780s] Level 1:colcon.colcon_core.package_identification:_identify(rslidar_msg) by extension 'colcon_meta'
[0.780s] Level 1:colcon.colcon_core.package_identification:_identify(rslidar_msg) by extensions ['ros']
[0.780s] Level 1:colcon.colcon_core.package_identification:_identify(rslidar_msg) by extension 'ros'
[0.784s] DEBUG:colcon.colcon_core.package_identification:Package 'rslidar_msg' with type 'ros.ament_cmake' and name 'rslidar_msg'
[0.785s] Level 1:colcon.colcon_core.package_identification:_identify(rslidar_sdk_ros2) by extensions ['ignore', 'ignore_ament_install']
[0.785s] Level 1:colcon.colcon_core.package_identification:_identify(rslidar_sdk_ros2) by extension 'ignore'
[0.785s] Level 1:colcon.colcon_core.package_identification:_identify(rslidar_sdk_ros2) by extension 'ignore_ament_install'
[0.785s] Level 1:colcon.colcon_core.package_identification:_identify(rslidar_sdk_ros2) by extensions ['colcon_pkg']
[0.785s] Level 1:colcon.colcon_core.package_identification:_identify(rslidar_sdk_ros2) by extension 'colcon_pkg'
[0.785s] Level 1:colcon.colcon_core.package_identification:_identify(rslidar_sdk_ros2) by extensions ['colcon_meta']
[0.785s] Level 1:colcon.colcon_core.package_identification:_identify(rslidar_sdk_ros2) by extension 'colcon_meta'
[0.785s] Level 1:colcon.colcon_core.package_identification:_identify(rslidar_sdk_ros2) by extensions ['ros']
[0.785s] Level 1:colcon.colcon_core.package_identification:_identify(rslidar_sdk_ros2) by extension 'ros'
[0.786s] DEBUG:colcon.colcon_core.package_identification:Package 'rslidar_sdk_ros2' with type 'ros.ament_cmake' and name 'rslidar_sdk'
[0.786s] Level 1:colcon.colcon_core.package_identification:_identify(unitree_nav) by extensions ['ignore', 'ignore_ament_install']
[0.786s] Level 1:colcon.colcon_core.package_identification:_identify(unitree_nav) by extension 'ignore'
[0.786s] Level 1:colcon.colcon_core.package_identification:_identify(unitree_nav) by extension 'ignore_ament_install'
[0.786s] Level 1:colcon.colcon_core.package_identification:_identify(unitree_nav) by extensions ['colcon_pkg']
[0.786s] Level 1:colcon.colcon_core.package_identification:_identify(unitree_nav) by extension 'colcon_pkg'
[0.786s] Level 1:colcon.colcon_core.package_identification:_identify(unitree_nav) by extensions ['colcon_meta']
[0.786s] Level 1:colcon.colcon_core.package_identification:_identify(unitree_nav) by extension 'colcon_meta'
[0.786s] Level 1:colcon.colcon_core.package_identification:_identify(unitree_nav) by extensions ['ros']
[0.787s] Level 1:colcon.colcon_core.package_identification:_identify(unitree_nav) by extension 'ros'
[0.787s] Level 1:colcon.colcon_core.package_identification:_identify(unitree_nav) by extensions ['cmake', 'python']
[0.787s] Level 1:colcon.colcon_core.package_identification:_identify(unitree_nav) by extension 'cmake'
[0.787s] Level 1:colcon.colcon_core.package_identification:_identify(unitree_nav) by extension 'python'
[0.787s] Level 1:colcon.colcon_core.package_identification:_identify(unitree_nav) by extensions ['python_setup_py']
[0.787s] Level 1:colcon.colcon_core.package_identification:_identify(unitree_nav) by extension 'python_setup_py'
[0.787s] Level 1:colcon.colcon_core.package_identification:_identify(unitree_nav/build) by extensions ['ignore', 'ignore_ament_install']
[0.787s] Level 1:colcon.colcon_core.package_identification:_identify(unitree_nav/build) by extension 'ignore'
[0.787s] Level 1:colcon.colcon_core.package_identification:_identify(unitree_nav/build) ignored
[0.787s] Level 1:colcon.colcon_core.package_identification:_identify(unitree_nav/install) by extensions ['ignore', 'ignore_ament_install']
[0.787s] Level 1:colcon.colcon_core.package_identification:_identify(unitree_nav/install) by extension 'ignore'
[0.787s] Level 1:colcon.colcon_core.package_identification:_identify(unitree_nav/install) ignored
[0.788s] Level 1:colcon.colcon_core.package_identification:_identify(unitree_nav/log) by extensions ['ignore', 'ignore_ament_install']
[0.788s] Level 1:colcon.colcon_core.package_identification:_identify(unitree_nav/log) by extension 'ignore'
[0.788s] Level 1:colcon.colcon_core.package_identification:_identify(unitree_nav/log) ignored
[0.788s] Level 1:colcon.colcon_core.package_identification:_identify(unitree_nav/unitree_nav) by extensions ['ignore', 'ignore_ament_install']
[0.788s] Level 1:colcon.colcon_core.package_identification:_identify(unitree_nav/unitree_nav) by extension 'ignore'
[0.788s] Level 1:colcon.colcon_core.package_identification:_identify(unitree_nav/unitree_nav) by extension 'ignore_ament_install'
[0.788s] Level 1:colcon.colcon_core.package_identification:_identify(unitree_nav/unitree_nav) by extensions ['colcon_pkg']
[0.788s] Level 1:colcon.colcon_core.package_identification:_identify(unitree_nav/unitree_nav) by extension 'colcon_pkg'
[0.788s] Level 1:colcon.colcon_core.package_identification:_identify(unitree_nav/unitree_nav) by extensions ['colcon_meta']
[0.788s] Level 1:colcon.colcon_core.package_identification:_identify(unitree_nav/unitree_nav) by extension 'colcon_meta'
[0.788s] Level 1:colcon.colcon_core.package_identification:_identify(unitree_nav/unitree_nav) by extensions ['ros']
[0.788s] Level 1:colcon.colcon_core.package_identification:_identify(unitree_nav/unitree_nav) by extension 'ros'
[0.791s] DEBUG:colcon.colcon_core.package_identification:Package 'unitree_nav/unitree_nav' with type 'ros.ament_cmake' and name 'unitree_nav'
[0.791s] Level 1:colcon.colcon_core.package_identification:_identify(unitree_nav/unitree_nav_interfaces) by extensions ['ignore', 'ignore_ament_install']
[0.791s] Level 1:colcon.colcon_core.package_identification:_identify(unitree_nav/unitree_nav_interfaces) by extension 'ignore'
[0.791s] Level 1:colcon.colcon_core.package_identification:_identify(unitree_nav/unitree_nav_interfaces) by extension 'ignore_ament_install'
[0.791s] Level 1:colcon.colcon_core.package_identification:_identify(unitree_nav/unitree_nav_interfaces) by extensions ['colcon_pkg']
[0.791s] Level 1:colcon.colcon_core.package_identification:_identify(unitree_nav/unitree_nav_interfaces) by extension 'colcon_pkg'
[0.791s] Level 1:colcon.colcon_core.package_identification:_identify(unitree_nav/unitree_nav_interfaces) by extensions ['colcon_meta']
[0.791s] Level 1:colcon.colcon_core.package_identification:_identify(unitree_nav/unitree_nav_interfaces) by extension 'colcon_meta'
[0.792s] Level 1:colcon.colcon_core.package_identification:_identify(unitree_nav/unitree_nav_interfaces) by extensions ['ros']
[0.792s] Level 1:colcon.colcon_core.package_identification:_identify(unitree_nav/unitree_nav_interfaces) by extension 'ros'
[0.793s] DEBUG:colcon.colcon_core.package_identification:Package 'unitree_nav/unitree_nav_interfaces' with type 'ros.ament_cmake' and name 'unitree_nav_interfaces'
[0.793s] Level 1:colcon.colcon_core.package_identification:_identify(unitree_nav/unitree_nav_launch_module) by extensions ['ignore', 'ignore_ament_install']
[0.793s] Level 1:colcon.colcon_core.package_identification:_identify(unitree_nav/unitree_nav_launch_module) by extension 'ignore'
[0.793s] Level 1:colcon.colcon_core.package_identification:_identify(unitree_nav/unitree_nav_launch_module) by extension 'ignore_ament_install'
[0.793s] Level 1:colcon.colcon_core.package_identification:_identify(unitree_nav/unitree_nav_launch_module) by extensions ['colcon_pkg']
[0.793s] Level 1:colcon.colcon_core.package_identification:_identify(unitree_nav/unitree_nav_launch_module) by extension 'colcon_pkg'
[0.794s] Level 1:colcon.colcon_core.package_identification:_identify(unitree_nav/unitree_nav_launch_module) by extensions ['colcon_meta']
[0.794s] Level 1:colcon.colcon_core.package_identification:_identify(unitree_nav/unitree_nav_launch_module) by extension 'colcon_meta'
[0.794s] Level 1:colcon.colcon_core.package_identification:_identify(unitree_nav/unitree_nav_launch_module) by extensions ['ros']
[0.794s] Level 1:colcon.colcon_core.package_identification:_identify(unitree_nav/unitree_nav_launch_module) by extension 'ros'
[0.794s] DEBUG:colcon.colcon_core.package_identification:Package 'unitree_nav/unitree_nav_launch_module' with type 'ros.ament_python' and name 'unitree_nav_launch_module'
[0.794s] Level 1:colcon.colcon_core.package_identification:_identify(unitree_ros2) by extensions ['ignore', 'ignore_ament_install']
[0.795s] Level 1:colcon.colcon_core.package_identification:_identify(unitree_ros2) by extension 'ignore'
[0.795s] Level 1:colcon.colcon_core.package_identification:_identify(unitree_ros2) by extension 'ignore_ament_install'
[0.795s] Level 1:colcon.colcon_core.package_identification:_identify(unitree_ros2) by extensions ['colcon_pkg']
[0.795s] Level 1:colcon.colcon_core.package_identification:_identify(unitree_ros2) by extension 'colcon_pkg'
[0.795s] Level 1:colcon.colcon_core.package_identification:_identify(unitree_ros2) by extensions ['colcon_meta']
[0.795s] Level 1:colcon.colcon_core.package_identification:_identify(unitree_ros2) by extension 'colcon_meta'
[0.795s] Level 1:colcon.colcon_core.package_identification:_identify(unitree_ros2) by extensions ['ros']
[0.795s] Level 1:colcon.colcon_core.package_identification:_identify(unitree_ros2) by extension 'ros'
[0.795s] Level 1:colcon.colcon_core.package_identification:_identify(unitree_ros2) by extensions ['cmake', 'python']
[0.795s] Level 1:colcon.colcon_core.package_identification:_identify(unitree_ros2) by extension 'cmake'
[0.795s] Level 1:colcon.colcon_core.package_identification:_identify(unitree_ros2) by extension 'python'
[0.795s] Level 1:colcon.colcon_core.package_identification:_identify(unitree_ros2) by extensions ['python_setup_py']
[0.795s] Level 1:colcon.colcon_core.package_identification:_identify(unitree_ros2) by extension 'python_setup_py'
[0.796s] Level 1:colcon.colcon_core.package_identification:_identify(unitree_ros2/go1_description) by extensions ['ignore', 'ignore_ament_install']
[0.796s] Level 1:colcon.colcon_core.package_identification:_identify(unitree_ros2/go1_description) by extension 'ignore'
[0.796s] Level 1:colcon.colcon_core.package_identification:_identify(unitree_ros2/go1_description) by extension 'ignore_ament_install'
[0.796s] Level 1:colcon.colcon_core.package_identification:_identify(unitree_ros2/go1_description) by extensions ['colcon_pkg']
[0.796s] Level 1:colcon.colcon_core.package_identification:_identify(unitree_ros2/go1_description) by extension 'colcon_pkg'
[0.796s] Level 1:colcon.colcon_core.package_identification:_identify(unitree_ros2/go1_description) by extensions ['colcon_meta']
[0.796s] Level 1:colcon.colcon_core.package_identification:_identify(unitree_ros2/go1_description) by extension 'colcon_meta'
[0.797s] Level 1:colcon.colcon_core.package_identification:_identify(unitree_ros2/go1_description) by extensions ['ros']
[0.797s] Level 1:colcon.colcon_core.package_identification:_identify(unitree_ros2/go1_description) by extension 'ros'
[0.797s] DEBUG:colcon.colcon_core.package_identification:Package 'unitree_ros2/go1_description' with type 'ros.ament_cmake' and name 'go1_description'
[0.797s] Level 1:colcon.colcon_core.package_identification:_identify(unitree_ros2/ros2_unitree_legged_msgs) by extensions ['ignore', 'ignore_ament_install']
[0.797s] Level 1:colcon.colcon_core.package_identification:_identify(unitree_ros2/ros2_unitree_legged_msgs) by extension 'ignore'
[0.797s] Level 1:colcon.colcon_core.package_identification:_identify(unitree_ros2/ros2_unitree_legged_msgs) by extension 'ignore_ament_install'
[0.798s] Level 1:colcon.colcon_core.package_identification:_identify(unitree_ros2/ros2_unitree_legged_msgs) by extensions ['colcon_pkg']
[0.798s] Level 1:colcon.colcon_core.package_identification:_identify(unitree_ros2/ros2_unitree_legged_msgs) by extension 'colcon_pkg'
[0.798s] Level 1:colcon.colcon_core.package_identification:_identify(unitree_ros2/ros2_unitree_legged_msgs) by extensions ['colcon_meta']
[0.798s] Level 1:colcon.colcon_core.package_identification:_identify(unitree_ros2/ros2_unitree_legged_msgs) by extension 'colcon_meta'
[0.798s] Level 1:colcon.colcon_core.package_identification:_identify(unitree_ros2/ros2_unitree_legged_msgs) by extensions ['ros']
[0.798s] Level 1:colcon.colcon_core.package_identification:_identify(unitree_ros2/ros2_unitree_legged_msgs) by extension 'ros'
[0.798s] DEBUG:colcon.colcon_core.package_identification:Package 'unitree_ros2/ros2_unitree_legged_msgs' with type 'ros.ament_cmake' and name 'ros2_unitree_legged_msgs'
[0.799s] Level 1:colcon.colcon_core.package_identification:_identify(unitree_ros2/unitree_legged_real) by extensions ['ignore', 'ignore_ament_install']
[0.799s] Level 1:colcon.colcon_core.package_identification:_identify(unitree_ros2/unitree_legged_real) by extension 'ignore'
[0.799s] Level 1:colcon.colcon_core.package_identification:_identify(unitree_ros2/unitree_legged_real) by extension 'ignore_ament_install'
[0.799s] Level 1:colcon.colcon_core.package_identification:_identify(unitree_ros2/unitree_legged_real) by extensions ['colcon_pkg']
[0.799s] Level 1:colcon.colcon_core.package_identification:_identify(unitree_ros2/unitree_legged_real) by extension 'colcon_pkg'
[0.799s] Level 1:colcon.colcon_core.package_identification:_identify(unitree_ros2/unitree_legged_real) by extensions ['colcon_meta']
[0.799s] Level 1:colcon.colcon_core.package_identification:_identify(unitree_ros2/unitree_legged_real) by extension 'colcon_meta'
[0.799s] Level 1:colcon.colcon_core.package_identification:_identify(unitree_ros2/unitree_legged_real) by extensions ['ros']
[0.799s] Level 1:colcon.colcon_core.package_identification:_identify(unitree_ros2/unitree_legged_real) by extension 'ros'
[0.800s] DEBUG:colcon.colcon_core.package_identification:Package 'unitree_ros2/unitree_legged_real' with type 'ros.ament_cmake' and name 'unitree_legged_real'
[0.800s] Level 1:colcon.colcon_core.package_discovery:discover_packages(recursive) using defaults
[0.800s] Level 1:colcon.colcon_core.package_discovery:discover_packages(ignore) discover
[0.800s] Level 1:colcon.colcon_core.package_discovery:discover_packages(ignore) using defaults
[0.800s] Level 1:colcon.colcon_core.package_discovery:discover_packages(path) discover
[0.800s] Level 1:colcon.colcon_core.package_discovery:discover_packages(path) using defaults
[0.847s] Level 5:colcon.colcon_core.verb:set package 'go1_description' build argument 'cmake_args' from command line to 'None'
[0.847s] Level 5:colcon.colcon_core.verb:set package 'go1_description' build argument 'cmake_target' from command line to 'None'
[0.847s] Level 5:colcon.colcon_core.verb:set package 'go1_description' build argument 'cmake_target_skip_unavailable' from command line to 'False'
[0.847s] Level 5:colcon.colcon_core.verb:set package 'go1_description' build argument 'cmake_clean_cache' from command line to 'False'
[0.847s] Level 5:colcon.colcon_core.verb:set package 'go1_description' build argument 'cmake_clean_first' from command line to 'False'
[0.847s] Level 5:colcon.colcon_core.verb:set package 'go1_description' build argument 'cmake_force_configure' from command line to 'False'
[0.847s] Level 5:colcon.colcon_core.verb:set package 'go1_description' build argument 'ament_cmake_args' from command line to 'None'
[0.847s] Level 5:colcon.colcon_core.verb:set package 'go1_description' build argument 'catkin_cmake_args' from command line to 'None'
[0.848s] Level 5:colcon.colcon_core.verb:set package 'go1_description' build argument 'catkin_skip_building_tests' from command line to 'False'
[0.848s] DEBUG:colcon.colcon_core.verb:Building package 'go1_description' with the following arguments: {'ament_cmake_args': None, 'build_base': '/home/ros/Workshop/src/build/go1_description', 'catkin_cmake_args': None, 'catkin_skip_building_tests': False, 'cmake_args': None, 'cmake_clean_cache': False, 'cmake_clean_first': False, 'cmake_force_configure': False, 'cmake_target': None, 'cmake_target_skip_unavailable': False, 'install_base': '/home/ros/Workshop/src/install/go1_description', 'merge_install': False, 'path': '/home/ros/Workshop/src/unitree_ros2/go1_description', 'symlink_install': True, 'test_result_base': None}
[0.849s] Level 5:colcon.colcon_core.verb:set package 'ros2_unitree_legged_msgs' build argument 'cmake_args' from command line to 'None'
[0.849s] Level 5:colcon.colcon_core.verb:set package 'ros2_unitree_legged_msgs' build argument 'cmake_target' from command line to 'None'
[0.849s] Level 5:colcon.colcon_core.verb:set package 'ros2_unitree_legged_msgs' build argument 'cmake_target_skip_unavailable' from command line to 'False'
[0.849s] Level 5:colcon.colcon_core.verb:set package 'ros2_unitree_legged_msgs' build argument 'cmake_clean_cache' from command line to 'False'
[0.849s] Level 5:colcon.colcon_core.verb:set package 'ros2_unitree_legged_msgs' build argument 'cmake_clean_first' from command line to 'False'
[0.849s] Level 5:colcon.colcon_core.verb:set package 'ros2_unitree_legged_msgs' build argument 'cmake_force_configure' from command line to 'False'
[0.849s] Level 5:colcon.colcon_core.verb:set package 'ros2_unitree_legged_msgs' build argument 'ament_cmake_args' from command line to 'None'
[0.849s] Level 5:colcon.colcon_core.verb:set package 'ros2_unitree_legged_msgs' build argument 'catkin_cmake_args' from command line to 'None'
[0.849s] Level 5:colcon.colcon_core.verb:set package 'ros2_unitree_legged_msgs' build argument 'catkin_skip_building_tests' from command line to 'False'
[0.849s] DEBUG:colcon.colcon_core.verb:Building package 'ros2_unitree_legged_msgs' with the following arguments: {'ament_cmake_args': None, 'build_base': '/home/ros/Workshop/src/build/ros2_unitree_legged_msgs', 'catkin_cmake_args': None, 'catkin_skip_building_tests': False, 'cmake_args': None, 'cmake_clean_cache': False, 'cmake_clean_first': False, 'cmake_force_configure': False, 'cmake_target': None, 'cmake_target_skip_unavailable': False, 'install_base': '/home/ros/Workshop/src/install/ros2_unitree_legged_msgs', 'merge_install': False, 'path': '/home/ros/Workshop/src/unitree_ros2/ros2_unitree_legged_msgs', 'symlink_install': True, 'test_result_base': None}
[0.851s] Level 5:colcon.colcon_core.verb:set package 'rslidar_msg' build argument 'cmake_args' from command line to 'None'
[0.851s] Level 5:colcon.colcon_core.verb:set package 'rslidar_msg' build argument 'cmake_target' from command line to 'None'
[0.851s] Level 5:colcon.colcon_core.verb:set package 'rslidar_msg' build argument 'cmake_target_skip_unavailable' from command line to 'False'
[0.851s] Level 5:colcon.colcon_core.verb:set package 'rslidar_msg' build argument 'cmake_clean_cache' from command line to 'False'
[0.851s] Level 5:colcon.colcon_core.verb:set package 'rslidar_msg' build argument 'cmake_clean_first' from command line to 'False'
[0.851s] Level 5:colcon.colcon_core.verb:set package 'rslidar_msg' build argument 'cmake_force_configure' from command line to 'False'
[0.851s] Level 5:colcon.colcon_core.verb:set package 'rslidar_msg' build argument 'ament_cmake_args' from command line to 'None'
[0.851s] Level 5:colcon.colcon_core.verb:set package 'rslidar_msg' build argument 'catkin_cmake_args' from command line to 'None'
[0.851s] Level 5:colcon.colcon_core.verb:set package 'rslidar_msg' build argument 'catkin_skip_building_tests' from command line to 'False'
[0.851s] DEBUG:colcon.colcon_core.verb:Building package 'rslidar_msg' with the following arguments: {'ament_cmake_args': None, 'build_base': '/home/ros/Workshop/src/build/rslidar_msg', 'catkin_cmake_args': None, 'catkin_skip_building_tests': False, 'cmake_args': None, 'cmake_clean_cache': False, 'cmake_clean_first': False, 'cmake_force_configure': False, 'cmake_target': None, 'cmake_target_skip_unavailable': False, 'install_base': '/home/ros/Workshop/src/install/rslidar_msg', 'merge_install': False, 'path': '/home/ros/Workshop/src/rslidar_msg', 'symlink_install': True, 'test_result_base': None}
[0.852s] Level 5:colcon.colcon_core.verb:set package 'unitree_nav_interfaces' build argument 'cmake_args' from command line to 'None'
[0.853s] Level 5:colcon.colcon_core.verb:set package 'unitree_nav_interfaces' build argument 'cmake_target' from command line to 'None'
[0.853s] Level 5:colcon.colcon_core.verb:set package 'unitree_nav_interfaces' build argument 'cmake_target_skip_unavailable' from command line to 'False'
[0.853s] Level 5:colcon.colcon_core.verb:set package 'unitree_nav_interfaces' build argument 'cmake_clean_cache' from command line to 'False'
[0.853s] Level 5:colcon.colcon_core.verb:set package 'unitree_nav_interfaces' build argument 'cmake_clean_first' from command line to 'False'
[0.853s] Level 5:colcon.colcon_core.verb:set package 'unitree_nav_interfaces' build argument 'cmake_force_configure' from command line to 'False'
[0.853s] Level 5:colcon.colcon_core.verb:set package 'unitree_nav_interfaces' build argument 'ament_cmake_args' from command line to 'None'
[0.853s] Level 5:colcon.colcon_core.verb:set package 'unitree_nav_interfaces' build argument 'catkin_cmake_args' from command line to 'None'
[0.853s] Level 5:colcon.colcon_core.verb:set package 'unitree_nav_interfaces' build argument 'catkin_skip_building_tests' from command line to 'False'
[0.853s] DEBUG:colcon.colcon_core.verb:Building package 'unitree_nav_interfaces' with the following arguments: {'ament_cmake_args': None, 'build_base': '/home/ros/Workshop/src/build/unitree_nav_interfaces', 'catkin_cmake_args': None, 'catkin_skip_building_tests': False, 'cmake_args': None, 'cmake_clean_cache': False, 'cmake_clean_first': False, 'cmake_force_configure': False, 'cmake_target': None, 'cmake_target_skip_unavailable': False, 'install_base': '/home/ros/Workshop/src/install/unitree_nav_interfaces', 'merge_install': False, 'path': '/home/ros/Workshop/src/unitree_nav/unitree_nav_interfaces', 'symlink_install': True, 'test_result_base': None}
[0.854s] Level 5:colcon.colcon_core.verb:set package 'unitree_nav_launch_module' build argument 'cmake_args' from command line to 'None'
[0.854s] Level 5:colcon.colcon_core.verb:set package 'unitree_nav_launch_module' build argument 'cmake_target' from command line to 'None'
[0.854s] Level 5:colcon.colcon_core.verb:set package 'unitree_nav_launch_module' build argument 'cmake_target_skip_unavailable' from command line to 'False'
[0.855s] Level 5:colcon.colcon_core.verb:set package 'unitree_nav_launch_module' build argument 'cmake_clean_cache' from command line to 'False'
[0.855s] Level 5:colcon.colcon_core.verb:set package 'unitree_nav_launch_module' build argument 'cmake_clean_first' from command line to 'False'
[0.855s] Level 5:colcon.colcon_core.verb:set package 'unitree_nav_launch_module' build argument 'cmake_force_configure' from command line to 'False'
[0.855s] Level 5:colcon.colcon_core.verb:set package 'unitree_nav_launch_module' build argument 'ament_cmake_args' from command line to 'None'
[0.855s] Level 5:colcon.colcon_core.verb:set package 'unitree_nav_launch_module' build argument 'catkin_cmake_args' from command line to 'None'
[0.855s] Level 5:colcon.colcon_core.verb:set package 'unitree_nav_launch_module' build argument 'catkin_skip_building_tests' from command line to 'False'
[0.855s] DEBUG:colcon.colcon_core.verb:Building package 'unitree_nav_launch_module' with the following arguments: {'ament_cmake_args': None, 'build_base': '/home/ros/Workshop/src/build/unitree_nav_launch_module', 'catkin_cmake_args': None, 'catkin_skip_building_tests': False, 'cmake_args': None, 'cmake_clean_cache': False, 'cmake_clean_first': False, 'cmake_force_configure': False, 'cmake_target': None, 'cmake_target_skip_unavailable': False, 'install_base': '/home/ros/Workshop/src/install/unitree_nav_launch_module', 'merge_install': False, 'path': '/home/ros/Workshop/src/unitree_nav/unitree_nav_launch_module', 'symlink_install': True, 'test_result_base': None}
[0.856s] Level 5:colcon.colcon_core.verb:set package 'rslidar_sdk' build argument 'cmake_args' from command line to 'None'
[0.856s] Level 5:colcon.colcon_core.verb:set package 'rslidar_sdk' build argument 'cmake_target' from command line to 'None'
[0.856s] Level 5:colcon.colcon_core.verb:set package 'rslidar_sdk' build argument 'cmake_target_skip_unavailable' from command line to 'False'
[0.856s] Level 5:colcon.colcon_core.verb:set package 'rslidar_sdk' build argument 'cmake_clean_cache' from command line to 'False'
[0.856s] Level 5:colcon.colcon_core.verb:set package 'rslidar_sdk' build argument 'cmake_clean_first' from command line to 'False'
[0.856s] Level 5:colcon.colcon_core.verb:set package 'rslidar_sdk' build argument 'cmake_force_configure' from command line to 'False'
[0.856s] Level 5:colcon.colcon_core.verb:set package 'rslidar_sdk' build argument 'ament_cmake_args' from command line to 'None'
[0.856s] Level 5:colcon.colcon_core.verb:set package 'rslidar_sdk' build argument 'catkin_cmake_args' from command line to 'None'
[0.856s] Level 5:colcon.colcon_core.verb:set package 'rslidar_sdk' build argument 'catkin_skip_building_tests' from command line to 'False'
[0.857s] DEBUG:colcon.colcon_core.verb:Building package 'rslidar_sdk' with the following arguments: {'ament_cmake_args': None, 'build_base': '/home/ros/Workshop/src/build/rslidar_sdk', 'catkin_cmake_args': None, 'catkin_skip_building_tests': False, 'cmake_args': None, 'cmake_clean_cache': False, 'cmake_clean_first': False, 'cmake_force_configure': False, 'cmake_target': None, 'cmake_target_skip_unavailable': False, 'install_base': '/home/ros/Workshop/src/install/rslidar_sdk', 'merge_install': False, 'path': '/home/ros/Workshop/src/rslidar_sdk_ros2', 'symlink_install': True, 'test_result_base': None}
[0.858s] Level 5:colcon.colcon_core.verb:set package 'unitree_legged_real' build argument 'cmake_args' from command line to 'None'
[0.858s] Level 5:colcon.colcon_core.verb:set package 'unitree_legged_real' build argument 'cmake_target' from command line to 'None'
[0.858s] Level 5:colcon.colcon_core.verb:set package 'unitree_legged_real' build argument 'cmake_target_skip_unavailable' from command line to 'False'
[0.858s] Level 5:colcon.colcon_core.verb:set package 'unitree_legged_real' build argument 'cmake_clean_cache' from command line to 'False'
[0.858s] Level 5:colcon.colcon_core.verb:set package 'unitree_legged_real' build argument 'cmake_clean_first' from command line to 'False'
[0.858s] Level 5:colcon.colcon_core.verb:set package 'unitree_legged_real' build argument 'cmake_force_configure' from command line to 'False'
[0.858s] Level 5:colcon.colcon_core.verb:set package 'unitree_legged_real' build argument 'ament_cmake_args' from command line to 'None'
[0.858s] Level 5:colcon.colcon_core.verb:set package 'unitree_legged_real' build argument 'catkin_cmake_args' from command line to 'None'
[0.858s] Level 5:colcon.colcon_core.verb:set package 'unitree_legged_real' build argument 'catkin_skip_building_tests' from command line to 'False'
[0.858s] DEBUG:colcon.colcon_core.verb:Building package 'unitree_legged_real' with the following arguments: {'ament_cmake_args': None, 'build_base': '/home/ros/Workshop/src/build/unitree_legged_real', 'catkin_cmake_args': None, 'catkin_skip_building_tests': False, 'cmake_args': None, 'cmake_clean_cache': False, 'cmake_clean_first': False, 'cmake_force_configure': False, 'cmake_target': None, 'cmake_target_skip_unavailable': False, 'install_base': '/home/ros/Workshop/src/install/unitree_legged_real', 'merge_install': False, 'path': '/home/ros/Workshop/src/unitree_ros2/unitree_legged_real', 'symlink_install': True, 'test_result_base': None}
[0.860s] Level 5:colcon.colcon_core.verb:set package 'unitree_nav' build argument 'cmake_args' from command line to 'None'
[0.860s] Level 5:colcon.colcon_core.verb:set package 'unitree_nav' build argument 'cmake_target' from command line to 'None'
[0.860s] Level 5:colcon.colcon_core.verb:set package 'unitree_nav' build argument 'cmake_target_skip_unavailable' from command line to 'False'
[0.860s] Level 5:colcon.colcon_core.verb:set package 'unitree_nav' build argument 'cmake_clean_cache' from command line to 'False'
[0.860s] Level 5:colcon.colcon_core.verb:set package 'unitree_nav' build argument 'cmake_clean_first' from command line to 'False'
[0.860s] Level 5:colcon.colcon_core.verb:set package 'unitree_nav' build argument 'cmake_force_configure' from command line to 'False'
[0.860s] Level 5:colcon.colcon_core.verb:set package 'unitree_nav' build argument 'ament_cmake_args' from command line to 'None'
[0.860s] Level 5:colcon.colcon_core.verb:set package 'unitree_nav' build argument 'catkin_cmake_args' from command line to 'None'
[0.860s] Level 5:colcon.colcon_core.verb:set package 'unitree_nav' build argument 'catkin_skip_building_tests' from command line to 'False'
[0.860s] DEBUG:colcon.colcon_core.verb:Building package 'unitree_nav' with the following arguments: {'ament_cmake_args': None, 'build_base': '/home/ros/Workshop/src/build/unitree_nav', 'catkin_cmake_args': None, 'catkin_skip_building_tests': False, 'cmake_args': None, 'cmake_clean_cache': False, 'cmake_clean_first': False, 'cmake_force_configure': False, 'cmake_target': None, 'cmake_target_skip_unavailable': False, 'install_base': '/home/ros/Workshop/src/install/unitree_nav', 'merge_install': False, 'path': '/home/ros/Workshop/src/unitree_nav/unitree_nav', 'symlink_install': True, 'test_result_base': None}
[0.861s] INFO:colcon.colcon_core.executor:Executing jobs using 'parallel' executor
[0.866s] DEBUG:colcon.colcon_parallel_executor.executor.parallel:run_until_complete
[0.866s] INFO:colcon.colcon_ros.task.ament_cmake.build:Building ROS package in '/home/ros/Workshop/src/unitree_ros2/ros2_unitree_legged_msgs' with build type 'ament_cmake'
[0.867s] INFO:colcon.colcon_cmake.task.cmake.build:Building CMake package in '/home/ros/Workshop/src/unitree_ros2/ros2_unitree_legged_msgs'
[0.878s] INFO:colcon.colcon_core.plugin_system:Skipping extension 'colcon_core.shell.bat': Not used on non-Windows systems
[0.879s] INFO:colcon.colcon_core.shell:Skip shell extension 'powershell' for command environment: Not usable outside of PowerShell
[0.879s] DEBUG:colcon.colcon_core.shell:Skip shell extension 'dsv' for command environment
[0.912s] INFO:colcon.colcon_ros.task.ament_cmake.build:Building ROS package in '/home/ros/Workshop/src/rslidar_msg' with build type 'ament_cmake'
[0.912s] INFO:colcon.colcon_cmake.task.cmake.build:Building CMake package in '/home/ros/Workshop/src/rslidar_msg'
[0.916s] INFO:colcon.colcon_core.shell:Skip shell extension 'powershell' for command environment: Not usable outside of PowerShell
[0.916s] DEBUG:colcon.colcon_core.shell:Skip shell extension 'dsv' for command environment
[0.933s] INFO:colcon.colcon_ros.task.ament_cmake.build:Building ROS package in '/home/ros/Workshop/src/unitree_nav/unitree_nav_interfaces' with build type 'ament_cmake'
[0.933s] INFO:colcon.colcon_cmake.task.cmake.build:Building CMake package in '/home/ros/Workshop/src/unitree_nav/unitree_nav_interfaces'
[0.940s] INFO:colcon.colcon_core.shell:Skip shell extension 'powershell' for command environment: Not usable outside of PowerShell
[0.940s] DEBUG:colcon.colcon_core.shell:Skip shell extension 'dsv' for command environment
[0.959s] INFO:colcon.colcon_ros.task.ament_cmake.build:Building ROS package in '/home/ros/Workshop/src/unitree_ros2/go1_description' with build type 'ament_cmake'
[0.959s] INFO:colcon.colcon_cmake.task.cmake.build:Building CMake package in '/home/ros/Workshop/src/unitree_ros2/go1_description'
[0.963s] INFO:colcon.colcon_core.shell:Skip shell extension 'powershell' for command environment: Not usable outside of PowerShell
[0.964s] DEBUG:colcon.colcon_core.shell:Skip shell extension 'dsv' for command environment
[1.009s] DEBUG:colcon.colcon_core.event_handler.log_command:Invoking command in '/home/ros/Workshop/src/build/ros2_unitree_legged_msgs': CMAKE_PREFIX_PATH=${CMAKE_PREFIX_PATH}:/opt/ros/humble /usr/bin/cmake --build /home/ros/Workshop/src/build/ros2_unitree_legged_msgs -- -j4 -l4
[1.025s] DEBUG:colcon.colcon_core.event_handler.log_command:Invoking command in '/home/ros/Workshop/src/build/rslidar_msg': CMAKE_PREFIX_PATH=${CMAKE_PREFIX_PATH}:/opt/ros/humble /usr/bin/cmake --build /home/ros/Workshop/src/build/rslidar_msg -- -j4 -l4
[1.047s] DEBUG:colcon.colcon_core.event_handler.log_command:Invoking command in '/home/ros/Workshop/src/build/unitree_nav_interfaces': CMAKE_PREFIX_PATH=${CMAKE_PREFIX_PATH}:/opt/ros/humble /usr/bin/cmake --build /home/ros/Workshop/src/build/unitree_nav_interfaces -- -j4 -l4
[1.057s] DEBUG:colcon.colcon_core.event_handler.log_command:Invoking command in '/home/ros/Workshop/src/build/go1_description': CMAKE_PREFIX_PATH=${CMAKE_PREFIX_PATH}:/opt/ros/humble /usr/bin/cmake --build /home/ros/Workshop/src/build/go1_description -- -j4 -l4
[1.626s] DEBUG:colcon.colcon_core.event_handler.log_command:Invoked command in '/home/ros/Workshop/src/build/go1_description' returned '0': CMAKE_PREFIX_PATH=${CMAKE_PREFIX_PATH}:/opt/ros/humble /usr/bin/cmake --build /home/ros/Workshop/src/build/go1_description -- -j4 -l4
[3.456s] DEBUG:colcon.colcon_core.event_handler.log_command:Invoking command in '/home/ros/Workshop/src/build/go1_description': CMAKE_PREFIX_PATH=${CMAKE_PREFIX_PATH}:/opt/ros/humble /usr/bin/cmake --install /home/ros/Workshop/src/build/go1_description
[3.678s] Level 1:colcon.colcon_core.environment:create_environment_scripts_only(go1_description)
[3.682s] DEBUG:colcon.colcon_core.event_handler.log_command:Invoked command in '/home/ros/Workshop/src/build/go1_description' returned '0': CMAKE_PREFIX_PATH=${CMAKE_PREFIX_PATH}:/opt/ros/humble /usr/bin/cmake --install /home/ros/Workshop/src/build/go1_description
[3.706s] Level 1:colcon.colcon_core.environment:checking '/home/ros/Workshop/src/install/go1_description' for CMake module files
[3.709s] Level 1:colcon.colcon_core.environment:checking '/home/ros/Workshop/src/install/go1_description' for CMake config files
[3.712s] Level 1:colcon.colcon_core.shell:create_environment_hook('go1_description', 'cmake_prefix_path')
[3.718s] INFO:colcon.colcon_core.shell:Creating environment hook '/home/ros/Workshop/src/install/go1_description/share/go1_description/hook/cmake_prefix_path.ps1'
[3.720s] INFO:colcon.colcon_core.shell:Creating environment descriptor '/home/ros/Workshop/src/install/go1_description/share/go1_description/hook/cmake_prefix_path.dsv'
[3.721s] INFO:colcon.colcon_core.shell:Creating environment hook '/home/ros/Workshop/src/install/go1_description/share/go1_description/hook/cmake_prefix_path.sh'
[3.724s] Level 1:colcon.colcon_core.environment:checking '/home/ros/Workshop/src/install/go1_description/bin'
[3.724s] Level 1:colcon.colcon_core.environment:checking '/home/ros/Workshop/src/install/go1_description/lib/pkgconfig/go1_description.pc'
[3.728s] Level 1:colcon.colcon_core.environment:checking '/home/ros/Workshop/src/install/go1_description/lib/python3.10/site-packages'
[3.728s] Level 1:colcon.colcon_core.environment:checking '/home/ros/Workshop/src/install/go1_description/bin'
[3.733s] INFO:colcon.colcon_core.shell:Creating package script '/home/ros/Workshop/src/install/go1_description/share/go1_description/package.ps1'
[3.740s] INFO:colcon.colcon_core.shell:Creating package descriptor '/home/ros/Workshop/src/install/go1_description/share/go1_description/package.dsv'
[3.746s] INFO:colcon.colcon_core.shell:Creating package script '/home/ros/Workshop/src/install/go1_description/share/go1_description/package.sh'
[3.748s] INFO:colcon.colcon_core.shell:Creating package script '/home/ros/Workshop/src/install/go1_description/share/go1_description/package.bash'
[3.751s] INFO:colcon.colcon_core.shell:Creating package script '/home/ros/Workshop/src/install/go1_description/share/go1_description/package.zsh'
[3.760s] Level 1:colcon.colcon_core.environment:create_file_with_runtime_dependencies(/home/ros/Workshop/src/install/go1_description/share/colcon-core/packages/go1_description)
[4.369s] Level 1:colcon.colcon_core.environment:create_environment_scripts_only(go1_description)
[4.389s] Level 1:colcon.colcon_core.environment:checking '/home/ros/Workshop/src/install/go1_description' for CMake module files
[4.398s] Level 1:colcon.colcon_core.environment:checking '/home/ros/Workshop/src/install/go1_description' for CMake config files
[4.404s] Level 1:colcon.colcon_core.shell:create_environment_hook('go1_description', 'cmake_prefix_path')
[4.415s] INFO:colcon.colcon_core.shell:Creating environment hook '/home/ros/Workshop/src/install/go1_description/share/go1_description/hook/cmake_prefix_path.ps1'
[4.421s] INFO:colcon.colcon_core.shell:Creating environment descriptor '/home/ros/Workshop/src/install/go1_description/share/go1_description/hook/cmake_prefix_path.dsv'
[4.426s] INFO:colcon.colcon_core.shell:Creating environment hook '/home/ros/Workshop/src/install/go1_description/share/go1_description/hook/cmake_prefix_path.sh'
[4.429s] Level 1:colcon.colcon_core.environment:checking '/home/ros/Workshop/src/install/go1_description/bin'
[4.429s] Level 1:colcon.colcon_core.environment:checking '/home/ros/Workshop/src/install/go1_description/lib/pkgconfig/go1_description.pc'
[4.430s] Level 1:colcon.colcon_core.environment:checking '/home/ros/Workshop/src/install/go1_description/lib/python3.10/site-packages'
[4.431s] Level 1:colcon.colcon_core.environment:checking '/home/ros/Workshop/src/install/go1_description/bin'
[4.450s] INFO:colcon.colcon_core.shell:Creating package script '/home/ros/Workshop/src/install/go1_description/share/go1_description/package.ps1'
[4.453s] INFO:colcon.colcon_core.shell:Creating package descriptor '/home/ros/Workshop/src/install/go1_description/share/go1_description/package.dsv'
[4.455s] INFO:colcon.colcon_core.shell:Creating package script '/home/ros/Workshop/src/install/go1_description/share/go1_description/package.sh'
[4.456s] INFO:colcon.colcon_core.shell:Creating package script '/home/ros/Workshop/src/install/go1_description/share/go1_description/package.bash'
[4.457s] INFO:colcon.colcon_core.shell:Creating package script '/home/ros/Workshop/src/install/go1_description/share/go1_description/package.zsh'
[4.457s] Level 1:colcon.colcon_core.environment:create_file_with_runtime_dependencies(/home/ros/Workshop/src/install/go1_description/share/colcon-core/packages/go1_description)
[4.461s] INFO:colcon.colcon_ros.task.ament_python.build:Building ROS package in '/home/ros/Workshop/src/unitree_nav/unitree_nav_launch_module' with build type 'ament_python'
[4.462s] Level 1:colcon.colcon_core.shell:create_environment_hook('unitree_nav_launch_module', 'ament_prefix_path')
[4.472s] INFO:colcon.colcon_core.shell:Creating environment hook '/home/ros/Workshop/src/install/unitree_nav_launch_module/share/unitree_nav_launch_module/hook/ament_prefix_path.ps1'
[4.479s] INFO:colcon.colcon_core.shell:Creating environment descriptor '/home/ros/Workshop/src/install/unitree_nav_launch_module/share/unitree_nav_launch_module/hook/ament_prefix_path.dsv'
[4.481s] INFO:colcon.colcon_core.shell:Creating environment hook '/home/ros/Workshop/src/install/unitree_nav_launch_module/share/unitree_nav_launch_module/hook/ament_prefix_path.sh'
[4.488s] INFO:colcon.colcon_core.shell:Skip shell extension 'powershell' for command environment: Not usable outside of PowerShell
[4.488s] DEBUG:colcon.colcon_core.shell:Skip shell extension 'dsv' for command environment
[5.374s] INFO:colcon.colcon_core.task.python.build:Building Python package in '/home/ros/Workshop/src/unitree_nav/unitree_nav_launch_module'
[5.375s] INFO:colcon.colcon_core.shell:Skip shell extension 'powershell' for command environment: Not usable outside of PowerShell
[5.375s] DEBUG:colcon.colcon_core.shell:Skip shell extension 'dsv' for command environment
[5.387s] DEBUG:colcon.colcon_core.event_handler.log_command:Invoked command in '/home/ros/Workshop/src/build/unitree_nav_interfaces' returned '0': CMAKE_PREFIX_PATH=${CMAKE_PREFIX_PATH}:/opt/ros/humble /usr/bin/cmake --build /home/ros/Workshop/src/build/unitree_nav_interfaces -- -j4 -l4
[5.390s] DEBUG:colcon.colcon_core.event_handler.log_command:Invoked command in '/home/ros/Workshop/src/build/rslidar_msg' returned '0': CMAKE_PREFIX_PATH=${CMAKE_PREFIX_PATH}:/opt/ros/humble /usr/bin/cmake --build /home/ros/Workshop/src/build/rslidar_msg -- -j4 -l4
[5.396s] DEBUG:colcon.colcon_core.event_handler.log_command:Invoked command in '/home/ros/Workshop/src/build/ros2_unitree_legged_msgs' returned '0': CMAKE_PREFIX_PATH=${CMAKE_PREFIX_PATH}:/opt/ros/humble /usr/bin/cmake --build /home/ros/Workshop/src/build/ros2_unitree_legged_msgs -- -j4 -l4
[6.246s] DEBUG:colcon.colcon_core.event_handler.log_command:Invoking command in '/home/ros/Workshop/src/build/unitree_nav_launch_module': PYTHONPATH=/home/ros/Workshop/src/build/unitree_nav_launch_module/prefix_override:/home/ros/Workshop/src/install/unitree_nav_launch_module/lib/python3.10/site-packages:${PYTHONPATH} /usr/bin/python3 setup.py develop --editable --build-directory /home/ros/Workshop/src/build/unitree_nav_launch_module/build --no-deps install_data
[6.933s] DEBUG:colcon.colcon_core.event_handler.log_command:Invoking command in '/home/ros/Workshop/src/build/rslidar_msg': CMAKE_PREFIX_PATH=${CMAKE_PREFIX_PATH}:/opt/ros/humble /usr/bin/cmake --install /home/ros/Workshop/src/build/rslidar_msg
[7.290s] Level 1:colcon.colcon_core.environment:create_environment_scripts_only(rslidar_msg)
[7.294s] Level 1:colcon.colcon_core.environment:checking '/home/ros/Workshop/src/install/rslidar_msg' for CMake module files
[7.295s] DEBUG:colcon.colcon_core.event_handler.log_command:Invoked command in '/home/ros/Workshop/src/build/rslidar_msg' returned '0': CMAKE_PREFIX_PATH=${CMAKE_PREFIX_PATH}:/opt/ros/humble /usr/bin/cmake --install /home/ros/Workshop/src/build/rslidar_msg
[7.297s] Level 1:colcon.colcon_core.environment:checking '/home/ros/Workshop/src/install/rslidar_msg' for CMake config files
[7.300s] Level 1:colcon.colcon_core.shell:create_environment_hook('rslidar_msg', 'cmake_prefix_path')
[7.304s] INFO:colcon.colcon_core.shell:Creating environment hook '/home/ros/Workshop/src/install/rslidar_msg/share/rslidar_msg/hook/cmake_prefix_path.ps1'
[7.305s] INFO:colcon.colcon_core.shell:Creating environment descriptor '/home/ros/Workshop/src/install/rslidar_msg/share/rslidar_msg/hook/cmake_prefix_path.dsv'
[7.306s] INFO:colcon.colcon_core.shell:Creating environment hook '/home/ros/Workshop/src/install/rslidar_msg/share/rslidar_msg/hook/cmake_prefix_path.sh'
[7.308s] Level 1:colcon.colcon_core.environment:checking '/home/ros/Workshop/src/install/rslidar_msg/lib'
[7.308s] Level 1:colcon.colcon_core.shell:create_environment_hook('rslidar_msg', 'ld_library_path_lib')
[7.313s] INFO:colcon.colcon_core.shell:Creating environment hook '/home/ros/Workshop/src/install/rslidar_msg/share/rslidar_msg/hook/ld_library_path_lib.ps1'
[7.314s] INFO:colcon.colcon_core.shell:Creating environment descriptor '/home/ros/Workshop/src/install/rslidar_msg/share/rslidar_msg/hook/ld_library_path_lib.dsv'
[7.316s] INFO:colcon.colcon_core.shell:Creating environment hook '/home/ros/Workshop/src/install/rslidar_msg/share/rslidar_msg/hook/ld_library_path_lib.sh'
[7.318s] Level 1:colcon.colcon_core.environment:checking '/home/ros/Workshop/src/install/rslidar_msg/bin'
[7.319s] Level 1:colcon.colcon_core.environment:checking '/home/ros/Workshop/src/install/rslidar_msg/lib/pkgconfig/rslidar_msg.pc'
[7.320s] Level 1:colcon.colcon_core.environment:checking '/home/ros/Workshop/src/install/rslidar_msg/lib/python3.10/site-packages'
[7.321s] Level 1:colcon.colcon_core.environment:checking '/home/ros/Workshop/src/install/rslidar_msg/bin'
[7.326s] INFO:colcon.colcon_core.shell:Creating package script '/home/ros/Workshop/src/install/rslidar_msg/share/rslidar_msg/package.ps1'
[7.328s] INFO:colcon.colcon_core.shell:Creating package descriptor '/home/ros/Workshop/src/install/rslidar_msg/share/rslidar_msg/package.dsv'
[7.329s] INFO:colcon.colcon_core.shell:Creating package script '/home/ros/Workshop/src/install/rslidar_msg/share/rslidar_msg/package.sh'
[7.330s] INFO:colcon.colcon_core.shell:Creating package script '/home/ros/Workshop/src/install/rslidar_msg/share/rslidar_msg/package.bash'
[7.332s] INFO:colcon.colcon_core.shell:Creating package script '/home/ros/Workshop/src/install/rslidar_msg/share/rslidar_msg/package.zsh'
[7.332s] Level 1:colcon.colcon_core.environment:create_file_with_runtime_dependencies(/home/ros/Workshop/src/install/rslidar_msg/share/colcon-core/packages/rslidar_msg)
[7.446s] DEBUG:colcon.colcon_core.event_handler.log_command:Invoking command in '/home/ros/Workshop/src/build/unitree_nav_interfaces': CMAKE_PREFIX_PATH=${CMAKE_PREFIX_PATH}:/opt/ros/humble /usr/bin/cmake --install /home/ros/Workshop/src/build/unitree_nav_interfaces
[7.536s] Level 1:colcon.colcon_core.shell:create_environment_hook('unitree_nav_launch_module', 'pythonpath_develop')
[7.541s] INFO:colcon.colcon_core.shell:Creating environment hook '/home/ros/Workshop/src/build/unitree_nav_launch_module/share/unitree_nav_launch_module/hook/pythonpath_develop.ps1'
[7.542s] DEBUG:colcon.colcon_core.event_handler.log_command:Invoked command in '/home/ros/Workshop/src/build/unitree_nav_launch_module' returned '0': PYTHONPATH=/home/ros/Workshop/src/build/unitree_nav_launch_module/prefix_override:/home/ros/Workshop/src/install/unitree_nav_launch_module/lib/python3.10/site-packages:${PYTHONPATH} /usr/bin/python3 setup.py develop --editable --build-directory /home/ros/Workshop/src/build/unitree_nav_launch_module/build --no-deps install_data
[7.548s] INFO:colcon.colcon_core.shell:Creating environment descriptor '/home/ros/Workshop/src/build/unitree_nav_launch_module/share/unitree_nav_launch_module/hook/pythonpath_develop.dsv'
[7.551s] INFO:colcon.colcon_core.shell:Creating environment hook '/home/ros/Workshop/src/build/unitree_nav_launch_module/share/unitree_nav_launch_module/hook/pythonpath_develop.sh'
[7.573s] Level 1:colcon.colcon_core.environment:checking '/home/ros/Workshop/src/install/unitree_nav_launch_module' for CMake module files
[7.584s] Level 1:colcon.colcon_core.environment:checking '/home/ros/Workshop/src/install/unitree_nav_launch_module' for CMake config files
[7.594s] Level 1:colcon.colcon_core.environment:checking '/home/ros/Workshop/src/install/unitree_nav_launch_module/lib'
[7.596s] Level 1:colcon.colcon_core.environment:checking '/home/ros/Workshop/src/install/unitree_nav_launch_module/bin'
[7.596s] Level 1:colcon.colcon_core.environment:checking '/home/ros/Workshop/src/install/unitree_nav_launch_module/lib/pkgconfig/unitree_nav_launch_module.pc'
[7.596s] Level 1:colcon.colcon_core.environment:checking '/home/ros/Workshop/src/install/unitree_nav_launch_module/lib/python3.10/site-packages'
[7.596s] Level 1:colcon.colcon_core.shell:create_environment_hook('unitree_nav_launch_module', 'pythonpath')
[7.602s] INFO:colcon.colcon_core.shell:Creating environment hook '/home/ros/Workshop/src/install/unitree_nav_launch_module/share/unitree_nav_launch_module/hook/pythonpath.ps1'
[7.606s] INFO:colcon.colcon_core.shell:Creating environment descriptor '/home/ros/Workshop/src/install/unitree_nav_launch_module/share/unitree_nav_launch_module/hook/pythonpath.dsv'
[7.607s] INFO:colcon.colcon_core.shell:Creating environment hook '/home/ros/Workshop/src/install/unitree_nav_launch_module/share/unitree_nav_launch_module/hook/pythonpath.sh'
[7.611s] Level 1:colcon.colcon_core.environment:checking '/home/ros/Workshop/src/install/unitree_nav_launch_module/bin'
[7.613s] Level 1:colcon.colcon_core.environment:create_environment_scripts_only(unitree_nav_launch_module)
[7.622s] INFO:colcon.colcon_core.shell:Creating package script '/home/ros/Workshop/src/install/unitree_nav_launch_module/share/unitree_nav_launch_module/package.ps1'
[7.627s] INFO:colcon.colcon_core.shell:Creating package descriptor '/home/ros/Workshop/src/install/unitree_nav_launch_module/share/unitree_nav_launch_module/package.dsv'
[7.632s] INFO:colcon.colcon_core.shell:Creating package script '/home/ros/Workshop/src/install/unitree_nav_launch_module/share/unitree_nav_launch_module/package.sh'
[7.633s] INFO:colcon.colcon_core.shell:Creating package script '/home/ros/Workshop/src/install/unitree_nav_launch_module/share/unitree_nav_launch_module/package.bash'
[7.634s] INFO:colcon.colcon_core.shell:Creating package script '/home/ros/Workshop/src/install/unitree_nav_launch_module/share/unitree_nav_launch_module/package.zsh'
[7.636s] Level 1:colcon.colcon_core.environment:create_file_with_runtime_dependencies(/home/ros/Workshop/src/install/unitree_nav_launch_module/share/colcon-core/packages/unitree_nav_launch_module)
[7.764s] Level 1:colcon.colcon_core.environment:create_environment_scripts_only(unitree_nav_interfaces)
[7.787s] Level 1:colcon.colcon_core.environment:checking '/home/ros/Workshop/src/install/unitree_nav_interfaces' for CMake module files
[7.793s] DEBUG:colcon.colcon_core.event_handler.log_command:Invoked command in '/home/ros/Workshop/src/build/unitree_nav_interfaces' returned '0': CMAKE_PREFIX_PATH=${CMAKE_PREFIX_PATH}:/opt/ros/humble /usr/bin/cmake --install /home/ros/Workshop/src/build/unitree_nav_interfaces
[7.794s] Level 1:colcon.colcon_core.environment:checking '/home/ros/Workshop/src/install/unitree_nav_interfaces' for CMake config files
[7.797s] Level 1:colcon.colcon_core.shell:create_environment_hook('unitree_nav_interfaces', 'cmake_prefix_path')
[7.801s] INFO:colcon.colcon_core.shell:Creating environment hook '/home/ros/Workshop/src/install/unitree_nav_interfaces/share/unitree_nav_interfaces/hook/cmake_prefix_path.ps1'
[7.801s] INFO:colcon.colcon_core.shell:Creating environment descriptor '/home/ros/Workshop/src/install/unitree_nav_interfaces/share/unitree_nav_interfaces/hook/cmake_prefix_path.dsv'
[7.802s] INFO:colcon.colcon_core.shell:Creating environment hook '/home/ros/Workshop/src/install/unitree_nav_interfaces/share/unitree_nav_interfaces/hook/cmake_prefix_path.sh'
[7.803s] Level 1:colcon.colcon_core.environment:checking '/home/ros/Workshop/src/install/unitree_nav_interfaces/lib'
[7.803s] Level 1:colcon.colcon_core.shell:create_environment_hook('unitree_nav_interfaces', 'ld_library_path_lib')
[7.806s] INFO:colcon.colcon_core.shell:Creating environment hook '/home/ros/Workshop/src/install/unitree_nav_interfaces/share/unitree_nav_interfaces/hook/ld_library_path_lib.ps1'
[7.808s] INFO:colcon.colcon_core.shell:Creating environment descriptor '/home/ros/Workshop/src/install/unitree_nav_interfaces/share/unitree_nav_interfaces/hook/ld_library_path_lib.dsv'
[7.810s] INFO:colcon.colcon_core.shell:Creating environment hook '/home/ros/Workshop/src/install/unitree_nav_interfaces/share/unitree_nav_interfaces/hook/ld_library_path_lib.sh'
[7.811s] Level 1:colcon.colcon_core.environment:checking '/home/ros/Workshop/src/install/unitree_nav_interfaces/bin'
[7.811s] Level 1:colcon.colcon_core.environment:checking '/home/ros/Workshop/src/install/unitree_nav_interfaces/lib/pkgconfig/unitree_nav_interfaces.pc'
[7.812s] Level 1:colcon.colcon_core.environment:checking '/home/ros/Workshop/src/install/unitree_nav_interfaces/lib/python3.10/site-packages'
[7.812s] Level 1:colcon.colcon_core.environment:checking '/home/ros/Workshop/src/install/unitree_nav_interfaces/bin'
[7.815s] INFO:colcon.colcon_core.shell:Creating package script '/home/ros/Workshop/src/install/unitree_nav_interfaces/share/unitree_nav_interfaces/package.ps1'
[7.816s] INFO:colcon.colcon_core.shell:Creating package descriptor '/home/ros/Workshop/src/install/unitree_nav_interfaces/share/unitree_nav_interfaces/package.dsv'
[7.817s] INFO:colcon.colcon_core.shell:Creating package script '/home/ros/Workshop/src/install/unitree_nav_interfaces/share/unitree_nav_interfaces/package.sh'
[7.818s] INFO:colcon.colcon_core.shell:Creating package script '/home/ros/Workshop/src/install/unitree_nav_interfaces/share/unitree_nav_interfaces/package.bash'
[7.819s] INFO:colcon.colcon_core.shell:Creating package script '/home/ros/Workshop/src/install/unitree_nav_interfaces/share/unitree_nav_interfaces/package.zsh'
[7.820s] Level 1:colcon.colcon_core.environment:create_file_with_runtime_dependencies(/home/ros/Workshop/src/install/unitree_nav_interfaces/share/colcon-core/packages/unitree_nav_interfaces)
[8.618s] Level 1:colcon.colcon_core.environment:create_environment_scripts_only(rslidar_msg)
[8.622s] Level 1:colcon.colcon_core.environment:checking '/home/ros/Workshop/src/install/rslidar_msg' for CMake module files
[8.623s] Level 1:colcon.colcon_core.environment:checking '/home/ros/Workshop/src/install/rslidar_msg' for CMake config files
[8.624s] Level 1:colcon.colcon_core.shell:create_environment_hook('rslidar_msg', 'cmake_prefix_path')
[8.627s] INFO:colcon.colcon_core.shell:Creating environment hook '/home/ros/Workshop/src/install/rslidar_msg/share/rslidar_msg/hook/cmake_prefix_path.ps1'
[8.627s] INFO:colcon.colcon_core.shell:Creating environment descriptor '/home/ros/Workshop/src/install/rslidar_msg/share/rslidar_msg/hook/cmake_prefix_path.dsv'
[8.628s] INFO:colcon.colcon_core.shell:Creating environment hook '/home/ros/Workshop/src/install/rslidar_msg/share/rslidar_msg/hook/cmake_prefix_path.sh'
[8.629s] Level 1:colcon.colcon_core.environment:checking '/home/ros/Workshop/src/install/rslidar_msg/lib'
[8.629s] Level 1:colcon.colcon_core.shell:create_environment_hook('rslidar_msg', 'ld_library_path_lib')
[8.632s] INFO:colcon.colcon_core.shell:Creating environment hook '/home/ros/Workshop/src/install/rslidar_msg/share/rslidar_msg/hook/ld_library_path_lib.ps1'
[8.632s] INFO:colcon.colcon_core.shell:Creating environment descriptor '/home/ros/Workshop/src/install/rslidar_msg/share/rslidar_msg/hook/ld_library_path_lib.dsv'
[8.633s] INFO:colcon.colcon_core.shell:Creating environment hook '/home/ros/Workshop/src/install/rslidar_msg/share/rslidar_msg/hook/ld_library_path_lib.sh'
[8.634s] Level 1:colcon.colcon_core.environment:checking '/home/ros/Workshop/src/install/rslidar_msg/bin'
[8.634s] Level 1:colcon.colcon_core.environment:checking '/home/ros/Workshop/src/install/rslidar_msg/lib/pkgconfig/rslidar_msg.pc'
[8.634s] Level 1:colcon.colcon_core.environment:checking '/home/ros/Workshop/src/install/rslidar_msg/lib/python3.10/site-packages'
[8.634s] Level 1:colcon.colcon_core.environment:checking '/home/ros/Workshop/src/install/rslidar_msg/bin'
[8.637s] INFO:colcon.colcon_core.shell:Creating package script '/home/ros/Workshop/src/install/rslidar_msg/share/rslidar_msg/package.ps1'
[8.638s] INFO:colcon.colcon_core.shell:Creating package descriptor '/home/ros/Workshop/src/install/rslidar_msg/share/rslidar_msg/package.dsv'
[8.639s] INFO:colcon.colcon_core.shell:Creating package script '/home/ros/Workshop/src/install/rslidar_msg/share/rslidar_msg/package.sh'
[8.639s] INFO:colcon.colcon_core.shell:Creating package script '/home/ros/Workshop/src/install/rslidar_msg/share/rslidar_msg/package.bash'
[8.640s] INFO:colcon.colcon_core.shell:Creating package script '/home/ros/Workshop/src/install/rslidar_msg/share/rslidar_msg/package.zsh'
[8.641s] Level 1:colcon.colcon_core.environment:create_file_with_runtime_dependencies(/home/ros/Workshop/src/install/rslidar_msg/share/colcon-core/packages/rslidar_msg)
[8.641s] INFO:colcon.colcon_ros.task.ament_cmake.build:Building ROS package in '/home/ros/Workshop/src/rslidar_sdk_ros2' with build type 'ament_cmake'
[8.641s] INFO:colcon.colcon_cmake.task.cmake.build:Building CMake package in '/home/ros/Workshop/src/rslidar_sdk_ros2'
[8.643s] INFO:colcon.colcon_core.shell:Skip shell extension 'powershell' for command environment: Not usable outside of PowerShell
[8.644s] DEBUG:colcon.colcon_core.shell:Skip shell extension 'dsv' for command environment
[8.738s] DEBUG:colcon.colcon_core.event_handler.log_command:Invoking command in '/home/ros/Workshop/src/build/rslidar_sdk': AMENT_PREFIX_PATH=/home/ros/Workshop/src/install/rslidar_msg:${AMENT_PREFIX_PATH} CMAKE_PREFIX_PATH=/home/ros/Workshop/src/install/rslidar_msg:/workspaces/my_ros2_ws/install:/opt/ros/humble LD_LIBRARY_PATH=/home/ros/Workshop/src/install/rslidar_msg/lib:${LD_LIBRARY_PATH} PYTHONPATH=/home/ros/Workshop/src/install/rslidar_msg/local/lib/python3.10/dist-packages:${PYTHONPATH} /usr/bin/cmake --build /home/ros/Workshop/src/build/rslidar_sdk -- -j4 -l4
[9.298s] DEBUG:colcon.colcon_core.event_handler.log_command:Invoked command in '/home/ros/Workshop/src/build/rslidar_sdk' returned '0': AMENT_PREFIX_PATH=/home/ros/Workshop/src/install/rslidar_msg:${AMENT_PREFIX_PATH} CMAKE_PREFIX_PATH=/home/ros/Workshop/src/install/rslidar_msg:/workspaces/my_ros2_ws/install:/opt/ros/humble LD_LIBRARY_PATH=/home/ros/Workshop/src/install/rslidar_msg/lib:${LD_LIBRARY_PATH} PYTHONPATH=/home/ros/Workshop/src/install/rslidar_msg/local/lib/python3.10/dist-packages:${PYTHONPATH} /usr/bin/cmake --build /home/ros/Workshop/src/build/rslidar_sdk -- -j4 -l4
[9.505s] Level 1:colcon.colcon_core.environment:create_environment_scripts_only(unitree_nav_interfaces)
[9.508s] Level 1:colcon.colcon_core.environment:checking '/home/ros/Workshop/src/install/unitree_nav_interfaces' for CMake module files
[9.510s] Level 1:colcon.colcon_core.environment:checking '/home/ros/Workshop/src/install/unitree_nav_interfaces' for CMake config files
[9.513s] Level 1:colcon.colcon_core.shell:create_environment_hook('unitree_nav_interfaces', 'cmake_prefix_path')
[9.516s] INFO:colcon.colcon_core.shell:Creating environment hook '/home/ros/Workshop/src/install/unitree_nav_interfaces/share/unitree_nav_interfaces/hook/cmake_prefix_path.ps1'
[9.517s] INFO:colcon.colcon_core.shell:Creating environment descriptor '/home/ros/Workshop/src/install/unitree_nav_interfaces/share/unitree_nav_interfaces/hook/cmake_prefix_path.dsv'
[9.518s] INFO:colcon.colcon_core.shell:Creating environment hook '/home/ros/Workshop/src/install/unitree_nav_interfaces/share/unitree_nav_interfaces/hook/cmake_prefix_path.sh'
[9.519s] Level 1:colcon.colcon_core.environment:checking '/home/ros/Workshop/src/install/unitree_nav_interfaces/lib'
[9.520s] Level 1:colcon.colcon_core.shell:create_environment_hook('unitree_nav_interfaces', 'ld_library_path_lib')
[9.523s] INFO:colcon.colcon_core.shell:Creating environment hook '/home/ros/Workshop/src/install/unitree_nav_interfaces/share/unitree_nav_interfaces/hook/ld_library_path_lib.ps1'
[9.525s] INFO:colcon.colcon_core.shell:Creating environment descriptor '/home/ros/Workshop/src/install/unitree_nav_interfaces/share/unitree_nav_interfaces/hook/ld_library_path_lib.dsv'
[9.526s] INFO:colcon.colcon_core.shell:Creating environment hook '/home/ros/Workshop/src/install/unitree_nav_interfaces/share/unitree_nav_interfaces/hook/ld_library_path_lib.sh'
[9.527s] Level 1:colcon.colcon_core.environment:checking '/home/ros/Workshop/src/install/unitree_nav_interfaces/bin'
[9.528s] Level 1:colcon.colcon_core.environment:checking '/home/ros/Workshop/src/install/unitree_nav_interfaces/lib/pkgconfig/unitree_nav_interfaces.pc'
[9.528s] Level 1:colcon.colcon_core.environment:checking '/home/ros/Workshop/src/install/unitree_nav_interfaces/lib/python3.10/site-packages'
[9.529s] Level 1:colcon.colcon_core.environment:checking '/home/ros/Workshop/src/install/unitree_nav_interfaces/bin'
[9.532s] INFO:colcon.colcon_core.shell:Creating package script '/home/ros/Workshop/src/install/unitree_nav_interfaces/share/unitree_nav_interfaces/package.ps1'
[9.533s] INFO:colcon.colcon_core.shell:Creating package descriptor '/home/ros/Workshop/src/install/unitree_nav_interfaces/share/unitree_nav_interfaces/package.dsv'
[9.534s] INFO:colcon.colcon_core.shell:Creating package script '/home/ros/Workshop/src/install/unitree_nav_interfaces/share/unitree_nav_interfaces/package.sh'
[9.536s] INFO:colcon.colcon_core.shell:Creating package script '/home/ros/Workshop/src/install/unitree_nav_interfaces/share/unitree_nav_interfaces/package.bash'
[9.537s] INFO:colcon.colcon_core.shell:Creating package script '/home/ros/Workshop/src/install/unitree_nav_interfaces/share/unitree_nav_interfaces/package.zsh'
[9.539s] Level 1:colcon.colcon_core.environment:create_file_with_runtime_dependencies(/home/ros/Workshop/src/install/unitree_nav_interfaces/share/colcon-core/packages/unitree_nav_interfaces)
[9.732s] DEBUG:colcon.colcon_core.event_handler.log_command:Invoking command in '/home/ros/Workshop/src/build/rslidar_sdk': AMENT_PREFIX_PATH=/home/ros/Workshop/src/install/rslidar_msg:${AMENT_PREFIX_PATH} CMAKE_PREFIX_PATH=/home/ros/Workshop/src/install/rslidar_msg:/workspaces/my_ros2_ws/install:/opt/ros/humble LD_LIBRARY_PATH=/home/ros/Workshop/src/install/rslidar_msg/lib:${LD_LIBRARY_PATH} PYTHONPATH=/home/ros/Workshop/src/install/rslidar_msg/local/lib/python3.10/dist-packages:${PYTHONPATH} /usr/bin/cmake --install /home/ros/Workshop/src/build/rslidar_sdk
[9.877s] Level 1:colcon.colcon_core.environment:create_environment_scripts_only(rslidar_sdk)
[9.880s] Level 1:colcon.colcon_core.environment:checking '/home/ros/Workshop/src/install/rslidar_sdk' for CMake module files
[9.881s] DEBUG:colcon.colcon_core.event_handler.log_command:Invoked command in '/home/ros/Workshop/src/build/rslidar_sdk' returned '0': AMENT_PREFIX_PATH=/home/ros/Workshop/src/install/rslidar_msg:${AMENT_PREFIX_PATH} CMAKE_PREFIX_PATH=/home/ros/Workshop/src/install/rslidar_msg:/workspaces/my_ros2_ws/install:/opt/ros/humble LD_LIBRARY_PATH=/home/ros/Workshop/src/install/rslidar_msg/lib:${LD_LIBRARY_PATH} PYTHONPATH=/home/ros/Workshop/src/install/rslidar_msg/local/lib/python3.10/dist-packages:${PYTHONPATH} /usr/bin/cmake --install /home/ros/Workshop/src/build/rslidar_sdk
[9.882s] Level 1:colcon.colcon_core.environment:checking '/home/ros/Workshop/src/install/rslidar_sdk' for CMake config files
[9.883s] Level 1:colcon.colcon_core.shell:create_environment_hook('rslidar_sdk', 'cmake_prefix_path')
[9.885s] INFO:colcon.colcon_core.shell:Creating environment hook '/home/ros/Workshop/src/install/rslidar_sdk/share/rslidar_sdk/hook/cmake_prefix_path.ps1'
[9.886s] INFO:colcon.colcon_core.shell:Creating environment descriptor '/home/ros/Workshop/src/install/rslidar_sdk/share/rslidar_sdk/hook/cmake_prefix_path.dsv'
[9.887s] INFO:colcon.colcon_core.shell:Creating environment hook '/home/ros/Workshop/src/install/rslidar_sdk/share/rslidar_sdk/hook/cmake_prefix_path.sh'
[9.888s] Level 1:colcon.colcon_core.environment:checking '/home/ros/Workshop/src/install/rslidar_sdk/lib'
[9.889s] Level 1:colcon.colcon_core.environment:checking '/home/ros/Workshop/src/install/rslidar_sdk/bin'
[9.889s] Level 1:colcon.colcon_core.environment:checking '/home/ros/Workshop/src/install/rslidar_sdk/lib/pkgconfig/rslidar_sdk.pc'
[9.889s] Level 1:colcon.colcon_core.environment:checking '/home/ros/Workshop/src/install/rslidar_sdk/lib/python3.10/site-packages'
[9.890s] Level 1:colcon.colcon_core.environment:checking '/home/ros/Workshop/src/install/rslidar_sdk/bin'
[9.892s] INFO:colcon.colcon_core.shell:Creating package script '/home/ros/Workshop/src/install/rslidar_sdk/share/rslidar_sdk/package.ps1'
[9.893s] INFO:colcon.colcon_core.shell:Creating package descriptor '/home/ros/Workshop/src/install/rslidar_sdk/share/rslidar_sdk/package.dsv'
[9.894s] INFO:colcon.colcon_core.shell:Creating package script '/home/ros/Workshop/src/install/rslidar_sdk/share/rslidar_sdk/package.sh'
[9.895s] INFO:colcon.colcon_core.shell:Creating package script '/home/ros/Workshop/src/install/rslidar_sdk/share/rslidar_sdk/package.bash'
[9.896s] INFO:colcon.colcon_core.shell:Creating package script '/home/ros/Workshop/src/install/rslidar_sdk/share/rslidar_sdk/package.zsh'
[9.897s] Level 1:colcon.colcon_core.environment:create_file_with_runtime_dependencies(/home/ros/Workshop/src/install/rslidar_sdk/share/colcon-core/packages/rslidar_sdk)
[10.354s] Level 1:colcon.colcon_core.environment:create_environment_scripts_only(rslidar_sdk)
[10.361s] Level 1:colcon.colcon_core.environment:checking '/home/ros/Workshop/src/install/rslidar_sdk' for CMake module files
[10.362s] Level 1:colcon.colcon_core.environment:checking '/home/ros/Workshop/src/install/rslidar_sdk' for CMake config files
[10.363s] Level 1:colcon.colcon_core.shell:create_environment_hook('rslidar_sdk', 'cmake_prefix_path')
[10.375s] INFO:colcon.colcon_core.shell:Creating environment hook '/home/ros/Workshop/src/install/rslidar_sdk/share/rslidar_sdk/hook/cmake_prefix_path.ps1'
[10.377s] INFO:colcon.colcon_core.shell:Creating environment descriptor '/home/ros/Workshop/src/install/rslidar_sdk/share/rslidar_sdk/hook/cmake_prefix_path.dsv'
[10.379s] INFO:colcon.colcon_core.shell:Creating environment hook '/home/ros/Workshop/src/install/rslidar_sdk/share/rslidar_sdk/hook/cmake_prefix_path.sh'
[10.383s] Level 1:colcon.colcon_core.environment:checking '/home/ros/Workshop/src/install/rslidar_sdk/lib'
[10.384s] Level 1:colcon.colcon_core.environment:checking '/home/ros/Workshop/src/install/rslidar_sdk/bin'
[10.384s] Level 1:colcon.colcon_core.environment:checking '/home/ros/Workshop/src/install/rslidar_sdk/lib/pkgconfig/rslidar_sdk.pc'
[10.385s] Level 1:colcon.colcon_core.environment:checking '/home/ros/Workshop/src/install/rslidar_sdk/lib/python3.10/site-packages'
[10.386s] Level 1:colcon.colcon_core.environment:checking '/home/ros/Workshop/src/install/rslidar_sdk/bin'
[10.392s] INFO:colcon.colcon_core.shell:Creating package script '/home/ros/Workshop/src/install/rslidar_sdk/share/rslidar_sdk/package.ps1'
[10.393s] INFO:colcon.colcon_core.shell:Creating package descriptor '/home/ros/Workshop/src/install/rslidar_sdk/share/rslidar_sdk/package.dsv'
[10.395s] INFO:colcon.colcon_core.shell:Creating package script '/home/ros/Workshop/src/install/rslidar_sdk/share/rslidar_sdk/package.sh'
[10.397s] INFO:colcon.colcon_core.shell:Creating package script '/home/ros/Workshop/src/install/rslidar_sdk/share/rslidar_sdk/package.bash'
[10.399s] INFO:colcon.colcon_core.shell:Creating package script '/home/ros/Workshop/src/install/rslidar_sdk/share/rslidar_sdk/package.zsh'
[10.400s] Level 1:colcon.colcon_core.environment:create_file_with_runtime_dependencies(/home/ros/Workshop/src/install/rslidar_sdk/share/colcon-core/packages/rslidar_sdk)
[11.061s] DEBUG:colcon.colcon_core.event_handler.log_command:Invoking command in '/home/ros/Workshop/src/build/ros2_unitree_legged_msgs': CMAKE_PREFIX_PATH=${CMAKE_PREFIX_PATH}:/opt/ros/humble /usr/bin/cmake --install /home/ros/Workshop/src/build/ros2_unitree_legged_msgs
[11.299s] Level 1:colcon.colcon_core.environment:create_environment_scripts_only(ros2_unitree_legged_msgs)
[11.300s] DEBUG:colcon.colcon_core.event_handler.log_command:Invoked command in '/home/ros/Workshop/src/build/ros2_unitree_legged_msgs' returned '0': CMAKE_PREFIX_PATH=${CMAKE_PREFIX_PATH}:/opt/ros/humble /usr/bin/cmake --install /home/ros/Workshop/src/build/ros2_unitree_legged_msgs
[11.302s] Level 1:colcon.colcon_core.environment:checking '/home/ros/Workshop/src/install/ros2_unitree_legged_msgs' for CMake module files
[11.304s] Level 1:colcon.colcon_core.environment:checking '/home/ros/Workshop/src/install/ros2_unitree_legged_msgs' for CMake config files
[11.307s] Level 1:colcon.colcon_core.shell:create_environment_hook('ros2_unitree_legged_msgs', 'cmake_prefix_path')
[11.309s] INFO:colcon.colcon_core.shell:Creating environment hook '/home/ros/Workshop/src/install/ros2_unitree_legged_msgs/share/ros2_unitree_legged_msgs/hook/cmake_prefix_path.ps1'
[11.309s] INFO:colcon.colcon_core.shell:Creating environment descriptor '/home/ros/Workshop/src/install/ros2_unitree_legged_msgs/share/ros2_unitree_legged_msgs/hook/cmake_prefix_path.dsv'
[11.310s] INFO:colcon.colcon_core.shell:Creating environment hook '/home/ros/Workshop/src/install/ros2_unitree_legged_msgs/share/ros2_unitree_legged_msgs/hook/cmake_prefix_path.sh'
[11.311s] Level 1:colcon.colcon_core.environment:checking '/home/ros/Workshop/src/install/ros2_unitree_legged_msgs/lib'
[11.311s] Level 1:colcon.colcon_core.shell:create_environment_hook('ros2_unitree_legged_msgs', 'ld_library_path_lib')
[11.313s] INFO:colcon.colcon_core.shell:Creating environment hook '/home/ros/Workshop/src/install/ros2_unitree_legged_msgs/share/ros2_unitree_legged_msgs/hook/ld_library_path_lib.ps1'
[11.313s] INFO:colcon.colcon_core.shell:Creating environment descriptor '/home/ros/Workshop/src/install/ros2_unitree_legged_msgs/share/ros2_unitree_legged_msgs/hook/ld_library_path_lib.dsv'
[11.314s] INFO:colcon.colcon_core.shell:Creating environment hook '/home/ros/Workshop/src/install/ros2_unitree_legged_msgs/share/ros2_unitree_legged_msgs/hook/ld_library_path_lib.sh'
[11.314s] Level 1:colcon.colcon_core.environment:checking '/home/ros/Workshop/src/install/ros2_unitree_legged_msgs/bin'
[11.314s] Level 1:colcon.colcon_core.environment:checking '/home/ros/Workshop/src/install/ros2_unitree_legged_msgs/lib/pkgconfig/ros2_unitree_legged_msgs.pc'
[11.315s] Level 1:colcon.colcon_core.environment:checking '/home/ros/Workshop/src/install/ros2_unitree_legged_msgs/lib/python3.10/site-packages'
[11.315s] Level 1:colcon.colcon_core.environment:checking '/home/ros/Workshop/src/install/ros2_unitree_legged_msgs/bin'
[11.317s] INFO:colcon.colcon_core.shell:Creating package script '/home/ros/Workshop/src/install/ros2_unitree_legged_msgs/share/ros2_unitree_legged_msgs/package.ps1'
[11.318s] INFO:colcon.colcon_core.shell:Creating package descriptor '/home/ros/Workshop/src/install/ros2_unitree_legged_msgs/share/ros2_unitree_legged_msgs/package.dsv'
[11.318s] INFO:colcon.colcon_core.shell:Creating package script '/home/ros/Workshop/src/install/ros2_unitree_legged_msgs/share/ros2_unitree_legged_msgs/package.sh'
[11.319s] INFO:colcon.colcon_core.shell:Creating package script '/home/ros/Workshop/src/install/ros2_unitree_legged_msgs/share/ros2_unitree_legged_msgs/package.bash'
[11.319s] INFO:colcon.colcon_core.shell:Creating package script '/home/ros/Workshop/src/install/ros2_unitree_legged_msgs/share/ros2_unitree_legged_msgs/package.zsh'
[11.320s] Level 1:colcon.colcon_core.environment:create_file_with_runtime_dependencies(/home/ros/Workshop/src/install/ros2_unitree_legged_msgs/share/colcon-core/packages/ros2_unitree_legged_msgs)
[14.911s] Level 1:colcon.colcon_core.environment:create_environment_scripts_only(ros2_unitree_legged_msgs)
[14.913s] Level 1:colcon.colcon_core.environment:checking '/home/ros/Workshop/src/install/ros2_unitree_legged_msgs' for CMake module files
[14.914s] Level 1:colcon.colcon_core.environment:checking '/home/ros/Workshop/src/install/ros2_unitree_legged_msgs' for CMake config files
[14.917s] Level 1:colcon.colcon_core.shell:create_environment_hook('ros2_unitree_legged_msgs', 'cmake_prefix_path')
[14.918s] INFO:colcon.colcon_core.shell:Creating environment hook '/home/ros/Workshop/src/install/ros2_unitree_legged_msgs/share/ros2_unitree_legged_msgs/hook/cmake_prefix_path.ps1'
[14.919s] INFO:colcon.colcon_core.shell:Creating environment descriptor '/home/ros/Workshop/src/install/ros2_unitree_legged_msgs/share/ros2_unitree_legged_msgs/hook/cmake_prefix_path.dsv'
[14.919s] INFO:colcon.colcon_core.shell:Creating environment hook '/home/ros/Workshop/src/install/ros2_unitree_legged_msgs/share/ros2_unitree_legged_msgs/hook/cmake_prefix_path.sh'
[14.920s] Level 1:colcon.colcon_core.environment:checking '/home/ros/Workshop/src/install/ros2_unitree_legged_msgs/lib'
[14.920s] Level 1:colcon.colcon_core.shell:create_environment_hook('ros2_unitree_legged_msgs', 'ld_library_path_lib')
[14.922s] INFO:colcon.colcon_core.shell:Creating environment hook '/home/ros/Workshop/src/install/ros2_unitree_legged_msgs/share/ros2_unitree_legged_msgs/hook/ld_library_path_lib.ps1'
[14.922s] INFO:colcon.colcon_core.shell:Creating environment descriptor '/home/ros/Workshop/src/install/ros2_unitree_legged_msgs/share/ros2_unitree_legged_msgs/hook/ld_library_path_lib.dsv'
[14.923s] INFO:colcon.colcon_core.shell:Creating environment hook '/home/ros/Workshop/src/install/ros2_unitree_legged_msgs/share/ros2_unitree_legged_msgs/hook/ld_library_path_lib.sh'
[14.923s] Level 1:colcon.colcon_core.environment:checking '/home/ros/Workshop/src/install/ros2_unitree_legged_msgs/bin'
[14.923s] Level 1:colcon.colcon_core.environment:checking '/home/ros/Workshop/src/install/ros2_unitree_legged_msgs/lib/pkgconfig/ros2_unitree_legged_msgs.pc'
[14.924s] Level 1:colcon.colcon_core.environment:checking '/home/ros/Workshop/src/install/ros2_unitree_legged_msgs/lib/python3.10/site-packages'
[14.924s] Level 1:colcon.colcon_core.environment:checking '/home/ros/Workshop/src/install/ros2_unitree_legged_msgs/bin'
[14.926s] INFO:colcon.colcon_core.shell:Creating package script '/home/ros/Workshop/src/install/ros2_unitree_legged_msgs/share/ros2_unitree_legged_msgs/package.ps1'
[14.926s] INFO:colcon.colcon_core.shell:Creating package descriptor '/home/ros/Workshop/src/install/ros2_unitree_legged_msgs/share/ros2_unitree_legged_msgs/package.dsv'
[14.927s] INFO:colcon.colcon_core.shell:Creating package script '/home/ros/Workshop/src/install/ros2_unitree_legged_msgs/share/ros2_unitree_legged_msgs/package.sh'
[14.927s] INFO:colcon.colcon_core.shell:Creating package script '/home/ros/Workshop/src/install/ros2_unitree_legged_msgs/share/ros2_unitree_legged_msgs/package.bash'
[14.928s] INFO:colcon.colcon_core.shell:Creating package script '/home/ros/Workshop/src/install/ros2_unitree_legged_msgs/share/ros2_unitree_legged_msgs/package.zsh'
[14.929s] Level 1:colcon.colcon_core.environment:create_file_with_runtime_dependencies(/home/ros/Workshop/src/install/ros2_unitree_legged_msgs/share/colcon-core/packages/ros2_unitree_legged_msgs)
[14.929s] INFO:colcon.colcon_ros.task.ament_cmake.build:Building ROS package in '/home/ros/Workshop/src/unitree_ros2/unitree_legged_real' with build type 'ament_cmake'
[14.929s] INFO:colcon.colcon_cmake.task.cmake.build:Building CMake package in '/home/ros/Workshop/src/unitree_ros2/unitree_legged_real'
[14.931s] INFO:colcon.colcon_core.shell:Skip shell extension 'powershell' for command environment: Not usable outside of PowerShell
[14.931s] DEBUG:colcon.colcon_core.shell:Skip shell extension 'dsv' for command environment
[14.943s] INFO:colcon.colcon_ros.task.ament_cmake.build:Building ROS package in '/home/ros/Workshop/src/unitree_nav/unitree_nav' with build type 'ament_cmake'
[14.943s] INFO:colcon.colcon_cmake.task.cmake.build:Building CMake package in '/home/ros/Workshop/src/unitree_nav/unitree_nav'
[14.948s] INFO:colcon.colcon_core.shell:Skip shell extension 'powershell' for command environment: Not usable outside of PowerShell
[14.948s] DEBUG:colcon.colcon_core.shell:Skip shell extension 'dsv' for command environment
[15.009s] DEBUG:colcon.colcon_core.event_handler.log_command:Invoking command in '/home/ros/Workshop/src/build/unitree_legged_real': AMENT_PREFIX_PATH=/home/ros/Workshop/src/install/ros2_unitree_legged_msgs:${AMENT_PREFIX_PATH} CMAKE_PREFIX_PATH=/home/ros/Workshop/src/install/ros2_unitree_legged_msgs:/workspaces/my_ros2_ws/install:/opt/ros/humble LD_LIBRARY_PATH=/home/ros/Workshop/src/install/ros2_unitree_legged_msgs/lib:${LD_LIBRARY_PATH} PYTHONPATH=/home/ros/Workshop/src/install/ros2_unitree_legged_msgs/local/lib/python3.10/dist-packages:${PYTHONPATH} /usr/bin/cmake --build /home/ros/Workshop/src/build/unitree_legged_real -- -j4 -l4
[15.055s] DEBUG:colcon.colcon_core.event_handler.log_command:Invoking command in '/home/ros/Workshop/src/build/unitree_nav': AMENT_PREFIX_PATH=/home/ros/Workshop/src/install/rslidar_sdk:/home/ros/Workshop/src/install/unitree_nav_interfaces:/home/ros/Workshop/src/install/rslidar_msg:/home/ros/Workshop/src/install/ros2_unitree_legged_msgs:${AMENT_PREFIX_PATH} CMAKE_PREFIX_PATH=/home/ros/Workshop/src/install/rslidar_sdk:/home/ros/Workshop/src/install/unitree_nav_interfaces:/home/ros/Workshop/src/install/rslidar_msg:/home/ros/Workshop/src/install/ros2_unitree_legged_msgs:/workspaces/my_ros2_ws/install:/opt/ros/humble LD_LIBRARY_PATH=/home/ros/Workshop/src/install/unitree_nav_interfaces/lib:/home/ros/Workshop/src/install/rslidar_msg/lib:/home/ros/Workshop/src/install/ros2_unitree_legged_msgs/lib:${LD_LIBRARY_PATH} PYTHONPATH=/home/ros/Workshop/src/install/unitree_nav_interfaces/local/lib/python3.10/dist-packages:/home/ros/Workshop/src/install/rslidar_msg/local/lib/python3.10/dist-packages:/home/ros/Workshop/src/install/ros2_unitree_legged_msgs/local/lib/python3.10/dist-packages:${PYTHONPATH} /usr/bin/cmake /home/ros/Workshop/src/unitree_nav/unitree_nav -DAMENT_CMAKE_SYMLINK_INSTALL=1 -DCMAKE_INSTALL_PREFIX=/home/ros/Workshop/src/install/unitree_nav
[18.754s] DEBUG:colcon.colcon_core.event_handler.log_command:Invoked command in '/home/ros/Workshop/src/build/unitree_nav' returned '1': AMENT_PREFIX_PATH=/home/ros/Workshop/src/install/rslidar_sdk:/home/ros/Workshop/src/install/unitree_nav_interfaces:/home/ros/Workshop/src/install/rslidar_msg:/home/ros/Workshop/src/install/ros2_unitree_legged_msgs:${AMENT_PREFIX_PATH} CMAKE_PREFIX_PATH=/home/ros/Workshop/src/install/rslidar_sdk:/home/ros/Workshop/src/install/unitree_nav_interfaces:/home/ros/Workshop/src/install/rslidar_msg:/home/ros/Workshop/src/install/ros2_unitree_legged_msgs:/workspaces/my_ros2_ws/install:/opt/ros/humble LD_LIBRARY_PATH=/home/ros/Workshop/src/install/unitree_nav_interfaces/lib:/home/ros/Workshop/src/install/rslidar_msg/lib:/home/ros/Workshop/src/install/ros2_unitree_legged_msgs/lib:${LD_LIBRARY_PATH} PYTHONPATH=/home/ros/Workshop/src/install/unitree_nav_interfaces/local/lib/python3.10/dist-packages:/home/ros/Workshop/src/install/rslidar_msg/local/lib/python3.10/dist-packages:/home/ros/Workshop/src/install/ros2_unitree_legged_msgs/local/lib/python3.10/dist-packages:${PYTHONPATH} /usr/bin/cmake /home/ros/Workshop/src/unitree_nav/unitree_nav -DAMENT_CMAKE_SYMLINK_INSTALL=1 -DCMAKE_INSTALL_PREFIX=/home/ros/Workshop/src/install/unitree_nav
[117.503s] DEBUG:colcon.colcon_parallel_executor.executor.parallel:closing loop
[117.546s] DEBUG:colcon.colcon_parallel_executor.executor.parallel:loop closed
[117.546s] DEBUG:colcon.colcon_parallel_executor.executor.parallel:run_until_complete finished with 'argument of type 'NoneType' is not iterable'
[117.547s] DEBUG:colcon.colcon_core.event_reactor:joining thread
[117.727s] INFO:colcon.colcon_core.plugin_system:Skipping extension 'colcon_notification.desktop_notification.terminal_notifier': Not used on non-Darwin systems
[117.727s] INFO:colcon.colcon_core.plugin_system:Skipping extension 'colcon_notification.desktop_notification.win32': Not used on non-Windows systems
[117.727s] INFO:colcon.colcon_notification.desktop_notification:Sending desktop notification using 'notify2'
[117.841s] DEBUG:colcon.colcon_notification.desktop_notification.notify2:Failed to initialize notify2: org.freedesktop.DBus.Error.Spawn.ExecFailed: /usr/bin/dbus-launch terminated abnormally with the following error: Authorization required, but no authorization protocol specified
Autolaunch error: X11 initialization failed.

[117.842s] DEBUG:colcon.colcon_core.event_reactor:joined thread
[117.856s] INFO:colcon.colcon_core.shell:Creating prefix script '/home/ros/Workshop/src/install/local_setup.ps1'
[117.870s] INFO:colcon.colcon_core.shell:Creating prefix util module '/home/ros/Workshop/src/install/_local_setup_util_ps1.py'
[117.877s] INFO:colcon.colcon_core.shell:Creating prefix chain script '/home/ros/Workshop/src/install/setup.ps1'
[117.885s] INFO:colcon.colcon_core.shell:Creating prefix script '/home/ros/Workshop/src/install/local_setup.sh'
[117.887s] INFO:colcon.colcon_core.shell:Creating prefix util module '/home/ros/Workshop/src/install/_local_setup_util_sh.py'
[117.888s] INFO:colcon.colcon_core.shell:Creating prefix chain script '/home/ros/Workshop/src/install/setup.sh'
[117.892s] INFO:colcon.colcon_core.shell:Creating prefix script '/home/ros/Workshop/src/install/local_setup.bash'
[117.895s] INFO:colcon.colcon_core.shell:Creating prefix chain script '/home/ros/Workshop/src/install/setup.bash'
[117.899s] INFO:colcon.colcon_core.shell:Creating prefix script '/home/ros/Workshop/src/install/local_setup.zsh'
[117.900s] INFO:colcon.colcon_core.shell:Creating prefix chain script '/home/ros/Workshop/src/install/setup.zsh'
