[35m[1mConsolidate compiler generated dependencies of target voice_control[0m
[35m[1mConsolidate compiler generated dependencies of target guide_dog[0m
[35m[1mConsolidate compiler generated dependencies of target vision_obstacles[0m
[ 28%] Built target voice_control
[ 57%] Built target guide_dog
[100%] [34m[1mGenerate API documentation for doxygen[0m
[100%] Built target vision_obstacles
Doxygen version used: 1.9.1
Searching for include files...
Searching for example files...
Searching for images...
Searching for dot files...
Searching for msc files...
Searching for dia files...
Searching for files to exclude
Searching INPUT for files to process...
Searching for files in directory /home/ros/Workshop/src/Guide_dog_Unitree_Go1/guide_dog_unitree_go1/src
Reading and parsing tag files
Parsing files
Preprocessing /home/ros/Workshop/src/Guide_dog_Unitree_Go1/guide_dog_unitree_go1/src/guide_dog.cpp...
Parsing file /home/ros/Workshop/src/Guide_dog_Unitree_Go1/guide_dog_unitree_go1/src/guide_dog.cpp...
Preprocessing /home/ros/Workshop/src/Guide_dog_Unitree_Go1/guide_dog_unitree_go1/src/vision_obstacles.cpp...
Parsing file /home/ros/Workshop/src/Guide_dog_Unitree_Go1/guide_dog_unitree_go1/src/vision_obstacles.cpp...
Preprocessing /home/ros/Workshop/src/Guide_dog_Unitree_Go1/guide_dog_unitree_go1/src/voice_control.cpp...
Parsing file /home/ros/Workshop/src/Guide_dog_Unitree_Go1/guide_dog_unitree_go1/src/voice_control.cpp...
Building macro definition list...
Building group list...
Building directory list...
Building namespace list...
Building file list...
Building class list...
Computing nesting relations for classes...
Associating documentation with classes...
Building example list...
Searching for enumerations...
Searching for documented typedefs...
Searching for members imported via using declarations...
Searching for included using directives...
Searching for documented variables...
Building interface member list...
Building member list...
Searching for friends...
Searching for documented defines...
Computing class inheritance relations...
Computing class usage relations...
Flushing cached template relations that have become invalid...
Computing class relations...
Add enum values to enums...
Searching for member function documentation...
Creating members for template instances...
Building page list...
Search for main page...
Computing page relations...
Determining the scope of groups...
Sorting lists...
Determining which enums are documented
Computing member relations...
Building full member lists recursively...
Adding members to member groups.
Computing member references...
Inheriting documentation...
Generating disk names...
Adding source references...
Adding xrefitems...
Sorting member lists...
Setting anonymous enum type...
Computing dependencies between directories...
Generating citations page...
Counting members...
Counting data structures...
Resolving user defined references...
Finding anchors and sections in the documentation...
Transferring function references...
Combining using relations...
Adding members to index pages...
Correcting members for VHDL...
Computing tooltip texts...
Generating style sheet...
Generating search indices...
Generating example documentation...
Generating file sources...
Generating file documentation...
Generating docs for file src/guide_dog.cpp...
Generating docs for file src/vision_obstacles.cpp...
Generating docs for file src/voice_control.cpp...
Generating page documentation...
Generating group documentation...
Generating class documentation...
Generating docs for compound guide_dog...
Generating docs for compound Pose2D...
Generating docs for compound vision_obstacles...
Generating docs for compound voice_control...
Generating namespace index...
Generating graph info page...
Generating directory documentation...
Generating index page...
Generating page index...
Generating module index...
Generating namespace index...
Generating namespace member index...
Generating annotated compound index...
Generating alphabetical compound index...
Generating hierarchical class index...
Generating graphical class hierarchy...
Generating member index...
Generating file index...
Generating file member index...
Generating example index...
finalizing index lists...
writing tag file...
Running plantuml with JAVA...
Running dot...
lookup cache used 6/65536 hits=21 misses=7
finished...
[100%] Built target doxygen
-- Install configuration: ""
-- Execute custom install script
-- Up-to-date symlink: /home/ros/Workshop/src/install/guide_dog_unitree_go1/lib/guide_dog_unitree_go1/voice_control
-- Up-to-date symlink: /home/ros/Workshop/src/install/guide_dog_unitree_go1/lib/guide_dog_unitree_go1/vision_obstacles
-- Up-to-date symlink: /home/ros/Workshop/src/install/guide_dog_unitree_go1/lib/guide_dog_unitree_go1/guide_dog
-- Up-to-date symlink: /home/ros/Workshop/src/install/guide_dog_unitree_go1/share/guide_dog_unitree_go1//launch/guide_dog.launch.py
-- Up-to-date symlink: /home/ros/Workshop/src/install/guide_dog_unitree_go1/share/guide_dog_unitree_go1//launch/vision.launch.xml
-- Up-to-date symlink: /home/ros/Workshop/src/install/guide_dog_unitree_go1/share/guide_dog_unitree_go1//config/nav2_params_guide_dog.yaml
-- Up-to-date symlink: /home/ros/Workshop/src/install/guide_dog_unitree_go1/share/ament_index/resource_index/package_run_dependencies/guide_dog_unitree_go1
-- Up-to-date symlink: /home/ros/Workshop/src/install/guide_dog_unitree_go1/share/ament_index/resource_index/parent_prefix_path/guide_dog_unitree_go1
-- Up-to-date symlink: /home/ros/Workshop/src/install/guide_dog_unitree_go1/share/guide_dog_unitree_go1/environment/ament_prefix_path.sh
-- Up-to-date symlink: /home/ros/Workshop/src/install/guide_dog_unitree_go1/share/guide_dog_unitree_go1/environment/ament_prefix_path.dsv
-- Up-to-date symlink: /home/ros/Workshop/src/install/guide_dog_unitree_go1/share/guide_dog_unitree_go1/environment/path.sh
-- Up-to-date symlink: /home/ros/Workshop/src/install/guide_dog_unitree_go1/share/guide_dog_unitree_go1/environment/path.dsv
-- Up-to-date symlink: /home/ros/Workshop/src/install/guide_dog_unitree_go1/share/guide_dog_unitree_go1/local_setup.bash
-- Up-to-date symlink: /home/ros/Workshop/src/install/guide_dog_unitree_go1/share/guide_dog_unitree_go1/local_setup.sh
-- Up-to-date symlink: /home/ros/Workshop/src/install/guide_dog_unitree_go1/share/guide_dog_unitree_go1/local_setup.zsh
-- Up-to-date symlink: /home/ros/Workshop/src/install/guide_dog_unitree_go1/share/guide_dog_unitree_go1/local_setup.dsv
-- Symlinking: /home/ros/Workshop/src/install/guide_dog_unitree_go1/share/guide_dog_unitree_go1/package.dsv
-- Up-to-date symlink: /home/ros/Workshop/src/install/guide_dog_unitree_go1/share/ament_index/resource_index/packages/guide_dog_unitree_go1
-- Up-to-date symlink: /home/ros/Workshop/src/install/guide_dog_unitree_go1/share/guide_dog_unitree_go1/cmake/guide_dog_unitree_go1Config.cmake
-- Up-to-date symlink: /home/ros/Workshop/src/install/guide_dog_unitree_go1/share/guide_dog_unitree_go1/cmake/guide_dog_unitree_go1Config-version.cmake
-- Up-to-date symlink: /home/ros/Workshop/src/install/guide_dog_unitree_go1/share/guide_dog_unitree_go1/package.xml
