[0.217s] Invoking command in '/home/ros/Workshop/src/build/guide_dog_unitree_go1': AMENT_PREFIX_PATH=/home/ros/Workshop/src/install/unitree_nav:/home/ros/Workshop/src/install/rslidar_sdk:/home/ros/Workshop/src/install/unitree_nav_interfaces:/home/ros/Workshop/src/install/rslidar_msg:/home/ros/Workshop/src/install/ros2_unitree_legged_msgs:${AMENT_PREFIX_PATH} CMAKE_PREFIX_PATH=/home/ros/Workshop/src/install/unitree_nav:/home/ros/Workshop/src/install/rslidar_sdk:/home/ros/Workshop/src/install/unitree_nav_interfaces:/home/ros/Workshop/src/install/rslidar_msg:/home/ros/Workshop/src/install/ros2_unitree_legged_msgs:/workspaces/my_ros2_ws/install:/opt/ros/humble LD_LIBRARY_PATH=/home/ros/Workshop/src/install/unitree_nav_interfaces/lib:/home/ros/Workshop/src/install/rslidar_msg/lib:/home/ros/Workshop/src/install/ros2_unitree_legged_msgs/lib:${LD_LIBRARY_PATH} PYTHONPATH=/home/ros/Workshop/src/install/unitree_nav_interfaces/local/lib/python3.10/dist-packages:/home/ros/Workshop/src/install/rslidar_msg/local/lib/python3.10/dist-packages:/home/ros/Workshop/src/install/ros2_unitree_legged_msgs/local/lib/python3.10/dist-packages:${PYTHONPATH} /usr/bin/cmake --build /home/ros/Workshop/src/build/guide_dog_unitree_go1 -- -j4 -l4
[0.892s] [35m[1mConsolidate compiler generated dependencies of target voice_control[0m
[0.933s] [35m[1mConsolidate compiler generated dependencies of target guide_dog[0m
[0.954s] [35m[1mConsolidate compiler generated dependencies of target vision_obstacles[0m
[1.262s] [ 28%] Built target voice_control
[1.269s] [ 57%] Built target guide_dog
[1.292s] [100%] [34m[1mGenerate API documentation for doxygen[0m
[1.292s] [100%] Built target vision_obstacles
[2.345s] warning: tag INPUT: input source 'README.md' does not exist
[2.349s] Doxygen version used: 1.9.1
[2.358s] Searching for include files...
[2.359s] Searching for example files...
[2.360s] Searching for images...
[2.360s] Searching for dot files...
[2.360s] Searching for msc files...
[2.361s] Searching for dia files...
[2.361s] Searching for files to exclude
[2.361s] Searching INPUT for files to process...
[2.362s] Searching for files in directory /home/ros/Workshop/src/Guide_dog_Unitree_Go1/guide_dog_unitree_go1/src
[2.366s] warning: source 'README.md' is not a readable file or directory... skipping.
[2.368s] Reading and parsing tag files
[2.368s] Parsing files
[2.370s] Preprocessing /home/ros/Workshop/src/Guide_dog_Unitree_Go1/guide_dog_unitree_go1/src/guide_dog.cpp...
[2.378s] Parsing file /home/ros/Workshop/src/Guide_dog_Unitree_Go1/guide_dog_unitree_go1/src/guide_dog.cpp...
[2.389s] Preprocessing /home/ros/Workshop/src/Guide_dog_Unitree_Go1/guide_dog_unitree_go1/src/vision_obstacles.cpp...
[2.391s] Parsing file /home/ros/Workshop/src/Guide_dog_Unitree_Go1/guide_dog_unitree_go1/src/vision_obstacles.cpp...
[2.394s] Preprocessing /home/ros/Workshop/src/Guide_dog_Unitree_Go1/guide_dog_unitree_go1/src/voice_control.cpp...
[2.395s] Parsing file /home/ros/Workshop/src/Guide_dog_Unitree_Go1/guide_dog_unitree_go1/src/voice_control.cpp...
[2.397s] Building macro definition list...
[2.398s] Building group list...
[2.398s] Building directory list...
[2.404s] Building namespace list...
[2.404s] Building file list...
[2.408s] Building class list...
[2.427s] Computing nesting relations for classes...
[2.428s] Associating documentation with classes...
[2.428s] Building example list...
[2.429s] Searching for enumerations...
[2.430s] Searching for documented typedefs...
[2.431s] Searching for members imported via using declarations...
[2.431s] Searching for included using directives...
[2.432s] Searching for documented variables...
[2.433s] Building interface member list...
[2.434s] Building member list...
[2.435s] Searching for friends...
[2.435s] Searching for documented defines...
[2.436s] Computing class inheritance relations...
[2.437s] Computing class usage relations...
[2.440s] Flushing cached template relations that have become invalid...
[2.440s] Computing class relations...
[2.441s] /home/ros/Workshop/src/Guide_dog_Unitree_Go1/guide_dog_unitree_go1/src/guide_dog.cpp:73: warning: Compound Pose2D is not documented.
[2.441s] /home/ros/Workshop/src/Guide_dog_Unitree_Go1/guide_dog_unitree_go1/src/guide_dog.cpp:87: warning: Compound guide_dog is not documented.
[2.443s] Add enum values to enums...
[2.443s] Searching for member function documentation...
[2.445s] Creating members for template instances...
[2.447s] Building page list...
[2.448s] Search for main page...
[2.448s] Computing page relations...
[2.448s] Determining the scope of groups...
[2.448s] Sorting lists...
[2.449s] Determining which enums are documented
[2.449s] Computing member relations...
[2.449s] Building full member lists recursively...
[2.450s] Adding members to member groups.
[2.450s] Computing member references...
[2.451s] Inheriting documentation...
[2.451s] Generating disk names...
[2.452s] Adding source references...
[2.453s] Adding xrefitems...
[2.453s] Sorting member lists...
[2.453s] Setting anonymous enum type...
[2.453s] Computing dependencies between directories...
[2.453s] Generating citations page...
[2.454s] Counting members...
[2.454s] Counting data structures...
[2.455s] Resolving user defined references...
[2.455s] Finding anchors and sections in the documentation...
[2.456s] Transferring function references...
[2.456s] Combining using relations...
[2.456s] Adding members to index pages...
[2.456s] Correcting members for VHDL...
[2.457s] Computing tooltip texts...
[2.502s] Generating style sheet...
[2.505s] Generating search indices...
[2.528s] Generating example documentation...
[2.529s] Generating file sources...
[2.529s] Generating file documentation...
[2.529s] Generating docs for file src/guide_dog.cpp...
[2.543s] /home/ros/Workshop/src/Guide_dog_Unitree_Go1/guide_dog_unitree_go1/src/guide_dog.cpp:47: warning: Member STATES (macro definition) of file guide_dog.cpp is not documented.
[2.543s] /home/ros/Workshop/src/Guide_dog_Unitree_Go1/guide_dog_unitree_go1/src/guide_dog.cpp:53: warning: Member X(state, name) (macro definition) of file guide_dog.cpp is not documented.
[2.544s] /home/ros/Workshop/src/Guide_dog_Unitree_Go1/guide_dog_unitree_go1/src/guide_dog.cpp:57: warning: Member X(state, name) (macro definition) of file guide_dog.cpp is not documented.
[2.544s] /home/ros/Workshop/src/Guide_dog_Unitree_Go1/guide_dog_unitree_go1/src/guide_dog.cpp:54: warning: Member State (enumeration) of file guide_dog.cpp is not documented.
[2.544s] /home/ros/Workshop/src/Guide_dog_Unitree_Go1/guide_dog_unitree_go1/src/guide_dog.cpp:63: warning: Member to_value(Enumeration const value) -> typename std::underlying_type< Enumeration >::type (function) of file guide_dog.cpp is not documented.
[2.545s] /home/ros/Workshop/src/Guide_dog_Unitree_Go1/guide_dog_unitree_go1/src/guide_dog.cpp:69: warning: Member get_state_name(State state) (function) of file guide_dog.cpp is not documented.
[2.545s] /home/ros/Workshop/src/Guide_dog_Unitree_Go1/guide_dog_unitree_go1/src/guide_dog.cpp:352: warning: Member quaternion_to_rpy(const geometry_msgs::msg::Quaternion &q) (function) of file guide_dog.cpp is not documented.
[2.545s] /home/ros/Workshop/src/Guide_dog_Unitree_Go1/guide_dog_unitree_go1/src/guide_dog.cpp:362: warning: Member rpy_to_quaternion(double roll, double pitch, double yaw) (function) of file guide_dog.cpp is not documented.
[2.545s] /home/ros/Workshop/src/Guide_dog_Unitree_Go1/guide_dog_unitree_go1/src/guide_dog.cpp:368: warning: Member main(int argc, char **argv) (function) of file guide_dog.cpp is not documented.
[2.545s] /home/ros/Workshop/src/Guide_dog_Unitree_Go1/guide_dog_unitree_go1/src/guide_dog.cpp:58: warning: Member STATE_NAMES (variable) of file guide_dog.cpp is not documented.
[2.559s] Generating docs for file src/vision_obstacles.cpp...
[2.563s] Generating docs for file src/voice_control.cpp...
[2.564s] Generating page documentation...
[2.565s] Generating group documentation...
[2.565s] Generating class documentation...
[2.565s] Generating docs for compound guide_dog...
[2.573s] Generating docs for compound Pose2D...
[2.574s] /home/ros/Workshop/src/Guide_dog_Unitree_Go1/guide_dog_unitree_go1/src/guide_dog.cpp:74: warning: Member x (variable) of struct Pose2D is not documented.
[2.574s] /home/ros/Workshop/src/Guide_dog_Unitree_Go1/guide_dog_unitree_go1/src/guide_dog.cpp:75: warning: Member y (variable) of struct Pose2D is not documented.
[2.574s] /home/ros/Workshop/src/Guide_dog_Unitree_Go1/guide_dog_unitree_go1/src/guide_dog.cpp:76: warning: Member theta (variable) of struct Pose2D is not documented.
[2.576s] Generating docs for compound vision_obstacles...
[2.581s] Generating docs for compound voice_control...
[2.586s] Generating namespace index...
[2.586s] Generating graph info page...
[2.592s] Generating directory documentation...
[2.595s] Generating index page...
[2.600s] Generating page index...
[2.600s] Generating module index...
[2.601s] Generating namespace index...
[2.601s] Generating namespace member index...
[2.602s] Generating annotated compound index...
[2.604s] Generating alphabetical compound index...
[2.606s] Generating hierarchical class index...
[2.608s] Generating graphical class hierarchy...
[2.620s] Generating member index...
[2.621s] Generating file index...
[2.626s] Generating file member index...
[2.630s] Generating example index...
[2.631s] finalizing index lists...
[2.632s] writing tag file...
[2.632s] Running plantuml with JAVA...
[2.633s] Running dot...
[2.649s] lookup cache used 6/65536 hits=21 misses=7
[2.650s] finished...
[2.820s] [100%] Built target doxygen
[2.915s] Invoked command in '/home/ros/Workshop/src/build/guide_dog_unitree_go1' returned '0': AMENT_PREFIX_PATH=/home/ros/Workshop/src/install/unitree_nav:/home/ros/Workshop/src/install/rslidar_sdk:/home/ros/Workshop/src/install/unitree_nav_interfaces:/home/ros/Workshop/src/install/rslidar_msg:/home/ros/Workshop/src/install/ros2_unitree_legged_msgs:${AMENT_PREFIX_PATH} CMAKE_PREFIX_PATH=/home/ros/Workshop/src/install/unitree_nav:/home/ros/Workshop/src/install/rslidar_sdk:/home/ros/Workshop/src/install/unitree_nav_interfaces:/home/ros/Workshop/src/install/rslidar_msg:/home/ros/Workshop/src/install/ros2_unitree_legged_msgs:/workspaces/my_ros2_ws/install:/opt/ros/humble LD_LIBRARY_PATH=/home/ros/Workshop/src/install/unitree_nav_interfaces/lib:/home/ros/Workshop/src/install/rslidar_msg/lib:/home/ros/Workshop/src/install/ros2_unitree_legged_msgs/lib:${LD_LIBRARY_PATH} PYTHONPATH=/home/ros/Workshop/src/install/unitree_nav_interfaces/local/lib/python3.10/dist-packages:/home/ros/Workshop/src/install/rslidar_msg/local/lib/python3.10/dist-packages:/home/ros/Workshop/src/install/ros2_unitree_legged_msgs/local/lib/python3.10/dist-packages:${PYTHONPATH} /usr/bin/cmake --build /home/ros/Workshop/src/build/guide_dog_unitree_go1 -- -j4 -l4
[3.508s] Invoking command in '/home/ros/Workshop/src/build/guide_dog_unitree_go1': AMENT_PREFIX_PATH=/home/ros/Workshop/src/install/unitree_nav:/home/ros/Workshop/src/install/rslidar_sdk:/home/ros/Workshop/src/install/unitree_nav_interfaces:/home/ros/Workshop/src/install/rslidar_msg:/home/ros/Workshop/src/install/ros2_unitree_legged_msgs:${AMENT_PREFIX_PATH} CMAKE_PREFIX_PATH=/home/ros/Workshop/src/install/unitree_nav:/home/ros/Workshop/src/install/rslidar_sdk:/home/ros/Workshop/src/install/unitree_nav_interfaces:/home/ros/Workshop/src/install/rslidar_msg:/home/ros/Workshop/src/install/ros2_unitree_legged_msgs:/workspaces/my_ros2_ws/install:/opt/ros/humble LD_LIBRARY_PATH=/home/ros/Workshop/src/install/unitree_nav_interfaces/lib:/home/ros/Workshop/src/install/rslidar_msg/lib:/home/ros/Workshop/src/install/ros2_unitree_legged_msgs/lib:${LD_LIBRARY_PATH} PYTHONPATH=/home/ros/Workshop/src/install/unitree_nav_interfaces/local/lib/python3.10/dist-packages:/home/ros/Workshop/src/install/rslidar_msg/local/lib/python3.10/dist-packages:/home/ros/Workshop/src/install/ros2_unitree_legged_msgs/local/lib/python3.10/dist-packages:${PYTHONPATH} /usr/bin/cmake --install /home/ros/Workshop/src/build/guide_dog_unitree_go1
[3.569s] -- Install configuration: ""
[3.570s] -- Execute custom install script
[3.572s] -- Up-to-date symlink: /home/ros/Workshop/src/install/guide_dog_unitree_go1/lib/guide_dog_unitree_go1/voice_control
[3.572s] -- Up-to-date symlink: /home/ros/Workshop/src/install/guide_dog_unitree_go1/lib/guide_dog_unitree_go1/vision_obstacles
[3.572s] -- Up-to-date symlink: /home/ros/Workshop/src/install/guide_dog_unitree_go1/lib/guide_dog_unitree_go1/guide_dog
[3.573s] -- Up-to-date symlink: /home/ros/Workshop/src/install/guide_dog_unitree_go1/share/guide_dog_unitree_go1//launch/guide_dog.launch.py
[3.574s] -- Up-to-date symlink: /home/ros/Workshop/src/install/guide_dog_unitree_go1/share/guide_dog_unitree_go1//launch/vision.launch.xml
[3.575s] -- Up-to-date symlink: /home/ros/Workshop/src/install/guide_dog_unitree_go1/share/guide_dog_unitree_go1//config/nav2_params_guide_dog.yaml
[3.576s] -- Up-to-date symlink: /home/ros/Workshop/src/install/guide_dog_unitree_go1/share/ament_index/resource_index/package_run_dependencies/guide_dog_unitree_go1
[3.576s] -- Up-to-date symlink: /home/ros/Workshop/src/install/guide_dog_unitree_go1/share/ament_index/resource_index/parent_prefix_path/guide_dog_unitree_go1
[3.578s] -- Up-to-date symlink: /home/ros/Workshop/src/install/guide_dog_unitree_go1/share/guide_dog_unitree_go1/environment/ament_prefix_path.sh
[3.579s] -- Up-to-date symlink: /home/ros/Workshop/src/install/guide_dog_unitree_go1/share/guide_dog_unitree_go1/environment/ament_prefix_path.dsv
[3.579s] -- Up-to-date symlink: /home/ros/Workshop/src/install/guide_dog_unitree_go1/share/guide_dog_unitree_go1/environment/path.sh
[3.581s] -- Up-to-date symlink: /home/ros/Workshop/src/install/guide_dog_unitree_go1/share/guide_dog_unitree_go1/environment/path.dsv
[3.581s] -- Up-to-date symlink: /home/ros/Workshop/src/install/guide_dog_unitree_go1/share/guide_dog_unitree_go1/local_setup.bash
[3.582s] -- Up-to-date symlink: /home/ros/Workshop/src/install/guide_dog_unitree_go1/share/guide_dog_unitree_go1/local_setup.sh
[3.582s] -- Up-to-date symlink: /home/ros/Workshop/src/install/guide_dog_unitree_go1/share/guide_dog_unitree_go1/local_setup.zsh
[3.583s] -- Up-to-date symlink: /home/ros/Workshop/src/install/guide_dog_unitree_go1/share/guide_dog_unitree_go1/local_setup.dsv
[3.583s] -- Symlinking: /home/ros/Workshop/src/install/guide_dog_unitree_go1/share/guide_dog_unitree_go1/package.dsv
[3.666s] -- Up-to-date symlink: /home/ros/Workshop/src/install/guide_dog_unitree_go1/share/ament_index/resource_index/packages/guide_dog_unitree_go1
[3.667s] -- Up-to-date symlink: /home/ros/Workshop/src/install/guide_dog_unitree_go1/share/guide_dog_unitree_go1/cmake/guide_dog_unitree_go1Config.cmake
[3.667s] -- Up-to-date symlink: /home/ros/Workshop/src/install/guide_dog_unitree_go1/share/guide_dog_unitree_go1/cmake/guide_dog_unitree_go1Config-version.cmake
[3.668s] -- Up-to-date symlink: /home/ros/Workshop/src/install/guide_dog_unitree_go1/share/guide_dog_unitree_go1/package.xml
[3.678s] Invoked command in '/home/ros/Workshop/src/build/guide_dog_unitree_go1' returned '0': AMENT_PREFIX_PATH=/home/ros/Workshop/src/install/unitree_nav:/home/ros/Workshop/src/install/rslidar_sdk:/home/ros/Workshop/src/install/unitree_nav_interfaces:/home/ros/Workshop/src/install/rslidar_msg:/home/ros/Workshop/src/install/ros2_unitree_legged_msgs:${AMENT_PREFIX_PATH} CMAKE_PREFIX_PATH=/home/ros/Workshop/src/install/unitree_nav:/home/ros/Workshop/src/install/rslidar_sdk:/home/ros/Workshop/src/install/unitree_nav_interfaces:/home/ros/Workshop/src/install/rslidar_msg:/home/ros/Workshop/src/install/ros2_unitree_legged_msgs:/workspaces/my_ros2_ws/install:/opt/ros/humble LD_LIBRARY_PATH=/home/ros/Workshop/src/install/unitree_nav_interfaces/lib:/home/ros/Workshop/src/install/rslidar_msg/lib:/home/ros/Workshop/src/install/ros2_unitree_legged_msgs/lib:${LD_LIBRARY_PATH} PYTHONPATH=/home/ros/Workshop/src/install/unitree_nav_interfaces/local/lib/python3.10/dist-packages:/home/ros/Workshop/src/install/rslidar_msg/local/lib/python3.10/dist-packages:/home/ros/Workshop/src/install/ros2_unitree_legged_msgs/local/lib/python3.10/dist-packages:${PYTHONPATH} /usr/bin/cmake --install /home/ros/Workshop/src/build/guide_dog_unitree_go1
