[  6%] [32mBuilding CXX object CMakeFiles/ros2_udp.dir/src/ros2_udp.cpp.o[0m
[ 12%] [32m[1mLinking CXX executable jsp_high[0m
[ 18%] [32m[1mLinking CXX executable jsp_low[0m
[ 25%] [32mBuilding CXX object CMakeFiles/udp_high.dir/src/udp_high.cpp.o[0m
[ 31%] Built target jsp_low
[ 37%] Built target jsp_high
[ 43%] [32mBuilding CXX object CMakeFiles/udp_low.dir/src/udp_low.cpp.o[0m
[ 50%] [32mBuilding CXX object CMakeFiles/ros2_walk_example.dir/src/ros2_walk_example.cpp.o[0m
[ 56%] [32m[1mLinking CXX executable ros2_walk_example[0m
[ 56%] Built target ros2_walk_example
[ 62%] [32m[1mLinking CXX executable udp_low[0m
[ 68%] [32m[1mLinking CXX executable udp_high[0m
[ 68%] Built target udp_high
[ 68%] Built target udp_low
[ 75%] [32m[1mLinking CXX executable ros2_udp[0m
[ 75%] Built target ros2_udp
[ 81%] [32mBuilding CXX object CMakeFiles/custom_gait.dir/src/custom_gait.cpp.o[0m
[ 87%] [32m[1mLinking CXX executable custom_gait[0m
[ 87%] Built target custom_gait
[ 93%] [32mBuilding CXX object CMakeFiles/ros2_position_example.dir/src/ros2_position_example.cpp.o[0m
[100%] [32m[1mLinking CXX executable ros2_position_example[0m
[100%] Built target ros2_position_example
