[0.106s] Invoking command in '/home/ros/Workshop/src/build/go1_description': CMAKE_PREFIX_PATH=${CMAKE_PREFIX_PATH}:/opt/ros/humble /usr/bin/cmake --build /home/ros/Workshop/src/build/go1_description -- -j4 -l4
[0.445s] Invoked command in '/home/ros/Workshop/src/build/go1_description' returned '0': CMAKE_PREFIX_PATH=${CMAKE_PREFIX_PATH}:/opt/ros/humble /usr/bin/cmake --build /home/ros/Workshop/src/build/go1_description -- -j4 -l4
[0.899s] Invoking command in '/home/ros/Workshop/src/build/go1_description': CMAKE_PREFIX_PATH=${CMAKE_PREFIX_PATH}:/opt/ros/humble /usr/bin/cmake --install /home/ros/Workshop/src/build/go1_description
[0.987s] -- Install configuration: ""
[0.988s] -- Execute custom install script
[0.990s] -- Up-to-date symlink: /home/ros/Workshop/src/install/go1_description/share/go1_description//launch/load_go1.launch.py
[0.990s] -- Up-to-date symlink: /home/ros/Workshop/src/install/go1_description/share/go1_description//config/go1.rviz
[0.991s] -- Up-to-date symlink: /home/ros/Workshop/src/install/go1_description/share/go1_description//meshes/calf.dae
[0.991s] -- Up-to-date symlink: /home/ros/Workshop/src/install/go1_description/share/go1_description//meshes/depthCamera.dae
[0.992s] -- Up-to-date symlink: /home/ros/Workshop/src/install/go1_description/share/go1_description//meshes/hip.dae
[0.992s] -- Up-to-date symlink: /home/ros/Workshop/src/install/go1_description/share/go1_description//meshes/thigh.dae
[0.993s] -- Up-to-date symlink: /home/ros/Workshop/src/install/go1_description/share/go1_description//meshes/thigh_mirror.dae
[0.993s] -- Up-to-date symlink: /home/ros/Workshop/src/install/go1_description/share/go1_description//meshes/trunk.dae
[0.993s] -- Up-to-date symlink: /home/ros/Workshop/src/install/go1_description/share/go1_description//meshes/ultraSound.dae
[0.995s] -- Up-to-date symlink: /home/ros/Workshop/src/install/go1_description/share/go1_description//xacro/const.xacro
[0.996s] -- Up-to-date symlink: /home/ros/Workshop/src/install/go1_description/share/go1_description//xacro/depthCamera.xacro
[0.996s] -- Up-to-date symlink: /home/ros/Workshop/src/install/go1_description/share/go1_description//xacro/gazebo.xacro
[0.996s] -- Up-to-date symlink: /home/ros/Workshop/src/install/go1_description/share/go1_description//xacro/leg.xacro
[0.996s] -- Up-to-date symlink: /home/ros/Workshop/src/install/go1_description/share/go1_description//xacro/materials.xacro
[0.998s] -- Up-to-date symlink: /home/ros/Workshop/src/install/go1_description/share/go1_description//xacro/robot.xacro
[1.000s] -- Up-to-date symlink: /home/ros/Workshop/src/install/go1_description/share/go1_description//xacro/transmission.xacro
[1.001s] -- Up-to-date symlink: /home/ros/Workshop/src/install/go1_description/share/go1_description//xacro/ultraSound.xacro
[1.002s] -- Up-to-date symlink: /home/ros/Workshop/src/install/go1_description/share/ament_index/resource_index/package_run_dependencies/go1_description
[1.002s] -- Up-to-date symlink: /home/ros/Workshop/src/install/go1_description/share/ament_index/resource_index/parent_prefix_path/go1_description
[1.003s] -- Up-to-date symlink: /home/ros/Workshop/src/install/go1_description/share/go1_description/environment/ament_prefix_path.sh
[1.003s] -- Up-to-date symlink: /home/ros/Workshop/src/install/go1_description/share/go1_description/environment/ament_prefix_path.dsv
[1.004s] -- Up-to-date symlink: /home/ros/Workshop/src/install/go1_description/share/go1_description/environment/path.sh
[1.005s] -- Up-to-date symlink: /home/ros/Workshop/src/install/go1_description/share/go1_description/environment/path.dsv
[1.006s] -- Up-to-date symlink: /home/ros/Workshop/src/install/go1_description/share/go1_description/local_setup.bash
[1.008s] -- Up-to-date symlink: /home/ros/Workshop/src/install/go1_description/share/go1_description/local_setup.sh
[1.008s] -- Symlinking: /home/ros/Workshop/src/install/go1_description/share/go1_description/local_setup.zsh
[1.093s] -- Symlinking: /home/ros/Workshop/src/install/go1_description/share/go1_description/local_setup.dsv
[1.176s] -- Symlinking: /home/ros/Workshop/src/install/go1_description/share/go1_description/package.dsv
[1.255s] -- Symlinking: /home/ros/Workshop/src/install/go1_description/share/ament_index/resource_index/packages/go1_description
[1.339s] -- Symlinking: /home/ros/Workshop/src/install/go1_description/share/go1_description/cmake/go1_descriptionConfig.cmake
[1.469s] -- Symlinking: /home/ros/Workshop/src/install/go1_description/share/go1_description/cmake/go1_descriptionConfig-version.cmake
[1.540s] -- Symlinking: /home/ros/Workshop/src/install/go1_description/share/go1_description/package.xml
[1.615s] Invoked command in '/home/ros/Workshop/src/build/go1_description' returned '0': CMAKE_PREFIX_PATH=${CMAKE_PREFIX_PATH}:/opt/ros/humble /usr/bin/cmake --install /home/ros/Workshop/src/build/go1_description
