[0.108s] Invoking command in '/home/ros/Workshop/src/build/ros2_unitree_legged_msgs': CMAKE_PREFIX_PATH=${CMAKE_PREFIX_PATH}:/opt/ros/humble /usr/bin/cmake /home/ros/Workshop/src/unitree_ros2/ros2_unitree_legged_msgs -DAMENT_CMAKE_SYMLINK_INSTALL=1 -DCMAKE_INSTALL_PREFIX=/home/ros/Workshop/src/install/ros2_unitree_legged_msgs
[0.221s] -- Found ament_cmake: 1.3.4 (/opt/ros/humble/share/ament_cmake/cmake)
[0.603s] -- Override CMake install command with custom implementation using symlinks instead of copying resources
[0.628s] -- Found rosidl_default_generators: 1.2.0 (/opt/ros/humble/share/rosidl_default_generators/cmake)
[0.639s] -- Using all available rosidl_typesupport_c: rosidl_typesupport_fastrtps_c;rosidl_typesupport_introspection_c
[0.645s] -- Found rosidl_adapter: 3.1.4 (/opt/ros/humble/share/rosidl_adapter/cmake)
[0.728s] -- Using all available rosidl_typesupport_cpp: rosidl_typesupport_fastrtps_cpp;rosidl_typesupport_introspection_cpp
[1.715s] -- Found ament_cmake_ros: 0.10.0 (/opt/ros/humble/share/ament_cmake_ros/cmake)
[2.229s] -- Using all available rosidl_typesupport_c: rosidl_typesupport_fastrtps_c;rosidl_typesupport_introspection_c
[2.897s] -- Using all available rosidl_typesupport_cpp: rosidl_typesupport_fastrtps_cpp;rosidl_typesupport_introspection_cpp
[2.960s] -- Found python_cmake_module: 0.10.0 (/opt/ros/humble/share/python_cmake_module/cmake)
[3.010s] -- Using PYTHON_EXECUTABLE: /usr/bin/python3
[3.010s] -- Using PYTHON_INCLUDE_DIRS: /usr/include/python3.10
[3.010s] -- Using PYTHON_LIBRARIES: /usr/lib/x86_64-linux-gnu/libpython3.10.so
[3.082s] -- Configuring done
[3.231s] -- Generating done
[3.242s] -- Build files have been written to: /home/ros/Workshop/src/build/ros2_unitree_legged_msgs
[3.255s] Invoked command in '/home/ros/Workshop/src/build/ros2_unitree_legged_msgs' returned '0': CMAKE_PREFIX_PATH=${CMAKE_PREFIX_PATH}:/opt/ros/humble /usr/bin/cmake /home/ros/Workshop/src/unitree_ros2/ros2_unitree_legged_msgs -DAMENT_CMAKE_SYMLINK_INSTALL=1 -DCMAKE_INSTALL_PREFIX=/home/ros/Workshop/src/install/ros2_unitree_legged_msgs
[3.257s] Invoking command in '/home/ros/Workshop/src/build/ros2_unitree_legged_msgs': CMAKE_PREFIX_PATH=${CMAKE_PREFIX_PATH}:/opt/ros/humble /usr/bin/cmake --build /home/ros/Workshop/src/build/ros2_unitree_legged_msgs -- -j4 -l4
[3.645s] [35m[1mConsolidate compiler generated dependencies of target ros2_unitree_legged_msgs__rosidl_generator_c[0m
[3.733s] [  0%] Built target ros2_unitree_legged_msgs__cpp
[3.854s] [ 12%] Built target ros2_unitree_legged_msgs__rosidl_generator_c
[3.861s] [ 12%] Built target ament_cmake_python_symlink_ros2_unitree_legged_msgs
[3.939s] [35m[1mConsolidate compiler generated dependencies of target ros2_unitree_legged_msgs__rosidl_typesupport_cpp[0m
[3.949s] [35m[1mConsolidate compiler generated dependencies of target ros2_unitree_legged_msgs__rosidl_typesupport_fastrtps_cpp[0m
[4.058s] [35m[1mConsolidate compiler generated dependencies of target ros2_unitree_legged_msgs__rosidl_typesupport_fastrtps_c[0m
[4.066s] [35m[1mConsolidate compiler generated dependencies of target ros2_unitree_legged_msgs__rosidl_typesupport_introspection_cpp[0m
[4.152s] [ 24%] Built target ros2_unitree_legged_msgs__rosidl_typesupport_cpp
[4.163s] [ 35%] Built target ros2_unitree_legged_msgs__rosidl_typesupport_fastrtps_cpp
[4.290s] [ 51%] Built target ros2_unitree_legged_msgs__rosidl_typesupport_fastrtps_c
[4.292s] [ 59%] Built target ros2_unitree_legged_msgs__rosidl_typesupport_introspection_cpp
[4.352s] [35m[1mConsolidate compiler generated dependencies of target ros2_unitree_legged_msgs__rosidl_typesupport_introspection_c[0m
[4.353s] [35m[1mConsolidate compiler generated dependencies of target ros2_unitree_legged_msgs__rosidl_typesupport_c[0m
[4.513s] [ 71%] Built target ros2_unitree_legged_msgs__rosidl_typesupport_introspection_c
[4.533s] [ 83%] Built target ros2_unitree_legged_msgs__rosidl_typesupport_c
[4.773s] [ 83%] Built target ros2_unitree_legged_msgs
[5.028s] [ 84%] Built target ros2_unitree_legged_msgs__py
[5.163s] running egg_info
[5.163s] writing ros2_unitree_legged_msgs.egg-info/PKG-INFO
[5.164s] writing dependency_links to ros2_unitree_legged_msgs.egg-info/dependency_links.txt
[5.165s] writing top-level names to ros2_unitree_legged_msgs.egg-info/top_level.txt
[5.176s] reading manifest file 'ros2_unitree_legged_msgs.egg-info/SOURCES.txt'
[5.176s] [35m[1mConsolidate compiler generated dependencies of target ros2_unitree_legged_msgs__rosidl_generator_py[0m
[5.176s] writing manifest file 'ros2_unitree_legged_msgs.egg-info/SOURCES.txt'
[5.315s] [ 84%] Built target ament_cmake_python_build_ros2_unitree_legged_msgs_egg
[5.353s] [ 95%] Built target ros2_unitree_legged_msgs__rosidl_generator_py
[5.542s] [35m[1mConsolidate compiler generated dependencies of target ros2_unitree_legged_msgs__rosidl_typesupport_c__pyext[0m
[5.571s] [35m[1mConsolidate compiler generated dependencies of target ros2_unitree_legged_msgs__rosidl_typesupport_introspection_c__pyext[0m
[5.575s] [35m[1mConsolidate compiler generated dependencies of target ros2_unitree_legged_msgs__rosidl_typesupport_fastrtps_c__pyext[0m
[5.791s] [ 97%] Built target ros2_unitree_legged_msgs__rosidl_typesupport_introspection_c__pyext
[5.857s] [ 98%] Built target ros2_unitree_legged_msgs__rosidl_typesupport_c__pyext
[5.869s] [100%] Built target ros2_unitree_legged_msgs__rosidl_typesupport_fastrtps_c__pyext
[5.982s] Invoked command in '/home/ros/Workshop/src/build/ros2_unitree_legged_msgs' returned '0': CMAKE_PREFIX_PATH=${CMAKE_PREFIX_PATH}:/opt/ros/humble /usr/bin/cmake --build /home/ros/Workshop/src/build/ros2_unitree_legged_msgs -- -j4 -l4
[12.419s] Invoking command in '/home/ros/Workshop/src/build/ros2_unitree_legged_msgs': CMAKE_PREFIX_PATH=${CMAKE_PREFIX_PATH}:/opt/ros/humble /usr/bin/cmake --install /home/ros/Workshop/src/build/ros2_unitree_legged_msgs
[12.477s] -- Install configuration: ""
[12.479s] -- Execute custom install script
[12.479s] -- Up-to-date symlink: /home/ros/Workshop/src/install/ros2_unitree_legged_msgs/share/ament_index/resource_index/rosidl_interfaces/ros2_unitree_legged_msgs
[12.481s] -- Up-to-date symlink: /home/ros/Workshop/src/install/ros2_unitree_legged_msgs/include/ros2_unitree_legged_msgs/ros2_unitree_legged_msgs/msg/bms_cmd.h
[12.481s] -- Up-to-date symlink: /home/ros/Workshop/src/install/ros2_unitree_legged_msgs/include/ros2_unitree_legged_msgs/ros2_unitree_legged_msgs/msg/bms_state.h
[12.481s] -- Up-to-date symlink: /home/ros/Workshop/src/install/ros2_unitree_legged_msgs/include/ros2_unitree_legged_msgs/ros2_unitree_legged_msgs/msg/cartesian.h
[12.481s] -- Up-to-date symlink: /home/ros/Workshop/src/install/ros2_unitree_legged_msgs/include/ros2_unitree_legged_msgs/ros2_unitree_legged_msgs/msg/detail/bms_cmd__functions.h
[12.482s] -- Up-to-date symlink: /home/ros/Workshop/src/install/ros2_unitree_legged_msgs/include/ros2_unitree_legged_msgs/ros2_unitree_legged_msgs/msg/detail/bms_cmd__struct.h
[12.482s] -- Up-to-date symlink: /home/ros/Workshop/src/install/ros2_unitree_legged_msgs/include/ros2_unitree_legged_msgs/ros2_unitree_legged_msgs/msg/detail/bms_cmd__type_support.h
[12.482s] -- Up-to-date symlink: /home/ros/Workshop/src/install/ros2_unitree_legged_msgs/include/ros2_unitree_legged_msgs/ros2_unitree_legged_msgs/msg/detail/bms_state__functions.h
[12.482s] -- Up-to-date symlink: /home/ros/Workshop/src/install/ros2_unitree_legged_msgs/include/ros2_unitree_legged_msgs/ros2_unitree_legged_msgs/msg/detail/bms_state__struct.h
[12.482s] -- Up-to-date symlink: /home/ros/Workshop/src/install/ros2_unitree_legged_msgs/include/ros2_unitree_legged_msgs/ros2_unitree_legged_msgs/msg/detail/bms_state__type_support.h
[12.483s] -- Up-to-date symlink: /home/ros/Workshop/src/install/ros2_unitree_legged_msgs/include/ros2_unitree_legged_msgs/ros2_unitree_legged_msgs/msg/detail/cartesian__functions.h
[12.483s] -- Up-to-date symlink: /home/ros/Workshop/src/install/ros2_unitree_legged_msgs/include/ros2_unitree_legged_msgs/ros2_unitree_legged_msgs/msg/detail/cartesian__struct.h
[12.484s] -- Up-to-date symlink: /home/ros/Workshop/src/install/ros2_unitree_legged_msgs/include/ros2_unitree_legged_msgs/ros2_unitree_legged_msgs/msg/detail/cartesian__type_support.h
[12.484s] -- Up-to-date symlink: /home/ros/Workshop/src/install/ros2_unitree_legged_msgs/include/ros2_unitree_legged_msgs/ros2_unitree_legged_msgs/msg/detail/high_cmd__functions.h
[12.484s] -- Up-to-date symlink: /home/ros/Workshop/src/install/ros2_unitree_legged_msgs/include/ros2_unitree_legged_msgs/ros2_unitree_legged_msgs/msg/detail/high_cmd__struct.h
[12.484s] -- Up-to-date symlink: /home/ros/Workshop/src/install/ros2_unitree_legged_msgs/include/ros2_unitree_legged_msgs/ros2_unitree_legged_msgs/msg/detail/high_cmd__type_support.h
[12.485s] -- Up-to-date symlink: /home/ros/Workshop/src/install/ros2_unitree_legged_msgs/include/ros2_unitree_legged_msgs/ros2_unitree_legged_msgs/msg/detail/high_state__functions.h
[12.485s] -- Up-to-date symlink: /home/ros/Workshop/src/install/ros2_unitree_legged_msgs/include/ros2_unitree_legged_msgs/ros2_unitree_legged_msgs/msg/detail/high_state__struct.h
[12.485s] -- Up-to-date symlink: /home/ros/Workshop/src/install/ros2_unitree_legged_msgs/include/ros2_unitree_legged_msgs/ros2_unitree_legged_msgs/msg/detail/high_state__type_support.h
[12.485s] -- Up-to-date symlink: /home/ros/Workshop/src/install/ros2_unitree_legged_msgs/include/ros2_unitree_legged_msgs/ros2_unitree_legged_msgs/msg/detail/imu__functions.h
[12.486s] -- Up-to-date symlink: /home/ros/Workshop/src/install/ros2_unitree_legged_msgs/include/ros2_unitree_legged_msgs/ros2_unitree_legged_msgs/msg/detail/imu__struct.h
[12.486s] -- Up-to-date symlink: /home/ros/Workshop/src/install/ros2_unitree_legged_msgs/include/ros2_unitree_legged_msgs/ros2_unitree_legged_msgs/msg/detail/imu__type_support.h
[12.486s] -- Up-to-date symlink: /home/ros/Workshop/src/install/ros2_unitree_legged_msgs/include/ros2_unitree_legged_msgs/ros2_unitree_legged_msgs/msg/detail/led__functions.h
[12.487s] -- Up-to-date symlink: /home/ros/Workshop/src/install/ros2_unitree_legged_msgs/include/ros2_unitree_legged_msgs/ros2_unitree_legged_msgs/msg/detail/led__struct.h
[12.487s] -- Up-to-date symlink: /home/ros/Workshop/src/install/ros2_unitree_legged_msgs/include/ros2_unitree_legged_msgs/ros2_unitree_legged_msgs/msg/detail/led__type_support.h
[12.487s] -- Up-to-date symlink: /home/ros/Workshop/src/install/ros2_unitree_legged_msgs/include/ros2_unitree_legged_msgs/ros2_unitree_legged_msgs/msg/detail/low_cmd__functions.h
[12.487s] -- Up-to-date symlink: /home/ros/Workshop/src/install/ros2_unitree_legged_msgs/include/ros2_unitree_legged_msgs/ros2_unitree_legged_msgs/msg/detail/low_cmd__struct.h
[12.487s] -- Up-to-date symlink: /home/ros/Workshop/src/install/ros2_unitree_legged_msgs/include/ros2_unitree_legged_msgs/ros2_unitree_legged_msgs/msg/detail/low_cmd__type_support.h
[12.488s] -- Up-to-date symlink: /home/ros/Workshop/src/install/ros2_unitree_legged_msgs/include/ros2_unitree_legged_msgs/ros2_unitree_legged_msgs/msg/detail/low_state__functions.h
[12.488s] -- Up-to-date symlink: /home/ros/Workshop/src/install/ros2_unitree_legged_msgs/include/ros2_unitree_legged_msgs/ros2_unitree_legged_msgs/msg/detail/low_state__struct.h
[12.488s] -- Up-to-date symlink: /home/ros/Workshop/src/install/ros2_unitree_legged_msgs/include/ros2_unitree_legged_msgs/ros2_unitree_legged_msgs/msg/detail/low_state__type_support.h
[12.489s] -- Up-to-date symlink: /home/ros/Workshop/src/install/ros2_unitree_legged_msgs/include/ros2_unitree_legged_msgs/ros2_unitree_legged_msgs/msg/detail/motor_cmd__functions.h
[12.489s] -- Up-to-date symlink: /home/ros/Workshop/src/install/ros2_unitree_legged_msgs/include/ros2_unitree_legged_msgs/ros2_unitree_legged_msgs/msg/detail/motor_cmd__struct.h
[12.489s] -- Up-to-date symlink: /home/ros/Workshop/src/install/ros2_unitree_legged_msgs/include/ros2_unitree_legged_msgs/ros2_unitree_legged_msgs/msg/detail/motor_cmd__type_support.h
[12.489s] -- Up-to-date symlink: /home/ros/Workshop/src/install/ros2_unitree_legged_msgs/include/ros2_unitree_legged_msgs/ros2_unitree_legged_msgs/msg/detail/motor_state__functions.h
[12.489s] -- Up-to-date symlink: /home/ros/Workshop/src/install/ros2_unitree_legged_msgs/include/ros2_unitree_legged_msgs/ros2_unitree_legged_msgs/msg/detail/motor_state__struct.h
[12.490s] -- Up-to-date symlink: /home/ros/Workshop/src/install/ros2_unitree_legged_msgs/include/ros2_unitree_legged_msgs/ros2_unitree_legged_msgs/msg/detail/motor_state__type_support.h
[12.490s] -- Up-to-date symlink: /home/ros/Workshop/src/install/ros2_unitree_legged_msgs/include/ros2_unitree_legged_msgs/ros2_unitree_legged_msgs/msg/high_cmd.h
[12.490s] -- Up-to-date symlink: /home/ros/Workshop/src/install/ros2_unitree_legged_msgs/include/ros2_unitree_legged_msgs/ros2_unitree_legged_msgs/msg/high_state.h
[12.490s] -- Up-to-date symlink: /home/ros/Workshop/src/install/ros2_unitree_legged_msgs/include/ros2_unitree_legged_msgs/ros2_unitree_legged_msgs/msg/imu.h
[12.491s] -- Up-to-date symlink: /home/ros/Workshop/src/install/ros2_unitree_legged_msgs/include/ros2_unitree_legged_msgs/ros2_unitree_legged_msgs/msg/led.h
[12.491s] -- Up-to-date symlink: /home/ros/Workshop/src/install/ros2_unitree_legged_msgs/include/ros2_unitree_legged_msgs/ros2_unitree_legged_msgs/msg/low_cmd.h
[12.491s] -- Up-to-date symlink: /home/ros/Workshop/src/install/ros2_unitree_legged_msgs/include/ros2_unitree_legged_msgs/ros2_unitree_legged_msgs/msg/low_state.h
[12.491s] -- Up-to-date symlink: /home/ros/Workshop/src/install/ros2_unitree_legged_msgs/include/ros2_unitree_legged_msgs/ros2_unitree_legged_msgs/msg/motor_cmd.h
[12.491s] -- Up-to-date symlink: /home/ros/Workshop/src/install/ros2_unitree_legged_msgs/include/ros2_unitree_legged_msgs/ros2_unitree_legged_msgs/msg/motor_state.h
[12.491s] -- Up-to-date symlink: /home/ros/Workshop/src/install/ros2_unitree_legged_msgs/include/ros2_unitree_legged_msgs/ros2_unitree_legged_msgs/msg/rosidl_generator_c__visibility_control.h
[12.492s] -- Up-to-date symlink: /home/ros/Workshop/src/install/ros2_unitree_legged_msgs/share/ros2_unitree_legged_msgs/environment/library_path.sh
[12.492s] -- Up-to-date symlink: /home/ros/Workshop/src/install/ros2_unitree_legged_msgs/share/ros2_unitree_legged_msgs/environment/library_path.dsv
[12.493s] -- Up-to-date symlink: /home/ros/Workshop/src/install/ros2_unitree_legged_msgs/include/ros2_unitree_legged_msgs/ros2_unitree_legged_msgs/msg/detail/bms_cmd__rosidl_typesupport_fastrtps_c.h
[12.493s] -- Up-to-date symlink: /home/ros/Workshop/src/install/ros2_unitree_legged_msgs/include/ros2_unitree_legged_msgs/ros2_unitree_legged_msgs/msg/detail/bms_state__rosidl_typesupport_fastrtps_c.h
[12.494s] -- Up-to-date symlink: /home/ros/Workshop/src/install/ros2_unitree_legged_msgs/include/ros2_unitree_legged_msgs/ros2_unitree_legged_msgs/msg/detail/cartesian__rosidl_typesupport_fastrtps_c.h
[12.494s] -- Up-to-date symlink: /home/ros/Workshop/src/install/ros2_unitree_legged_msgs/include/ros2_unitree_legged_msgs/ros2_unitree_legged_msgs/msg/detail/high_cmd__rosidl_typesupport_fastrtps_c.h
[12.494s] -- Up-to-date symlink: /home/ros/Workshop/src/install/ros2_unitree_legged_msgs/include/ros2_unitree_legged_msgs/ros2_unitree_legged_msgs/msg/detail/high_state__rosidl_typesupport_fastrtps_c.h
[12.494s] -- Up-to-date symlink: /home/ros/Workshop/src/install/ros2_unitree_legged_msgs/include/ros2_unitree_legged_msgs/ros2_unitree_legged_msgs/msg/detail/imu__rosidl_typesupport_fastrtps_c.h
[12.494s] -- Up-to-date symlink: /home/ros/Workshop/src/install/ros2_unitree_legged_msgs/include/ros2_unitree_legged_msgs/ros2_unitree_legged_msgs/msg/detail/led__rosidl_typesupport_fastrtps_c.h
[12.495s] -- Up-to-date symlink: /home/ros/Workshop/src/install/ros2_unitree_legged_msgs/include/ros2_unitree_legged_msgs/ros2_unitree_legged_msgs/msg/detail/low_cmd__rosidl_typesupport_fastrtps_c.h
[12.495s] -- Up-to-date symlink: /home/ros/Workshop/src/install/ros2_unitree_legged_msgs/include/ros2_unitree_legged_msgs/ros2_unitree_legged_msgs/msg/detail/low_state__rosidl_typesupport_fastrtps_c.h
[12.495s] -- Up-to-date symlink: /home/ros/Workshop/src/install/ros2_unitree_legged_msgs/include/ros2_unitree_legged_msgs/ros2_unitree_legged_msgs/msg/detail/motor_cmd__rosidl_typesupport_fastrtps_c.h
[12.495s] -- Up-to-date symlink: /home/ros/Workshop/src/install/ros2_unitree_legged_msgs/include/ros2_unitree_legged_msgs/ros2_unitree_legged_msgs/msg/detail/motor_state__rosidl_typesupport_fastrtps_c.h
[12.495s] -- Up-to-date symlink: /home/ros/Workshop/src/install/ros2_unitree_legged_msgs/include/ros2_unitree_legged_msgs/ros2_unitree_legged_msgs/msg/rosidl_typesupport_fastrtps_c__visibility_control.h
[12.496s] -- Up-to-date symlink: /home/ros/Workshop/src/install/ros2_unitree_legged_msgs/include/ros2_unitree_legged_msgs/ros2_unitree_legged_msgs/msg/detail/bms_cmd__rosidl_typesupport_introspection_c.h
[12.497s] -- Up-to-date symlink: /home/ros/Workshop/src/install/ros2_unitree_legged_msgs/include/ros2_unitree_legged_msgs/ros2_unitree_legged_msgs/msg/detail/bms_state__rosidl_typesupport_introspection_c.h
[12.497s] -- Up-to-date symlink: /home/ros/Workshop/src/install/ros2_unitree_legged_msgs/include/ros2_unitree_legged_msgs/ros2_unitree_legged_msgs/msg/detail/cartesian__rosidl_typesupport_introspection_c.h
[12.497s] -- Up-to-date symlink: /home/ros/Workshop/src/install/ros2_unitree_legged_msgs/include/ros2_unitree_legged_msgs/ros2_unitree_legged_msgs/msg/detail/high_cmd__rosidl_typesupport_introspection_c.h
[12.497s] -- Up-to-date symlink: /home/ros/Workshop/src/install/ros2_unitree_legged_msgs/include/ros2_unitree_legged_msgs/ros2_unitree_legged_msgs/msg/detail/high_state__rosidl_typesupport_introspection_c.h
[12.498s] -- Up-to-date symlink: /home/ros/Workshop/src/install/ros2_unitree_legged_msgs/include/ros2_unitree_legged_msgs/ros2_unitree_legged_msgs/msg/detail/imu__rosidl_typesupport_introspection_c.h
[12.498s] -- Up-to-date symlink: /home/ros/Workshop/src/install/ros2_unitree_legged_msgs/include/ros2_unitree_legged_msgs/ros2_unitree_legged_msgs/msg/detail/led__rosidl_typesupport_introspection_c.h
[12.498s] -- Up-to-date symlink: /home/ros/Workshop/src/install/ros2_unitree_legged_msgs/include/ros2_unitree_legged_msgs/ros2_unitree_legged_msgs/msg/detail/low_cmd__rosidl_typesupport_introspection_c.h
[12.499s] -- Up-to-date symlink: /home/ros/Workshop/src/install/ros2_unitree_legged_msgs/include/ros2_unitree_legged_msgs/ros2_unitree_legged_msgs/msg/detail/low_state__rosidl_typesupport_introspection_c.h
[12.499s] -- Up-to-date symlink: /home/ros/Workshop/src/install/ros2_unitree_legged_msgs/include/ros2_unitree_legged_msgs/ros2_unitree_legged_msgs/msg/detail/motor_cmd__rosidl_typesupport_introspection_c.h
[12.499s] -- Up-to-date symlink: /home/ros/Workshop/src/install/ros2_unitree_legged_msgs/include/ros2_unitree_legged_msgs/ros2_unitree_legged_msgs/msg/detail/motor_state__rosidl_typesupport_introspection_c.h
[12.500s] -- Up-to-date symlink: /home/ros/Workshop/src/install/ros2_unitree_legged_msgs/include/ros2_unitree_legged_msgs/ros2_unitree_legged_msgs/msg/rosidl_typesupport_introspection_c__visibility_control.h
[12.501s] -- Up-to-date symlink: /home/ros/Workshop/src/install/ros2_unitree_legged_msgs/include/ros2_unitree_legged_msgs/ros2_unitree_legged_msgs/msg/bms_cmd.hpp
[12.502s] -- Up-to-date symlink: /home/ros/Workshop/src/install/ros2_unitree_legged_msgs/include/ros2_unitree_legged_msgs/ros2_unitree_legged_msgs/msg/bms_state.hpp
[12.502s] -- Up-to-date symlink: /home/ros/Workshop/src/install/ros2_unitree_legged_msgs/include/ros2_unitree_legged_msgs/ros2_unitree_legged_msgs/msg/cartesian.hpp
[12.503s] -- Up-to-date symlink: /home/ros/Workshop/src/install/ros2_unitree_legged_msgs/include/ros2_unitree_legged_msgs/ros2_unitree_legged_msgs/msg/detail/bms_cmd__builder.hpp
[12.503s] -- Up-to-date symlink: /home/ros/Workshop/src/install/ros2_unitree_legged_msgs/include/ros2_unitree_legged_msgs/ros2_unitree_legged_msgs/msg/detail/bms_cmd__struct.hpp
[12.504s] -- Up-to-date symlink: /home/ros/Workshop/src/install/ros2_unitree_legged_msgs/include/ros2_unitree_legged_msgs/ros2_unitree_legged_msgs/msg/detail/bms_cmd__traits.hpp
[12.504s] -- Up-to-date symlink: /home/ros/Workshop/src/install/ros2_unitree_legged_msgs/include/ros2_unitree_legged_msgs/ros2_unitree_legged_msgs/msg/detail/bms_state__builder.hpp
[12.504s] -- Up-to-date symlink: /home/ros/Workshop/src/install/ros2_unitree_legged_msgs/include/ros2_unitree_legged_msgs/ros2_unitree_legged_msgs/msg/detail/bms_state__struct.hpp
[12.505s] -- Up-to-date symlink: /home/ros/Workshop/src/install/ros2_unitree_legged_msgs/include/ros2_unitree_legged_msgs/ros2_unitree_legged_msgs/msg/detail/bms_state__traits.hpp
[12.505s] -- Up-to-date symlink: /home/ros/Workshop/src/install/ros2_unitree_legged_msgs/include/ros2_unitree_legged_msgs/ros2_unitree_legged_msgs/msg/detail/cartesian__builder.hpp
[12.505s] -- Up-to-date symlink: /home/ros/Workshop/src/install/ros2_unitree_legged_msgs/include/ros2_unitree_legged_msgs/ros2_unitree_legged_msgs/msg/detail/cartesian__struct.hpp
[12.506s] -- Up-to-date symlink: /home/ros/Workshop/src/install/ros2_unitree_legged_msgs/include/ros2_unitree_legged_msgs/ros2_unitree_legged_msgs/msg/detail/cartesian__traits.hpp
[12.506s] -- Up-to-date symlink: /home/ros/Workshop/src/install/ros2_unitree_legged_msgs/include/ros2_unitree_legged_msgs/ros2_unitree_legged_msgs/msg/detail/high_cmd__builder.hpp
[12.506s] -- Up-to-date symlink: /home/ros/Workshop/src/install/ros2_unitree_legged_msgs/include/ros2_unitree_legged_msgs/ros2_unitree_legged_msgs/msg/detail/high_cmd__struct.hpp
[12.506s] -- Up-to-date symlink: /home/ros/Workshop/src/install/ros2_unitree_legged_msgs/include/ros2_unitree_legged_msgs/ros2_unitree_legged_msgs/msg/detail/high_cmd__traits.hpp
[12.506s] -- Up-to-date symlink: /home/ros/Workshop/src/install/ros2_unitree_legged_msgs/include/ros2_unitree_legged_msgs/ros2_unitree_legged_msgs/msg/detail/high_state__builder.hpp
[12.507s] -- Up-to-date symlink: /home/ros/Workshop/src/install/ros2_unitree_legged_msgs/include/ros2_unitree_legged_msgs/ros2_unitree_legged_msgs/msg/detail/high_state__struct.hpp
[12.507s] -- Up-to-date symlink: /home/ros/Workshop/src/install/ros2_unitree_legged_msgs/include/ros2_unitree_legged_msgs/ros2_unitree_legged_msgs/msg/detail/high_state__traits.hpp
[12.507s] -- Up-to-date symlink: /home/ros/Workshop/src/install/ros2_unitree_legged_msgs/include/ros2_unitree_legged_msgs/ros2_unitree_legged_msgs/msg/detail/imu__builder.hpp
[12.507s] -- Up-to-date symlink: /home/ros/Workshop/src/install/ros2_unitree_legged_msgs/include/ros2_unitree_legged_msgs/ros2_unitree_legged_msgs/msg/detail/imu__struct.hpp
[12.508s] -- Up-to-date symlink: /home/ros/Workshop/src/install/ros2_unitree_legged_msgs/include/ros2_unitree_legged_msgs/ros2_unitree_legged_msgs/msg/detail/imu__traits.hpp
[12.508s] -- Up-to-date symlink: /home/ros/Workshop/src/install/ros2_unitree_legged_msgs/include/ros2_unitree_legged_msgs/ros2_unitree_legged_msgs/msg/detail/led__builder.hpp
[12.508s] -- Up-to-date symlink: /home/ros/Workshop/src/install/ros2_unitree_legged_msgs/include/ros2_unitree_legged_msgs/ros2_unitree_legged_msgs/msg/detail/led__struct.hpp
[12.508s] -- Up-to-date symlink: /home/ros/Workshop/src/install/ros2_unitree_legged_msgs/include/ros2_unitree_legged_msgs/ros2_unitree_legged_msgs/msg/detail/led__traits.hpp
[12.509s] -- Up-to-date symlink: /home/ros/Workshop/src/install/ros2_unitree_legged_msgs/include/ros2_unitree_legged_msgs/ros2_unitree_legged_msgs/msg/detail/low_cmd__builder.hpp
[12.509s] -- Up-to-date symlink: /home/ros/Workshop/src/install/ros2_unitree_legged_msgs/include/ros2_unitree_legged_msgs/ros2_unitree_legged_msgs/msg/detail/low_cmd__struct.hpp
[12.509s] -- Up-to-date symlink: /home/ros/Workshop/src/install/ros2_unitree_legged_msgs/include/ros2_unitree_legged_msgs/ros2_unitree_legged_msgs/msg/detail/low_cmd__traits.hpp
[12.509s] -- Up-to-date symlink: /home/ros/Workshop/src/install/ros2_unitree_legged_msgs/include/ros2_unitree_legged_msgs/ros2_unitree_legged_msgs/msg/detail/low_state__builder.hpp
[12.510s] -- Up-to-date symlink: /home/ros/Workshop/src/install/ros2_unitree_legged_msgs/include/ros2_unitree_legged_msgs/ros2_unitree_legged_msgs/msg/detail/low_state__struct.hpp
[12.510s] -- Up-to-date symlink: /home/ros/Workshop/src/install/ros2_unitree_legged_msgs/include/ros2_unitree_legged_msgs/ros2_unitree_legged_msgs/msg/detail/low_state__traits.hpp
[12.510s] -- Up-to-date symlink: /home/ros/Workshop/src/install/ros2_unitree_legged_msgs/include/ros2_unitree_legged_msgs/ros2_unitree_legged_msgs/msg/detail/motor_cmd__builder.hpp
[12.510s] -- Up-to-date symlink: /home/ros/Workshop/src/install/ros2_unitree_legged_msgs/include/ros2_unitree_legged_msgs/ros2_unitree_legged_msgs/msg/detail/motor_cmd__struct.hpp
[12.510s] -- Up-to-date symlink: /home/ros/Workshop/src/install/ros2_unitree_legged_msgs/include/ros2_unitree_legged_msgs/ros2_unitree_legged_msgs/msg/detail/motor_cmd__traits.hpp
[12.510s] -- Up-to-date symlink: /home/ros/Workshop/src/install/ros2_unitree_legged_msgs/include/ros2_unitree_legged_msgs/ros2_unitree_legged_msgs/msg/detail/motor_state__builder.hpp
[12.511s] -- Up-to-date symlink: /home/ros/Workshop/src/install/ros2_unitree_legged_msgs/include/ros2_unitree_legged_msgs/ros2_unitree_legged_msgs/msg/detail/motor_state__struct.hpp
[12.511s] -- Up-to-date symlink: /home/ros/Workshop/src/install/ros2_unitree_legged_msgs/include/ros2_unitree_legged_msgs/ros2_unitree_legged_msgs/msg/detail/motor_state__traits.hpp
[12.511s] -- Up-to-date symlink: /home/ros/Workshop/src/install/ros2_unitree_legged_msgs/include/ros2_unitree_legged_msgs/ros2_unitree_legged_msgs/msg/high_cmd.hpp
[12.511s] -- Up-to-date symlink: /home/ros/Workshop/src/install/ros2_unitree_legged_msgs/include/ros2_unitree_legged_msgs/ros2_unitree_legged_msgs/msg/high_state.hpp
[12.512s] -- Up-to-date symlink: /home/ros/Workshop/src/install/ros2_unitree_legged_msgs/include/ros2_unitree_legged_msgs/ros2_unitree_legged_msgs/msg/imu.hpp
[12.512s] -- Up-to-date symlink: /home/ros/Workshop/src/install/ros2_unitree_legged_msgs/include/ros2_unitree_legged_msgs/ros2_unitree_legged_msgs/msg/led.hpp
[12.512s] -- Up-to-date symlink: /home/ros/Workshop/src/install/ros2_unitree_legged_msgs/include/ros2_unitree_legged_msgs/ros2_unitree_legged_msgs/msg/low_cmd.hpp
[12.512s] -- Up-to-date symlink: /home/ros/Workshop/src/install/ros2_unitree_legged_msgs/include/ros2_unitree_legged_msgs/ros2_unitree_legged_msgs/msg/low_state.hpp
[12.512s] -- Up-to-date symlink: /home/ros/Workshop/src/install/ros2_unitree_legged_msgs/include/ros2_unitree_legged_msgs/ros2_unitree_legged_msgs/msg/motor_cmd.hpp
[12.512s] -- Up-to-date symlink: /home/ros/Workshop/src/install/ros2_unitree_legged_msgs/include/ros2_unitree_legged_msgs/ros2_unitree_legged_msgs/msg/motor_state.hpp
[12.513s] -- Up-to-date symlink: /home/ros/Workshop/src/install/ros2_unitree_legged_msgs/include/ros2_unitree_legged_msgs/ros2_unitree_legged_msgs/msg/detail/bms_cmd__rosidl_typesupport_fastrtps_cpp.hpp
[12.513s] -- Up-to-date symlink: /home/ros/Workshop/src/install/ros2_unitree_legged_msgs/include/ros2_unitree_legged_msgs/ros2_unitree_legged_msgs/msg/detail/bms_state__rosidl_typesupport_fastrtps_cpp.hpp
[12.513s] -- Up-to-date symlink: /home/ros/Workshop/src/install/ros2_unitree_legged_msgs/include/ros2_unitree_legged_msgs/ros2_unitree_legged_msgs/msg/detail/cartesian__rosidl_typesupport_fastrtps_cpp.hpp
[12.513s] -- Up-to-date symlink: /home/ros/Workshop/src/install/ros2_unitree_legged_msgs/include/ros2_unitree_legged_msgs/ros2_unitree_legged_msgs/msg/detail/high_cmd__rosidl_typesupport_fastrtps_cpp.hpp
[12.513s] -- Up-to-date symlink: /home/ros/Workshop/src/install/ros2_unitree_legged_msgs/include/ros2_unitree_legged_msgs/ros2_unitree_legged_msgs/msg/detail/high_state__rosidl_typesupport_fastrtps_cpp.hpp
[12.513s] -- Up-to-date symlink: /home/ros/Workshop/src/install/ros2_unitree_legged_msgs/include/ros2_unitree_legged_msgs/ros2_unitree_legged_msgs/msg/detail/imu__rosidl_typesupport_fastrtps_cpp.hpp
[12.513s] -- Up-to-date symlink: /home/ros/Workshop/src/install/ros2_unitree_legged_msgs/include/ros2_unitree_legged_msgs/ros2_unitree_legged_msgs/msg/detail/led__rosidl_typesupport_fastrtps_cpp.hpp
[12.513s] -- Up-to-date symlink: /home/ros/Workshop/src/install/ros2_unitree_legged_msgs/include/ros2_unitree_legged_msgs/ros2_unitree_legged_msgs/msg/detail/low_cmd__rosidl_typesupport_fastrtps_cpp.hpp
[12.514s] -- Up-to-date symlink: /home/ros/Workshop/src/install/ros2_unitree_legged_msgs/include/ros2_unitree_legged_msgs/ros2_unitree_legged_msgs/msg/detail/low_state__rosidl_typesupport_fastrtps_cpp.hpp
[12.514s] -- Up-to-date symlink: /home/ros/Workshop/src/install/ros2_unitree_legged_msgs/include/ros2_unitree_legged_msgs/ros2_unitree_legged_msgs/msg/detail/motor_cmd__rosidl_typesupport_fastrtps_cpp.hpp
[12.514s] -- Up-to-date symlink: /home/ros/Workshop/src/install/ros2_unitree_legged_msgs/include/ros2_unitree_legged_msgs/ros2_unitree_legged_msgs/msg/detail/motor_state__rosidl_typesupport_fastrtps_cpp.hpp
[12.514s] -- Up-to-date symlink: /home/ros/Workshop/src/install/ros2_unitree_legged_msgs/include/ros2_unitree_legged_msgs/ros2_unitree_legged_msgs/msg/rosidl_typesupport_fastrtps_cpp__visibility_control.h
[12.514s] -- Up-to-date symlink: /home/ros/Workshop/src/install/ros2_unitree_legged_msgs/include/ros2_unitree_legged_msgs/ros2_unitree_legged_msgs/msg/detail/bms_cmd__rosidl_typesupport_introspection_cpp.hpp
[12.514s] -- Up-to-date symlink: /home/ros/Workshop/src/install/ros2_unitree_legged_msgs/include/ros2_unitree_legged_msgs/ros2_unitree_legged_msgs/msg/detail/bms_state__rosidl_typesupport_introspection_cpp.hpp
[12.515s] -- Up-to-date symlink: /home/ros/Workshop/src/install/ros2_unitree_legged_msgs/include/ros2_unitree_legged_msgs/ros2_unitree_legged_msgs/msg/detail/cartesian__rosidl_typesupport_introspection_cpp.hpp
[12.515s] -- Up-to-date symlink: /home/ros/Workshop/src/install/ros2_unitree_legged_msgs/include/ros2_unitree_legged_msgs/ros2_unitree_legged_msgs/msg/detail/high_cmd__rosidl_typesupport_introspection_cpp.hpp
[12.515s] -- Up-to-date symlink: /home/ros/Workshop/src/install/ros2_unitree_legged_msgs/include/ros2_unitree_legged_msgs/ros2_unitree_legged_msgs/msg/detail/high_state__rosidl_typesupport_introspection_cpp.hpp
[12.515s] -- Up-to-date symlink: /home/ros/Workshop/src/install/ros2_unitree_legged_msgs/include/ros2_unitree_legged_msgs/ros2_unitree_legged_msgs/msg/detail/imu__rosidl_typesupport_introspection_cpp.hpp
[12.516s] -- Up-to-date symlink: /home/ros/Workshop/src/install/ros2_unitree_legged_msgs/include/ros2_unitree_legged_msgs/ros2_unitree_legged_msgs/msg/detail/led__rosidl_typesupport_introspection_cpp.hpp
[12.516s] -- Up-to-date symlink: /home/ros/Workshop/src/install/ros2_unitree_legged_msgs/include/ros2_unitree_legged_msgs/ros2_unitree_legged_msgs/msg/detail/low_cmd__rosidl_typesupport_introspection_cpp.hpp
[12.516s] -- Up-to-date symlink: /home/ros/Workshop/src/install/ros2_unitree_legged_msgs/include/ros2_unitree_legged_msgs/ros2_unitree_legged_msgs/msg/detail/low_state__rosidl_typesupport_introspection_cpp.hpp
[12.516s] -- Up-to-date symlink: /home/ros/Workshop/src/install/ros2_unitree_legged_msgs/include/ros2_unitree_legged_msgs/ros2_unitree_legged_msgs/msg/detail/motor_cmd__rosidl_typesupport_introspection_cpp.hpp
[12.516s] -- Up-to-date symlink: /home/ros/Workshop/src/install/ros2_unitree_legged_msgs/include/ros2_unitree_legged_msgs/ros2_unitree_legged_msgs/msg/detail/motor_state__rosidl_typesupport_introspection_cpp.hpp
[12.517s] -- Up-to-date symlink: /home/ros/Workshop/src/install/ros2_unitree_legged_msgs/share/ros2_unitree_legged_msgs/environment/pythonpath.sh
[12.517s] -- Up-to-date symlink: /home/ros/Workshop/src/install/ros2_unitree_legged_msgs/share/ros2_unitree_legged_msgs/environment/pythonpath.dsv
[12.518s] -- Up-to-date symlink: /home/ros/Workshop/src/install/ros2_unitree_legged_msgs/local/lib/python3.10/dist-packages/ros2_unitree_legged_msgs-0.4.0-py3.10.egg-info/PKG-INFO
[12.518s] -- Up-to-date symlink: /home/ros/Workshop/src/install/ros2_unitree_legged_msgs/local/lib/python3.10/dist-packages/ros2_unitree_legged_msgs-0.4.0-py3.10.egg-info/SOURCES.txt
[12.518s] -- Up-to-date symlink: /home/ros/Workshop/src/install/ros2_unitree_legged_msgs/local/lib/python3.10/dist-packages/ros2_unitree_legged_msgs-0.4.0-py3.10.egg-info/dependency_links.txt
[12.518s] -- Up-to-date symlink: /home/ros/Workshop/src/install/ros2_unitree_legged_msgs/local/lib/python3.10/dist-packages/ros2_unitree_legged_msgs-0.4.0-py3.10.egg-info/top_level.txt
[12.519s] -- Up-to-date symlink: /home/ros/Workshop/src/install/ros2_unitree_legged_msgs/local/lib/python3.10/dist-packages/ros2_unitree_legged_msgs/__init__.py
[12.520s] -- Up-to-date symlink: /home/ros/Workshop/src/install/ros2_unitree_legged_msgs/local/lib/python3.10/dist-packages/ros2_unitree_legged_msgs/_ros2_unitree_legged_msgs_s.ep.rosidl_typesupport_c.c
[12.520s] -- Up-to-date symlink: /home/ros/Workshop/src/install/ros2_unitree_legged_msgs/local/lib/python3.10/dist-packages/ros2_unitree_legged_msgs/_ros2_unitree_legged_msgs_s.ep.rosidl_typesupport_fastrtps_c.c
[12.520s] -- Up-to-date symlink: /home/ros/Workshop/src/install/ros2_unitree_legged_msgs/local/lib/python3.10/dist-packages/ros2_unitree_legged_msgs/_ros2_unitree_legged_msgs_s.ep.rosidl_typesupport_introspection_c.c
[12.520s] -- Up-to-date symlink: /home/ros/Workshop/src/install/ros2_unitree_legged_msgs/local/lib/python3.10/dist-packages/ros2_unitree_legged_msgs/libros2_unitree_legged_msgs__rosidl_generator_py.so
[12.520s] -- Up-to-date symlink: /home/ros/Workshop/src/install/ros2_unitree_legged_msgs/local/lib/python3.10/dist-packages/ros2_unitree_legged_msgs/msg/__init__.py
[12.521s] -- Up-to-date symlink: /home/ros/Workshop/src/install/ros2_unitree_legged_msgs/local/lib/python3.10/dist-packages/ros2_unitree_legged_msgs/msg/_bms_cmd.py
[12.521s] -- Up-to-date symlink: /home/ros/Workshop/src/install/ros2_unitree_legged_msgs/local/lib/python3.10/dist-packages/ros2_unitree_legged_msgs/msg/_bms_cmd_s.c
[12.521s] -- Up-to-date symlink: /home/ros/Workshop/src/install/ros2_unitree_legged_msgs/local/lib/python3.10/dist-packages/ros2_unitree_legged_msgs/msg/_bms_state.py
[12.522s] -- Up-to-date symlink: /home/ros/Workshop/src/install/ros2_unitree_legged_msgs/local/lib/python3.10/dist-packages/ros2_unitree_legged_msgs/msg/_bms_state_s.c
[12.522s] -- Up-to-date symlink: /home/ros/Workshop/src/install/ros2_unitree_legged_msgs/local/lib/python3.10/dist-packages/ros2_unitree_legged_msgs/msg/_cartesian.py
[12.522s] -- Up-to-date symlink: /home/ros/Workshop/src/install/ros2_unitree_legged_msgs/local/lib/python3.10/dist-packages/ros2_unitree_legged_msgs/msg/_cartesian_s.c
[12.523s] -- Up-to-date symlink: /home/ros/Workshop/src/install/ros2_unitree_legged_msgs/local/lib/python3.10/dist-packages/ros2_unitree_legged_msgs/msg/_high_cmd.py
[12.523s] -- Up-to-date symlink: /home/ros/Workshop/src/install/ros2_unitree_legged_msgs/local/lib/python3.10/dist-packages/ros2_unitree_legged_msgs/msg/_high_cmd_s.c
[12.523s] -- Up-to-date symlink: /home/ros/Workshop/src/install/ros2_unitree_legged_msgs/local/lib/python3.10/dist-packages/ros2_unitree_legged_msgs/msg/_high_state.py
[12.523s] -- Up-to-date symlink: /home/ros/Workshop/src/install/ros2_unitree_legged_msgs/local/lib/python3.10/dist-packages/ros2_unitree_legged_msgs/msg/_high_state_s.c
[12.523s] -- Up-to-date symlink: /home/ros/Workshop/src/install/ros2_unitree_legged_msgs/local/lib/python3.10/dist-packages/ros2_unitree_legged_msgs/msg/_imu.py
[12.523s] -- Up-to-date symlink: /home/ros/Workshop/src/install/ros2_unitree_legged_msgs/local/lib/python3.10/dist-packages/ros2_unitree_legged_msgs/msg/_imu_s.c
[12.524s] -- Up-to-date symlink: /home/ros/Workshop/src/install/ros2_unitree_legged_msgs/local/lib/python3.10/dist-packages/ros2_unitree_legged_msgs/msg/_led.py
[12.524s] -- Up-to-date symlink: /home/ros/Workshop/src/install/ros2_unitree_legged_msgs/local/lib/python3.10/dist-packages/ros2_unitree_legged_msgs/msg/_led_s.c
[12.524s] -- Up-to-date symlink: /home/ros/Workshop/src/install/ros2_unitree_legged_msgs/local/lib/python3.10/dist-packages/ros2_unitree_legged_msgs/msg/_low_cmd.py
[12.524s] -- Up-to-date symlink: /home/ros/Workshop/src/install/ros2_unitree_legged_msgs/local/lib/python3.10/dist-packages/ros2_unitree_legged_msgs/msg/_low_cmd_s.c
[12.524s] -- Up-to-date symlink: /home/ros/Workshop/src/install/ros2_unitree_legged_msgs/local/lib/python3.10/dist-packages/ros2_unitree_legged_msgs/msg/_low_state.py
[12.525s] -- Up-to-date symlink: /home/ros/Workshop/src/install/ros2_unitree_legged_msgs/local/lib/python3.10/dist-packages/ros2_unitree_legged_msgs/msg/_low_state_s.c
[12.525s] -- Up-to-date symlink: /home/ros/Workshop/src/install/ros2_unitree_legged_msgs/local/lib/python3.10/dist-packages/ros2_unitree_legged_msgs/msg/_motor_cmd.py
[12.525s] -- Up-to-date symlink: /home/ros/Workshop/src/install/ros2_unitree_legged_msgs/local/lib/python3.10/dist-packages/ros2_unitree_legged_msgs/msg/_motor_cmd_s.c
[12.525s] -- Up-to-date symlink: /home/ros/Workshop/src/install/ros2_unitree_legged_msgs/local/lib/python3.10/dist-packages/ros2_unitree_legged_msgs/msg/_motor_state.py
[12.525s] -- Up-to-date symlink: /home/ros/Workshop/src/install/ros2_unitree_legged_msgs/local/lib/python3.10/dist-packages/ros2_unitree_legged_msgs/msg/_motor_state_s.c
[12.526s] -- Up-to-date symlink: /home/ros/Workshop/src/install/ros2_unitree_legged_msgs/local/lib/python3.10/dist-packages/ros2_unitree_legged_msgs/ros2_unitree_legged_msgs_s__rosidl_typesupport_c.cpython-310-x86_64-linux-gnu.so
[12.526s] -- Up-to-date symlink: /home/ros/Workshop/src/install/ros2_unitree_legged_msgs/local/lib/python3.10/dist-packages/ros2_unitree_legged_msgs/ros2_unitree_legged_msgs_s__rosidl_typesupport_fastrtps_c.cpython-310-x86_64-linux-gnu.so
[12.526s] -- Up-to-date symlink: /home/ros/Workshop/src/install/ros2_unitree_legged_msgs/local/lib/python3.10/dist-packages/ros2_unitree_legged_msgs/ros2_unitree_legged_msgs_s__rosidl_typesupport_introspection_c.cpython-310-x86_64-linux-gnu.so
[12.526s] -- Up-to-date symlink: /home/ros/Workshop/src/install/ros2_unitree_legged_msgs/local/lib/python3.10/dist-packages/ros2_unitree_legged_msgs/ros2_unitree_legged_msgs_s__rosidl_typesupport_fastrtps_c.cpython-310-x86_64-linux-gnu.so
[12.527s] -- Up-to-date symlink: /home/ros/Workshop/src/install/ros2_unitree_legged_msgs/local/lib/python3.10/dist-packages/ros2_unitree_legged_msgs/ros2_unitree_legged_msgs_s__rosidl_typesupport_introspection_c.cpython-310-x86_64-linux-gnu.so
[12.527s] -- Up-to-date symlink: /home/ros/Workshop/src/install/ros2_unitree_legged_msgs/local/lib/python3.10/dist-packages/ros2_unitree_legged_msgs/ros2_unitree_legged_msgs_s__rosidl_typesupport_c.cpython-310-x86_64-linux-gnu.so
[12.528s] -- Up-to-date symlink: /home/ros/Workshop/src/install/ros2_unitree_legged_msgs/share/ros2_unitree_legged_msgs/msg/MotorCmd.idl
[12.528s] -- Up-to-date symlink: /home/ros/Workshop/src/install/ros2_unitree_legged_msgs/share/ros2_unitree_legged_msgs/msg/MotorState.idl
[12.528s] -- Up-to-date symlink: /home/ros/Workshop/src/install/ros2_unitree_legged_msgs/share/ros2_unitree_legged_msgs/msg/BmsCmd.idl
[12.529s] -- Up-to-date symlink: /home/ros/Workshop/src/install/ros2_unitree_legged_msgs/share/ros2_unitree_legged_msgs/msg/BmsState.idl
[12.529s] -- Up-to-date symlink: /home/ros/Workshop/src/install/ros2_unitree_legged_msgs/share/ros2_unitree_legged_msgs/msg/Cartesian.idl
[12.529s] -- Up-to-date symlink: /home/ros/Workshop/src/install/ros2_unitree_legged_msgs/share/ros2_unitree_legged_msgs/msg/IMU.idl
[12.529s] -- Up-to-date symlink: /home/ros/Workshop/src/install/ros2_unitree_legged_msgs/share/ros2_unitree_legged_msgs/msg/LED.idl
[12.530s] -- Up-to-date symlink: /home/ros/Workshop/src/install/ros2_unitree_legged_msgs/share/ros2_unitree_legged_msgs/msg/LowCmd.idl
[12.530s] -- Up-to-date symlink: /home/ros/Workshop/src/install/ros2_unitree_legged_msgs/share/ros2_unitree_legged_msgs/msg/LowState.idl
[12.530s] -- Up-to-date symlink: /home/ros/Workshop/src/install/ros2_unitree_legged_msgs/share/ros2_unitree_legged_msgs/msg/HighCmd.idl
[12.531s] -- Up-to-date symlink: /home/ros/Workshop/src/install/ros2_unitree_legged_msgs/share/ros2_unitree_legged_msgs/msg/HighState.idl
[12.531s] -- Up-to-date symlink: /home/ros/Workshop/src/install/ros2_unitree_legged_msgs/share/ros2_unitree_legged_msgs/msg/MotorCmd.msg
[12.531s] -- Up-to-date symlink: /home/ros/Workshop/src/install/ros2_unitree_legged_msgs/share/ros2_unitree_legged_msgs/msg/MotorState.msg
[12.532s] -- Up-to-date symlink: /home/ros/Workshop/src/install/ros2_unitree_legged_msgs/share/ros2_unitree_legged_msgs/msg/BmsCmd.msg
[12.532s] -- Up-to-date symlink: /home/ros/Workshop/src/install/ros2_unitree_legged_msgs/share/ros2_unitree_legged_msgs/msg/BmsState.msg
[12.533s] -- Up-to-date symlink: /home/ros/Workshop/src/install/ros2_unitree_legged_msgs/share/ros2_unitree_legged_msgs/msg/Cartesian.msg
[12.534s] -- Up-to-date symlink: /home/ros/Workshop/src/install/ros2_unitree_legged_msgs/share/ros2_unitree_legged_msgs/msg/IMU.msg
[12.534s] -- Up-to-date symlink: /home/ros/Workshop/src/install/ros2_unitree_legged_msgs/share/ros2_unitree_legged_msgs/msg/LED.msg
[12.535s] -- Up-to-date symlink: /home/ros/Workshop/src/install/ros2_unitree_legged_msgs/share/ros2_unitree_legged_msgs/msg/LowCmd.msg
[12.536s] -- Up-to-date symlink: /home/ros/Workshop/src/install/ros2_unitree_legged_msgs/share/ros2_unitree_legged_msgs/msg/LowState.msg
[12.536s] -- Up-to-date symlink: /home/ros/Workshop/src/install/ros2_unitree_legged_msgs/share/ros2_unitree_legged_msgs/msg/HighCmd.msg
[12.537s] -- Up-to-date symlink: /home/ros/Workshop/src/install/ros2_unitree_legged_msgs/share/ros2_unitree_legged_msgs/msg/HighState.msg
[12.538s] -- Up-to-date symlink: /home/ros/Workshop/src/install/ros2_unitree_legged_msgs/share/ament_index/resource_index/package_run_dependencies/ros2_unitree_legged_msgs
[12.539s] -- Up-to-date symlink: /home/ros/Workshop/src/install/ros2_unitree_legged_msgs/share/ament_index/resource_index/parent_prefix_path/ros2_unitree_legged_msgs
[12.539s] -- Up-to-date symlink: /home/ros/Workshop/src/install/ros2_unitree_legged_msgs/share/ros2_unitree_legged_msgs/environment/ament_prefix_path.sh
[12.539s] -- Up-to-date symlink: /home/ros/Workshop/src/install/ros2_unitree_legged_msgs/share/ros2_unitree_legged_msgs/environment/ament_prefix_path.dsv
[12.540s] -- Up-to-date symlink: /home/ros/Workshop/src/install/ros2_unitree_legged_msgs/share/ros2_unitree_legged_msgs/environment/path.sh
[12.541s] -- Up-to-date symlink: /home/ros/Workshop/src/install/ros2_unitree_legged_msgs/share/ros2_unitree_legged_msgs/environment/path.dsv
[12.541s] -- Up-to-date symlink: /home/ros/Workshop/src/install/ros2_unitree_legged_msgs/share/ros2_unitree_legged_msgs/local_setup.bash
[12.542s] -- Up-to-date symlink: /home/ros/Workshop/src/install/ros2_unitree_legged_msgs/share/ros2_unitree_legged_msgs/local_setup.sh
[12.543s] -- Up-to-date symlink: /home/ros/Workshop/src/install/ros2_unitree_legged_msgs/share/ros2_unitree_legged_msgs/local_setup.zsh
[12.543s] -- Up-to-date symlink: /home/ros/Workshop/src/install/ros2_unitree_legged_msgs/share/ros2_unitree_legged_msgs/local_setup.dsv
[12.549s] -- Symlinking: /home/ros/Workshop/src/install/ros2_unitree_legged_msgs/share/ros2_unitree_legged_msgs/package.dsv
[12.598s] -- Up-to-date symlink: /home/ros/Workshop/src/install/ros2_unitree_legged_msgs/share/ament_index/resource_index/packages/ros2_unitree_legged_msgs
[12.598s] -- Up-to-date symlink: /home/ros/Workshop/src/install/ros2_unitree_legged_msgs/share/ros2_unitree_legged_msgs/cmake/rosidl_cmake-extras.cmake
[12.599s] -- Up-to-date symlink: /home/ros/Workshop/src/install/ros2_unitree_legged_msgs/share/ros2_unitree_legged_msgs/cmake/ament_cmake_export_include_directories-extras.cmake
[12.599s] -- Up-to-date symlink: /home/ros/Workshop/src/install/ros2_unitree_legged_msgs/share/ros2_unitree_legged_msgs/cmake/ament_cmake_export_libraries-extras.cmake
[12.599s] -- Up-to-date symlink: /home/ros/Workshop/src/install/ros2_unitree_legged_msgs/share/ros2_unitree_legged_msgs/cmake/ament_cmake_export_targets-extras.cmake
[12.600s] -- Up-to-date symlink: /home/ros/Workshop/src/install/ros2_unitree_legged_msgs/share/ros2_unitree_legged_msgs/cmake/rosidl_cmake_export_typesupport_targets-extras.cmake
[12.600s] -- Up-to-date symlink: /home/ros/Workshop/src/install/ros2_unitree_legged_msgs/share/ros2_unitree_legged_msgs/cmake/ament_cmake_export_dependencies-extras.cmake
[12.600s] -- Up-to-date symlink: /home/ros/Workshop/src/install/ros2_unitree_legged_msgs/share/ros2_unitree_legged_msgs/cmake/rosidl_cmake_export_typesupport_libraries-extras.cmake
[12.600s] -- Up-to-date symlink: /home/ros/Workshop/src/install/ros2_unitree_legged_msgs/share/ros2_unitree_legged_msgs/cmake/ros2_unitree_legged_msgsConfig.cmake
[12.601s] -- Up-to-date symlink: /home/ros/Workshop/src/install/ros2_unitree_legged_msgs/share/ros2_unitree_legged_msgs/cmake/ros2_unitree_legged_msgsConfig-version.cmake
[12.601s] -- Up-to-date symlink: /home/ros/Workshop/src/install/ros2_unitree_legged_msgs/share/ros2_unitree_legged_msgs/package.xml
[12.601s] -- Up-to-date: /home/ros/Workshop/src/install/ros2_unitree_legged_msgs/lib/libros2_unitree_legged_msgs__rosidl_generator_c.so
[12.602s] -- Up-to-date: /home/ros/Workshop/src/install/ros2_unitree_legged_msgs/lib/libros2_unitree_legged_msgs__rosidl_typesupport_fastrtps_c.so
[12.602s] -- Up-to-date: /home/ros/Workshop/src/install/ros2_unitree_legged_msgs/lib/libros2_unitree_legged_msgs__rosidl_typesupport_introspection_c.so
[12.602s] -- Up-to-date: /home/ros/Workshop/src/install/ros2_unitree_legged_msgs/lib/libros2_unitree_legged_msgs__rosidl_typesupport_c.so
[12.603s] -- Up-to-date: /home/ros/Workshop/src/install/ros2_unitree_legged_msgs/lib/libros2_unitree_legged_msgs__rosidl_typesupport_fastrtps_cpp.so
[12.603s] -- Up-to-date: /home/ros/Workshop/src/install/ros2_unitree_legged_msgs/lib/libros2_unitree_legged_msgs__rosidl_typesupport_introspection_cpp.so
[12.603s] -- Up-to-date: /home/ros/Workshop/src/install/ros2_unitree_legged_msgs/lib/libros2_unitree_legged_msgs__rosidl_typesupport_cpp.so
[12.717s] Listing '/home/ros/Workshop/src/install/ros2_unitree_legged_msgs/local/lib/python3.10/dist-packages/ros2_unitree_legged_msgs'...
[12.717s] Compiling '/home/ros/Workshop/src/install/ros2_unitree_legged_msgs/local/lib/python3.10/dist-packages/ros2_unitree_legged_msgs/__init__.py'...
[12.717s] Listing '/home/ros/Workshop/src/install/ros2_unitree_legged_msgs/local/lib/python3.10/dist-packages/ros2_unitree_legged_msgs/msg'...
[12.723s] -- Up-to-date: /home/ros/Workshop/src/install/ros2_unitree_legged_msgs/lib/libros2_unitree_legged_msgs__rosidl_generator_py.so
[12.723s] -- Up-to-date: /home/ros/Workshop/src/install/ros2_unitree_legged_msgs/share/ros2_unitree_legged_msgs/cmake/export_ros2_unitree_legged_msgs__rosidl_generator_cExport.cmake
[12.724s] -- Up-to-date: /home/ros/Workshop/src/install/ros2_unitree_legged_msgs/share/ros2_unitree_legged_msgs/cmake/export_ros2_unitree_legged_msgs__rosidl_generator_cExport-noconfig.cmake
[12.724s] -- Up-to-date: /home/ros/Workshop/src/install/ros2_unitree_legged_msgs/share/ros2_unitree_legged_msgs/cmake/export_ros2_unitree_legged_msgs__rosidl_typesupport_fastrtps_cExport.cmake
[12.724s] -- Up-to-date: /home/ros/Workshop/src/install/ros2_unitree_legged_msgs/share/ros2_unitree_legged_msgs/cmake/export_ros2_unitree_legged_msgs__rosidl_typesupport_fastrtps_cExport-noconfig.cmake
[12.724s] -- Up-to-date: /home/ros/Workshop/src/install/ros2_unitree_legged_msgs/share/ros2_unitree_legged_msgs/cmake/ros2_unitree_legged_msgs__rosidl_typesupport_introspection_cExport.cmake
[12.724s] -- Up-to-date: /home/ros/Workshop/src/install/ros2_unitree_legged_msgs/share/ros2_unitree_legged_msgs/cmake/ros2_unitree_legged_msgs__rosidl_typesupport_introspection_cExport-noconfig.cmake
[12.725s] -- Up-to-date: /home/ros/Workshop/src/install/ros2_unitree_legged_msgs/share/ros2_unitree_legged_msgs/cmake/ros2_unitree_legged_msgs__rosidl_typesupport_cExport.cmake
[12.725s] -- Up-to-date: /home/ros/Workshop/src/install/ros2_unitree_legged_msgs/share/ros2_unitree_legged_msgs/cmake/ros2_unitree_legged_msgs__rosidl_typesupport_cExport-noconfig.cmake
[12.725s] -- Up-to-date: /home/ros/Workshop/src/install/ros2_unitree_legged_msgs/share/ros2_unitree_legged_msgs/cmake/export_ros2_unitree_legged_msgs__rosidl_generator_cppExport.cmake
[12.725s] -- Up-to-date: /home/ros/Workshop/src/install/ros2_unitree_legged_msgs/share/ros2_unitree_legged_msgs/cmake/export_ros2_unitree_legged_msgs__rosidl_typesupport_fastrtps_cppExport.cmake
[12.725s] -- Up-to-date: /home/ros/Workshop/src/install/ros2_unitree_legged_msgs/share/ros2_unitree_legged_msgs/cmake/export_ros2_unitree_legged_msgs__rosidl_typesupport_fastrtps_cppExport-noconfig.cmake
[12.725s] -- Up-to-date: /home/ros/Workshop/src/install/ros2_unitree_legged_msgs/share/ros2_unitree_legged_msgs/cmake/ros2_unitree_legged_msgs__rosidl_typesupport_introspection_cppExport.cmake
[12.725s] -- Up-to-date: /home/ros/Workshop/src/install/ros2_unitree_legged_msgs/share/ros2_unitree_legged_msgs/cmake/ros2_unitree_legged_msgs__rosidl_typesupport_introspection_cppExport-noconfig.cmake
[12.726s] -- Up-to-date: /home/ros/Workshop/src/install/ros2_unitree_legged_msgs/share/ros2_unitree_legged_msgs/cmake/ros2_unitree_legged_msgs__rosidl_typesupport_cppExport.cmake
[12.726s] -- Up-to-date: /home/ros/Workshop/src/install/ros2_unitree_legged_msgs/share/ros2_unitree_legged_msgs/cmake/ros2_unitree_legged_msgs__rosidl_typesupport_cppExport-noconfig.cmake
[12.726s] -- Up-to-date: /home/ros/Workshop/src/install/ros2_unitree_legged_msgs/share/ros2_unitree_legged_msgs/cmake/export_ros2_unitree_legged_msgs__rosidl_generator_pyExport.cmake
[12.726s] -- Up-to-date: /home/ros/Workshop/src/install/ros2_unitree_legged_msgs/share/ros2_unitree_legged_msgs/cmake/export_ros2_unitree_legged_msgs__rosidl_generator_pyExport-noconfig.cmake
[12.732s] Invoked command in '/home/ros/Workshop/src/build/ros2_unitree_legged_msgs' returned '0': CMAKE_PREFIX_PATH=${CMAKE_PREFIX_PATH}:/opt/ros/humble /usr/bin/cmake --install /home/ros/Workshop/src/build/ros2_unitree_legged_msgs
