[1.988s] Invoking command in '/home/ros/Workshop/src/build/unitree_nav_launch_module': PYTHONPATH=/home/ros/Workshop/src/build/unitree_nav_launch_module/prefix_override:/home/ros/Workshop/src/install/unitree_nav_launch_module/lib/python3.10/site-packages:${PYTHONPATH} /usr/bin/python3 setup.py develop --editable --build-directory /home/ros/Workshop/src/build/unitree_nav_launch_module/build --no-deps install_data
[2.973s] running develop
[2.975s] /usr/lib/python3/dist-packages/setuptools/command/easy_install.py:158: EasyInstallDeprecationWarning: easy_install command is deprecated. Use build and pip and other standards-based tools.
[2.976s]   warnings.warn(
[2.980s] /usr/lib/python3/dist-packages/setuptools/command/install.py:34: SetuptoolsDeprecationWarning: setup.py install is deprecated. Use build and pip and other standards-based tools.
[2.981s]   warnings.warn(
[3.305s] /usr/lib/python3/dist-packages/pkg_resources/__init__.py:116: PkgResourcesDeprecationWarning: 2.0.5-build-libtorrent-rasterbar-qrM5vM-libtorrent-rasterbar-2.0.5-bindings-python is an invalid version and will not be supported in a future release
[3.305s]   warnings.warn(
[3.814s] running egg_info
[3.814s] writing unitree_nav_launch_module.egg-info/PKG-INFO
[3.815s] writing dependency_links to unitree_nav_launch_module.egg-info/dependency_links.txt
[3.816s] writing entry points to unitree_nav_launch_module.egg-info/entry_points.txt
[3.816s] writing requirements to unitree_nav_launch_module.egg-info/requires.txt
[3.817s] writing top-level names to unitree_nav_launch_module.egg-info/top_level.txt
[3.828s] reading manifest file 'unitree_nav_launch_module.egg-info/SOURCES.txt'
[3.828s] writing manifest file 'unitree_nav_launch_module.egg-info/SOURCES.txt'
[3.830s] running build_ext
[3.831s] Creating /home/ros/Workshop/src/install/unitree_nav_launch_module/lib/python3.10/site-packages/unitree-nav-launch-module.egg-link (link to .)
[3.834s] 
[3.835s] Installed /home/ros/Workshop/src/build/unitree_nav_launch_module
[3.836s] running install_data
[3.921s] Invoked command in '/home/ros/Workshop/src/build/unitree_nav_launch_module' returned '0': PYTHONPATH=/home/ros/Workshop/src/build/unitree_nav_launch_module/prefix_override:/home/ros/Workshop/src/install/unitree_nav_launch_module/lib/python3.10/site-packages:${PYTHONPATH} /usr/bin/python3 setup.py develop --editable --build-directory /home/ros/Workshop/src/build/unitree_nav_launch_module/build --no-deps install_data
