[1.203s] Invoking command in '/workspaces/my_ros2_ws/src/build/unitree_legged_real': AMENT_PREFIX_PATH=/workspaces/my_ros2_ws/src/install/ros2_unitree_legged_msgs:${AMENT_PREFIX_PATH} CMAKE_PREFIX_PATH=/workspaces/my_ros2_ws/src/install/ros2_unitree_legged_msgs:/workspaces/my_ros2_ws/install/guide_dog_unitree_go1:/workspaces/my_ros2_ws/install/unitree_nav:/workspaces/my_ros2_ws/install/unitree_nav_interfaces:/workspaces/my_ros2_ws/install/unitree_legged_real:/workspaces/my_ros2_ws/install/rslidar_sdk:/workspaces/my_ros2_ws/install/rslidar_msg:/workspaces/my_ros2_ws/install/ros2_unitree_legged_msgs:/workspaces/my_ros2_ws/install/go1_description:/workspaces/my_ros2_ws/install:/workspaces/my_ros2_ws/install/object_detection:/workspaces/my_ros2_ws/install/unitree_nav_launch_module:/workspaces/my_ros2_ws/install/listen_talk_ros2:/opt/ros/humble LD_LIBRARY_PATH=/workspaces/my_ros2_ws/src/install/ros2_unitree_legged_msgs/lib:${LD_LIBRARY_PATH} PYTHONPATH=/workspaces/my_ros2_ws/src/install/ros2_unitree_legged_msgs/local/lib/python3.10/dist-packages:${PYTHONPATH} /usr/bin/cmake /workspaces/my_ros2_ws/src/unitree_ros2/unitree_legged_real -DAMENT_CMAKE_SYMLINK_INSTALL=1 -DCMAKE_INSTALL_PREFIX=/workspaces/my_ros2_ws/src/install/unitree_legged_real
[4.148s] -- The C compiler identification is GNU 11.3.0
[5.739s] -- The CXX compiler identification is GNU 11.3.0
[6.275s] -- Detecting C compiler ABI info
[10.380s] -- Detecting C compiler ABI info - done
[10.420s] -- Check for working C compiler: /usr/bin/cc - skipped
[10.425s] -- Detecting C compile features
[10.430s] -- Detecting C compile features - done
[10.522s] -- Detecting CXX compiler ABI info
[13.899s] -- Detecting CXX compiler ABI info - done
[13.939s] -- Check for working CXX compiler: /usr/bin/c++ - skipped
[13.954s] -- Detecting CXX compile features
[13.960s] -- Detecting CXX compile features - done
[14.658s] -- Found ament_cmake: 1.3.4 (/opt/ros/humble/share/ament_cmake/cmake)
[18.069s] -- Found Python3: /usr/bin/python3.10 (found version "3.10.6") found components: Interpreter 
[19.047s] -- Override CMake install command with custom implementation using symlinks instead of copying resources
[21.679s] -- Found rclcpp: 16.0.4 (/opt/ros/humble/share/rclcpp/cmake)
[25.472s] -- Found rosidl_generator_c: 3.1.4 (/opt/ros/humble/share/rosidl_generator_c/cmake)
[26.784s] -- Found rosidl_adapter: 3.1.4 (/opt/ros/humble/share/rosidl_adapter/cmake)
[27.221s] -- Found rosidl_generator_cpp: 3.1.4 (/opt/ros/humble/share/rosidl_generator_cpp/cmake)
[27.833s] -- Using all available rosidl_typesupport_c: rosidl_typesupport_fastrtps_c;rosidl_typesupport_introspection_c
[28.810s] -- Using all available rosidl_typesupport_cpp: rosidl_typesupport_fastrtps_cpp;rosidl_typesupport_introspection_cpp
[31.372s] -- Found rmw_implementation_cmake: 6.1.1 (/opt/ros/humble/share/rmw_implementation_cmake/cmake)
[31.617s] -- Found rmw_fastrtps_cpp: 6.2.2 (/opt/ros/humble/share/rmw_fastrtps_cpp/cmake)
[39.522s] -- Found OpenSSL: /usr/lib/x86_64-linux-gnu/libcrypto.so (found version "3.0.2")  
[40.106s] -- Found FastRTPS: /opt/ros/humble/include  
[40.980s] -- Using RMW implementation 'rmw_fastrtps_cpp' as default
[41.538s] -- Looking for pthread.h
[45.162s] -- Looking for pthread.h - found
[45.173s] -- Performing Test CMAKE_HAVE_LIBC_PTHREAD
[48.887s] -- Performing Test CMAKE_HAVE_LIBC_PTHREAD - Success
[48.900s] -- Found Threads: TRUE  
[50.308s] -- Found ros2_unitree_legged_msgs: 0.4.0 (/workspaces/my_ros2_ws/src/install/ros2_unitree_legged_msgs/share/ros2_unitree_legged_msgs/cmake)
[50.592s] -- Found sensor_msgs: 4.2.3 (/opt/ros/humble/share/sensor_msgs/cmake)
[51.195s] -- -- CMAKE_SYSTEM_PROCESSOR: x86_64
[52.486s] -- Configuring done
[55.504s] -- Generating done
[55.699s] -- Build files have been written to: /workspaces/my_ros2_ws/src/build/unitree_legged_real
[55.737s] Invoked command in '/workspaces/my_ros2_ws/src/build/unitree_legged_real' returned '0': AMENT_PREFIX_PATH=/workspaces/my_ros2_ws/src/install/ros2_unitree_legged_msgs:${AMENT_PREFIX_PATH} CMAKE_PREFIX_PATH=/workspaces/my_ros2_ws/src/install/ros2_unitree_legged_msgs:/workspaces/my_ros2_ws/install/guide_dog_unitree_go1:/workspaces/my_ros2_ws/install/unitree_nav:/workspaces/my_ros2_ws/install/unitree_nav_interfaces:/workspaces/my_ros2_ws/install/unitree_legged_real:/workspaces/my_ros2_ws/install/rslidar_sdk:/workspaces/my_ros2_ws/install/rslidar_msg:/workspaces/my_ros2_ws/install/ros2_unitree_legged_msgs:/workspaces/my_ros2_ws/install/go1_description:/workspaces/my_ros2_ws/install:/workspaces/my_ros2_ws/install/object_detection:/workspaces/my_ros2_ws/install/unitree_nav_launch_module:/workspaces/my_ros2_ws/install/listen_talk_ros2:/opt/ros/humble LD_LIBRARY_PATH=/workspaces/my_ros2_ws/src/install/ros2_unitree_legged_msgs/lib:${LD_LIBRARY_PATH} PYTHONPATH=/workspaces/my_ros2_ws/src/install/ros2_unitree_legged_msgs/local/lib/python3.10/dist-packages:${PYTHONPATH} /usr/bin/cmake /workspaces/my_ros2_ws/src/unitree_ros2/unitree_legged_real -DAMENT_CMAKE_SYMLINK_INSTALL=1 -DCMAKE_INSTALL_PREFIX=/workspaces/my_ros2_ws/src/install/unitree_legged_real
[55.757s] Invoking command in '/workspaces/my_ros2_ws/src/build/unitree_legged_real': AMENT_PREFIX_PATH=/workspaces/my_ros2_ws/src/install/ros2_unitree_legged_msgs:${AMENT_PREFIX_PATH} CMAKE_PREFIX_PATH=/workspaces/my_ros2_ws/src/install/ros2_unitree_legged_msgs:/workspaces/my_ros2_ws/install/guide_dog_unitree_go1:/workspaces/my_ros2_ws/install/unitree_nav:/workspaces/my_ros2_ws/install/unitree_nav_interfaces:/workspaces/my_ros2_ws/install/unitree_legged_real:/workspaces/my_ros2_ws/install/rslidar_sdk:/workspaces/my_ros2_ws/install/rslidar_msg:/workspaces/my_ros2_ws/install/ros2_unitree_legged_msgs:/workspaces/my_ros2_ws/install/go1_description:/workspaces/my_ros2_ws/install:/workspaces/my_ros2_ws/install/object_detection:/workspaces/my_ros2_ws/install/unitree_nav_launch_module:/workspaces/my_ros2_ws/install/listen_talk_ros2:/opt/ros/humble LD_LIBRARY_PATH=/workspaces/my_ros2_ws/src/install/ros2_unitree_legged_msgs/lib:${LD_LIBRARY_PATH} PYTHONPATH=/workspaces/my_ros2_ws/src/install/ros2_unitree_legged_msgs/local/lib/python3.10/dist-packages:${PYTHONPATH} /usr/bin/cmake --build /workspaces/my_ros2_ws/src/build/unitree_legged_real -- -j4 -l4
[58.272s] [  6%] [32mBuilding CXX object CMakeFiles/ros2_udp.dir/src/ros2_udp.cpp.o[0m
[76.948s] [ 12%] [32mBuilding CXX object CMakeFiles/jsp_low.dir/src/jsp_low.cpp.o[0m
[77.532s] [ 18%] [32mBuilding CXX object CMakeFiles/jsp_high.dir/src/jsp_high.cpp.o[0m
[82.366s] [ 25%] [32mBuilding CXX object CMakeFiles/udp_high.dir/src/udp_high.cpp.o[0m
[675.316s] [01m[Kc++:[m[K [01;31m[Kfatal error: [m[KKilled signal terminated program cc1plus
[675.356s] compilation terminated.
[675.367s] gmake[2]: *** [CMakeFiles/ros2_udp.dir/build.make:76: CMakeFiles/ros2_udp.dir/src/ros2_udp.cpp.o] Error 1
[675.404s] gmake[1]: *** [CMakeFiles/Makefile2:151: CMakeFiles/ros2_udp.dir/all] Error 2
[675.410s] gmake[1]: *** Waiting for unfinished jobs....
[724.506s] [ 37%] [32m[1mLinking CXX executable jsp_high[0m
[724.529s] [ 37%] [32m[1mLinking CXX executable udp_high[0m
[738.738s] [ 37%] Built target jsp_high
[738.776s] [ 37%] Built target udp_high
[740.020s] [ 43%] [32m[1mLinking CXX executable jsp_low[0m
[751.535s] [ 43%] Built target jsp_low
[751.551s] gmake: *** [Makefile:146: all] Error 2
[751.793s] Invoked command in '/workspaces/my_ros2_ws/src/build/unitree_legged_real' returned '2': AMENT_PREFIX_PATH=/workspaces/my_ros2_ws/src/install/ros2_unitree_legged_msgs:${AMENT_PREFIX_PATH} CMAKE_PREFIX_PATH=/workspaces/my_ros2_ws/src/install/ros2_unitree_legged_msgs:/workspaces/my_ros2_ws/install/guide_dog_unitree_go1:/workspaces/my_ros2_ws/install/unitree_nav:/workspaces/my_ros2_ws/install/unitree_nav_interfaces:/workspaces/my_ros2_ws/install/unitree_legged_real:/workspaces/my_ros2_ws/install/rslidar_sdk:/workspaces/my_ros2_ws/install/rslidar_msg:/workspaces/my_ros2_ws/install/ros2_unitree_legged_msgs:/workspaces/my_ros2_ws/install/go1_description:/workspaces/my_ros2_ws/install:/workspaces/my_ros2_ws/install/object_detection:/workspaces/my_ros2_ws/install/unitree_nav_launch_module:/workspaces/my_ros2_ws/install/listen_talk_ros2:/opt/ros/humble LD_LIBRARY_PATH=/workspaces/my_ros2_ws/src/install/ros2_unitree_legged_msgs/lib:${LD_LIBRARY_PATH} PYTHONPATH=/workspaces/my_ros2_ws/src/install/ros2_unitree_legged_msgs/local/lib/python3.10/dist-packages:${PYTHONPATH} /usr/bin/cmake --build /workspaces/my_ros2_ws/src/build/unitree_legged_real -- -j4 -l4
