[0.141s] Invoking command in '/home/ros/Workshop/src/build/unitree_nav': AMENT_PREFIX_PATH=/home/ros/Workshop/src/install/rslidar_sdk:/home/ros/Workshop/src/install/unitree_nav_interfaces:/home/ros/Workshop/src/install/rslidar_msg:/home/ros/Workshop/src/install/ros2_unitree_legged_msgs:${AMENT_PREFIX_PATH} CMAKE_PREFIX_PATH=/home/ros/Workshop/src/install/rslidar_sdk:/home/ros/Workshop/src/install/unitree_nav_interfaces:/home/ros/Workshop/src/install/rslidar_msg:/home/ros/Workshop/src/install/ros2_unitree_legged_msgs:/workspaces/my_ros2_ws/install:/opt/ros/humble LD_LIBRARY_PATH=/home/ros/Workshop/src/install/unitree_nav_interfaces/lib:/home/ros/Workshop/src/install/rslidar_msg/lib:/home/ros/Workshop/src/install/ros2_unitree_legged_msgs/lib:${LD_LIBRARY_PATH} PYTHONPATH=/home/ros/Workshop/src/install/unitree_nav_interfaces/local/lib/python3.10/dist-packages:/home/ros/Workshop/src/install/rslidar_msg/local/lib/python3.10/dist-packages:/home/ros/Workshop/src/install/ros2_unitree_legged_msgs/local/lib/python3.10/dist-packages:${PYTHONPATH} /usr/bin/cmake --build /home/ros/Workshop/src/build/unitree_nav -- -j4 -l4
[0.977s] [ 50%] Built target nav_to_pose
[1.016s] [100%] Built target cmd_processor
[1.130s] Invoked command in '/home/ros/Workshop/src/build/unitree_nav' returned '0': AMENT_PREFIX_PATH=/home/ros/Workshop/src/install/rslidar_sdk:/home/ros/Workshop/src/install/unitree_nav_interfaces:/home/ros/Workshop/src/install/rslidar_msg:/home/ros/Workshop/src/install/ros2_unitree_legged_msgs:${AMENT_PREFIX_PATH} CMAKE_PREFIX_PATH=/home/ros/Workshop/src/install/rslidar_sdk:/home/ros/Workshop/src/install/unitree_nav_interfaces:/home/ros/Workshop/src/install/rslidar_msg:/home/ros/Workshop/src/install/ros2_unitree_legged_msgs:/workspaces/my_ros2_ws/install:/opt/ros/humble LD_LIBRARY_PATH=/home/ros/Workshop/src/install/unitree_nav_interfaces/lib:/home/ros/Workshop/src/install/rslidar_msg/lib:/home/ros/Workshop/src/install/ros2_unitree_legged_msgs/lib:${LD_LIBRARY_PATH} PYTHONPATH=/home/ros/Workshop/src/install/unitree_nav_interfaces/local/lib/python3.10/dist-packages:/home/ros/Workshop/src/install/rslidar_msg/local/lib/python3.10/dist-packages:/home/ros/Workshop/src/install/ros2_unitree_legged_msgs/local/lib/python3.10/dist-packages:${PYTHONPATH} /usr/bin/cmake --build /home/ros/Workshop/src/build/unitree_nav -- -j4 -l4
[1.682s] Invoking command in '/home/ros/Workshop/src/build/unitree_nav': AMENT_PREFIX_PATH=/home/ros/Workshop/src/install/rslidar_sdk:/home/ros/Workshop/src/install/unitree_nav_interfaces:/home/ros/Workshop/src/install/rslidar_msg:/home/ros/Workshop/src/install/ros2_unitree_legged_msgs:${AMENT_PREFIX_PATH} CMAKE_PREFIX_PATH=/home/ros/Workshop/src/install/rslidar_sdk:/home/ros/Workshop/src/install/unitree_nav_interfaces:/home/ros/Workshop/src/install/rslidar_msg:/home/ros/Workshop/src/install/ros2_unitree_legged_msgs:/workspaces/my_ros2_ws/install:/opt/ros/humble LD_LIBRARY_PATH=/home/ros/Workshop/src/install/unitree_nav_interfaces/lib:/home/ros/Workshop/src/install/rslidar_msg/lib:/home/ros/Workshop/src/install/ros2_unitree_legged_msgs/lib:${LD_LIBRARY_PATH} PYTHONPATH=/home/ros/Workshop/src/install/unitree_nav_interfaces/local/lib/python3.10/dist-packages:/home/ros/Workshop/src/install/rslidar_msg/local/lib/python3.10/dist-packages:/home/ros/Workshop/src/install/ros2_unitree_legged_msgs/local/lib/python3.10/dist-packages:${PYTHONPATH} /usr/bin/cmake --install /home/ros/Workshop/src/build/unitree_nav
[1.749s] -- Install configuration: ""
[1.751s] -- Execute custom install script
[1.752s] -- Up-to-date symlink: /home/ros/Workshop/src/install/unitree_nav/lib/unitree_nav/cmd_processor
[1.753s] -- Up-to-date symlink: /home/ros/Workshop/src/install/unitree_nav/lib/unitree_nav/nav_to_pose
[1.755s] -- Up-to-date symlink: /home/ros/Workshop/src/install/unitree_nav/share/unitree_nav/launch/control.launch.py
[1.755s] -- Up-to-date symlink: /home/ros/Workshop/src/install/unitree_nav/share/unitree_nav/launch/mapping.launch.py
[1.755s] -- Up-to-date symlink: /home/ros/Workshop/src/install/unitree_nav/share/unitree_nav/launch/rslidar_robosense.launch.py
[1.756s] -- Up-to-date symlink: /home/ros/Workshop/src/install/unitree_nav/share/unitree_nav/launch/unitree_nav.launch.py
[1.757s] -- Up-to-date symlink: /home/ros/Workshop/src/install/unitree_nav/share/unitree_nav/config/nav.rviz
[1.758s] -- Up-to-date symlink: /home/ros/Workshop/src/install/unitree_nav/share/unitree_nav/config/nav2_params.yaml
[1.759s] -- Up-to-date symlink: /home/ros/Workshop/src/install/unitree_nav/share/ament_index/resource_index/package_run_dependencies/unitree_nav
[1.759s] -- Up-to-date symlink: /home/ros/Workshop/src/install/unitree_nav/share/ament_index/resource_index/parent_prefix_path/unitree_nav
[1.760s] -- Up-to-date symlink: /home/ros/Workshop/src/install/unitree_nav/share/unitree_nav/environment/ament_prefix_path.sh
[1.762s] -- Up-to-date symlink: /home/ros/Workshop/src/install/unitree_nav/share/unitree_nav/environment/ament_prefix_path.dsv
[1.762s] -- Up-to-date symlink: /home/ros/Workshop/src/install/unitree_nav/share/unitree_nav/environment/path.sh
[1.763s] -- Up-to-date symlink: /home/ros/Workshop/src/install/unitree_nav/share/unitree_nav/environment/path.dsv
[1.764s] -- Up-to-date symlink: /home/ros/Workshop/src/install/unitree_nav/share/unitree_nav/local_setup.bash
[1.766s] -- Up-to-date symlink: /home/ros/Workshop/src/install/unitree_nav/share/unitree_nav/local_setup.sh
[1.767s] -- Up-to-date symlink: /home/ros/Workshop/src/install/unitree_nav/share/unitree_nav/local_setup.zsh
[1.768s] -- Up-to-date symlink: /home/ros/Workshop/src/install/unitree_nav/share/unitree_nav/local_setup.dsv
[1.769s] -- Symlinking: /home/ros/Workshop/src/install/unitree_nav/share/unitree_nav/package.dsv
[1.841s] -- Up-to-date symlink: /home/ros/Workshop/src/install/unitree_nav/share/ament_index/resource_index/packages/unitree_nav
[1.842s] -- Up-to-date symlink: /home/ros/Workshop/src/install/unitree_nav/share/unitree_nav/cmake/unitree_navConfig.cmake
[1.843s] -- Up-to-date symlink: /home/ros/Workshop/src/install/unitree_nav/share/unitree_nav/cmake/unitree_navConfig-version.cmake
[1.843s] -- Up-to-date symlink: /home/ros/Workshop/src/install/unitree_nav/share/unitree_nav/package.xml
[1.853s] Invoked command in '/home/ros/Workshop/src/build/unitree_nav' returned '0': AMENT_PREFIX_PATH=/home/ros/Workshop/src/install/rslidar_sdk:/home/ros/Workshop/src/install/unitree_nav_interfaces:/home/ros/Workshop/src/install/rslidar_msg:/home/ros/Workshop/src/install/ros2_unitree_legged_msgs:${AMENT_PREFIX_PATH} CMAKE_PREFIX_PATH=/home/ros/Workshop/src/install/rslidar_sdk:/home/ros/Workshop/src/install/unitree_nav_interfaces:/home/ros/Workshop/src/install/rslidar_msg:/home/ros/Workshop/src/install/ros2_unitree_legged_msgs:/workspaces/my_ros2_ws/install:/opt/ros/humble LD_LIBRARY_PATH=/home/ros/Workshop/src/install/unitree_nav_interfaces/lib:/home/ros/Workshop/src/install/rslidar_msg/lib:/home/ros/Workshop/src/install/ros2_unitree_legged_msgs/lib:${LD_LIBRARY_PATH} PYTHONPATH=/home/ros/Workshop/src/install/unitree_nav_interfaces/local/lib/python3.10/dist-packages:/home/ros/Workshop/src/install/rslidar_msg/local/lib/python3.10/dist-packages:/home/ros/Workshop/src/install/ros2_unitree_legged_msgs/local/lib/python3.10/dist-packages:${PYTHONPATH} /usr/bin/cmake --install /home/ros/Workshop/src/build/unitree_nav
