running develop
/usr/lib/python3/dist-packages/setuptools/command/easy_install.py:158: EasyInstallDeprecationWarning: easy_install command is deprecated. Use build and pip and other standards-based tools.
  warnings.warn(
/usr/lib/python3/dist-packages/setuptools/command/install.py:34: SetuptoolsDeprecationWarning: setup.py install is deprecated. Use build and pip and other standards-based tools.
  warnings.warn(
/usr/lib/python3/dist-packages/pkg_resources/__init__.py:116: PkgResourcesDeprecationWarning: 2.0.5-build-libtorrent-rasterbar-qrM5vM-libtorrent-rasterbar-2.0.5-bindings-python is an invalid version and will not be supported in a future release
  warnings.warn(
Removing /home/ros/Workshop/src/install/unitree_nav_launch_module/lib/python3.10/site-packages/unitree-nav-launch-module.egg-link (link to .)
running egg_info
writing ../../build/unitree_nav_launch_module/unitree_nav_launch_module.egg-info/PKG-INFO
writing dependency_links to ../../build/unitree_nav_launch_module/unitree_nav_launch_module.egg-info/dependency_links.txt
writing entry points to ../../build/unitree_nav_launch_module/unitree_nav_launch_module.egg-info/entry_points.txt
writing requirements to ../../build/unitree_nav_launch_module/unitree_nav_launch_module.egg-info/requires.txt
writing top-level names to ../../build/unitree_nav_launch_module/unitree_nav_launch_module.egg-info/top_level.txt
reading manifest file '../../build/unitree_nav_launch_module/unitree_nav_launch_module.egg-info/SOURCES.txt'
writing manifest file '../../build/unitree_nav_launch_module/unitree_nav_launch_module.egg-info/SOURCES.txt'
running build
running build_py
creating /home/ros/Workshop/src/build/unitree_nav_launch_module/build
creating /home/ros/Workshop/src/build/unitree_nav_launch_module/build/lib
creating /home/ros/Workshop/src/build/unitree_nav_launch_module/build/lib/unitree_nav_launch_module
copying unitree_nav_launch_module/ternary_text_substitution.py -> /home/ros/Workshop/src/build/unitree_nav_launch_module/build/lib/unitree_nav_launch_module
copying unitree_nav_launch_module/__init__.py -> /home/ros/Workshop/src/build/unitree_nav_launch_module/build/lib/unitree_nav_launch_module
running install
/usr/lib/python3/dist-packages/setuptools/command/install.py:34: SetuptoolsDeprecationWarning: setup.py install is deprecated. Use build and pip and other standards-based tools.
  warnings.warn(
running install_lib
creating /home/ros/Workshop/src/install/unitree_nav_launch_module/lib/python3.10/site-packages/unitree_nav_launch_module
copying /home/ros/Workshop/src/build/unitree_nav_launch_module/build/lib/unitree_nav_launch_module/ternary_text_substitution.py -> /home/ros/Workshop/src/install/unitree_nav_launch_module/lib/python3.10/site-packages/unitree_nav_launch_module
copying /home/ros/Workshop/src/build/unitree_nav_launch_module/build/lib/unitree_nav_launch_module/__init__.py -> /home/ros/Workshop/src/install/unitree_nav_launch_module/lib/python3.10/site-packages/unitree_nav_launch_module
byte-compiling /home/ros/Workshop/src/install/unitree_nav_launch_module/lib/python3.10/site-packages/unitree_nav_launch_module/ternary_text_substitution.py to ternary_text_substitution.cpython-310.pyc
byte-compiling /home/ros/Workshop/src/install/unitree_nav_launch_module/lib/python3.10/site-packages/unitree_nav_launch_module/__init__.py to __init__.cpython-310.pyc
running install_data
running install_egg_info
Copying ../../build/unitree_nav_launch_module/unitree_nav_launch_module.egg-info to /home/ros/Workshop/src/install/unitree_nav_launch_module/lib/python3.10/site-packages/unitree_nav_launch_module-0.0.0-py3.10.egg-info
running install_scripts
writing list of installed files to '/home/ros/Workshop/src/build/unitree_nav_launch_module/install.log'
