running develop
running egg_info
creating listen_talk_ros2.egg-info
writing listen_talk_ros2.egg-info/PKG-INFO
writing dependency_links to listen_talk_ros2.egg-info/dependency_links.txt
writing entry points to listen_talk_ros2.egg-info/entry_points.txt
writing requirements to listen_talk_ros2.egg-info/requires.txt
writing top-level names to listen_talk_ros2.egg-info/top_level.txt
writing manifest file 'listen_talk_ros2.egg-info/SOURCES.txt'
reading manifest file 'listen_talk_ros2.egg-info/SOURCES.txt'
writing manifest file 'listen_talk_ros2.egg-info/SOURCES.txt'
running build_ext
Creating /workspaces/my_ros2_ws/src/install/listen_talk_ros2/lib/python3.10/site-packages/listen-talk-ros2.egg-link (link to .)
Installing listen script to /workspaces/my_ros2_ws/src/install/listen_talk_ros2/lib/listen_talk_ros2
Installing talk script to /workspaces/my_ros2_ws/src/install/listen_talk_ros2/lib/listen_talk_ros2

Installed /workspaces/my_ros2_ws/src/build/listen_talk_ros2
running install_data
creating /workspaces/my_ros2_ws/src/install/listen_talk_ros2/share/ament_index
creating /workspaces/my_ros2_ws/src/install/listen_talk_ros2/share/ament_index/resource_index
creating /workspaces/my_ros2_ws/src/install/listen_talk_ros2/share/ament_index/resource_index/packages
copying resource/listen_talk_ros2 -> /workspaces/my_ros2_ws/src/install/listen_talk_ros2/share/ament_index/resource_index/packages
copying package.xml -> /workspaces/my_ros2_ws/src/install/listen_talk_ros2/share/listen_talk_ros2
copying launch/listen_talk.launch.py -> /workspaces/my_ros2_ws/src/install/listen_talk_ros2/share/listen_talk_ros2
copying config/Hey-Willie_en_linux_v2_1_0.ppn -> /workspaces/my_ros2_ws/src/install/listen_talk_ros2/share/listen_talk_ros2
copying config/Dog-command_en_linux_v2_1_0.rhn -> /workspaces/my_ros2_ws/src/install/listen_talk_ros2/share/listen_talk_ros2
copying config/Hey-Willie_en_jetson_v2_1_0.ppn -> /workspaces/my_ros2_ws/src/install/listen_talk_ros2/share/listen_talk_ros2
copying config/Dog-command_en_jetson_v2_1_0.rhn -> /workspaces/my_ros2_ws/src/install/listen_talk_ros2/share/listen_talk_ros2
copying config/talk.mp3 -> /workspaces/my_ros2_ws/src/install/listen_talk_ros2/share/listen_talk_ros2
copying config/German_shepherd_barking.mp3 -> /workspaces/my_ros2_ws/src/install/listen_talk_ros2/share/listen_talk_ros2
copying config/allan.mp3 -> /workspaces/my_ros2_ws/src/install/listen_talk_ros2/share/listen_talk_ros2
copying config/easter_egg.mp3 -> /workspaces/my_ros2_ws/src/install/listen_talk_ros2/share/listen_talk_ros2
copying config/not_understanding.mp3 -> /workspaces/my_ros2_ws/src/install/listen_talk_ros2/share/listen_talk_ros2
copying config/stairs_in_front.mp3 -> /workspaces/my_ros2_ws/src/install/listen_talk_ros2/share/listen_talk_ros2
copying config/stairs_left.mp3 -> /workspaces/my_ros2_ws/src/install/listen_talk_ros2/share/listen_talk_ros2
copying config/stairs_right.mp3 -> /workspaces/my_ros2_ws/src/install/listen_talk_ros2/share/listen_talk_ros2
copying config/thank_you.mp3 -> /workspaces/my_ros2_ws/src/install/listen_talk_ros2/share/listen_talk_ros2
copying config/willie_greet.mp3 -> /workspaces/my_ros2_ws/src/install/listen_talk_ros2/share/listen_talk_ros2
