[0.147s] Invoking command in '/home/ros/Workshop/src/build/rslidar_msg': CMAKE_PREFIX_PATH=${CMAKE_PREFIX_PATH}:/opt/ros/humble /usr/bin/cmake --build /home/ros/Workshop/src/build/rslidar_msg -- -j4 -l4
[1.048s] [  3%] Built target rslidar_msg__cpp
[1.134s] [ 12%] Built target rslidar_msg__rosidl_generator_c
[1.329s] [ 12%] Built target ament_cmake_python_symlink_rslidar_msg
[1.999s] [ 22%] Built target rslidar_msg__rosidl_typesupport_cpp
[2.044s] [ 32%] Built target rslidar_msg__rosidl_typesupport_fastrtps_cpp
[2.164s] [ 41%] Built target rslidar_msg__rosidl_typesupport_introspection_cpp
[2.510s] [ 51%] Built target rslidar_msg__rosidl_typesupport_fastrtps_c
[2.798s] [ 61%] Built target rslidar_msg__rosidl_typesupport_introspection_c
[2.992s] [ 70%] Built target rslidar_msg__rosidl_typesupport_c
[3.491s] [ 70%] Built target rslidar_msg
[3.931s] [ 74%] Built target rslidar_msg__py
[4.409s] running egg_info
[4.412s] writing rslidar_msg.egg-info/PKG-INFO
[4.414s] writing dependency_links to rslidar_msg.egg-info/dependency_links.txt
[4.415s] writing top-level names to rslidar_msg.egg-info/top_level.txt
[4.422s] [ 80%] Built target rslidar_msg__rosidl_generator_py
[4.424s] reading manifest file 'rslidar_msg.egg-info/SOURCES.txt'
[4.426s] writing manifest file 'rslidar_msg.egg-info/SOURCES.txt'
[4.739s] [ 80%] Built target ament_cmake_python_build_rslidar_msg_egg
[4.945s] [ 87%] Built target rslidar_msg__rosidl_typesupport_fastrtps_c__pyext
[4.977s] [ 93%] Built target rslidar_msg__rosidl_typesupport_introspection_c__pyext
[4.977s] [100%] Built target rslidar_msg__rosidl_typesupport_c__pyext
[5.053s] Invoked command in '/home/ros/Workshop/src/build/rslidar_msg' returned '0': CMAKE_PREFIX_PATH=${CMAKE_PREFIX_PATH}:/opt/ros/humble /usr/bin/cmake --build /home/ros/Workshop/src/build/rslidar_msg -- -j4 -l4
[6.688s] Invoking command in '/home/ros/Workshop/src/build/rslidar_msg': CMAKE_PREFIX_PATH=${CMAKE_PREFIX_PATH}:/opt/ros/humble /usr/bin/cmake --install /home/ros/Workshop/src/build/rslidar_msg
[6.983s] -- Install configuration: ""
[6.986s] -- Execute custom install script
[6.988s] -- Up-to-date symlink: /home/ros/Workshop/src/install/rslidar_msg/share/ament_index/resource_index/rosidl_interfaces/rslidar_msg
[6.991s] -- Up-to-date symlink: /home/ros/Workshop/src/install/rslidar_msg/include/rslidar_msg/rslidar_msg/msg/detail/rslidar_packet__functions.h
[6.992s] -- Up-to-date symlink: /home/ros/Workshop/src/install/rslidar_msg/include/rslidar_msg/rslidar_msg/msg/detail/rslidar_packet__struct.h
[6.993s] -- Up-to-date symlink: /home/ros/Workshop/src/install/rslidar_msg/include/rslidar_msg/rslidar_msg/msg/detail/rslidar_packet__type_support.h
[6.994s] -- Up-to-date symlink: /home/ros/Workshop/src/install/rslidar_msg/include/rslidar_msg/rslidar_msg/msg/rosidl_generator_c__visibility_control.h
[6.994s] -- Up-to-date symlink: /home/ros/Workshop/src/install/rslidar_msg/include/rslidar_msg/rslidar_msg/msg/rslidar_packet.h
[6.995s] -- Up-to-date symlink: /home/ros/Workshop/src/install/rslidar_msg/share/rslidar_msg/environment/library_path.sh
[6.996s] -- Up-to-date symlink: /home/ros/Workshop/src/install/rslidar_msg/share/rslidar_msg/environment/library_path.dsv
[6.999s] -- Up-to-date symlink: /home/ros/Workshop/src/install/rslidar_msg/include/rslidar_msg/rslidar_msg/msg/detail/rslidar_packet__rosidl_typesupport_fastrtps_c.h
[6.999s] -- Up-to-date symlink: /home/ros/Workshop/src/install/rslidar_msg/include/rslidar_msg/rslidar_msg/msg/rosidl_typesupport_fastrtps_c__visibility_control.h
[7.002s] -- Up-to-date symlink: /home/ros/Workshop/src/install/rslidar_msg/include/rslidar_msg/rslidar_msg/msg/detail/rslidar_packet__builder.hpp
[7.003s] -- Up-to-date symlink: /home/ros/Workshop/src/install/rslidar_msg/include/rslidar_msg/rslidar_msg/msg/detail/rslidar_packet__struct.hpp
[7.005s] -- Up-to-date symlink: /home/ros/Workshop/src/install/rslidar_msg/include/rslidar_msg/rslidar_msg/msg/detail/rslidar_packet__traits.hpp
[7.006s] -- Up-to-date symlink: /home/ros/Workshop/src/install/rslidar_msg/include/rslidar_msg/rslidar_msg/msg/rslidar_packet.hpp
[7.008s] -- Up-to-date symlink: /home/ros/Workshop/src/install/rslidar_msg/include/rslidar_msg/rslidar_msg/msg/detail/rslidar_packet__rosidl_typesupport_fastrtps_cpp.hpp
[7.009s] -- Up-to-date symlink: /home/ros/Workshop/src/install/rslidar_msg/include/rslidar_msg/rslidar_msg/msg/rosidl_typesupport_fastrtps_cpp__visibility_control.h
[7.012s] -- Up-to-date symlink: /home/ros/Workshop/src/install/rslidar_msg/include/rslidar_msg/rslidar_msg/msg/detail/rslidar_packet__rosidl_typesupport_introspection_c.h
[7.012s] -- Up-to-date symlink: /home/ros/Workshop/src/install/rslidar_msg/include/rslidar_msg/rslidar_msg/msg/rosidl_typesupport_introspection_c__visibility_control.h
[7.014s] -- Up-to-date symlink: /home/ros/Workshop/src/install/rslidar_msg/include/rslidar_msg/rslidar_msg/msg/detail/rslidar_packet__rosidl_typesupport_introspection_cpp.hpp
[7.015s] -- Up-to-date symlink: /home/ros/Workshop/src/install/rslidar_msg/share/rslidar_msg/environment/pythonpath.sh
[7.016s] -- Up-to-date symlink: /home/ros/Workshop/src/install/rslidar_msg/share/rslidar_msg/environment/pythonpath.dsv
[7.019s] -- Up-to-date symlink: /home/ros/Workshop/src/install/rslidar_msg/local/lib/python3.10/dist-packages/rslidar_msg-0.0.0-py3.10.egg-info/PKG-INFO
[7.020s] -- Up-to-date symlink: /home/ros/Workshop/src/install/rslidar_msg/local/lib/python3.10/dist-packages/rslidar_msg-0.0.0-py3.10.egg-info/SOURCES.txt
[7.021s] -- Up-to-date symlink: /home/ros/Workshop/src/install/rslidar_msg/local/lib/python3.10/dist-packages/rslidar_msg-0.0.0-py3.10.egg-info/dependency_links.txt
[7.022s] -- Up-to-date symlink: /home/ros/Workshop/src/install/rslidar_msg/local/lib/python3.10/dist-packages/rslidar_msg-0.0.0-py3.10.egg-info/top_level.txt
[7.026s] -- Up-to-date symlink: /home/ros/Workshop/src/install/rslidar_msg/local/lib/python3.10/dist-packages/rslidar_msg/__init__.py
[7.027s] -- Up-to-date symlink: /home/ros/Workshop/src/install/rslidar_msg/local/lib/python3.10/dist-packages/rslidar_msg/_rslidar_msg_s.ep.rosidl_typesupport_c.c
[7.028s] -- Up-to-date symlink: /home/ros/Workshop/src/install/rslidar_msg/local/lib/python3.10/dist-packages/rslidar_msg/_rslidar_msg_s.ep.rosidl_typesupport_fastrtps_c.c
[7.029s] -- Up-to-date symlink: /home/ros/Workshop/src/install/rslidar_msg/local/lib/python3.10/dist-packages/rslidar_msg/_rslidar_msg_s.ep.rosidl_typesupport_introspection_c.c
[7.030s] -- Up-to-date symlink: /home/ros/Workshop/src/install/rslidar_msg/local/lib/python3.10/dist-packages/rslidar_msg/librslidar_msg__rosidl_generator_py.so
[7.032s] -- Up-to-date symlink: /home/ros/Workshop/src/install/rslidar_msg/local/lib/python3.10/dist-packages/rslidar_msg/msg/__init__.py
[7.033s] -- Up-to-date symlink: /home/ros/Workshop/src/install/rslidar_msg/local/lib/python3.10/dist-packages/rslidar_msg/msg/_rslidar_packet.py
[7.034s] -- Up-to-date symlink: /home/ros/Workshop/src/install/rslidar_msg/local/lib/python3.10/dist-packages/rslidar_msg/msg/_rslidar_packet_s.c
[7.035s] -- Up-to-date symlink: /home/ros/Workshop/src/install/rslidar_msg/local/lib/python3.10/dist-packages/rslidar_msg/rslidar_msg_s__rosidl_typesupport_c.cpython-310-x86_64-linux-gnu.so
[7.036s] -- Up-to-date symlink: /home/ros/Workshop/src/install/rslidar_msg/local/lib/python3.10/dist-packages/rslidar_msg/rslidar_msg_s__rosidl_typesupport_fastrtps_c.cpython-310-x86_64-linux-gnu.so
[7.037s] -- Up-to-date symlink: /home/ros/Workshop/src/install/rslidar_msg/local/lib/python3.10/dist-packages/rslidar_msg/rslidar_msg_s__rosidl_typesupport_introspection_c.cpython-310-x86_64-linux-gnu.so
[7.039s] -- Up-to-date symlink: /home/ros/Workshop/src/install/rslidar_msg/local/lib/python3.10/dist-packages/rslidar_msg/rslidar_msg_s__rosidl_typesupport_fastrtps_c.cpython-310-x86_64-linux-gnu.so
[7.041s] -- Up-to-date symlink: /home/ros/Workshop/src/install/rslidar_msg/local/lib/python3.10/dist-packages/rslidar_msg/rslidar_msg_s__rosidl_typesupport_introspection_c.cpython-310-x86_64-linux-gnu.so
[7.042s] -- Up-to-date symlink: /home/ros/Workshop/src/install/rslidar_msg/local/lib/python3.10/dist-packages/rslidar_msg/rslidar_msg_s__rosidl_typesupport_c.cpython-310-x86_64-linux-gnu.so
[7.043s] -- Up-to-date symlink: /home/ros/Workshop/src/install/rslidar_msg/share/rslidar_msg/msg/RslidarPacket.idl
[7.045s] -- Up-to-date symlink: /home/ros/Workshop/src/install/rslidar_msg/share/rslidar_msg/msg/RslidarPacket.msg
[7.046s] -- Up-to-date symlink: /home/ros/Workshop/src/install/rslidar_msg/share/ament_index/resource_index/package_run_dependencies/rslidar_msg
[7.048s] -- Up-to-date symlink: /home/ros/Workshop/src/install/rslidar_msg/share/ament_index/resource_index/parent_prefix_path/rslidar_msg
[7.049s] -- Up-to-date symlink: /home/ros/Workshop/src/install/rslidar_msg/share/rslidar_msg/environment/ament_prefix_path.sh
[7.050s] -- Up-to-date symlink: /home/ros/Workshop/src/install/rslidar_msg/share/rslidar_msg/environment/ament_prefix_path.dsv
[7.051s] -- Up-to-date symlink: /home/ros/Workshop/src/install/rslidar_msg/share/rslidar_msg/environment/path.sh
[7.052s] -- Up-to-date symlink: /home/ros/Workshop/src/install/rslidar_msg/share/rslidar_msg/environment/path.dsv
[7.053s] -- Up-to-date symlink: /home/ros/Workshop/src/install/rslidar_msg/share/rslidar_msg/local_setup.bash
[7.054s] -- Up-to-date symlink: /home/ros/Workshop/src/install/rslidar_msg/share/rslidar_msg/local_setup.sh
[7.055s] -- Up-to-date symlink: /home/ros/Workshop/src/install/rslidar_msg/share/rslidar_msg/local_setup.zsh
[7.056s] -- Up-to-date symlink: /home/ros/Workshop/src/install/rslidar_msg/share/rslidar_msg/local_setup.dsv
[7.057s] -- Symlinking: /home/ros/Workshop/src/install/rslidar_msg/share/rslidar_msg/package.dsv
[7.217s] -- Up-to-date symlink: /home/ros/Workshop/src/install/rslidar_msg/share/ament_index/resource_index/packages/rslidar_msg
[7.217s] -- Up-to-date symlink: /home/ros/Workshop/src/install/rslidar_msg/share/rslidar_msg/cmake/rosidl_cmake-extras.cmake
[7.220s] -- Up-to-date symlink: /home/ros/Workshop/src/install/rslidar_msg/share/rslidar_msg/cmake/ament_cmake_export_dependencies-extras.cmake
[7.227s] -- Up-to-date symlink: /home/ros/Workshop/src/install/rslidar_msg/share/rslidar_msg/cmake/ament_cmake_export_include_directories-extras.cmake
[7.229s] -- Up-to-date symlink: /home/ros/Workshop/src/install/rslidar_msg/share/rslidar_msg/cmake/ament_cmake_export_libraries-extras.cmake
[7.231s] -- Up-to-date symlink: /home/ros/Workshop/src/install/rslidar_msg/share/rslidar_msg/cmake/ament_cmake_export_targets-extras.cmake
[7.232s] -- Up-to-date symlink: /home/ros/Workshop/src/install/rslidar_msg/share/rslidar_msg/cmake/rosidl_cmake_export_typesupport_targets-extras.cmake
[7.235s] -- Up-to-date symlink: /home/ros/Workshop/src/install/rslidar_msg/share/rslidar_msg/cmake/rosidl_cmake_export_typesupport_libraries-extras.cmake
[7.239s] -- Up-to-date symlink: /home/ros/Workshop/src/install/rslidar_msg/share/rslidar_msg/cmake/rslidar_msgConfig.cmake
[7.242s] -- Up-to-date symlink: /home/ros/Workshop/src/install/rslidar_msg/share/rslidar_msg/cmake/rslidar_msgConfig-version.cmake
[7.244s] -- Up-to-date symlink: /home/ros/Workshop/src/install/rslidar_msg/share/rslidar_msg/package.xml
[7.246s] -- Up-to-date: /home/ros/Workshop/src/install/rslidar_msg/lib/librslidar_msg__rosidl_generator_c.so
[7.247s] -- Up-to-date: /home/ros/Workshop/src/install/rslidar_msg/lib/librslidar_msg__rosidl_typesupport_fastrtps_c.so
[7.248s] -- Up-to-date: /home/ros/Workshop/src/install/rslidar_msg/lib/librslidar_msg__rosidl_typesupport_fastrtps_cpp.so
[7.250s] -- Up-to-date: /home/ros/Workshop/src/install/rslidar_msg/lib/librslidar_msg__rosidl_typesupport_introspection_c.so
[7.252s] -- Up-to-date: /home/ros/Workshop/src/install/rslidar_msg/lib/librslidar_msg__rosidl_typesupport_c.so
[7.256s] -- Up-to-date: /home/ros/Workshop/src/install/rslidar_msg/lib/librslidar_msg__rosidl_typesupport_introspection_cpp.so
[7.259s] -- Up-to-date: /home/ros/Workshop/src/install/rslidar_msg/lib/librslidar_msg__rosidl_typesupport_cpp.so
[7.396s] Listing '/home/ros/Workshop/src/install/rslidar_msg/local/lib/python3.10/dist-packages/rslidar_msg'...
[7.396s] Listing '/home/ros/Workshop/src/install/rslidar_msg/local/lib/python3.10/dist-packages/rslidar_msg/msg'...
[7.406s] -- Up-to-date: /home/ros/Workshop/src/install/rslidar_msg/lib/librslidar_msg__rosidl_generator_py.so
[7.407s] -- Up-to-date: /home/ros/Workshop/src/install/rslidar_msg/share/rslidar_msg/cmake/export_rslidar_msg__rosidl_generator_cExport.cmake
[7.407s] -- Up-to-date: /home/ros/Workshop/src/install/rslidar_msg/share/rslidar_msg/cmake/export_rslidar_msg__rosidl_generator_cExport-noconfig.cmake
[7.408s] -- Up-to-date: /home/ros/Workshop/src/install/rslidar_msg/share/rslidar_msg/cmake/export_rslidar_msg__rosidl_typesupport_fastrtps_cExport.cmake
[7.409s] -- Up-to-date: /home/ros/Workshop/src/install/rslidar_msg/share/rslidar_msg/cmake/export_rslidar_msg__rosidl_typesupport_fastrtps_cExport-noconfig.cmake
[7.410s] -- Up-to-date: /home/ros/Workshop/src/install/rslidar_msg/share/rslidar_msg/cmake/export_rslidar_msg__rosidl_generator_cppExport.cmake
[7.410s] -- Up-to-date: /home/ros/Workshop/src/install/rslidar_msg/share/rslidar_msg/cmake/export_rslidar_msg__rosidl_typesupport_fastrtps_cppExport.cmake
[7.411s] -- Up-to-date: /home/ros/Workshop/src/install/rslidar_msg/share/rslidar_msg/cmake/export_rslidar_msg__rosidl_typesupport_fastrtps_cppExport-noconfig.cmake
[7.411s] -- Up-to-date: /home/ros/Workshop/src/install/rslidar_msg/share/rslidar_msg/cmake/rslidar_msg__rosidl_typesupport_introspection_cExport.cmake
[7.412s] -- Up-to-date: /home/ros/Workshop/src/install/rslidar_msg/share/rslidar_msg/cmake/rslidar_msg__rosidl_typesupport_introspection_cExport-noconfig.cmake
[7.412s] -- Up-to-date: /home/ros/Workshop/src/install/rslidar_msg/share/rslidar_msg/cmake/rslidar_msg__rosidl_typesupport_cExport.cmake
[7.413s] -- Up-to-date: /home/ros/Workshop/src/install/rslidar_msg/share/rslidar_msg/cmake/rslidar_msg__rosidl_typesupport_cExport-noconfig.cmake
[7.413s] -- Up-to-date: /home/ros/Workshop/src/install/rslidar_msg/share/rslidar_msg/cmake/rslidar_msg__rosidl_typesupport_introspection_cppExport.cmake
[7.414s] -- Up-to-date: /home/ros/Workshop/src/install/rslidar_msg/share/rslidar_msg/cmake/rslidar_msg__rosidl_typesupport_introspection_cppExport-noconfig.cmake
[7.415s] -- Up-to-date: /home/ros/Workshop/src/install/rslidar_msg/share/rslidar_msg/cmake/rslidar_msg__rosidl_typesupport_cppExport.cmake
[7.415s] -- Up-to-date: /home/ros/Workshop/src/install/rslidar_msg/share/rslidar_msg/cmake/rslidar_msg__rosidl_typesupport_cppExport-noconfig.cmake
[7.415s] -- Up-to-date: /home/ros/Workshop/src/install/rslidar_msg/share/rslidar_msg/cmake/export_rslidar_msg__rosidl_generator_pyExport.cmake
[7.415s] -- Up-to-date: /home/ros/Workshop/src/install/rslidar_msg/share/rslidar_msg/cmake/export_rslidar_msg__rosidl_generator_pyExport-noconfig.cmake
[7.424s] Invoked command in '/home/ros/Workshop/src/build/rslidar_msg' returned '0': CMAKE_PREFIX_PATH=${CMAKE_PREFIX_PATH}:/opt/ros/humble /usr/bin/cmake --install /home/ros/Workshop/src/build/rslidar_msg
