[0.139s] Invoking command in '/home/ros/Workshop/src/build/unitree_nav_interfaces': CMAKE_PREFIX_PATH=${CMAKE_PREFIX_PATH}:/opt/ros/humble /usr/bin/cmake --build /home/ros/Workshop/src/build/unitree_nav_interfaces -- -j4 -l4
[1.340s] [ 10%] Built target unitree_nav_interfaces_srv__rosidl_generator_c
[1.353s] [ 12%] Built target unitree_nav_interfaces_srv__cpp
[1.363s] [ 12%] Built target ament_cmake_python_symlink_unitree_nav_interfaces
[2.056s] [ 23%] Built target unitree_nav_interfaces_srv__rosidl_typesupport_cpp
[2.084s] [ 33%] Built target unitree_nav_interfaces_srv__rosidl_typesupport_fastrtps_c
[2.107s] [ 43%] Built target unitree_nav_interfaces_srv__rosidl_typesupport_fastrtps_cpp
[2.153s] [ 53%] Built target unitree_nav_interfaces_srv__rosidl_typesupport_introspection_cpp
[2.679s] [ 64%] Built target unitree_nav_interfaces_srv__rosidl_typesupport_introspection_c
[2.804s] [ 74%] Built target unitree_nav_interfaces_srv__rosidl_typesupport_c
[3.163s] [ 74%] Built target unitree_nav_interfaces_srv
[3.513s] [ 76%] Built target unitree_nav_interfaces_srv__py
[3.913s] [ 84%] Built target unitree_nav_interfaces_srv__rosidl_generator_py
[4.014s] running egg_info
[4.016s] writing unitree_nav_interfaces.egg-info/PKG-INFO
[4.018s] writing dependency_links to unitree_nav_interfaces.egg-info/dependency_links.txt
[4.019s] writing top-level names to unitree_nav_interfaces.egg-info/top_level.txt
[4.046s] reading manifest file 'unitree_nav_interfaces.egg-info/SOURCES.txt'
[4.052s] writing manifest file 'unitree_nav_interfaces.egg-info/SOURCES.txt'
[4.303s] [ 84%] Built target ament_cmake_python_build_unitree_nav_interfaces_egg
[4.409s] [ 89%] Built target unitree_nav_interfaces__rosidl_typesupport_c__pyext
[4.526s] [ 94%] Built target unitree_nav_interfaces__rosidl_typesupport_fastrtps_c__pyext
[4.570s] [100%] Built target unitree_nav_interfaces__rosidl_typesupport_introspection_c__pyext
[4.834s] Invoked command in '/home/ros/Workshop/src/build/unitree_nav_interfaces' returned '0': CMAKE_PREFIX_PATH=${CMAKE_PREFIX_PATH}:/opt/ros/humble /usr/bin/cmake --build /home/ros/Workshop/src/build/unitree_nav_interfaces -- -j4 -l4
[6.784s] Invoking command in '/home/ros/Workshop/src/build/unitree_nav_interfaces': CMAKE_PREFIX_PATH=${CMAKE_PREFIX_PATH}:/opt/ros/humble /usr/bin/cmake --install /home/ros/Workshop/src/build/unitree_nav_interfaces
[6.867s] -- Install configuration: ""
[6.870s] -- Execute custom install script
[6.871s] -- Up-to-date symlink: /home/ros/Workshop/src/install/unitree_nav_interfaces/share/ament_index/resource_index/rosidl_interfaces/unitree_nav_interfaces
[6.873s] -- Up-to-date symlink: /home/ros/Workshop/src/install/unitree_nav_interfaces/include/unitree_nav_interfaces/unitree_nav_interfaces/msg/rosidl_generator_c__visibility_control.h
[6.874s] -- Up-to-date symlink: /home/ros/Workshop/src/install/unitree_nav_interfaces/include/unitree_nav_interfaces/unitree_nav_interfaces/srv/detail/nav_to_pose__functions.h
[6.875s] -- Up-to-date symlink: /home/ros/Workshop/src/install/unitree_nav_interfaces/include/unitree_nav_interfaces/unitree_nav_interfaces/srv/detail/nav_to_pose__struct.h
[6.875s] -- Up-to-date symlink: /home/ros/Workshop/src/install/unitree_nav_interfaces/include/unitree_nav_interfaces/unitree_nav_interfaces/srv/detail/nav_to_pose__type_support.h
[6.876s] -- Up-to-date symlink: /home/ros/Workshop/src/install/unitree_nav_interfaces/include/unitree_nav_interfaces/unitree_nav_interfaces/srv/detail/set_body_rpy__functions.h
[6.876s] -- Up-to-date symlink: /home/ros/Workshop/src/install/unitree_nav_interfaces/include/unitree_nav_interfaces/unitree_nav_interfaces/srv/detail/set_body_rpy__struct.h
[6.878s] -- Up-to-date symlink: /home/ros/Workshop/src/install/unitree_nav_interfaces/include/unitree_nav_interfaces/unitree_nav_interfaces/srv/detail/set_body_rpy__type_support.h
[6.878s] -- Up-to-date symlink: /home/ros/Workshop/src/install/unitree_nav_interfaces/include/unitree_nav_interfaces/unitree_nav_interfaces/srv/nav_to_pose.h
[6.878s] -- Up-to-date symlink: /home/ros/Workshop/src/install/unitree_nav_interfaces/include/unitree_nav_interfaces/unitree_nav_interfaces/srv/set_body_rpy.h
[6.878s] -- Up-to-date symlink: /home/ros/Workshop/src/install/unitree_nav_interfaces/share/unitree_nav_interfaces/environment/library_path.sh
[6.878s] -- Up-to-date symlink: /home/ros/Workshop/src/install/unitree_nav_interfaces/share/unitree_nav_interfaces/environment/library_path.dsv
[6.880s] -- Up-to-date symlink: /home/ros/Workshop/src/install/unitree_nav_interfaces/include/unitree_nav_interfaces/unitree_nav_interfaces/msg/rosidl_typesupport_fastrtps_c__visibility_control.h
[6.880s] -- Up-to-date symlink: /home/ros/Workshop/src/install/unitree_nav_interfaces/include/unitree_nav_interfaces/unitree_nav_interfaces/srv/detail/nav_to_pose__rosidl_typesupport_fastrtps_c.h
[6.882s] -- Up-to-date symlink: /home/ros/Workshop/src/install/unitree_nav_interfaces/include/unitree_nav_interfaces/unitree_nav_interfaces/srv/detail/set_body_rpy__rosidl_typesupport_fastrtps_c.h
[6.883s] -- Up-to-date symlink: /home/ros/Workshop/src/install/unitree_nav_interfaces/include/unitree_nav_interfaces/unitree_nav_interfaces/srv/detail/nav_to_pose__builder.hpp
[6.883s] -- Up-to-date symlink: /home/ros/Workshop/src/install/unitree_nav_interfaces/include/unitree_nav_interfaces/unitree_nav_interfaces/srv/detail/nav_to_pose__struct.hpp
[6.884s] -- Up-to-date symlink: /home/ros/Workshop/src/install/unitree_nav_interfaces/include/unitree_nav_interfaces/unitree_nav_interfaces/srv/detail/nav_to_pose__traits.hpp
[6.885s] -- Up-to-date symlink: /home/ros/Workshop/src/install/unitree_nav_interfaces/include/unitree_nav_interfaces/unitree_nav_interfaces/srv/detail/set_body_rpy__builder.hpp
[6.886s] -- Up-to-date symlink: /home/ros/Workshop/src/install/unitree_nav_interfaces/include/unitree_nav_interfaces/unitree_nav_interfaces/srv/detail/set_body_rpy__struct.hpp
[6.886s] -- Up-to-date symlink: /home/ros/Workshop/src/install/unitree_nav_interfaces/include/unitree_nav_interfaces/unitree_nav_interfaces/srv/detail/set_body_rpy__traits.hpp
[6.886s] -- Up-to-date symlink: /home/ros/Workshop/src/install/unitree_nav_interfaces/include/unitree_nav_interfaces/unitree_nav_interfaces/srv/nav_to_pose.hpp
[6.886s] -- Up-to-date symlink: /home/ros/Workshop/src/install/unitree_nav_interfaces/include/unitree_nav_interfaces/unitree_nav_interfaces/srv/set_body_rpy.hpp
[6.888s] -- Up-to-date symlink: /home/ros/Workshop/src/install/unitree_nav_interfaces/include/unitree_nav_interfaces/unitree_nav_interfaces/msg/rosidl_typesupport_fastrtps_cpp__visibility_control.h
[6.889s] -- Up-to-date symlink: /home/ros/Workshop/src/install/unitree_nav_interfaces/include/unitree_nav_interfaces/unitree_nav_interfaces/srv/detail/nav_to_pose__rosidl_typesupport_fastrtps_cpp.hpp
[6.890s] -- Up-to-date symlink: /home/ros/Workshop/src/install/unitree_nav_interfaces/include/unitree_nav_interfaces/unitree_nav_interfaces/srv/detail/set_body_rpy__rosidl_typesupport_fastrtps_cpp.hpp
[6.893s] -- Up-to-date symlink: /home/ros/Workshop/src/install/unitree_nav_interfaces/include/unitree_nav_interfaces/unitree_nav_interfaces/msg/rosidl_typesupport_introspection_c__visibility_control.h
[6.894s] -- Up-to-date symlink: /home/ros/Workshop/src/install/unitree_nav_interfaces/include/unitree_nav_interfaces/unitree_nav_interfaces/srv/detail/nav_to_pose__rosidl_typesupport_introspection_c.h
[6.894s] -- Up-to-date symlink: /home/ros/Workshop/src/install/unitree_nav_interfaces/include/unitree_nav_interfaces/unitree_nav_interfaces/srv/detail/set_body_rpy__rosidl_typesupport_introspection_c.h
[6.896s] -- Up-to-date symlink: /home/ros/Workshop/src/install/unitree_nav_interfaces/include/unitree_nav_interfaces/unitree_nav_interfaces/srv/detail/nav_to_pose__rosidl_typesupport_introspection_cpp.hpp
[6.897s] -- Up-to-date symlink: /home/ros/Workshop/src/install/unitree_nav_interfaces/include/unitree_nav_interfaces/unitree_nav_interfaces/srv/detail/set_body_rpy__rosidl_typesupport_introspection_cpp.hpp
[6.897s] -- Up-to-date symlink: /home/ros/Workshop/src/install/unitree_nav_interfaces/share/unitree_nav_interfaces/environment/pythonpath.sh
[6.898s] -- Up-to-date symlink: /home/ros/Workshop/src/install/unitree_nav_interfaces/share/unitree_nav_interfaces/environment/pythonpath.dsv
[6.900s] -- Up-to-date symlink: /home/ros/Workshop/src/install/unitree_nav_interfaces/local/lib/python3.10/dist-packages/unitree_nav_interfaces-0.0.0-py3.10.egg-info/PKG-INFO
[6.901s] -- Up-to-date symlink: /home/ros/Workshop/src/install/unitree_nav_interfaces/local/lib/python3.10/dist-packages/unitree_nav_interfaces-0.0.0-py3.10.egg-info/SOURCES.txt
[6.902s] -- Up-to-date symlink: /home/ros/Workshop/src/install/unitree_nav_interfaces/local/lib/python3.10/dist-packages/unitree_nav_interfaces-0.0.0-py3.10.egg-info/dependency_links.txt
[6.903s] -- Up-to-date symlink: /home/ros/Workshop/src/install/unitree_nav_interfaces/local/lib/python3.10/dist-packages/unitree_nav_interfaces-0.0.0-py3.10.egg-info/top_level.txt
[6.903s] -- Up-to-date symlink: /home/ros/Workshop/src/install/unitree_nav_interfaces/local/lib/python3.10/dist-packages/unitree_nav_interfaces/__init__.py
[6.904s] -- Up-to-date symlink: /home/ros/Workshop/src/install/unitree_nav_interfaces/local/lib/python3.10/dist-packages/unitree_nav_interfaces/_unitree_nav_interfaces_s.ep.rosidl_typesupport_c.c
[6.905s] -- Up-to-date symlink: /home/ros/Workshop/src/install/unitree_nav_interfaces/local/lib/python3.10/dist-packages/unitree_nav_interfaces/_unitree_nav_interfaces_s.ep.rosidl_typesupport_fastrtps_c.c
[6.906s] -- Up-to-date symlink: /home/ros/Workshop/src/install/unitree_nav_interfaces/local/lib/python3.10/dist-packages/unitree_nav_interfaces/_unitree_nav_interfaces_s.ep.rosidl_typesupport_introspection_c.c
[6.906s] -- Up-to-date symlink: /home/ros/Workshop/src/install/unitree_nav_interfaces/local/lib/python3.10/dist-packages/unitree_nav_interfaces/libunitree_nav_interfaces_srv__rosidl_generator_py.so
[6.907s] -- Up-to-date symlink: /home/ros/Workshop/src/install/unitree_nav_interfaces/local/lib/python3.10/dist-packages/unitree_nav_interfaces/srv/__init__.py
[6.908s] -- Up-to-date symlink: /home/ros/Workshop/src/install/unitree_nav_interfaces/local/lib/python3.10/dist-packages/unitree_nav_interfaces/srv/_nav_to_pose.py
[6.908s] -- Up-to-date symlink: /home/ros/Workshop/src/install/unitree_nav_interfaces/local/lib/python3.10/dist-packages/unitree_nav_interfaces/srv/_nav_to_pose_s.c
[6.909s] -- Up-to-date symlink: /home/ros/Workshop/src/install/unitree_nav_interfaces/local/lib/python3.10/dist-packages/unitree_nav_interfaces/srv/_set_body_rpy.py
[6.910s] -- Up-to-date symlink: /home/ros/Workshop/src/install/unitree_nav_interfaces/local/lib/python3.10/dist-packages/unitree_nav_interfaces/srv/_set_body_rpy_s.c
[6.911s] -- Up-to-date symlink: /home/ros/Workshop/src/install/unitree_nav_interfaces/local/lib/python3.10/dist-packages/unitree_nav_interfaces/unitree_nav_interfaces_s__rosidl_typesupport_c.cpython-310-x86_64-linux-gnu.so
[6.911s] -- Up-to-date symlink: /home/ros/Workshop/src/install/unitree_nav_interfaces/local/lib/python3.10/dist-packages/unitree_nav_interfaces/unitree_nav_interfaces_s__rosidl_typesupport_fastrtps_c.cpython-310-x86_64-linux-gnu.so
[6.911s] -- Up-to-date symlink: /home/ros/Workshop/src/install/unitree_nav_interfaces/local/lib/python3.10/dist-packages/unitree_nav_interfaces/unitree_nav_interfaces_s__rosidl_typesupport_introspection_c.cpython-310-x86_64-linux-gnu.so
[6.912s] -- Up-to-date symlink: /home/ros/Workshop/src/install/unitree_nav_interfaces/local/lib/python3.10/dist-packages/unitree_nav_interfaces/unitree_nav_interfaces_s__rosidl_typesupport_fastrtps_c.cpython-310-x86_64-linux-gnu.so
[6.912s] -- Up-to-date symlink: /home/ros/Workshop/src/install/unitree_nav_interfaces/local/lib/python3.10/dist-packages/unitree_nav_interfaces/unitree_nav_interfaces_s__rosidl_typesupport_introspection_c.cpython-310-x86_64-linux-gnu.so
[6.912s] -- Up-to-date symlink: /home/ros/Workshop/src/install/unitree_nav_interfaces/local/lib/python3.10/dist-packages/unitree_nav_interfaces/unitree_nav_interfaces_s__rosidl_typesupport_c.cpython-310-x86_64-linux-gnu.so
[6.913s] -- Up-to-date symlink: /home/ros/Workshop/src/install/unitree_nav_interfaces/share/unitree_nav_interfaces/srv/SetBodyRPY.idl
[6.915s] -- Up-to-date symlink: /home/ros/Workshop/src/install/unitree_nav_interfaces/share/unitree_nav_interfaces/srv/NavToPose.idl
[6.916s] -- Up-to-date symlink: /home/ros/Workshop/src/install/unitree_nav_interfaces/share/unitree_nav_interfaces/srv/SetBodyRPY.srv
[6.916s] -- Up-to-date symlink: /home/ros/Workshop/src/install/unitree_nav_interfaces/share/unitree_nav_interfaces/srv/SetBodyRPY_Request.msg
[6.917s] -- Up-to-date symlink: /home/ros/Workshop/src/install/unitree_nav_interfaces/share/unitree_nav_interfaces/srv/SetBodyRPY_Response.msg
[6.917s] -- Up-to-date symlink: /home/ros/Workshop/src/install/unitree_nav_interfaces/share/unitree_nav_interfaces/srv/NavToPose.srv
[6.918s] -- Up-to-date symlink: /home/ros/Workshop/src/install/unitree_nav_interfaces/share/unitree_nav_interfaces/srv/NavToPose_Request.msg
[6.919s] -- Up-to-date symlink: /home/ros/Workshop/src/install/unitree_nav_interfaces/share/unitree_nav_interfaces/srv/NavToPose_Response.msg
[6.919s] -- Up-to-date symlink: /home/ros/Workshop/src/install/unitree_nav_interfaces/share/ament_index/resource_index/package_run_dependencies/unitree_nav_interfaces
[6.919s] -- Up-to-date symlink: /home/ros/Workshop/src/install/unitree_nav_interfaces/share/ament_index/resource_index/parent_prefix_path/unitree_nav_interfaces
[6.919s] -- Up-to-date symlink: /home/ros/Workshop/src/install/unitree_nav_interfaces/share/unitree_nav_interfaces/environment/ament_prefix_path.sh
[6.919s] -- Up-to-date symlink: /home/ros/Workshop/src/install/unitree_nav_interfaces/share/unitree_nav_interfaces/environment/ament_prefix_path.dsv
[6.919s] -- Up-to-date symlink: /home/ros/Workshop/src/install/unitree_nav_interfaces/share/unitree_nav_interfaces/environment/path.sh
[6.919s] -- Up-to-date symlink: /home/ros/Workshop/src/install/unitree_nav_interfaces/share/unitree_nav_interfaces/environment/path.dsv
[6.920s] -- Up-to-date symlink: /home/ros/Workshop/src/install/unitree_nav_interfaces/share/unitree_nav_interfaces/local_setup.bash
[6.920s] -- Up-to-date symlink: /home/ros/Workshop/src/install/unitree_nav_interfaces/share/unitree_nav_interfaces/local_setup.sh
[6.920s] -- Up-to-date symlink: /home/ros/Workshop/src/install/unitree_nav_interfaces/share/unitree_nav_interfaces/local_setup.zsh
[6.920s] -- Up-to-date symlink: /home/ros/Workshop/src/install/unitree_nav_interfaces/share/unitree_nav_interfaces/local_setup.dsv
[6.920s] -- Symlinking: /home/ros/Workshop/src/install/unitree_nav_interfaces/share/unitree_nav_interfaces/package.dsv
[6.982s] -- Up-to-date symlink: /home/ros/Workshop/src/install/unitree_nav_interfaces/share/ament_index/resource_index/packages/unitree_nav_interfaces
[6.983s] -- Up-to-date symlink: /home/ros/Workshop/src/install/unitree_nav_interfaces/share/unitree_nav_interfaces/cmake/ament_cmake_export_dependencies-extras.cmake
[6.984s] -- Up-to-date symlink: /home/ros/Workshop/src/install/unitree_nav_interfaces/share/unitree_nav_interfaces/cmake/rosidl_cmake-extras.cmake
[6.984s] -- Up-to-date symlink: /home/ros/Workshop/src/install/unitree_nav_interfaces/share/unitree_nav_interfaces/cmake/ament_cmake_export_include_directories-extras.cmake
[6.985s] -- Up-to-date symlink: /home/ros/Workshop/src/install/unitree_nav_interfaces/share/unitree_nav_interfaces/cmake/ament_cmake_export_libraries-extras.cmake
[6.986s] -- Up-to-date symlink: /home/ros/Workshop/src/install/unitree_nav_interfaces/share/unitree_nav_interfaces/cmake/ament_cmake_export_targets-extras.cmake
[6.987s] -- Up-to-date symlink: /home/ros/Workshop/src/install/unitree_nav_interfaces/share/unitree_nav_interfaces/cmake/rosidl_cmake_export_typesupport_targets-extras.cmake
[6.989s] -- Up-to-date symlink: /home/ros/Workshop/src/install/unitree_nav_interfaces/share/unitree_nav_interfaces/cmake/rosidl_cmake_export_typesupport_libraries-extras.cmake
[6.990s] -- Up-to-date symlink: /home/ros/Workshop/src/install/unitree_nav_interfaces/share/unitree_nav_interfaces/cmake/unitree_nav_interfacesConfig.cmake
[6.990s] -- Up-to-date symlink: /home/ros/Workshop/src/install/unitree_nav_interfaces/share/unitree_nav_interfaces/cmake/unitree_nav_interfacesConfig-version.cmake
[6.991s] -- Up-to-date symlink: /home/ros/Workshop/src/install/unitree_nav_interfaces/share/unitree_nav_interfaces/package.xml
[6.992s] -- Up-to-date: /home/ros/Workshop/src/install/unitree_nav_interfaces/lib/libunitree_nav_interfaces__rosidl_generator_c.so
[6.994s] -- Up-to-date: /home/ros/Workshop/src/install/unitree_nav_interfaces/lib/libunitree_nav_interfaces__rosidl_typesupport_fastrtps_c.so
[6.996s] -- Up-to-date: /home/ros/Workshop/src/install/unitree_nav_interfaces/lib/libunitree_nav_interfaces__rosidl_typesupport_fastrtps_cpp.so
[6.997s] -- Up-to-date: /home/ros/Workshop/src/install/unitree_nav_interfaces/lib/libunitree_nav_interfaces__rosidl_typesupport_introspection_c.so
[6.997s] -- Up-to-date: /home/ros/Workshop/src/install/unitree_nav_interfaces/lib/libunitree_nav_interfaces__rosidl_typesupport_c.so
[6.999s] -- Up-to-date: /home/ros/Workshop/src/install/unitree_nav_interfaces/lib/libunitree_nav_interfaces__rosidl_typesupport_introspection_cpp.so
[7.001s] -- Up-to-date: /home/ros/Workshop/src/install/unitree_nav_interfaces/lib/libunitree_nav_interfaces__rosidl_typesupport_cpp.so
[7.118s] Listing '/home/ros/Workshop/src/install/unitree_nav_interfaces/local/lib/python3.10/dist-packages/unitree_nav_interfaces'...
[7.119s] Listing '/home/ros/Workshop/src/install/unitree_nav_interfaces/local/lib/python3.10/dist-packages/unitree_nav_interfaces/srv'...
[7.129s] -- Up-to-date: /home/ros/Workshop/src/install/unitree_nav_interfaces/lib/libunitree_nav_interfaces_srv__rosidl_generator_py.so
[7.131s] -- Up-to-date: /home/ros/Workshop/src/install/unitree_nav_interfaces/share/unitree_nav_interfaces/cmake/export_unitree_nav_interfaces_srv__rosidl_generator_cExport.cmake
[7.132s] -- Up-to-date: /home/ros/Workshop/src/install/unitree_nav_interfaces/share/unitree_nav_interfaces/cmake/export_unitree_nav_interfaces_srv__rosidl_generator_cExport-noconfig.cmake
[7.132s] -- Up-to-date: /home/ros/Workshop/src/install/unitree_nav_interfaces/share/unitree_nav_interfaces/cmake/export_unitree_nav_interfaces_srv__rosidl_typesupport_fastrtps_cExport.cmake
[7.133s] -- Up-to-date: /home/ros/Workshop/src/install/unitree_nav_interfaces/share/unitree_nav_interfaces/cmake/export_unitree_nav_interfaces_srv__rosidl_typesupport_fastrtps_cExport-noconfig.cmake
[7.133s] -- Up-to-date: /home/ros/Workshop/src/install/unitree_nav_interfaces/share/unitree_nav_interfaces/cmake/export_unitree_nav_interfaces_srv__rosidl_generator_cppExport.cmake
[7.134s] -- Up-to-date: /home/ros/Workshop/src/install/unitree_nav_interfaces/share/unitree_nav_interfaces/cmake/export_unitree_nav_interfaces_srv__rosidl_typesupport_fastrtps_cppExport.cmake
[7.134s] -- Up-to-date: /home/ros/Workshop/src/install/unitree_nav_interfaces/share/unitree_nav_interfaces/cmake/export_unitree_nav_interfaces_srv__rosidl_typesupport_fastrtps_cppExport-noconfig.cmake
[7.134s] -- Up-to-date: /home/ros/Workshop/src/install/unitree_nav_interfaces/share/unitree_nav_interfaces/cmake/unitree_nav_interfaces_srv__rosidl_typesupport_introspection_cExport.cmake
[7.135s] -- Up-to-date: /home/ros/Workshop/src/install/unitree_nav_interfaces/share/unitree_nav_interfaces/cmake/unitree_nav_interfaces_srv__rosidl_typesupport_introspection_cExport-noconfig.cmake
[7.135s] -- Up-to-date: /home/ros/Workshop/src/install/unitree_nav_interfaces/share/unitree_nav_interfaces/cmake/unitree_nav_interfaces_srv__rosidl_typesupport_cExport.cmake
[7.135s] -- Up-to-date: /home/ros/Workshop/src/install/unitree_nav_interfaces/share/unitree_nav_interfaces/cmake/unitree_nav_interfaces_srv__rosidl_typesupport_cExport-noconfig.cmake
[7.136s] -- Up-to-date: /home/ros/Workshop/src/install/unitree_nav_interfaces/share/unitree_nav_interfaces/cmake/unitree_nav_interfaces_srv__rosidl_typesupport_introspection_cppExport.cmake
[7.136s] -- Up-to-date: /home/ros/Workshop/src/install/unitree_nav_interfaces/share/unitree_nav_interfaces/cmake/unitree_nav_interfaces_srv__rosidl_typesupport_introspection_cppExport-noconfig.cmake
[7.137s] -- Up-to-date: /home/ros/Workshop/src/install/unitree_nav_interfaces/share/unitree_nav_interfaces/cmake/unitree_nav_interfaces_srv__rosidl_typesupport_cppExport.cmake
[7.137s] -- Up-to-date: /home/ros/Workshop/src/install/unitree_nav_interfaces/share/unitree_nav_interfaces/cmake/unitree_nav_interfaces_srv__rosidl_typesupport_cppExport-noconfig.cmake
[7.138s] -- Up-to-date: /home/ros/Workshop/src/install/unitree_nav_interfaces/share/unitree_nav_interfaces/cmake/export_unitree_nav_interfaces_srv__rosidl_generator_pyExport.cmake
[7.138s] -- Up-to-date: /home/ros/Workshop/src/install/unitree_nav_interfaces/share/unitree_nav_interfaces/cmake/export_unitree_nav_interfaces_srv__rosidl_generator_pyExport-noconfig.cmake
[7.152s] Invoked command in '/home/ros/Workshop/src/build/unitree_nav_interfaces' returned '0': CMAKE_PREFIX_PATH=${CMAKE_PREFIX_PATH}:/opt/ros/humble /usr/bin/cmake --install /home/ros/Workshop/src/build/unitree_nav_interfaces
