[0.652s] DEBUG:colcon:Command line arguments: ['/usr/bin/colcon', 'build']
[0.652s] DEBUG:colcon:Parsed command line arguments: Namespace(log_base=None, log_level=None, verb_name='build', build_base='build', install_base='install', merge_install=False, symlink_install=False, test_result_base=None, continue_on_error=False, executor='parallel', parallel_workers=4, event_handlers=None, ignore_user_meta=False, metas=['./colcon.meta'], base_paths=['.'], packages_ignore=None, packages_ignore_regex=None, paths=None, packages_up_to=None, packages_up_to_regex=None, packages_above=None, packages_above_and_dependencies=None, packages_above_depth=None, packages_select_by_dep=None, packages_skip_by_dep=None, packages_skip_up_to=None, packages_select_build_failed=False, packages_skip_build_finished=False, packages_select_test_failures=False, packages_skip_test_passed=False, packages_select=None, packages_skip=None, packages_select_regex=None, packages_skip_regex=None, packages_start=None, packages_end=None, cmake_args=None, cmake_target=None, cmake_target_skip_unavailable=False, cmake_clean_cache=False, cmake_clean_first=False, cmake_force_configure=False, ament_cmake_args=None, catkin_cmake_args=None, catkin_skip_building_tests=False, verb_parser=<colcon_defaults.argument_parser.defaults.DefaultArgumentsDecorator object at 0x7ff7f9d3a890>, verb_extension=<colcon_core.verb.build.BuildVerb object at 0x7ff7fa547a30>, main=<bound method BuildVerb.main of <colcon_core.verb.build.BuildVerb object at 0x7ff7fa547a30>>)
[0.716s] Level 1:colcon.colcon_core.package_discovery:discover_packages(colcon_meta) check parameters
[0.716s] Level 1:colcon.colcon_core.package_discovery:discover_packages(recursive) check parameters
[0.716s] Level 1:colcon.colcon_core.package_discovery:discover_packages(ignore) check parameters
[0.716s] Level 1:colcon.colcon_core.package_discovery:discover_packages(path) check parameters
[0.716s] Level 1:colcon.colcon_core.package_discovery:discover_packages(colcon_meta) discover
[0.716s] Level 1:colcon.colcon_core.package_discovery:discover_packages(recursive) discover
[0.716s] INFO:colcon.colcon_core.package_discovery:Crawling recursively for packages in '/home/ros/Workshop/src'
[0.716s] Level 1:colcon.colcon_core.package_identification:_identify(.) by extensions ['ignore', 'ignore_ament_install']
[0.717s] Level 1:colcon.colcon_core.package_identification:_identify(.) by extension 'ignore'
[0.717s] Level 1:colcon.colcon_core.package_identification:_identify(.) by extension 'ignore_ament_install'
[0.717s] Level 1:colcon.colcon_core.package_identification:_identify(.) by extensions ['colcon_pkg']
[0.717s] Level 1:colcon.colcon_core.package_identification:_identify(.) by extension 'colcon_pkg'
[0.717s] Level 1:colcon.colcon_core.package_identification:_identify(.) by extensions ['colcon_meta']
[0.717s] Level 1:colcon.colcon_core.package_identification:_identify(.) by extension 'colcon_meta'
[0.717s] Level 1:colcon.colcon_core.package_identification:_identify(.) by extensions ['ros']
[0.717s] Level 1:colcon.colcon_core.package_identification:_identify(.) by extension 'ros'
[0.747s] Level 1:colcon.colcon_core.package_identification:_identify(.) by extensions ['cmake', 'python']
[0.747s] Level 1:colcon.colcon_core.package_identification:_identify(.) by extension 'cmake'
[0.748s] Level 1:colcon.colcon_core.package_identification:_identify(.) by extension 'python'
[0.748s] Level 1:colcon.colcon_core.package_identification:_identify(.) by extensions ['python_setup_py']
[0.748s] Level 1:colcon.colcon_core.package_identification:_identify(.) by extension 'python_setup_py'
[0.748s] Level 1:colcon.colcon_core.package_identification:_identify(build) by extensions ['ignore', 'ignore_ament_install']
[0.748s] Level 1:colcon.colcon_core.package_identification:_identify(build) by extension 'ignore'
[0.748s] Level 1:colcon.colcon_core.package_identification:_identify(build) ignored
[0.748s] Level 1:colcon.colcon_core.package_identification:_identify(install) by extensions ['ignore', 'ignore_ament_install']
[0.748s] Level 1:colcon.colcon_core.package_identification:_identify(install) by extension 'ignore'
[0.748s] Level 1:colcon.colcon_core.package_identification:_identify(install) ignored
[0.749s] Level 1:colcon.colcon_core.package_identification:_identify(log) by extensions ['ignore', 'ignore_ament_install']
[0.749s] Level 1:colcon.colcon_core.package_identification:_identify(log) by extension 'ignore'
[0.749s] Level 1:colcon.colcon_core.package_identification:_identify(log) ignored
[0.749s] Level 1:colcon.colcon_core.package_identification:_identify(rslidar_msg) by extensions ['ignore', 'ignore_ament_install']
[0.749s] Level 1:colcon.colcon_core.package_identification:_identify(rslidar_msg) by extension 'ignore'
[0.749s] Level 1:colcon.colcon_core.package_identification:_identify(rslidar_msg) by extension 'ignore_ament_install'
[0.749s] Level 1:colcon.colcon_core.package_identification:_identify(rslidar_msg) by extensions ['colcon_pkg']
[0.749s] Level 1:colcon.colcon_core.package_identification:_identify(rslidar_msg) by extension 'colcon_pkg'
[0.749s] Level 1:colcon.colcon_core.package_identification:_identify(rslidar_msg) by extensions ['colcon_meta']
[0.749s] Level 1:colcon.colcon_core.package_identification:_identify(rslidar_msg) by extension 'colcon_meta'
[0.749s] Level 1:colcon.colcon_core.package_identification:_identify(rslidar_msg) by extensions ['ros']
[0.749s] Level 1:colcon.colcon_core.package_identification:_identify(rslidar_msg) by extension 'ros'
[0.753s] DEBUG:colcon.colcon_core.package_identification:Package 'rslidar_msg' with type 'ros.ament_cmake' and name 'rslidar_msg'
[0.754s] Level 1:colcon.colcon_core.package_identification:_identify(rslidar_sdk_ros2) by extensions ['ignore', 'ignore_ament_install']
[0.754s] Level 1:colcon.colcon_core.package_identification:_identify(rslidar_sdk_ros2) by extension 'ignore'
[0.754s] Level 1:colcon.colcon_core.package_identification:_identify(rslidar_sdk_ros2) by extension 'ignore_ament_install'
[0.754s] Level 1:colcon.colcon_core.package_identification:_identify(rslidar_sdk_ros2) by extensions ['colcon_pkg']
[0.754s] Level 1:colcon.colcon_core.package_identification:_identify(rslidar_sdk_ros2) by extension 'colcon_pkg'
[0.754s] Level 1:colcon.colcon_core.package_identification:_identify(rslidar_sdk_ros2) by extensions ['colcon_meta']
[0.754s] Level 1:colcon.colcon_core.package_identification:_identify(rslidar_sdk_ros2) by extension 'colcon_meta'
[0.754s] Level 1:colcon.colcon_core.package_identification:_identify(rslidar_sdk_ros2) by extensions ['ros']
[0.754s] Level 1:colcon.colcon_core.package_identification:_identify(rslidar_sdk_ros2) by extension 'ros'
[0.755s] DEBUG:colcon.colcon_core.package_identification:Package 'rslidar_sdk_ros2' with type 'ros.ament_cmake' and name 'rslidar_sdk'
[0.755s] Level 1:colcon.colcon_core.package_identification:_identify(unitree_nav) by extensions ['ignore', 'ignore_ament_install']
[0.755s] Level 1:colcon.colcon_core.package_identification:_identify(unitree_nav) by extension 'ignore'
[0.755s] Level 1:colcon.colcon_core.package_identification:_identify(unitree_nav) by extension 'ignore_ament_install'
[0.755s] Level 1:colcon.colcon_core.package_identification:_identify(unitree_nav) by extensions ['colcon_pkg']
[0.756s] Level 1:colcon.colcon_core.package_identification:_identify(unitree_nav) by extension 'colcon_pkg'
[0.756s] Level 1:colcon.colcon_core.package_identification:_identify(unitree_nav) by extensions ['colcon_meta']
[0.756s] Level 1:colcon.colcon_core.package_identification:_identify(unitree_nav) by extension 'colcon_meta'
[0.756s] Level 1:colcon.colcon_core.package_identification:_identify(unitree_nav) by extensions ['ros']
[0.756s] Level 1:colcon.colcon_core.package_identification:_identify(unitree_nav) by extension 'ros'
[0.756s] Level 1:colcon.colcon_core.package_identification:_identify(unitree_nav) by extensions ['cmake', 'python']
[0.756s] Level 1:colcon.colcon_core.package_identification:_identify(unitree_nav) by extension 'cmake'
[0.756s] Level 1:colcon.colcon_core.package_identification:_identify(unitree_nav) by extension 'python'
[0.756s] Level 1:colcon.colcon_core.package_identification:_identify(unitree_nav) by extensions ['python_setup_py']
[0.756s] Level 1:colcon.colcon_core.package_identification:_identify(unitree_nav) by extension 'python_setup_py'
[0.756s] Level 1:colcon.colcon_core.package_identification:_identify(unitree_nav/log) by extensions ['ignore', 'ignore_ament_install']
[0.756s] Level 1:colcon.colcon_core.package_identification:_identify(unitree_nav/log) by extension 'ignore'
[0.756s] Level 1:colcon.colcon_core.package_identification:_identify(unitree_nav/log) ignored
[0.757s] Level 1:colcon.colcon_core.package_identification:_identify(unitree_nav/unitree_nav) by extensions ['ignore', 'ignore_ament_install']
[0.757s] Level 1:colcon.colcon_core.package_identification:_identify(unitree_nav/unitree_nav) by extension 'ignore'
[0.757s] Level 1:colcon.colcon_core.package_identification:_identify(unitree_nav/unitree_nav) by extension 'ignore_ament_install'
[0.757s] Level 1:colcon.colcon_core.package_identification:_identify(unitree_nav/unitree_nav) by extensions ['colcon_pkg']
[0.757s] Level 1:colcon.colcon_core.package_identification:_identify(unitree_nav/unitree_nav) by extension 'colcon_pkg'
[0.757s] Level 1:colcon.colcon_core.package_identification:_identify(unitree_nav/unitree_nav) by extensions ['colcon_meta']
[0.757s] Level 1:colcon.colcon_core.package_identification:_identify(unitree_nav/unitree_nav) by extension 'colcon_meta'
[0.757s] Level 1:colcon.colcon_core.package_identification:_identify(unitree_nav/unitree_nav) by extensions ['ros']
[0.757s] Level 1:colcon.colcon_core.package_identification:_identify(unitree_nav/unitree_nav) by extension 'ros'
[0.759s] DEBUG:colcon.colcon_core.package_identification:Package 'unitree_nav/unitree_nav' with type 'ros.ament_cmake' and name 'unitree_nav'
[0.759s] Level 1:colcon.colcon_core.package_identification:_identify(unitree_nav/unitree_nav_interfaces) by extensions ['ignore', 'ignore_ament_install']
[0.759s] Level 1:colcon.colcon_core.package_identification:_identify(unitree_nav/unitree_nav_interfaces) by extension 'ignore'
[0.759s] Level 1:colcon.colcon_core.package_identification:_identify(unitree_nav/unitree_nav_interfaces) by extension 'ignore_ament_install'
[0.760s] Level 1:colcon.colcon_core.package_identification:_identify(unitree_nav/unitree_nav_interfaces) by extensions ['colcon_pkg']
[0.760s] Level 1:colcon.colcon_core.package_identification:_identify(unitree_nav/unitree_nav_interfaces) by extension 'colcon_pkg'
[0.760s] Level 1:colcon.colcon_core.package_identification:_identify(unitree_nav/unitree_nav_interfaces) by extensions ['colcon_meta']
[0.760s] Level 1:colcon.colcon_core.package_identification:_identify(unitree_nav/unitree_nav_interfaces) by extension 'colcon_meta'
[0.760s] Level 1:colcon.colcon_core.package_identification:_identify(unitree_nav/unitree_nav_interfaces) by extensions ['ros']
[0.760s] Level 1:colcon.colcon_core.package_identification:_identify(unitree_nav/unitree_nav_interfaces) by extension 'ros'
[0.761s] DEBUG:colcon.colcon_core.package_identification:Package 'unitree_nav/unitree_nav_interfaces' with type 'ros.ament_cmake' and name 'unitree_nav_interfaces'
[0.761s] Level 1:colcon.colcon_core.package_identification:_identify(unitree_nav/unitree_nav_launch_module) by extensions ['ignore', 'ignore_ament_install']
[0.761s] Level 1:colcon.colcon_core.package_identification:_identify(unitree_nav/unitree_nav_launch_module) by extension 'ignore'
[0.761s] Level 1:colcon.colcon_core.package_identification:_identify(unitree_nav/unitree_nav_launch_module) by extension 'ignore_ament_install'
[0.761s] Level 1:colcon.colcon_core.package_identification:_identify(unitree_nav/unitree_nav_launch_module) by extensions ['colcon_pkg']
[0.761s] Level 1:colcon.colcon_core.package_identification:_identify(unitree_nav/unitree_nav_launch_module) by extension 'colcon_pkg'
[0.761s] Level 1:colcon.colcon_core.package_identification:_identify(unitree_nav/unitree_nav_launch_module) by extensions ['colcon_meta']
[0.761s] Level 1:colcon.colcon_core.package_identification:_identify(unitree_nav/unitree_nav_launch_module) by extension 'colcon_meta'
[0.761s] Level 1:colcon.colcon_core.package_identification:_identify(unitree_nav/unitree_nav_launch_module) by extensions ['ros']
[0.761s] Level 1:colcon.colcon_core.package_identification:_identify(unitree_nav/unitree_nav_launch_module) by extension 'ros'
[0.762s] DEBUG:colcon.colcon_core.package_identification:Package 'unitree_nav/unitree_nav_launch_module' with type 'ros.ament_python' and name 'unitree_nav_launch_module'
[0.762s] Level 1:colcon.colcon_core.package_identification:_identify(unitree_ros2) by extensions ['ignore', 'ignore_ament_install']
[0.762s] Level 1:colcon.colcon_core.package_identification:_identify(unitree_ros2) by extension 'ignore'
[0.762s] Level 1:colcon.colcon_core.package_identification:_identify(unitree_ros2) by extension 'ignore_ament_install'
[0.762s] Level 1:colcon.colcon_core.package_identification:_identify(unitree_ros2) by extensions ['colcon_pkg']
[0.763s] Level 1:colcon.colcon_core.package_identification:_identify(unitree_ros2) by extension 'colcon_pkg'
[0.763s] Level 1:colcon.colcon_core.package_identification:_identify(unitree_ros2) by extensions ['colcon_meta']
[0.763s] Level 1:colcon.colcon_core.package_identification:_identify(unitree_ros2) by extension 'colcon_meta'
[0.763s] Level 1:colcon.colcon_core.package_identification:_identify(unitree_ros2) by extensions ['ros']
[0.763s] Level 1:colcon.colcon_core.package_identification:_identify(unitree_ros2) by extension 'ros'
[0.763s] Level 1:colcon.colcon_core.package_identification:_identify(unitree_ros2) by extensions ['cmake', 'python']
[0.763s] Level 1:colcon.colcon_core.package_identification:_identify(unitree_ros2) by extension 'cmake'
[0.763s] Level 1:colcon.colcon_core.package_identification:_identify(unitree_ros2) by extension 'python'
[0.763s] Level 1:colcon.colcon_core.package_identification:_identify(unitree_ros2) by extensions ['python_setup_py']
[0.763s] Level 1:colcon.colcon_core.package_identification:_identify(unitree_ros2) by extension 'python_setup_py'
[0.763s] Level 1:colcon.colcon_core.package_identification:_identify(unitree_ros2/go1_description) by extensions ['ignore', 'ignore_ament_install']
[0.763s] Level 1:colcon.colcon_core.package_identification:_identify(unitree_ros2/go1_description) by extension 'ignore'
[0.763s] Level 1:colcon.colcon_core.package_identification:_identify(unitree_ros2/go1_description) by extension 'ignore_ament_install'
[0.763s] Level 1:colcon.colcon_core.package_identification:_identify(unitree_ros2/go1_description) by extensions ['colcon_pkg']
[0.763s] Level 1:colcon.colcon_core.package_identification:_identify(unitree_ros2/go1_description) by extension 'colcon_pkg'
[0.764s] Level 1:colcon.colcon_core.package_identification:_identify(unitree_ros2/go1_description) by extensions ['colcon_meta']
[0.764s] Level 1:colcon.colcon_core.package_identification:_identify(unitree_ros2/go1_description) by extension 'colcon_meta'
[0.764s] Level 1:colcon.colcon_core.package_identification:_identify(unitree_ros2/go1_description) by extensions ['ros']
[0.764s] Level 1:colcon.colcon_core.package_identification:_identify(unitree_ros2/go1_description) by extension 'ros'
[0.764s] DEBUG:colcon.colcon_core.package_identification:Package 'unitree_ros2/go1_description' with type 'ros.ament_cmake' and name 'go1_description'
[0.764s] Level 1:colcon.colcon_core.package_identification:_identify(unitree_ros2/ros2_unitree_legged_msgs) by extensions ['ignore', 'ignore_ament_install']
[0.764s] Level 1:colcon.colcon_core.package_identification:_identify(unitree_ros2/ros2_unitree_legged_msgs) by extension 'ignore'
[0.765s] Level 1:colcon.colcon_core.package_identification:_identify(unitree_ros2/ros2_unitree_legged_msgs) by extension 'ignore_ament_install'
[0.765s] Level 1:colcon.colcon_core.package_identification:_identify(unitree_ros2/ros2_unitree_legged_msgs) by extensions ['colcon_pkg']
[0.765s] Level 1:colcon.colcon_core.package_identification:_identify(unitree_ros2/ros2_unitree_legged_msgs) by extension 'colcon_pkg'
[0.765s] Level 1:colcon.colcon_core.package_identification:_identify(unitree_ros2/ros2_unitree_legged_msgs) by extensions ['colcon_meta']
[0.765s] Level 1:colcon.colcon_core.package_identification:_identify(unitree_ros2/ros2_unitree_legged_msgs) by extension 'colcon_meta'
[0.765s] Level 1:colcon.colcon_core.package_identification:_identify(unitree_ros2/ros2_unitree_legged_msgs) by extensions ['ros']
[0.765s] Level 1:colcon.colcon_core.package_identification:_identify(unitree_ros2/ros2_unitree_legged_msgs) by extension 'ros'
[0.765s] DEBUG:colcon.colcon_core.package_identification:Package 'unitree_ros2/ros2_unitree_legged_msgs' with type 'ros.ament_cmake' and name 'ros2_unitree_legged_msgs'
[0.766s] Level 1:colcon.colcon_core.package_identification:_identify(unitree_ros2/unitree_legged_real) by extensions ['ignore', 'ignore_ament_install']
[0.766s] Level 1:colcon.colcon_core.package_identification:_identify(unitree_ros2/unitree_legged_real) by extension 'ignore'
[0.766s] Level 1:colcon.colcon_core.package_identification:_identify(unitree_ros2/unitree_legged_real) by extension 'ignore_ament_install'
[0.766s] Level 1:colcon.colcon_core.package_identification:_identify(unitree_ros2/unitree_legged_real) by extensions ['colcon_pkg']
[0.766s] Level 1:colcon.colcon_core.package_identification:_identify(unitree_ros2/unitree_legged_real) by extension 'colcon_pkg'
[0.766s] Level 1:colcon.colcon_core.package_identification:_identify(unitree_ros2/unitree_legged_real) by extensions ['colcon_meta']
[0.766s] Level 1:colcon.colcon_core.package_identification:_identify(unitree_ros2/unitree_legged_real) by extension 'colcon_meta'
[0.766s] Level 1:colcon.colcon_core.package_identification:_identify(unitree_ros2/unitree_legged_real) by extensions ['ros']
[0.766s] Level 1:colcon.colcon_core.package_identification:_identify(unitree_ros2/unitree_legged_real) by extension 'ros'
[0.767s] DEBUG:colcon.colcon_core.package_identification:Package 'unitree_ros2/unitree_legged_real' with type 'ros.ament_cmake' and name 'unitree_legged_real'
[0.767s] Level 1:colcon.colcon_core.package_discovery:discover_packages(recursive) using defaults
[0.767s] Level 1:colcon.colcon_core.package_discovery:discover_packages(ignore) discover
[0.767s] Level 1:colcon.colcon_core.package_discovery:discover_packages(ignore) using defaults
[0.768s] Level 1:colcon.colcon_core.package_discovery:discover_packages(path) discover
[0.768s] Level 1:colcon.colcon_core.package_discovery:discover_packages(path) using defaults
[0.811s] Level 5:colcon.colcon_core.verb:set package 'go1_description' build argument 'cmake_args' from command line to 'None'
[0.811s] Level 5:colcon.colcon_core.verb:set package 'go1_description' build argument 'cmake_target' from command line to 'None'
[0.811s] Level 5:colcon.colcon_core.verb:set package 'go1_description' build argument 'cmake_target_skip_unavailable' from command line to 'False'
[0.811s] Level 5:colcon.colcon_core.verb:set package 'go1_description' build argument 'cmake_clean_cache' from command line to 'False'
[0.811s] Level 5:colcon.colcon_core.verb:set package 'go1_description' build argument 'cmake_clean_first' from command line to 'False'
[0.811s] Level 5:colcon.colcon_core.verb:set package 'go1_description' build argument 'cmake_force_configure' from command line to 'False'
[0.811s] Level 5:colcon.colcon_core.verb:set package 'go1_description' build argument 'ament_cmake_args' from command line to 'None'
[0.812s] Level 5:colcon.colcon_core.verb:set package 'go1_description' build argument 'catkin_cmake_args' from command line to 'None'
[0.812s] Level 5:colcon.colcon_core.verb:set package 'go1_description' build argument 'catkin_skip_building_tests' from command line to 'False'
[0.812s] DEBUG:colcon.colcon_core.verb:Building package 'go1_description' with the following arguments: {'ament_cmake_args': None, 'build_base': '/home/ros/Workshop/src/build/go1_description', 'catkin_cmake_args': None, 'catkin_skip_building_tests': False, 'cmake_args': None, 'cmake_clean_cache': False, 'cmake_clean_first': False, 'cmake_force_configure': False, 'cmake_target': None, 'cmake_target_skip_unavailable': False, 'install_base': '/home/ros/Workshop/src/install/go1_description', 'merge_install': False, 'path': '/home/ros/Workshop/src/unitree_ros2/go1_description', 'symlink_install': False, 'test_result_base': None}
[0.813s] Level 5:colcon.colcon_core.verb:set package 'ros2_unitree_legged_msgs' build argument 'cmake_args' from command line to 'None'
[0.813s] Level 5:colcon.colcon_core.verb:set package 'ros2_unitree_legged_msgs' build argument 'cmake_target' from command line to 'None'
[0.813s] Level 5:colcon.colcon_core.verb:set package 'ros2_unitree_legged_msgs' build argument 'cmake_target_skip_unavailable' from command line to 'False'
[0.813s] Level 5:colcon.colcon_core.verb:set package 'ros2_unitree_legged_msgs' build argument 'cmake_clean_cache' from command line to 'False'
[0.813s] Level 5:colcon.colcon_core.verb:set package 'ros2_unitree_legged_msgs' build argument 'cmake_clean_first' from command line to 'False'
[0.813s] Level 5:colcon.colcon_core.verb:set package 'ros2_unitree_legged_msgs' build argument 'cmake_force_configure' from command line to 'False'
[0.813s] Level 5:colcon.colcon_core.verb:set package 'ros2_unitree_legged_msgs' build argument 'ament_cmake_args' from command line to 'None'
[0.813s] Level 5:colcon.colcon_core.verb:set package 'ros2_unitree_legged_msgs' build argument 'catkin_cmake_args' from command line to 'None'
[0.813s] Level 5:colcon.colcon_core.verb:set package 'ros2_unitree_legged_msgs' build argument 'catkin_skip_building_tests' from command line to 'False'
[0.813s] DEBUG:colcon.colcon_core.verb:Building package 'ros2_unitree_legged_msgs' with the following arguments: {'ament_cmake_args': None, 'build_base': '/home/ros/Workshop/src/build/ros2_unitree_legged_msgs', 'catkin_cmake_args': None, 'catkin_skip_building_tests': False, 'cmake_args': None, 'cmake_clean_cache': False, 'cmake_clean_first': False, 'cmake_force_configure': False, 'cmake_target': None, 'cmake_target_skip_unavailable': False, 'install_base': '/home/ros/Workshop/src/install/ros2_unitree_legged_msgs', 'merge_install': False, 'path': '/home/ros/Workshop/src/unitree_ros2/ros2_unitree_legged_msgs', 'symlink_install': False, 'test_result_base': None}
[0.815s] Level 5:colcon.colcon_core.verb:set package 'rslidar_msg' build argument 'cmake_args' from command line to 'None'
[0.815s] Level 5:colcon.colcon_core.verb:set package 'rslidar_msg' build argument 'cmake_target' from command line to 'None'
[0.815s] Level 5:colcon.colcon_core.verb:set package 'rslidar_msg' build argument 'cmake_target_skip_unavailable' from command line to 'False'
[0.815s] Level 5:colcon.colcon_core.verb:set package 'rslidar_msg' build argument 'cmake_clean_cache' from command line to 'False'
[0.815s] Level 5:colcon.colcon_core.verb:set package 'rslidar_msg' build argument 'cmake_clean_first' from command line to 'False'
[0.815s] Level 5:colcon.colcon_core.verb:set package 'rslidar_msg' build argument 'cmake_force_configure' from command line to 'False'
[0.815s] Level 5:colcon.colcon_core.verb:set package 'rslidar_msg' build argument 'ament_cmake_args' from command line to 'None'
[0.815s] Level 5:colcon.colcon_core.verb:set package 'rslidar_msg' build argument 'catkin_cmake_args' from command line to 'None'
[0.815s] Level 5:colcon.colcon_core.verb:set package 'rslidar_msg' build argument 'catkin_skip_building_tests' from command line to 'False'
[0.815s] DEBUG:colcon.colcon_core.verb:Building package 'rslidar_msg' with the following arguments: {'ament_cmake_args': None, 'build_base': '/home/ros/Workshop/src/build/rslidar_msg', 'catkin_cmake_args': None, 'catkin_skip_building_tests': False, 'cmake_args': None, 'cmake_clean_cache': False, 'cmake_clean_first': False, 'cmake_force_configure': False, 'cmake_target': None, 'cmake_target_skip_unavailable': False, 'install_base': '/home/ros/Workshop/src/install/rslidar_msg', 'merge_install': False, 'path': '/home/ros/Workshop/src/rslidar_msg', 'symlink_install': False, 'test_result_base': None}
[0.816s] Level 5:colcon.colcon_core.verb:set package 'unitree_nav_interfaces' build argument 'cmake_args' from command line to 'None'
[0.816s] Level 5:colcon.colcon_core.verb:set package 'unitree_nav_interfaces' build argument 'cmake_target' from command line to 'None'
[0.816s] Level 5:colcon.colcon_core.verb:set package 'unitree_nav_interfaces' build argument 'cmake_target_skip_unavailable' from command line to 'False'
[0.816s] Level 5:colcon.colcon_core.verb:set package 'unitree_nav_interfaces' build argument 'cmake_clean_cache' from command line to 'False'
[0.816s] Level 5:colcon.colcon_core.verb:set package 'unitree_nav_interfaces' build argument 'cmake_clean_first' from command line to 'False'
[0.816s] Level 5:colcon.colcon_core.verb:set package 'unitree_nav_interfaces' build argument 'cmake_force_configure' from command line to 'False'
[0.816s] Level 5:colcon.colcon_core.verb:set package 'unitree_nav_interfaces' build argument 'ament_cmake_args' from command line to 'None'
[0.816s] Level 5:colcon.colcon_core.verb:set package 'unitree_nav_interfaces' build argument 'catkin_cmake_args' from command line to 'None'
[0.816s] Level 5:colcon.colcon_core.verb:set package 'unitree_nav_interfaces' build argument 'catkin_skip_building_tests' from command line to 'False'
[0.817s] DEBUG:colcon.colcon_core.verb:Building package 'unitree_nav_interfaces' with the following arguments: {'ament_cmake_args': None, 'build_base': '/home/ros/Workshop/src/build/unitree_nav_interfaces', 'catkin_cmake_args': None, 'catkin_skip_building_tests': False, 'cmake_args': None, 'cmake_clean_cache': False, 'cmake_clean_first': False, 'cmake_force_configure': False, 'cmake_target': None, 'cmake_target_skip_unavailable': False, 'install_base': '/home/ros/Workshop/src/install/unitree_nav_interfaces', 'merge_install': False, 'path': '/home/ros/Workshop/src/unitree_nav/unitree_nav_interfaces', 'symlink_install': False, 'test_result_base': None}
[0.818s] Level 5:colcon.colcon_core.verb:set package 'unitree_nav_launch_module' build argument 'cmake_args' from command line to 'None'
[0.818s] Level 5:colcon.colcon_core.verb:set package 'unitree_nav_launch_module' build argument 'cmake_target' from command line to 'None'
[0.818s] Level 5:colcon.colcon_core.verb:set package 'unitree_nav_launch_module' build argument 'cmake_target_skip_unavailable' from command line to 'False'
[0.818s] Level 5:colcon.colcon_core.verb:set package 'unitree_nav_launch_module' build argument 'cmake_clean_cache' from command line to 'False'
[0.818s] Level 5:colcon.colcon_core.verb:set package 'unitree_nav_launch_module' build argument 'cmake_clean_first' from command line to 'False'
[0.818s] Level 5:colcon.colcon_core.verb:set package 'unitree_nav_launch_module' build argument 'cmake_force_configure' from command line to 'False'
[0.818s] Level 5:colcon.colcon_core.verb:set package 'unitree_nav_launch_module' build argument 'ament_cmake_args' from command line to 'None'
[0.818s] Level 5:colcon.colcon_core.verb:set package 'unitree_nav_launch_module' build argument 'catkin_cmake_args' from command line to 'None'
[0.818s] Level 5:colcon.colcon_core.verb:set package 'unitree_nav_launch_module' build argument 'catkin_skip_building_tests' from command line to 'False'
[0.818s] DEBUG:colcon.colcon_core.verb:Building package 'unitree_nav_launch_module' with the following arguments: {'ament_cmake_args': None, 'build_base': '/home/ros/Workshop/src/build/unitree_nav_launch_module', 'catkin_cmake_args': None, 'catkin_skip_building_tests': False, 'cmake_args': None, 'cmake_clean_cache': False, 'cmake_clean_first': False, 'cmake_force_configure': False, 'cmake_target': None, 'cmake_target_skip_unavailable': False, 'install_base': '/home/ros/Workshop/src/install/unitree_nav_launch_module', 'merge_install': False, 'path': '/home/ros/Workshop/src/unitree_nav/unitree_nav_launch_module', 'symlink_install': False, 'test_result_base': None}
[0.819s] Level 5:colcon.colcon_core.verb:set package 'rslidar_sdk' build argument 'cmake_args' from command line to 'None'
[0.819s] Level 5:colcon.colcon_core.verb:set package 'rslidar_sdk' build argument 'cmake_target' from command line to 'None'
[0.819s] Level 5:colcon.colcon_core.verb:set package 'rslidar_sdk' build argument 'cmake_target_skip_unavailable' from command line to 'False'
[0.819s] Level 5:colcon.colcon_core.verb:set package 'rslidar_sdk' build argument 'cmake_clean_cache' from command line to 'False'
[0.820s] Level 5:colcon.colcon_core.verb:set package 'rslidar_sdk' build argument 'cmake_clean_first' from command line to 'False'
[0.820s] Level 5:colcon.colcon_core.verb:set package 'rslidar_sdk' build argument 'cmake_force_configure' from command line to 'False'
[0.820s] Level 5:colcon.colcon_core.verb:set package 'rslidar_sdk' build argument 'ament_cmake_args' from command line to 'None'
[0.820s] Level 5:colcon.colcon_core.verb:set package 'rslidar_sdk' build argument 'catkin_cmake_args' from command line to 'None'
[0.820s] Level 5:colcon.colcon_core.verb:set package 'rslidar_sdk' build argument 'catkin_skip_building_tests' from command line to 'False'
[0.820s] DEBUG:colcon.colcon_core.verb:Building package 'rslidar_sdk' with the following arguments: {'ament_cmake_args': None, 'build_base': '/home/ros/Workshop/src/build/rslidar_sdk', 'catkin_cmake_args': None, 'catkin_skip_building_tests': False, 'cmake_args': None, 'cmake_clean_cache': False, 'cmake_clean_first': False, 'cmake_force_configure': False, 'cmake_target': None, 'cmake_target_skip_unavailable': False, 'install_base': '/home/ros/Workshop/src/install/rslidar_sdk', 'merge_install': False, 'path': '/home/ros/Workshop/src/rslidar_sdk_ros2', 'symlink_install': False, 'test_result_base': None}
[0.821s] Level 5:colcon.colcon_core.verb:set package 'unitree_legged_real' build argument 'cmake_args' from command line to 'None'
[0.821s] Level 5:colcon.colcon_core.verb:set package 'unitree_legged_real' build argument 'cmake_target' from command line to 'None'
[0.821s] Level 5:colcon.colcon_core.verb:set package 'unitree_legged_real' build argument 'cmake_target_skip_unavailable' from command line to 'False'
[0.821s] Level 5:colcon.colcon_core.verb:set package 'unitree_legged_real' build argument 'cmake_clean_cache' from command line to 'False'
[0.821s] Level 5:colcon.colcon_core.verb:set package 'unitree_legged_real' build argument 'cmake_clean_first' from command line to 'False'
[0.821s] Level 5:colcon.colcon_core.verb:set package 'unitree_legged_real' build argument 'cmake_force_configure' from command line to 'False'
[0.821s] Level 5:colcon.colcon_core.verb:set package 'unitree_legged_real' build argument 'ament_cmake_args' from command line to 'None'
[0.821s] Level 5:colcon.colcon_core.verb:set package 'unitree_legged_real' build argument 'catkin_cmake_args' from command line to 'None'
[0.821s] Level 5:colcon.colcon_core.verb:set package 'unitree_legged_real' build argument 'catkin_skip_building_tests' from command line to 'False'
[0.821s] DEBUG:colcon.colcon_core.verb:Building package 'unitree_legged_real' with the following arguments: {'ament_cmake_args': None, 'build_base': '/home/ros/Workshop/src/build/unitree_legged_real', 'catkin_cmake_args': None, 'catkin_skip_building_tests': False, 'cmake_args': None, 'cmake_clean_cache': False, 'cmake_clean_first': False, 'cmake_force_configure': False, 'cmake_target': None, 'cmake_target_skip_unavailable': False, 'install_base': '/home/ros/Workshop/src/install/unitree_legged_real', 'merge_install': False, 'path': '/home/ros/Workshop/src/unitree_ros2/unitree_legged_real', 'symlink_install': False, 'test_result_base': None}
[0.823s] Level 5:colcon.colcon_core.verb:set package 'unitree_nav' build argument 'cmake_args' from command line to 'None'
[0.823s] Level 5:colcon.colcon_core.verb:set package 'unitree_nav' build argument 'cmake_target' from command line to 'None'
[0.823s] Level 5:colcon.colcon_core.verb:set package 'unitree_nav' build argument 'cmake_target_skip_unavailable' from command line to 'False'
[0.823s] Level 5:colcon.colcon_core.verb:set package 'unitree_nav' build argument 'cmake_clean_cache' from command line to 'False'
[0.823s] Level 5:colcon.colcon_core.verb:set package 'unitree_nav' build argument 'cmake_clean_first' from command line to 'False'
[0.823s] Level 5:colcon.colcon_core.verb:set package 'unitree_nav' build argument 'cmake_force_configure' from command line to 'False'
[0.823s] Level 5:colcon.colcon_core.verb:set package 'unitree_nav' build argument 'ament_cmake_args' from command line to 'None'
[0.823s] Level 5:colcon.colcon_core.verb:set package 'unitree_nav' build argument 'catkin_cmake_args' from command line to 'None'
[0.823s] Level 5:colcon.colcon_core.verb:set package 'unitree_nav' build argument 'catkin_skip_building_tests' from command line to 'False'
[0.823s] DEBUG:colcon.colcon_core.verb:Building package 'unitree_nav' with the following arguments: {'ament_cmake_args': None, 'build_base': '/home/ros/Workshop/src/build/unitree_nav', 'catkin_cmake_args': None, 'catkin_skip_building_tests': False, 'cmake_args': None, 'cmake_clean_cache': False, 'cmake_clean_first': False, 'cmake_force_configure': False, 'cmake_target': None, 'cmake_target_skip_unavailable': False, 'install_base': '/home/ros/Workshop/src/install/unitree_nav', 'merge_install': False, 'path': '/home/ros/Workshop/src/unitree_nav/unitree_nav', 'symlink_install': False, 'test_result_base': None}
[0.824s] INFO:colcon.colcon_core.executor:Executing jobs using 'parallel' executor
[0.829s] DEBUG:colcon.colcon_parallel_executor.executor.parallel:run_until_complete
[0.829s] INFO:colcon.colcon_ros.task.ament_cmake.build:Building ROS package in '/home/ros/Workshop/src/unitree_ros2/ros2_unitree_legged_msgs' with build type 'ament_cmake'
[0.830s] INFO:colcon.colcon_cmake.task.cmake.build:Building CMake package in '/home/ros/Workshop/src/unitree_ros2/ros2_unitree_legged_msgs'
[0.838s] INFO:colcon.colcon_core.plugin_system:Skipping extension 'colcon_core.shell.bat': Not used on non-Windows systems
[0.838s] INFO:colcon.colcon_core.shell:Skip shell extension 'powershell' for command environment: Not usable outside of PowerShell
[0.838s] DEBUG:colcon.colcon_core.shell:Skip shell extension 'dsv' for command environment
[0.876s] INFO:colcon.colcon_ros.task.ament_cmake.build:Building ROS package in '/home/ros/Workshop/src/rslidar_msg' with build type 'ament_cmake'
[0.876s] INFO:colcon.colcon_cmake.task.cmake.build:Building CMake package in '/home/ros/Workshop/src/rslidar_msg'
[0.878s] INFO:colcon.colcon_core.shell:Skip shell extension 'powershell' for command environment: Not usable outside of PowerShell
[0.878s] DEBUG:colcon.colcon_core.shell:Skip shell extension 'dsv' for command environment
[0.891s] INFO:colcon.colcon_ros.task.ament_cmake.build:Building ROS package in '/home/ros/Workshop/src/unitree_nav/unitree_nav_interfaces' with build type 'ament_cmake'
[0.891s] INFO:colcon.colcon_cmake.task.cmake.build:Building CMake package in '/home/ros/Workshop/src/unitree_nav/unitree_nav_interfaces'
[0.893s] INFO:colcon.colcon_core.shell:Skip shell extension 'powershell' for command environment: Not usable outside of PowerShell
[0.893s] DEBUG:colcon.colcon_core.shell:Skip shell extension 'dsv' for command environment
[0.916s] INFO:colcon.colcon_ros.task.ament_cmake.build:Building ROS package in '/home/ros/Workshop/src/unitree_ros2/go1_description' with build type 'ament_cmake'
[0.918s] INFO:colcon.colcon_cmake.task.cmake.build:Building CMake package in '/home/ros/Workshop/src/unitree_ros2/go1_description'
[0.924s] INFO:colcon.colcon_core.shell:Skip shell extension 'powershell' for command environment: Not usable outside of PowerShell
[0.924s] DEBUG:colcon.colcon_core.shell:Skip shell extension 'dsv' for command environment
[0.983s] DEBUG:colcon.colcon_core.event_handler.log_command:Invoking command in '/home/ros/Workshop/src/build/ros2_unitree_legged_msgs': CMAKE_PREFIX_PATH=${CMAKE_PREFIX_PATH}:/opt/ros/humble /usr/bin/cmake --build /home/ros/Workshop/src/build/ros2_unitree_legged_msgs -- -j4 -l4
[1.016s] DEBUG:colcon.colcon_core.event_handler.log_command:Invoking command in '/home/ros/Workshop/src/build/rslidar_msg': CMAKE_PREFIX_PATH=${CMAKE_PREFIX_PATH}:/opt/ros/humble /usr/bin/cmake --build /home/ros/Workshop/src/build/rslidar_msg -- -j4 -l4
[1.033s] DEBUG:colcon.colcon_core.event_handler.log_command:Invoking command in '/home/ros/Workshop/src/build/unitree_nav_interfaces': CMAKE_PREFIX_PATH=${CMAKE_PREFIX_PATH}:/opt/ros/humble /usr/bin/cmake --build /home/ros/Workshop/src/build/unitree_nav_interfaces -- -j4 -l4
[1.045s] DEBUG:colcon.colcon_core.event_handler.log_command:Invoking command in '/home/ros/Workshop/src/build/go1_description': CMAKE_PREFIX_PATH=${CMAKE_PREFIX_PATH}:/opt/ros/humble /usr/bin/cmake --build /home/ros/Workshop/src/build/go1_description -- -j4 -l4
[1.711s] DEBUG:colcon.colcon_core.event_handler.log_command:Invoked command in '/home/ros/Workshop/src/build/go1_description' returned '0': CMAKE_PREFIX_PATH=${CMAKE_PREFIX_PATH}:/opt/ros/humble /usr/bin/cmake --build /home/ros/Workshop/src/build/go1_description -- -j4 -l4
[3.711s] DEBUG:colcon.colcon_core.event_handler.log_command:Invoking command in '/home/ros/Workshop/src/build/go1_description': CMAKE_PREFIX_PATH=${CMAKE_PREFIX_PATH}:/opt/ros/humble /usr/bin/cmake --install /home/ros/Workshop/src/build/go1_description
[4.043s] Level 1:colcon.colcon_core.environment:create_environment_scripts_only(go1_description)
[4.047s] DEBUG:colcon.colcon_core.event_handler.log_command:Invoked command in '/home/ros/Workshop/src/build/go1_description' returned '0': CMAKE_PREFIX_PATH=${CMAKE_PREFIX_PATH}:/opt/ros/humble /usr/bin/cmake --install /home/ros/Workshop/src/build/go1_description
[4.064s] Level 1:colcon.colcon_core.environment:checking '/home/ros/Workshop/src/install/go1_description' for CMake module files
[4.072s] Level 1:colcon.colcon_core.environment:checking '/home/ros/Workshop/src/install/go1_description' for CMake config files
[4.083s] Level 1:colcon.colcon_core.shell:create_environment_hook('go1_description', 'cmake_prefix_path')
[4.089s] INFO:colcon.colcon_core.shell:Creating environment hook '/home/ros/Workshop/src/install/go1_description/share/go1_description/hook/cmake_prefix_path.ps1'
[4.095s] INFO:colcon.colcon_core.shell:Creating environment descriptor '/home/ros/Workshop/src/install/go1_description/share/go1_description/hook/cmake_prefix_path.dsv'
[4.098s] INFO:colcon.colcon_core.shell:Creating environment hook '/home/ros/Workshop/src/install/go1_description/share/go1_description/hook/cmake_prefix_path.sh'
[4.101s] Level 1:colcon.colcon_core.environment:checking '/home/ros/Workshop/src/install/go1_description/bin'
[4.102s] Level 1:colcon.colcon_core.environment:checking '/home/ros/Workshop/src/install/go1_description/lib/pkgconfig/go1_description.pc'
[4.107s] Level 1:colcon.colcon_core.environment:checking '/home/ros/Workshop/src/install/go1_description/lib/python3.10/site-packages'
[4.109s] Level 1:colcon.colcon_core.environment:checking '/home/ros/Workshop/src/install/go1_description/bin'
[4.117s] INFO:colcon.colcon_core.shell:Creating package script '/home/ros/Workshop/src/install/go1_description/share/go1_description/package.ps1'
[4.122s] INFO:colcon.colcon_core.shell:Creating package descriptor '/home/ros/Workshop/src/install/go1_description/share/go1_description/package.dsv'
[4.125s] INFO:colcon.colcon_core.shell:Creating package script '/home/ros/Workshop/src/install/go1_description/share/go1_description/package.sh'
[4.130s] INFO:colcon.colcon_core.shell:Creating package script '/home/ros/Workshop/src/install/go1_description/share/go1_description/package.bash'
[4.135s] INFO:colcon.colcon_core.shell:Creating package script '/home/ros/Workshop/src/install/go1_description/share/go1_description/package.zsh'
[4.144s] Level 1:colcon.colcon_core.environment:create_file_with_runtime_dependencies(/home/ros/Workshop/src/install/go1_description/share/colcon-core/packages/go1_description)
[4.798s] Level 1:colcon.colcon_core.environment:create_environment_scripts_only(go1_description)
[4.802s] Level 1:colcon.colcon_core.environment:checking '/home/ros/Workshop/src/install/go1_description' for CMake module files
[4.803s] Level 1:colcon.colcon_core.environment:checking '/home/ros/Workshop/src/install/go1_description' for CMake config files
[4.803s] Level 1:colcon.colcon_core.shell:create_environment_hook('go1_description', 'cmake_prefix_path')
[4.805s] INFO:colcon.colcon_core.shell:Creating environment hook '/home/ros/Workshop/src/install/go1_description/share/go1_description/hook/cmake_prefix_path.ps1'
[4.808s] INFO:colcon.colcon_core.shell:Creating environment descriptor '/home/ros/Workshop/src/install/go1_description/share/go1_description/hook/cmake_prefix_path.dsv'
[4.809s] INFO:colcon.colcon_core.shell:Creating environment hook '/home/ros/Workshop/src/install/go1_description/share/go1_description/hook/cmake_prefix_path.sh'
[4.812s] Level 1:colcon.colcon_core.environment:checking '/home/ros/Workshop/src/install/go1_description/bin'
[4.812s] Level 1:colcon.colcon_core.environment:checking '/home/ros/Workshop/src/install/go1_description/lib/pkgconfig/go1_description.pc'
[4.813s] Level 1:colcon.colcon_core.environment:checking '/home/ros/Workshop/src/install/go1_description/lib/python3.10/site-packages'
[4.813s] Level 1:colcon.colcon_core.environment:checking '/home/ros/Workshop/src/install/go1_description/bin'
[4.819s] INFO:colcon.colcon_core.shell:Creating package script '/home/ros/Workshop/src/install/go1_description/share/go1_description/package.ps1'
[4.820s] INFO:colcon.colcon_core.shell:Creating package descriptor '/home/ros/Workshop/src/install/go1_description/share/go1_description/package.dsv'
[4.823s] INFO:colcon.colcon_core.shell:Creating package script '/home/ros/Workshop/src/install/go1_description/share/go1_description/package.sh'
[4.825s] INFO:colcon.colcon_core.shell:Creating package script '/home/ros/Workshop/src/install/go1_description/share/go1_description/package.bash'
[4.826s] INFO:colcon.colcon_core.shell:Creating package script '/home/ros/Workshop/src/install/go1_description/share/go1_description/package.zsh'
[4.827s] Level 1:colcon.colcon_core.environment:create_file_with_runtime_dependencies(/home/ros/Workshop/src/install/go1_description/share/colcon-core/packages/go1_description)
[4.827s] INFO:colcon.colcon_ros.task.ament_python.build:Building ROS package in '/home/ros/Workshop/src/unitree_nav/unitree_nav_launch_module' with build type 'ament_python'
[4.828s] Level 1:colcon.colcon_core.shell:create_environment_hook('unitree_nav_launch_module', 'ament_prefix_path')
[4.831s] INFO:colcon.colcon_core.shell:Creating environment hook '/home/ros/Workshop/src/install/unitree_nav_launch_module/share/unitree_nav_launch_module/hook/ament_prefix_path.ps1'
[4.835s] INFO:colcon.colcon_core.shell:Creating environment descriptor '/home/ros/Workshop/src/install/unitree_nav_launch_module/share/unitree_nav_launch_module/hook/ament_prefix_path.dsv'
[4.836s] INFO:colcon.colcon_core.shell:Creating environment hook '/home/ros/Workshop/src/install/unitree_nav_launch_module/share/unitree_nav_launch_module/hook/ament_prefix_path.sh'
[4.841s] INFO:colcon.colcon_core.shell:Skip shell extension 'powershell' for command environment: Not usable outside of PowerShell
[4.841s] DEBUG:colcon.colcon_core.shell:Skip shell extension 'dsv' for command environment
[5.711s] INFO:colcon.colcon_core.task.python.build:Building Python package in '/home/ros/Workshop/src/unitree_nav/unitree_nav_launch_module'
[5.713s] INFO:colcon.colcon_core.shell:Skip shell extension 'powershell' for command environment: Not usable outside of PowerShell
[5.713s] DEBUG:colcon.colcon_core.shell:Skip shell extension 'dsv' for command environment
[5.726s] DEBUG:colcon.colcon_core.event_handler.log_command:Invoked command in '/home/ros/Workshop/src/build/rslidar_msg' returned '0': CMAKE_PREFIX_PATH=${CMAKE_PREFIX_PATH}:/opt/ros/humble /usr/bin/cmake --build /home/ros/Workshop/src/build/rslidar_msg -- -j4 -l4
[5.730s] DEBUG:colcon.colcon_core.event_handler.log_command:Invoked command in '/home/ros/Workshop/src/build/unitree_nav_interfaces' returned '0': CMAKE_PREFIX_PATH=${CMAKE_PREFIX_PATH}:/opt/ros/humble /usr/bin/cmake --build /home/ros/Workshop/src/build/unitree_nav_interfaces -- -j4 -l4
[5.734s] DEBUG:colcon.colcon_core.event_handler.log_command:Invoked command in '/home/ros/Workshop/src/build/ros2_unitree_legged_msgs' returned '0': CMAKE_PREFIX_PATH=${CMAKE_PREFIX_PATH}:/opt/ros/humble /usr/bin/cmake --build /home/ros/Workshop/src/build/ros2_unitree_legged_msgs -- -j4 -l4
[6.831s] DEBUG:colcon.colcon_core.event_handler.log_command:Invoking command in '/home/ros/Workshop/src/build/unitree_nav_launch_module': PYTHONPATH=/home/ros/Workshop/src/build/unitree_nav_launch_module/prefix_override:/home/ros/Workshop/src/install/unitree_nav_launch_module/lib/python3.10/site-packages:${PYTHONPATH} /usr/bin/python3 setup.py develop --uninstall --editable --build-directory /home/ros/Workshop/src/build/unitree_nav_launch_module/build
[7.232s] DEBUG:colcon.colcon_core.event_handler.log_command:Invoking command in '/home/ros/Workshop/src/build/rslidar_msg': CMAKE_PREFIX_PATH=${CMAKE_PREFIX_PATH}:/opt/ros/humble /usr/bin/cmake --install /home/ros/Workshop/src/build/rslidar_msg
[7.629s] Level 1:colcon.colcon_core.environment:create_environment_scripts_only(rslidar_msg)
[7.632s] Level 1:colcon.colcon_core.environment:checking '/home/ros/Workshop/src/install/rslidar_msg' for CMake module files
[7.635s] DEBUG:colcon.colcon_core.event_handler.log_command:Invoked command in '/home/ros/Workshop/src/build/rslidar_msg' returned '0': CMAKE_PREFIX_PATH=${CMAKE_PREFIX_PATH}:/opt/ros/humble /usr/bin/cmake --install /home/ros/Workshop/src/build/rslidar_msg
[7.638s] Level 1:colcon.colcon_core.environment:checking '/home/ros/Workshop/src/install/rslidar_msg' for CMake config files
[7.644s] Level 1:colcon.colcon_core.shell:create_environment_hook('rslidar_msg', 'cmake_prefix_path')
[7.646s] INFO:colcon.colcon_core.shell:Creating environment hook '/home/ros/Workshop/src/install/rslidar_msg/share/rslidar_msg/hook/cmake_prefix_path.ps1'
[7.647s] INFO:colcon.colcon_core.shell:Creating environment descriptor '/home/ros/Workshop/src/install/rslidar_msg/share/rslidar_msg/hook/cmake_prefix_path.dsv'
[7.648s] INFO:colcon.colcon_core.shell:Creating environment hook '/home/ros/Workshop/src/install/rslidar_msg/share/rslidar_msg/hook/cmake_prefix_path.sh'
[7.649s] Level 1:colcon.colcon_core.environment:checking '/home/ros/Workshop/src/install/rslidar_msg/lib'
[7.649s] Level 1:colcon.colcon_core.shell:create_environment_hook('rslidar_msg', 'ld_library_path_lib')
[7.653s] INFO:colcon.colcon_core.shell:Creating environment hook '/home/ros/Workshop/src/install/rslidar_msg/share/rslidar_msg/hook/ld_library_path_lib.ps1'
[7.654s] INFO:colcon.colcon_core.shell:Creating environment descriptor '/home/ros/Workshop/src/install/rslidar_msg/share/rslidar_msg/hook/ld_library_path_lib.dsv'
[7.655s] INFO:colcon.colcon_core.shell:Creating environment hook '/home/ros/Workshop/src/install/rslidar_msg/share/rslidar_msg/hook/ld_library_path_lib.sh'
[7.655s] Level 1:colcon.colcon_core.environment:checking '/home/ros/Workshop/src/install/rslidar_msg/bin'
[7.655s] Level 1:colcon.colcon_core.environment:checking '/home/ros/Workshop/src/install/rslidar_msg/lib/pkgconfig/rslidar_msg.pc'
[7.656s] Level 1:colcon.colcon_core.environment:checking '/home/ros/Workshop/src/install/rslidar_msg/lib/python3.10/site-packages'
[7.656s] Level 1:colcon.colcon_core.environment:checking '/home/ros/Workshop/src/install/rslidar_msg/bin'
[7.658s] INFO:colcon.colcon_core.shell:Creating package script '/home/ros/Workshop/src/install/rslidar_msg/share/rslidar_msg/package.ps1'
[7.659s] INFO:colcon.colcon_core.shell:Creating package descriptor '/home/ros/Workshop/src/install/rslidar_msg/share/rslidar_msg/package.dsv'
[7.660s] INFO:colcon.colcon_core.shell:Creating package script '/home/ros/Workshop/src/install/rslidar_msg/share/rslidar_msg/package.sh'
[7.661s] INFO:colcon.colcon_core.shell:Creating package script '/home/ros/Workshop/src/install/rslidar_msg/share/rslidar_msg/package.bash'
[7.661s] INFO:colcon.colcon_core.shell:Creating package script '/home/ros/Workshop/src/install/rslidar_msg/share/rslidar_msg/package.zsh'
[7.662s] Level 1:colcon.colcon_core.environment:create_file_with_runtime_dependencies(/home/ros/Workshop/src/install/rslidar_msg/share/colcon-core/packages/rslidar_msg)
[7.679s] DEBUG:colcon.colcon_core.event_handler.log_command:Invoking command in '/home/ros/Workshop/src/build/unitree_nav_interfaces': CMAKE_PREFIX_PATH=${CMAKE_PREFIX_PATH}:/opt/ros/humble /usr/bin/cmake --install /home/ros/Workshop/src/build/unitree_nav_interfaces
[8.035s] Level 1:colcon.colcon_core.environment:create_environment_scripts_only(unitree_nav_interfaces)
[8.044s] Level 1:colcon.colcon_core.environment:checking '/home/ros/Workshop/src/install/unitree_nav_interfaces' for CMake module files
[8.046s] DEBUG:colcon.colcon_core.event_handler.log_command:Invoked command in '/home/ros/Workshop/src/build/unitree_nav_interfaces' returned '0': CMAKE_PREFIX_PATH=${CMAKE_PREFIX_PATH}:/opt/ros/humble /usr/bin/cmake --install /home/ros/Workshop/src/build/unitree_nav_interfaces
[8.047s] Level 1:colcon.colcon_core.environment:checking '/home/ros/Workshop/src/install/unitree_nav_interfaces' for CMake config files
[8.051s] Level 1:colcon.colcon_core.shell:create_environment_hook('unitree_nav_interfaces', 'cmake_prefix_path')
[8.054s] INFO:colcon.colcon_core.shell:Creating environment hook '/home/ros/Workshop/src/install/unitree_nav_interfaces/share/unitree_nav_interfaces/hook/cmake_prefix_path.ps1'
[8.055s] INFO:colcon.colcon_core.shell:Creating environment descriptor '/home/ros/Workshop/src/install/unitree_nav_interfaces/share/unitree_nav_interfaces/hook/cmake_prefix_path.dsv'
[8.056s] INFO:colcon.colcon_core.shell:Creating environment hook '/home/ros/Workshop/src/install/unitree_nav_interfaces/share/unitree_nav_interfaces/hook/cmake_prefix_path.sh'
[8.060s] Level 1:colcon.colcon_core.environment:checking '/home/ros/Workshop/src/install/unitree_nav_interfaces/lib'
[8.060s] Level 1:colcon.colcon_core.shell:create_environment_hook('unitree_nav_interfaces', 'ld_library_path_lib')
[8.063s] INFO:colcon.colcon_core.shell:Creating environment hook '/home/ros/Workshop/src/install/unitree_nav_interfaces/share/unitree_nav_interfaces/hook/ld_library_path_lib.ps1'
[8.064s] INFO:colcon.colcon_core.shell:Creating environment descriptor '/home/ros/Workshop/src/install/unitree_nav_interfaces/share/unitree_nav_interfaces/hook/ld_library_path_lib.dsv'
[8.065s] INFO:colcon.colcon_core.shell:Creating environment hook '/home/ros/Workshop/src/install/unitree_nav_interfaces/share/unitree_nav_interfaces/hook/ld_library_path_lib.sh'
[8.066s] Level 1:colcon.colcon_core.environment:checking '/home/ros/Workshop/src/install/unitree_nav_interfaces/bin'
[8.066s] Level 1:colcon.colcon_core.environment:checking '/home/ros/Workshop/src/install/unitree_nav_interfaces/lib/pkgconfig/unitree_nav_interfaces.pc'
[8.066s] Level 1:colcon.colcon_core.environment:checking '/home/ros/Workshop/src/install/unitree_nav_interfaces/lib/python3.10/site-packages'
[8.067s] Level 1:colcon.colcon_core.environment:checking '/home/ros/Workshop/src/install/unitree_nav_interfaces/bin'
[8.069s] INFO:colcon.colcon_core.shell:Creating package script '/home/ros/Workshop/src/install/unitree_nav_interfaces/share/unitree_nav_interfaces/package.ps1'
[8.071s] INFO:colcon.colcon_core.shell:Creating package descriptor '/home/ros/Workshop/src/install/unitree_nav_interfaces/share/unitree_nav_interfaces/package.dsv'
[8.073s] INFO:colcon.colcon_core.shell:Creating package script '/home/ros/Workshop/src/install/unitree_nav_interfaces/share/unitree_nav_interfaces/package.sh'
[8.075s] INFO:colcon.colcon_core.shell:Creating package script '/home/ros/Workshop/src/install/unitree_nav_interfaces/share/unitree_nav_interfaces/package.bash'
[8.076s] INFO:colcon.colcon_core.shell:Creating package script '/home/ros/Workshop/src/install/unitree_nav_interfaces/share/unitree_nav_interfaces/package.zsh'
[8.077s] Level 1:colcon.colcon_core.environment:create_file_with_runtime_dependencies(/home/ros/Workshop/src/install/unitree_nav_interfaces/share/colcon-core/packages/unitree_nav_interfaces)
[8.365s] DEBUG:colcon.colcon_core.event_handler.log_command:Invoked command in '/home/ros/Workshop/src/build/unitree_nav_launch_module' returned '0': PYTHONPATH=/home/ros/Workshop/src/build/unitree_nav_launch_module/prefix_override:/home/ros/Workshop/src/install/unitree_nav_launch_module/lib/python3.10/site-packages:${PYTHONPATH} /usr/bin/python3 setup.py develop --uninstall --editable --build-directory /home/ros/Workshop/src/build/unitree_nav_launch_module/build
[8.365s] DEBUG:colcon.colcon_core.event_handler.log_command:Invoking command in '/home/ros/Workshop/src/unitree_nav/unitree_nav_launch_module': PYTHONPATH=/home/ros/Workshop/src/build/unitree_nav_launch_module/prefix_override:/home/ros/Workshop/src/install/unitree_nav_launch_module/lib/python3.10/site-packages:${PYTHONPATH} /usr/bin/python3 setup.py egg_info --egg-base ../../build/unitree_nav_launch_module build --build-base /home/ros/Workshop/src/build/unitree_nav_launch_module/build install --record /home/ros/Workshop/src/build/unitree_nav_launch_module/install.log --single-version-externally-managed
[9.086s] Level 1:colcon.colcon_core.environment:checking '/home/ros/Workshop/src/install/unitree_nav_launch_module' for CMake module files
[9.088s] DEBUG:colcon.colcon_core.event_handler.log_command:Invoked command in '/home/ros/Workshop/src/unitree_nav/unitree_nav_launch_module' returned '0': PYTHONPATH=/home/ros/Workshop/src/build/unitree_nav_launch_module/prefix_override:/home/ros/Workshop/src/install/unitree_nav_launch_module/lib/python3.10/site-packages:${PYTHONPATH} /usr/bin/python3 setup.py egg_info --egg-base ../../build/unitree_nav_launch_module build --build-base /home/ros/Workshop/src/build/unitree_nav_launch_module/build install --record /home/ros/Workshop/src/build/unitree_nav_launch_module/install.log --single-version-externally-managed
[9.089s] Level 1:colcon.colcon_core.environment:checking '/home/ros/Workshop/src/install/unitree_nav_launch_module' for CMake config files
[9.091s] Level 1:colcon.colcon_core.environment:checking '/home/ros/Workshop/src/install/unitree_nav_launch_module/lib'
[9.091s] Level 1:colcon.colcon_core.environment:checking '/home/ros/Workshop/src/install/unitree_nav_launch_module/bin'
[9.092s] Level 1:colcon.colcon_core.environment:checking '/home/ros/Workshop/src/install/unitree_nav_launch_module/lib/pkgconfig/unitree_nav_launch_module.pc'
[9.093s] Level 1:colcon.colcon_core.environment:checking '/home/ros/Workshop/src/install/unitree_nav_launch_module/lib/python3.10/site-packages'
[9.093s] Level 1:colcon.colcon_core.shell:create_environment_hook('unitree_nav_launch_module', 'pythonpath')
[9.098s] INFO:colcon.colcon_core.shell:Creating environment hook '/home/ros/Workshop/src/install/unitree_nav_launch_module/share/unitree_nav_launch_module/hook/pythonpath.ps1'
[9.100s] INFO:colcon.colcon_core.shell:Creating environment descriptor '/home/ros/Workshop/src/install/unitree_nav_launch_module/share/unitree_nav_launch_module/hook/pythonpath.dsv'
[9.101s] INFO:colcon.colcon_core.shell:Creating environment hook '/home/ros/Workshop/src/install/unitree_nav_launch_module/share/unitree_nav_launch_module/hook/pythonpath.sh'
[9.102s] Level 1:colcon.colcon_core.environment:checking '/home/ros/Workshop/src/install/unitree_nav_launch_module/bin'
[9.102s] Level 1:colcon.colcon_core.environment:create_environment_scripts_only(unitree_nav_launch_module)
[9.105s] INFO:colcon.colcon_core.shell:Creating package script '/home/ros/Workshop/src/install/unitree_nav_launch_module/share/unitree_nav_launch_module/package.ps1'
[9.107s] INFO:colcon.colcon_core.shell:Creating package descriptor '/home/ros/Workshop/src/install/unitree_nav_launch_module/share/unitree_nav_launch_module/package.dsv'
[9.108s] INFO:colcon.colcon_core.shell:Creating package script '/home/ros/Workshop/src/install/unitree_nav_launch_module/share/unitree_nav_launch_module/package.sh'
[9.110s] INFO:colcon.colcon_core.shell:Creating package script '/home/ros/Workshop/src/install/unitree_nav_launch_module/share/unitree_nav_launch_module/package.bash'
[9.110s] INFO:colcon.colcon_core.shell:Creating package script '/home/ros/Workshop/src/install/unitree_nav_launch_module/share/unitree_nav_launch_module/package.zsh'
[9.111s] Level 1:colcon.colcon_core.environment:create_file_with_runtime_dependencies(/home/ros/Workshop/src/install/unitree_nav_launch_module/share/colcon-core/packages/unitree_nav_launch_module)
[9.147s] Level 1:colcon.colcon_core.environment:create_environment_scripts_only(rslidar_msg)
[9.151s] Level 1:colcon.colcon_core.environment:checking '/home/ros/Workshop/src/install/rslidar_msg' for CMake module files
[9.153s] Level 1:colcon.colcon_core.environment:checking '/home/ros/Workshop/src/install/rslidar_msg' for CMake config files
[9.155s] Level 1:colcon.colcon_core.shell:create_environment_hook('rslidar_msg', 'cmake_prefix_path')
[9.157s] INFO:colcon.colcon_core.shell:Creating environment hook '/home/ros/Workshop/src/install/rslidar_msg/share/rslidar_msg/hook/cmake_prefix_path.ps1'
[9.158s] INFO:colcon.colcon_core.shell:Creating environment descriptor '/home/ros/Workshop/src/install/rslidar_msg/share/rslidar_msg/hook/cmake_prefix_path.dsv'
[9.159s] INFO:colcon.colcon_core.shell:Creating environment hook '/home/ros/Workshop/src/install/rslidar_msg/share/rslidar_msg/hook/cmake_prefix_path.sh'
[9.160s] Level 1:colcon.colcon_core.environment:checking '/home/ros/Workshop/src/install/rslidar_msg/lib'
[9.160s] Level 1:colcon.colcon_core.shell:create_environment_hook('rslidar_msg', 'ld_library_path_lib')
[9.163s] INFO:colcon.colcon_core.shell:Creating environment hook '/home/ros/Workshop/src/install/rslidar_msg/share/rslidar_msg/hook/ld_library_path_lib.ps1'
[9.164s] INFO:colcon.colcon_core.shell:Creating environment descriptor '/home/ros/Workshop/src/install/rslidar_msg/share/rslidar_msg/hook/ld_library_path_lib.dsv'
[9.165s] INFO:colcon.colcon_core.shell:Creating environment hook '/home/ros/Workshop/src/install/rslidar_msg/share/rslidar_msg/hook/ld_library_path_lib.sh'
[9.165s] Level 1:colcon.colcon_core.environment:checking '/home/ros/Workshop/src/install/rslidar_msg/bin'
[9.166s] Level 1:colcon.colcon_core.environment:checking '/home/ros/Workshop/src/install/rslidar_msg/lib/pkgconfig/rslidar_msg.pc'
[9.166s] Level 1:colcon.colcon_core.environment:checking '/home/ros/Workshop/src/install/rslidar_msg/lib/python3.10/site-packages'
[9.166s] Level 1:colcon.colcon_core.environment:checking '/home/ros/Workshop/src/install/rslidar_msg/bin'
[9.170s] INFO:colcon.colcon_core.shell:Creating package script '/home/ros/Workshop/src/install/rslidar_msg/share/rslidar_msg/package.ps1'
[9.172s] INFO:colcon.colcon_core.shell:Creating package descriptor '/home/ros/Workshop/src/install/rslidar_msg/share/rslidar_msg/package.dsv'
[9.179s] INFO:colcon.colcon_core.shell:Creating package script '/home/ros/Workshop/src/install/rslidar_msg/share/rslidar_msg/package.sh'
[9.179s] INFO:colcon.colcon_core.shell:Creating package script '/home/ros/Workshop/src/install/rslidar_msg/share/rslidar_msg/package.bash'
[9.180s] INFO:colcon.colcon_core.shell:Creating package script '/home/ros/Workshop/src/install/rslidar_msg/share/rslidar_msg/package.zsh'
[9.181s] Level 1:colcon.colcon_core.environment:create_file_with_runtime_dependencies(/home/ros/Workshop/src/install/rslidar_msg/share/colcon-core/packages/rslidar_msg)
[9.183s] INFO:colcon.colcon_ros.task.ament_cmake.build:Building ROS package in '/home/ros/Workshop/src/rslidar_sdk_ros2' with build type 'ament_cmake'
[9.184s] INFO:colcon.colcon_cmake.task.cmake.build:Building CMake package in '/home/ros/Workshop/src/rslidar_sdk_ros2'
[9.188s] INFO:colcon.colcon_core.shell:Skip shell extension 'powershell' for command environment: Not usable outside of PowerShell
[9.188s] DEBUG:colcon.colcon_core.shell:Skip shell extension 'dsv' for command environment
[9.293s] DEBUG:colcon.colcon_core.event_handler.log_command:Invoking command in '/home/ros/Workshop/src/build/rslidar_sdk': AMENT_PREFIX_PATH=/home/ros/Workshop/src/install/rslidar_msg:${AMENT_PREFIX_PATH} CMAKE_PREFIX_PATH=/home/ros/Workshop/src/install/rslidar_msg:/workspaces/my_ros2_ws/install:/opt/ros/humble LD_LIBRARY_PATH=/home/ros/Workshop/src/install/rslidar_msg/lib:${LD_LIBRARY_PATH} PYTHONPATH=/home/ros/Workshop/src/install/rslidar_msg/local/lib/python3.10/dist-packages:${PYTHONPATH} /usr/bin/cmake --build /home/ros/Workshop/src/build/rslidar_sdk -- -j4 -l4
[9.851s] Level 1:colcon.colcon_core.environment:create_environment_scripts_only(unitree_nav_interfaces)
[9.855s] Level 1:colcon.colcon_core.environment:checking '/home/ros/Workshop/src/install/unitree_nav_interfaces' for CMake module files
[9.856s] Level 1:colcon.colcon_core.environment:checking '/home/ros/Workshop/src/install/unitree_nav_interfaces' for CMake config files
[9.858s] Level 1:colcon.colcon_core.shell:create_environment_hook('unitree_nav_interfaces', 'cmake_prefix_path')
[9.861s] INFO:colcon.colcon_core.shell:Creating environment hook '/home/ros/Workshop/src/install/unitree_nav_interfaces/share/unitree_nav_interfaces/hook/cmake_prefix_path.ps1'
[9.861s] INFO:colcon.colcon_core.shell:Creating environment descriptor '/home/ros/Workshop/src/install/unitree_nav_interfaces/share/unitree_nav_interfaces/hook/cmake_prefix_path.dsv'
[9.862s] INFO:colcon.colcon_core.shell:Creating environment hook '/home/ros/Workshop/src/install/unitree_nav_interfaces/share/unitree_nav_interfaces/hook/cmake_prefix_path.sh'
[9.863s] Level 1:colcon.colcon_core.environment:checking '/home/ros/Workshop/src/install/unitree_nav_interfaces/lib'
[9.863s] Level 1:colcon.colcon_core.shell:create_environment_hook('unitree_nav_interfaces', 'ld_library_path_lib')
[9.865s] INFO:colcon.colcon_core.shell:Creating environment hook '/home/ros/Workshop/src/install/unitree_nav_interfaces/share/unitree_nav_interfaces/hook/ld_library_path_lib.ps1'
[9.865s] INFO:colcon.colcon_core.shell:Creating environment descriptor '/home/ros/Workshop/src/install/unitree_nav_interfaces/share/unitree_nav_interfaces/hook/ld_library_path_lib.dsv'
[9.866s] INFO:colcon.colcon_core.shell:Creating environment hook '/home/ros/Workshop/src/install/unitree_nav_interfaces/share/unitree_nav_interfaces/hook/ld_library_path_lib.sh'
[9.866s] Level 1:colcon.colcon_core.environment:checking '/home/ros/Workshop/src/install/unitree_nav_interfaces/bin'
[9.866s] Level 1:colcon.colcon_core.environment:checking '/home/ros/Workshop/src/install/unitree_nav_interfaces/lib/pkgconfig/unitree_nav_interfaces.pc'
[9.867s] Level 1:colcon.colcon_core.environment:checking '/home/ros/Workshop/src/install/unitree_nav_interfaces/lib/python3.10/site-packages'
[9.867s] Level 1:colcon.colcon_core.environment:checking '/home/ros/Workshop/src/install/unitree_nav_interfaces/bin'
[9.869s] INFO:colcon.colcon_core.shell:Creating package script '/home/ros/Workshop/src/install/unitree_nav_interfaces/share/unitree_nav_interfaces/package.ps1'
[9.870s] INFO:colcon.colcon_core.shell:Creating package descriptor '/home/ros/Workshop/src/install/unitree_nav_interfaces/share/unitree_nav_interfaces/package.dsv'
[9.871s] INFO:colcon.colcon_core.shell:Creating package script '/home/ros/Workshop/src/install/unitree_nav_interfaces/share/unitree_nav_interfaces/package.sh'
[9.871s] INFO:colcon.colcon_core.shell:Creating package script '/home/ros/Workshop/src/install/unitree_nav_interfaces/share/unitree_nav_interfaces/package.bash'
[9.872s] INFO:colcon.colcon_core.shell:Creating package script '/home/ros/Workshop/src/install/unitree_nav_interfaces/share/unitree_nav_interfaces/package.zsh'
[9.873s] Level 1:colcon.colcon_core.environment:create_file_with_runtime_dependencies(/home/ros/Workshop/src/install/unitree_nav_interfaces/share/colcon-core/packages/unitree_nav_interfaces)
[9.893s] DEBUG:colcon.colcon_core.event_handler.log_command:Invoked command in '/home/ros/Workshop/src/build/rslidar_sdk' returned '0': AMENT_PREFIX_PATH=/home/ros/Workshop/src/install/rslidar_msg:${AMENT_PREFIX_PATH} CMAKE_PREFIX_PATH=/home/ros/Workshop/src/install/rslidar_msg:/workspaces/my_ros2_ws/install:/opt/ros/humble LD_LIBRARY_PATH=/home/ros/Workshop/src/install/rslidar_msg/lib:${LD_LIBRARY_PATH} PYTHONPATH=/home/ros/Workshop/src/install/rslidar_msg/local/lib/python3.10/dist-packages:${PYTHONPATH} /usr/bin/cmake --build /home/ros/Workshop/src/build/rslidar_sdk -- -j4 -l4
[10.287s] DEBUG:colcon.colcon_core.event_handler.log_command:Invoking command in '/home/ros/Workshop/src/build/rslidar_sdk': AMENT_PREFIX_PATH=/home/ros/Workshop/src/install/rslidar_msg:${AMENT_PREFIX_PATH} CMAKE_PREFIX_PATH=/home/ros/Workshop/src/install/rslidar_msg:/workspaces/my_ros2_ws/install:/opt/ros/humble LD_LIBRARY_PATH=/home/ros/Workshop/src/install/rslidar_msg/lib:${LD_LIBRARY_PATH} PYTHONPATH=/home/ros/Workshop/src/install/rslidar_msg/local/lib/python3.10/dist-packages:${PYTHONPATH} /usr/bin/cmake --install /home/ros/Workshop/src/build/rslidar_sdk
[10.433s] Level 1:colcon.colcon_core.environment:create_environment_scripts_only(rslidar_sdk)
[10.438s] Level 1:colcon.colcon_core.environment:checking '/home/ros/Workshop/src/install/rslidar_sdk' for CMake module files
[10.439s] DEBUG:colcon.colcon_core.event_handler.log_command:Invoked command in '/home/ros/Workshop/src/build/rslidar_sdk' returned '0': AMENT_PREFIX_PATH=/home/ros/Workshop/src/install/rslidar_msg:${AMENT_PREFIX_PATH} CMAKE_PREFIX_PATH=/home/ros/Workshop/src/install/rslidar_msg:/workspaces/my_ros2_ws/install:/opt/ros/humble LD_LIBRARY_PATH=/home/ros/Workshop/src/install/rslidar_msg/lib:${LD_LIBRARY_PATH} PYTHONPATH=/home/ros/Workshop/src/install/rslidar_msg/local/lib/python3.10/dist-packages:${PYTHONPATH} /usr/bin/cmake --install /home/ros/Workshop/src/build/rslidar_sdk
[10.440s] Level 1:colcon.colcon_core.environment:checking '/home/ros/Workshop/src/install/rslidar_sdk' for CMake config files
[10.441s] Level 1:colcon.colcon_core.shell:create_environment_hook('rslidar_sdk', 'cmake_prefix_path')
[10.443s] INFO:colcon.colcon_core.shell:Creating environment hook '/home/ros/Workshop/src/install/rslidar_sdk/share/rslidar_sdk/hook/cmake_prefix_path.ps1'
[10.444s] INFO:colcon.colcon_core.shell:Creating environment descriptor '/home/ros/Workshop/src/install/rslidar_sdk/share/rslidar_sdk/hook/cmake_prefix_path.dsv'
[10.444s] INFO:colcon.colcon_core.shell:Creating environment hook '/home/ros/Workshop/src/install/rslidar_sdk/share/rslidar_sdk/hook/cmake_prefix_path.sh'
[10.445s] Level 1:colcon.colcon_core.environment:checking '/home/ros/Workshop/src/install/rslidar_sdk/lib'
[10.446s] Level 1:colcon.colcon_core.environment:checking '/home/ros/Workshop/src/install/rslidar_sdk/bin'
[10.446s] Level 1:colcon.colcon_core.environment:checking '/home/ros/Workshop/src/install/rslidar_sdk/lib/pkgconfig/rslidar_sdk.pc'
[10.446s] Level 1:colcon.colcon_core.environment:checking '/home/ros/Workshop/src/install/rslidar_sdk/lib/python3.10/site-packages'
[10.447s] Level 1:colcon.colcon_core.environment:checking '/home/ros/Workshop/src/install/rslidar_sdk/bin'
[10.449s] INFO:colcon.colcon_core.shell:Creating package script '/home/ros/Workshop/src/install/rslidar_sdk/share/rslidar_sdk/package.ps1'
[10.450s] INFO:colcon.colcon_core.shell:Creating package descriptor '/home/ros/Workshop/src/install/rslidar_sdk/share/rslidar_sdk/package.dsv'
[10.451s] INFO:colcon.colcon_core.shell:Creating package script '/home/ros/Workshop/src/install/rslidar_sdk/share/rslidar_sdk/package.sh'
[10.452s] INFO:colcon.colcon_core.shell:Creating package script '/home/ros/Workshop/src/install/rslidar_sdk/share/rslidar_sdk/package.bash'
[10.453s] INFO:colcon.colcon_core.shell:Creating package script '/home/ros/Workshop/src/install/rslidar_sdk/share/rslidar_sdk/package.zsh'
[10.454s] Level 1:colcon.colcon_core.environment:create_file_with_runtime_dependencies(/home/ros/Workshop/src/install/rslidar_sdk/share/colcon-core/packages/rslidar_sdk)
[10.820s] Level 1:colcon.colcon_core.environment:create_environment_scripts_only(rslidar_sdk)
[10.824s] Level 1:colcon.colcon_core.environment:checking '/home/ros/Workshop/src/install/rslidar_sdk' for CMake module files
[10.826s] Level 1:colcon.colcon_core.environment:checking '/home/ros/Workshop/src/install/rslidar_sdk' for CMake config files
[10.826s] Level 1:colcon.colcon_core.shell:create_environment_hook('rslidar_sdk', 'cmake_prefix_path')
[10.830s] INFO:colcon.colcon_core.shell:Creating environment hook '/home/ros/Workshop/src/install/rslidar_sdk/share/rslidar_sdk/hook/cmake_prefix_path.ps1'
[10.831s] INFO:colcon.colcon_core.shell:Creating environment descriptor '/home/ros/Workshop/src/install/rslidar_sdk/share/rslidar_sdk/hook/cmake_prefix_path.dsv'
[10.831s] INFO:colcon.colcon_core.shell:Creating environment hook '/home/ros/Workshop/src/install/rslidar_sdk/share/rslidar_sdk/hook/cmake_prefix_path.sh'
[10.832s] Level 1:colcon.colcon_core.environment:checking '/home/ros/Workshop/src/install/rslidar_sdk/lib'
[10.832s] Level 1:colcon.colcon_core.environment:checking '/home/ros/Workshop/src/install/rslidar_sdk/bin'
[10.832s] Level 1:colcon.colcon_core.environment:checking '/home/ros/Workshop/src/install/rslidar_sdk/lib/pkgconfig/rslidar_sdk.pc'
[10.833s] Level 1:colcon.colcon_core.environment:checking '/home/ros/Workshop/src/install/rslidar_sdk/lib/python3.10/site-packages'
[10.833s] Level 1:colcon.colcon_core.environment:checking '/home/ros/Workshop/src/install/rslidar_sdk/bin'
[10.836s] INFO:colcon.colcon_core.shell:Creating package script '/home/ros/Workshop/src/install/rslidar_sdk/share/rslidar_sdk/package.ps1'
[10.837s] INFO:colcon.colcon_core.shell:Creating package descriptor '/home/ros/Workshop/src/install/rslidar_sdk/share/rslidar_sdk/package.dsv'
[10.838s] INFO:colcon.colcon_core.shell:Creating package script '/home/ros/Workshop/src/install/rslidar_sdk/share/rslidar_sdk/package.sh'
[10.838s] INFO:colcon.colcon_core.shell:Creating package script '/home/ros/Workshop/src/install/rslidar_sdk/share/rslidar_sdk/package.bash'
[10.839s] INFO:colcon.colcon_core.shell:Creating package script '/home/ros/Workshop/src/install/rslidar_sdk/share/rslidar_sdk/package.zsh'
[10.839s] Level 1:colcon.colcon_core.environment:create_file_with_runtime_dependencies(/home/ros/Workshop/src/install/rslidar_sdk/share/colcon-core/packages/rslidar_sdk)
[11.340s] DEBUG:colcon.colcon_core.event_handler.log_command:Invoking command in '/home/ros/Workshop/src/build/ros2_unitree_legged_msgs': CMAKE_PREFIX_PATH=${CMAKE_PREFIX_PATH}:/opt/ros/humble /usr/bin/cmake --install /home/ros/Workshop/src/build/ros2_unitree_legged_msgs
[11.607s] Level 1:colcon.colcon_core.environment:create_environment_scripts_only(ros2_unitree_legged_msgs)
[11.610s] Level 1:colcon.colcon_core.environment:checking '/home/ros/Workshop/src/install/ros2_unitree_legged_msgs' for CMake module files
[11.611s] DEBUG:colcon.colcon_core.event_handler.log_command:Invoked command in '/home/ros/Workshop/src/build/ros2_unitree_legged_msgs' returned '0': CMAKE_PREFIX_PATH=${CMAKE_PREFIX_PATH}:/opt/ros/humble /usr/bin/cmake --install /home/ros/Workshop/src/build/ros2_unitree_legged_msgs
[11.612s] Level 1:colcon.colcon_core.environment:checking '/home/ros/Workshop/src/install/ros2_unitree_legged_msgs' for CMake config files
[11.617s] Level 1:colcon.colcon_core.shell:create_environment_hook('ros2_unitree_legged_msgs', 'cmake_prefix_path')
[11.619s] INFO:colcon.colcon_core.shell:Creating environment hook '/home/ros/Workshop/src/install/ros2_unitree_legged_msgs/share/ros2_unitree_legged_msgs/hook/cmake_prefix_path.ps1'
[11.620s] INFO:colcon.colcon_core.shell:Creating environment descriptor '/home/ros/Workshop/src/install/ros2_unitree_legged_msgs/share/ros2_unitree_legged_msgs/hook/cmake_prefix_path.dsv'
[11.620s] INFO:colcon.colcon_core.shell:Creating environment hook '/home/ros/Workshop/src/install/ros2_unitree_legged_msgs/share/ros2_unitree_legged_msgs/hook/cmake_prefix_path.sh'
[11.621s] Level 1:colcon.colcon_core.environment:checking '/home/ros/Workshop/src/install/ros2_unitree_legged_msgs/lib'
[11.621s] Level 1:colcon.colcon_core.shell:create_environment_hook('ros2_unitree_legged_msgs', 'ld_library_path_lib')
[11.623s] INFO:colcon.colcon_core.shell:Creating environment hook '/home/ros/Workshop/src/install/ros2_unitree_legged_msgs/share/ros2_unitree_legged_msgs/hook/ld_library_path_lib.ps1'
[11.623s] INFO:colcon.colcon_core.shell:Creating environment descriptor '/home/ros/Workshop/src/install/ros2_unitree_legged_msgs/share/ros2_unitree_legged_msgs/hook/ld_library_path_lib.dsv'
[11.624s] INFO:colcon.colcon_core.shell:Creating environment hook '/home/ros/Workshop/src/install/ros2_unitree_legged_msgs/share/ros2_unitree_legged_msgs/hook/ld_library_path_lib.sh'
[11.624s] Level 1:colcon.colcon_core.environment:checking '/home/ros/Workshop/src/install/ros2_unitree_legged_msgs/bin'
[11.624s] Level 1:colcon.colcon_core.environment:checking '/home/ros/Workshop/src/install/ros2_unitree_legged_msgs/lib/pkgconfig/ros2_unitree_legged_msgs.pc'
[11.625s] Level 1:colcon.colcon_core.environment:checking '/home/ros/Workshop/src/install/ros2_unitree_legged_msgs/lib/python3.10/site-packages'
[11.625s] Level 1:colcon.colcon_core.environment:checking '/home/ros/Workshop/src/install/ros2_unitree_legged_msgs/bin'
[11.627s] INFO:colcon.colcon_core.shell:Creating package script '/home/ros/Workshop/src/install/ros2_unitree_legged_msgs/share/ros2_unitree_legged_msgs/package.ps1'
[11.627s] INFO:colcon.colcon_core.shell:Creating package descriptor '/home/ros/Workshop/src/install/ros2_unitree_legged_msgs/share/ros2_unitree_legged_msgs/package.dsv'
[11.628s] INFO:colcon.colcon_core.shell:Creating package script '/home/ros/Workshop/src/install/ros2_unitree_legged_msgs/share/ros2_unitree_legged_msgs/package.sh'
[11.628s] INFO:colcon.colcon_core.shell:Creating package script '/home/ros/Workshop/src/install/ros2_unitree_legged_msgs/share/ros2_unitree_legged_msgs/package.bash'
[11.629s] INFO:colcon.colcon_core.shell:Creating package script '/home/ros/Workshop/src/install/ros2_unitree_legged_msgs/share/ros2_unitree_legged_msgs/package.zsh'
[11.629s] Level 1:colcon.colcon_core.environment:create_file_with_runtime_dependencies(/home/ros/Workshop/src/install/ros2_unitree_legged_msgs/share/colcon-core/packages/ros2_unitree_legged_msgs)
[15.268s] Level 1:colcon.colcon_core.environment:create_environment_scripts_only(ros2_unitree_legged_msgs)
[15.270s] Level 1:colcon.colcon_core.environment:checking '/home/ros/Workshop/src/install/ros2_unitree_legged_msgs' for CMake module files
[15.271s] Level 1:colcon.colcon_core.environment:checking '/home/ros/Workshop/src/install/ros2_unitree_legged_msgs' for CMake config files
[15.274s] Level 1:colcon.colcon_core.shell:create_environment_hook('ros2_unitree_legged_msgs', 'cmake_prefix_path')
[15.276s] INFO:colcon.colcon_core.shell:Creating environment hook '/home/ros/Workshop/src/install/ros2_unitree_legged_msgs/share/ros2_unitree_legged_msgs/hook/cmake_prefix_path.ps1'
[15.276s] INFO:colcon.colcon_core.shell:Creating environment descriptor '/home/ros/Workshop/src/install/ros2_unitree_legged_msgs/share/ros2_unitree_legged_msgs/hook/cmake_prefix_path.dsv'
[15.277s] INFO:colcon.colcon_core.shell:Creating environment hook '/home/ros/Workshop/src/install/ros2_unitree_legged_msgs/share/ros2_unitree_legged_msgs/hook/cmake_prefix_path.sh'
[15.277s] Level 1:colcon.colcon_core.environment:checking '/home/ros/Workshop/src/install/ros2_unitree_legged_msgs/lib'
[15.277s] Level 1:colcon.colcon_core.shell:create_environment_hook('ros2_unitree_legged_msgs', 'ld_library_path_lib')
[15.279s] INFO:colcon.colcon_core.shell:Creating environment hook '/home/ros/Workshop/src/install/ros2_unitree_legged_msgs/share/ros2_unitree_legged_msgs/hook/ld_library_path_lib.ps1'
[15.280s] INFO:colcon.colcon_core.shell:Creating environment descriptor '/home/ros/Workshop/src/install/ros2_unitree_legged_msgs/share/ros2_unitree_legged_msgs/hook/ld_library_path_lib.dsv'
[15.280s] INFO:colcon.colcon_core.shell:Creating environment hook '/home/ros/Workshop/src/install/ros2_unitree_legged_msgs/share/ros2_unitree_legged_msgs/hook/ld_library_path_lib.sh'
[15.280s] Level 1:colcon.colcon_core.environment:checking '/home/ros/Workshop/src/install/ros2_unitree_legged_msgs/bin'
[15.280s] Level 1:colcon.colcon_core.environment:checking '/home/ros/Workshop/src/install/ros2_unitree_legged_msgs/lib/pkgconfig/ros2_unitree_legged_msgs.pc'
[15.281s] Level 1:colcon.colcon_core.environment:checking '/home/ros/Workshop/src/install/ros2_unitree_legged_msgs/lib/python3.10/site-packages'
[15.281s] Level 1:colcon.colcon_core.environment:checking '/home/ros/Workshop/src/install/ros2_unitree_legged_msgs/bin'
[15.283s] INFO:colcon.colcon_core.shell:Creating package script '/home/ros/Workshop/src/install/ros2_unitree_legged_msgs/share/ros2_unitree_legged_msgs/package.ps1'
[15.284s] INFO:colcon.colcon_core.shell:Creating package descriptor '/home/ros/Workshop/src/install/ros2_unitree_legged_msgs/share/ros2_unitree_legged_msgs/package.dsv'
[15.284s] INFO:colcon.colcon_core.shell:Creating package script '/home/ros/Workshop/src/install/ros2_unitree_legged_msgs/share/ros2_unitree_legged_msgs/package.sh'
[15.285s] INFO:colcon.colcon_core.shell:Creating package script '/home/ros/Workshop/src/install/ros2_unitree_legged_msgs/share/ros2_unitree_legged_msgs/package.bash'
[15.286s] INFO:colcon.colcon_core.shell:Creating package script '/home/ros/Workshop/src/install/ros2_unitree_legged_msgs/share/ros2_unitree_legged_msgs/package.zsh'
[15.286s] Level 1:colcon.colcon_core.environment:create_file_with_runtime_dependencies(/home/ros/Workshop/src/install/ros2_unitree_legged_msgs/share/colcon-core/packages/ros2_unitree_legged_msgs)
[15.287s] INFO:colcon.colcon_ros.task.ament_cmake.build:Building ROS package in '/home/ros/Workshop/src/unitree_ros2/unitree_legged_real' with build type 'ament_cmake'
[15.287s] INFO:colcon.colcon_cmake.task.cmake.build:Building CMake package in '/home/ros/Workshop/src/unitree_ros2/unitree_legged_real'
[15.288s] INFO:colcon.colcon_core.shell:Skip shell extension 'powershell' for command environment: Not usable outside of PowerShell
[15.289s] DEBUG:colcon.colcon_core.shell:Skip shell extension 'dsv' for command environment
[15.303s] INFO:colcon.colcon_ros.task.ament_cmake.build:Building ROS package in '/home/ros/Workshop/src/unitree_nav/unitree_nav' with build type 'ament_cmake'
[15.303s] INFO:colcon.colcon_cmake.task.cmake.build:Building CMake package in '/home/ros/Workshop/src/unitree_nav/unitree_nav'
[15.308s] INFO:colcon.colcon_core.shell:Skip shell extension 'powershell' for command environment: Not usable outside of PowerShell
[15.308s] DEBUG:colcon.colcon_core.shell:Skip shell extension 'dsv' for command environment
[15.371s] DEBUG:colcon.colcon_core.event_handler.log_command:Invoking command in '/home/ros/Workshop/src/build/unitree_legged_real': AMENT_PREFIX_PATH=/home/ros/Workshop/src/install/ros2_unitree_legged_msgs:${AMENT_PREFIX_PATH} CMAKE_PREFIX_PATH=/home/ros/Workshop/src/install/ros2_unitree_legged_msgs:/workspaces/my_ros2_ws/install:/opt/ros/humble LD_LIBRARY_PATH=/home/ros/Workshop/src/install/ros2_unitree_legged_msgs/lib:${LD_LIBRARY_PATH} PYTHONPATH=/home/ros/Workshop/src/install/ros2_unitree_legged_msgs/local/lib/python3.10/dist-packages:${PYTHONPATH} /usr/bin/cmake --build /home/ros/Workshop/src/build/unitree_legged_real -- -j4 -l4
[15.421s] DEBUG:colcon.colcon_core.event_handler.log_command:Invoking command in '/home/ros/Workshop/src/build/unitree_nav': AMENT_PREFIX_PATH=/home/ros/Workshop/src/install/rslidar_sdk:/home/ros/Workshop/src/install/unitree_nav_interfaces:/home/ros/Workshop/src/install/rslidar_msg:/home/ros/Workshop/src/install/ros2_unitree_legged_msgs:${AMENT_PREFIX_PATH} CMAKE_PREFIX_PATH=/home/ros/Workshop/src/install/rslidar_sdk:/home/ros/Workshop/src/install/unitree_nav_interfaces:/home/ros/Workshop/src/install/rslidar_msg:/home/ros/Workshop/src/install/ros2_unitree_legged_msgs:/workspaces/my_ros2_ws/install:/opt/ros/humble LD_LIBRARY_PATH=/home/ros/Workshop/src/install/unitree_nav_interfaces/lib:/home/ros/Workshop/src/install/rslidar_msg/lib:/home/ros/Workshop/src/install/ros2_unitree_legged_msgs/lib:${LD_LIBRARY_PATH} PYTHONPATH=/home/ros/Workshop/src/install/unitree_nav_interfaces/local/lib/python3.10/dist-packages:/home/ros/Workshop/src/install/rslidar_msg/local/lib/python3.10/dist-packages:/home/ros/Workshop/src/install/ros2_unitree_legged_msgs/local/lib/python3.10/dist-packages:${PYTHONPATH} /usr/bin/cmake /home/ros/Workshop/src/unitree_nav/unitree_nav -DCMAKE_INSTALL_PREFIX=/home/ros/Workshop/src/install/unitree_nav
[16.716s] DEBUG:colcon.colcon_core.event_handler.log_command:Invoked command in '/home/ros/Workshop/src/build/unitree_legged_real' returned '0': AMENT_PREFIX_PATH=/home/ros/Workshop/src/install/ros2_unitree_legged_msgs:${AMENT_PREFIX_PATH} CMAKE_PREFIX_PATH=/home/ros/Workshop/src/install/ros2_unitree_legged_msgs:/workspaces/my_ros2_ws/install:/opt/ros/humble LD_LIBRARY_PATH=/home/ros/Workshop/src/install/ros2_unitree_legged_msgs/lib:${LD_LIBRARY_PATH} PYTHONPATH=/home/ros/Workshop/src/install/ros2_unitree_legged_msgs/local/lib/python3.10/dist-packages:${PYTHONPATH} /usr/bin/cmake --build /home/ros/Workshop/src/build/unitree_legged_real -- -j4 -l4
[17.485s] DEBUG:colcon.colcon_core.event_handler.log_command:Invoking command in '/home/ros/Workshop/src/build/unitree_legged_real': AMENT_PREFIX_PATH=/home/ros/Workshop/src/install/ros2_unitree_legged_msgs:${AMENT_PREFIX_PATH} CMAKE_PREFIX_PATH=/home/ros/Workshop/src/install/ros2_unitree_legged_msgs:/workspaces/my_ros2_ws/install:/opt/ros/humble LD_LIBRARY_PATH=/home/ros/Workshop/src/install/ros2_unitree_legged_msgs/lib:${LD_LIBRARY_PATH} PYTHONPATH=/home/ros/Workshop/src/install/ros2_unitree_legged_msgs/local/lib/python3.10/dist-packages:${PYTHONPATH} /usr/bin/cmake --install /home/ros/Workshop/src/build/unitree_legged_real
[17.612s] Level 1:colcon.colcon_core.environment:create_environment_scripts_only(unitree_legged_real)
[17.614s] Level 1:colcon.colcon_core.environment:checking '/home/ros/Workshop/src/install/unitree_legged_real' for CMake module files
[17.615s] DEBUG:colcon.colcon_core.event_handler.log_command:Invoked command in '/home/ros/Workshop/src/build/unitree_legged_real' returned '0': AMENT_PREFIX_PATH=/home/ros/Workshop/src/install/ros2_unitree_legged_msgs:${AMENT_PREFIX_PATH} CMAKE_PREFIX_PATH=/home/ros/Workshop/src/install/ros2_unitree_legged_msgs:/workspaces/my_ros2_ws/install:/opt/ros/humble LD_LIBRARY_PATH=/home/ros/Workshop/src/install/ros2_unitree_legged_msgs/lib:${LD_LIBRARY_PATH} PYTHONPATH=/home/ros/Workshop/src/install/ros2_unitree_legged_msgs/local/lib/python3.10/dist-packages:${PYTHONPATH} /usr/bin/cmake --install /home/ros/Workshop/src/build/unitree_legged_real
[17.617s] Level 1:colcon.colcon_core.environment:checking '/home/ros/Workshop/src/install/unitree_legged_real' for CMake config files
[17.620s] Level 1:colcon.colcon_core.shell:create_environment_hook('unitree_legged_real', 'cmake_prefix_path')
[17.622s] INFO:colcon.colcon_core.shell:Creating environment hook '/home/ros/Workshop/src/install/unitree_legged_real/share/unitree_legged_real/hook/cmake_prefix_path.ps1'
[17.624s] INFO:colcon.colcon_core.shell:Creating environment descriptor '/home/ros/Workshop/src/install/unitree_legged_real/share/unitree_legged_real/hook/cmake_prefix_path.dsv'
[17.624s] INFO:colcon.colcon_core.shell:Creating environment hook '/home/ros/Workshop/src/install/unitree_legged_real/share/unitree_legged_real/hook/cmake_prefix_path.sh'
[17.625s] Level 1:colcon.colcon_core.environment:checking '/home/ros/Workshop/src/install/unitree_legged_real/lib'
[17.625s] Level 1:colcon.colcon_core.shell:create_environment_hook('unitree_legged_real', 'ld_library_path_lib')
[17.627s] INFO:colcon.colcon_core.shell:Creating environment hook '/home/ros/Workshop/src/install/unitree_legged_real/share/unitree_legged_real/hook/ld_library_path_lib.ps1'
[17.628s] INFO:colcon.colcon_core.shell:Creating environment descriptor '/home/ros/Workshop/src/install/unitree_legged_real/share/unitree_legged_real/hook/ld_library_path_lib.dsv'
[17.629s] INFO:colcon.colcon_core.shell:Creating environment hook '/home/ros/Workshop/src/install/unitree_legged_real/share/unitree_legged_real/hook/ld_library_path_lib.sh'
[17.629s] Level 1:colcon.colcon_core.environment:checking '/home/ros/Workshop/src/install/unitree_legged_real/bin'
[17.630s] Level 1:colcon.colcon_core.environment:checking '/home/ros/Workshop/src/install/unitree_legged_real/lib/pkgconfig/unitree_legged_real.pc'
[17.630s] Level 1:colcon.colcon_core.environment:checking '/home/ros/Workshop/src/install/unitree_legged_real/lib/python3.10/site-packages'
[17.630s] Level 1:colcon.colcon_core.environment:checking '/home/ros/Workshop/src/install/unitree_legged_real/bin'
[17.632s] INFO:colcon.colcon_core.shell:Creating package script '/home/ros/Workshop/src/install/unitree_legged_real/share/unitree_legged_real/package.ps1'
[17.633s] INFO:colcon.colcon_core.shell:Creating package descriptor '/home/ros/Workshop/src/install/unitree_legged_real/share/unitree_legged_real/package.dsv'
[17.634s] INFO:colcon.colcon_core.shell:Creating package script '/home/ros/Workshop/src/install/unitree_legged_real/share/unitree_legged_real/package.sh'
[17.634s] INFO:colcon.colcon_core.shell:Creating package script '/home/ros/Workshop/src/install/unitree_legged_real/share/unitree_legged_real/package.bash'
[17.635s] INFO:colcon.colcon_core.shell:Creating package script '/home/ros/Workshop/src/install/unitree_legged_real/share/unitree_legged_real/package.zsh'
[17.635s] Level 1:colcon.colcon_core.environment:create_file_with_runtime_dependencies(/home/ros/Workshop/src/install/unitree_legged_real/share/colcon-core/packages/unitree_legged_real)
[18.319s] Level 1:colcon.colcon_core.environment:create_environment_scripts_only(unitree_legged_real)
[18.322s] Level 1:colcon.colcon_core.environment:checking '/home/ros/Workshop/src/install/unitree_legged_real' for CMake module files
[18.323s] Level 1:colcon.colcon_core.environment:checking '/home/ros/Workshop/src/install/unitree_legged_real' for CMake config files
[18.324s] Level 1:colcon.colcon_core.shell:create_environment_hook('unitree_legged_real', 'cmake_prefix_path')
[18.326s] INFO:colcon.colcon_core.shell:Creating environment hook '/home/ros/Workshop/src/install/unitree_legged_real/share/unitree_legged_real/hook/cmake_prefix_path.ps1'
[18.326s] INFO:colcon.colcon_core.shell:Creating environment descriptor '/home/ros/Workshop/src/install/unitree_legged_real/share/unitree_legged_real/hook/cmake_prefix_path.dsv'
[18.327s] INFO:colcon.colcon_core.shell:Creating environment hook '/home/ros/Workshop/src/install/unitree_legged_real/share/unitree_legged_real/hook/cmake_prefix_path.sh'
[18.327s] Level 1:colcon.colcon_core.environment:checking '/home/ros/Workshop/src/install/unitree_legged_real/lib'
[18.328s] Level 1:colcon.colcon_core.shell:create_environment_hook('unitree_legged_real', 'ld_library_path_lib')
[18.329s] INFO:colcon.colcon_core.shell:Creating environment hook '/home/ros/Workshop/src/install/unitree_legged_real/share/unitree_legged_real/hook/ld_library_path_lib.ps1'
[18.330s] INFO:colcon.colcon_core.shell:Creating environment descriptor '/home/ros/Workshop/src/install/unitree_legged_real/share/unitree_legged_real/hook/ld_library_path_lib.dsv'
[18.330s] INFO:colcon.colcon_core.shell:Creating environment hook '/home/ros/Workshop/src/install/unitree_legged_real/share/unitree_legged_real/hook/ld_library_path_lib.sh'
[18.331s] Level 1:colcon.colcon_core.environment:checking '/home/ros/Workshop/src/install/unitree_legged_real/bin'
[18.331s] Level 1:colcon.colcon_core.environment:checking '/home/ros/Workshop/src/install/unitree_legged_real/lib/pkgconfig/unitree_legged_real.pc'
[18.331s] Level 1:colcon.colcon_core.environment:checking '/home/ros/Workshop/src/install/unitree_legged_real/lib/python3.10/site-packages'
[18.331s] Level 1:colcon.colcon_core.environment:checking '/home/ros/Workshop/src/install/unitree_legged_real/bin'
[18.334s] INFO:colcon.colcon_core.shell:Creating package script '/home/ros/Workshop/src/install/unitree_legged_real/share/unitree_legged_real/package.ps1'
[18.334s] INFO:colcon.colcon_core.shell:Creating package descriptor '/home/ros/Workshop/src/install/unitree_legged_real/share/unitree_legged_real/package.dsv'
[18.335s] INFO:colcon.colcon_core.shell:Creating package script '/home/ros/Workshop/src/install/unitree_legged_real/share/unitree_legged_real/package.sh'
[18.336s] INFO:colcon.colcon_core.shell:Creating package script '/home/ros/Workshop/src/install/unitree_legged_real/share/unitree_legged_real/package.bash'
[18.336s] INFO:colcon.colcon_core.shell:Creating package script '/home/ros/Workshop/src/install/unitree_legged_real/share/unitree_legged_real/package.zsh'
[18.337s] Level 1:colcon.colcon_core.environment:create_file_with_runtime_dependencies(/home/ros/Workshop/src/install/unitree_legged_real/share/colcon-core/packages/unitree_legged_real)
[19.554s] WARNING:colcon.colcon_cmake.task.cmake.build:Could not build CMake package 'unitree_nav' because the CMake cache has no 'CMAKE_PROJECT_NAME' variable
[19.555s] DEBUG:colcon.colcon_core.event_handler.log_command:Invoked command in '/home/ros/Workshop/src/build/unitree_nav' returned '0': AMENT_PREFIX_PATH=/home/ros/Workshop/src/install/rslidar_sdk:/home/ros/Workshop/src/install/unitree_nav_interfaces:/home/ros/Workshop/src/install/rslidar_msg:/home/ros/Workshop/src/install/ros2_unitree_legged_msgs:${AMENT_PREFIX_PATH} CMAKE_PREFIX_PATH=/home/ros/Workshop/src/install/rslidar_sdk:/home/ros/Workshop/src/install/unitree_nav_interfaces:/home/ros/Workshop/src/install/rslidar_msg:/home/ros/Workshop/src/install/ros2_unitree_legged_msgs:/workspaces/my_ros2_ws/install:/opt/ros/humble LD_LIBRARY_PATH=/home/ros/Workshop/src/install/unitree_nav_interfaces/lib:/home/ros/Workshop/src/install/rslidar_msg/lib:/home/ros/Workshop/src/install/ros2_unitree_legged_msgs/lib:${LD_LIBRARY_PATH} PYTHONPATH=/home/ros/Workshop/src/install/unitree_nav_interfaces/local/lib/python3.10/dist-packages:/home/ros/Workshop/src/install/rslidar_msg/local/lib/python3.10/dist-packages:/home/ros/Workshop/src/install/ros2_unitree_legged_msgs/local/lib/python3.10/dist-packages:${PYTHONPATH} /usr/bin/cmake /home/ros/Workshop/src/unitree_nav/unitree_nav -DCMAKE_INSTALL_PREFIX=/home/ros/Workshop/src/install/unitree_nav
[19.567s] DEBUG:colcon.colcon_parallel_executor.executor.parallel:closing loop
[19.567s] DEBUG:colcon.colcon_parallel_executor.executor.parallel:loop closed
[19.568s] DEBUG:colcon.colcon_parallel_executor.executor.parallel:run_until_complete finished with 'argument of type 'NoneType' is not iterable'
[19.568s] DEBUG:colcon.colcon_core.event_reactor:joining thread
[19.592s] INFO:colcon.colcon_core.plugin_system:Skipping extension 'colcon_notification.desktop_notification.terminal_notifier': Not used on non-Darwin systems
[19.592s] INFO:colcon.colcon_core.plugin_system:Skipping extension 'colcon_notification.desktop_notification.win32': Not used on non-Windows systems
[19.592s] INFO:colcon.colcon_notification.desktop_notification:Sending desktop notification using 'notify2'
[19.642s] DEBUG:colcon.colcon_notification.desktop_notification.notify2:Failed to initialize notify2: org.freedesktop.DBus.Error.Spawn.ExecFailed: /usr/bin/dbus-launch terminated abnormally with the following error: Authorization required, but no authorization protocol specified
Autolaunch error: X11 initialization failed.

[19.642s] DEBUG:colcon.colcon_core.event_reactor:joined thread
[19.644s] INFO:colcon.colcon_core.shell:Creating prefix script '/home/ros/Workshop/src/install/local_setup.ps1'
[19.646s] INFO:colcon.colcon_core.shell:Creating prefix util module '/home/ros/Workshop/src/install/_local_setup_util_ps1.py'
[19.649s] INFO:colcon.colcon_core.shell:Creating prefix chain script '/home/ros/Workshop/src/install/setup.ps1'
[19.652s] INFO:colcon.colcon_core.shell:Creating prefix script '/home/ros/Workshop/src/install/local_setup.sh'
[19.653s] INFO:colcon.colcon_core.shell:Creating prefix util module '/home/ros/Workshop/src/install/_local_setup_util_sh.py'
[19.654s] INFO:colcon.colcon_core.shell:Creating prefix chain script '/home/ros/Workshop/src/install/setup.sh'
[19.657s] INFO:colcon.colcon_core.shell:Creating prefix script '/home/ros/Workshop/src/install/local_setup.bash'
[19.659s] INFO:colcon.colcon_core.shell:Creating prefix chain script '/home/ros/Workshop/src/install/setup.bash'
[19.661s] INFO:colcon.colcon_core.shell:Creating prefix script '/home/ros/Workshop/src/install/local_setup.zsh'
[19.662s] INFO:colcon.colcon_core.shell:Creating prefix chain script '/home/ros/Workshop/src/install/setup.zsh'
