[0.102s] Invoking command in '/home/ros/Workshop/src/build/unitree_nav_interfaces': CMAKE_PREFIX_PATH=${CMAKE_PREFIX_PATH}:/opt/ros/humble /usr/bin/cmake /home/ros/Workshop/src/unitree_nav/unitree_nav_interfaces -DAMENT_CMAKE_SYMLINK_INSTALL=1 -DCMAKE_INSTALL_PREFIX=/home/ros/Workshop/src/install/unitree_nav_interfaces
[0.208s] -- Found ament_cmake: 1.3.4 (/opt/ros/humble/share/ament_cmake/cmake)
[0.790s] -- Override CMake install command with custom implementation using symlinks instead of copying resources
[0.820s] -- Found geometry_msgs: 4.2.3 (/opt/ros/humble/share/geometry_msgs/cmake)
[0.872s] -- Found rosidl_generator_c: 3.1.4 (/opt/ros/humble/share/rosidl_generator_c/cmake)
[0.879s] -- Found rosidl_adapter: 3.1.4 (/opt/ros/humble/share/rosidl_adapter/cmake)
[0.897s] -- Found rosidl_generator_cpp: 3.1.4 (/opt/ros/humble/share/rosidl_generator_cpp/cmake)
[0.927s] -- Using all available rosidl_typesupport_c: rosidl_typesupport_fastrtps_c;rosidl_typesupport_introspection_c
[0.994s] -- Using all available rosidl_typesupport_cpp: rosidl_typesupport_fastrtps_cpp;rosidl_typesupport_introspection_cpp
[1.314s] -- Found rosidl_default_generators: 1.2.0 (/opt/ros/humble/share/rosidl_default_generators/cmake)
[2.347s] -- Found ament_cmake_ros: 0.10.0 (/opt/ros/humble/share/ament_cmake_ros/cmake)
[3.575s] -- Using all available rosidl_typesupport_c: rosidl_typesupport_fastrtps_c;rosidl_typesupport_introspection_c
[4.199s] -- Using all available rosidl_typesupport_cpp: rosidl_typesupport_fastrtps_cpp;rosidl_typesupport_introspection_cpp
[4.282s] -- Found python_cmake_module: 0.10.0 (/opt/ros/humble/share/python_cmake_module/cmake)
[4.354s] -- Using PYTHON_EXECUTABLE: /usr/bin/python3
[4.354s] -- Using PYTHON_INCLUDE_DIRS: /usr/include/python3.10
[4.354s] -- Using PYTHON_LIBRARIES: /usr/lib/x86_64-linux-gnu/libpython3.10.so
[4.438s] -- Found ament_lint_auto: 0.12.6 (/opt/ros/humble/share/ament_lint_auto/cmake)
[4.504s] -- Added test 'cppcheck' to perform static code analysis on C / C++ code
[4.506s] -- Configured cppcheck include dirs: $<BUILD_INTERFACE:/home/ros/Workshop/src/unitree_nav/unitree_nav_interfaces/rosidl_generator_c>;$<BUILD_INTERFACE:/home/ros/Workshop/src/unitree_nav/unitree_nav_interfaces/rosidl_typesupport_fastrtps_c>;$<BUILD_INTERFACE:/home/ros/Workshop/src/unitree_nav/unitree_nav_interfaces/rosidl_generator_cpp>;$<BUILD_INTERFACE:/home/ros/Workshop/src/unitree_nav/unitree_nav_interfaces/rosidl_typesupport_fastrtps_cpp>;$<BUILD_INTERFACE:/home/ros/Workshop/src/unitree_nav/unitree_nav_interfaces/rosidl_typesupport_introspection_c>;$<BUILD_INTERFACE:/home/ros/Workshop/src/unitree_nav/unitree_nav_interfaces/rosidl_typesupport_introspection_cpp>;/home/ros/Workshop/src/unitree_nav/unitree_nav_interfaces/rosidl_generator_c;/home/ros/Workshop/src/unitree_nav/unitree_nav_interfaces/rosidl_generator_py
[4.508s] -- Configured cppcheck exclude dirs and/or files: 
[4.513s] -- Added test 'flake8' to check Python code syntax and style conventions
[4.528s] -- Added test 'lint_cmake' to check CMake code style
[4.531s] -- Added test 'pep257' to check Python code against some of the docstring style conventions in PEP 257
[4.588s] -- Added test 'uncrustify' to check C / C++ code style
[4.588s] -- Configured uncrustify additional arguments: 
[4.596s] -- Added test 'xmllint' to check XML markup files
[4.602s] -- Configuring done
[4.716s] -- Generating done
[4.729s] -- Build files have been written to: /home/ros/Workshop/src/unitree_nav/unitree_nav_interfaces
[4.742s] Invoked command in '/home/ros/Workshop/src/build/unitree_nav_interfaces' returned '0': CMAKE_PREFIX_PATH=${CMAKE_PREFIX_PATH}:/opt/ros/humble /usr/bin/cmake /home/ros/Workshop/src/unitree_nav/unitree_nav_interfaces -DAMENT_CMAKE_SYMLINK_INSTALL=1 -DCMAKE_INSTALL_PREFIX=/home/ros/Workshop/src/install/unitree_nav_interfaces
[4.742s] Traceback (most recent call last):
  File "/usr/lib/python3/dist-packages/colcon_core/executor/__init__.py", line 91, in __call__
    rc = await self.task(*args, **kwargs)
  File "/usr/lib/python3/dist-packages/colcon_core/task/__init__.py", line 93, in __call__
    return await task_method(*args, **kwargs)
  File "/usr/lib/python3/dist-packages/colcon_ros/task/ament_cmake/build.py", line 65, in build
    has_install_target = await has_target(args.build_base, 'install')
  File "/usr/lib/python3/dist-packages/colcon_cmake/task/cmake/__init__.py", line 56, in has_target
    if 'Unix Makefiles' in generator:
TypeError: argument of type 'NoneType' is not iterable
