[0.131s] Invoking command in '/home/ros/Workshop/src/build/unitree_nav': AMENT_PREFIX_PATH=/home/ros/Workshop/src/install/rslidar_sdk:/home/ros/Workshop/src/install/unitree_nav_interfaces:/home/ros/Workshop/src/install/rslidar_msg:/home/ros/Workshop/src/install/ros2_unitree_legged_msgs:${AMENT_PREFIX_PATH} CMAKE_PREFIX_PATH=/home/ros/Workshop/src/install/rslidar_sdk:/home/ros/Workshop/src/install/unitree_nav_interfaces:/home/ros/Workshop/src/install/rslidar_msg:/home/ros/Workshop/src/install/ros2_unitree_legged_msgs:/workspaces/my_ros2_ws/install:/opt/ros/humble LD_LIBRARY_PATH=/home/ros/Workshop/src/install/unitree_nav_interfaces/lib:/home/ros/Workshop/src/install/rslidar_msg/lib:/home/ros/Workshop/src/install/ros2_unitree_legged_msgs/lib:${LD_LIBRARY_PATH} PYTHONPATH=/home/ros/Workshop/src/install/unitree_nav_interfaces/local/lib/python3.10/dist-packages:/home/ros/Workshop/src/install/rslidar_msg/local/lib/python3.10/dist-packages:/home/ros/Workshop/src/install/ros2_unitree_legged_msgs/local/lib/python3.10/dist-packages:${PYTHONPATH} /usr/bin/cmake /home/ros/Workshop/src/unitree_nav/unitree_nav -DAMENT_CMAKE_SYMLINK_INSTALL=1 -DCMAKE_INSTALL_PREFIX=/home/ros/Workshop/src/install/unitree_nav
[0.220s] -- Found ament_cmake: 1.3.4 (/opt/ros/humble/share/ament_cmake/cmake)
[0.756s] -- Override CMake install command with custom implementation using symlinks instead of copying resources
[0.812s] -- Found rclcpp: 16.0.4 (/opt/ros/humble/share/rclcpp/cmake)
[1.155s] -- Found rosidl_generator_c: 3.1.4 (/opt/ros/humble/share/rosidl_generator_c/cmake)
[1.163s] -- Found rosidl_adapter: 3.1.4 (/opt/ros/humble/share/rosidl_adapter/cmake)
[1.183s] -- Found rosidl_generator_cpp: 3.1.4 (/opt/ros/humble/share/rosidl_generator_cpp/cmake)
[1.232s] -- Using all available rosidl_typesupport_c: rosidl_typesupport_fastrtps_c;rosidl_typesupport_introspection_c
[1.286s] -- Using all available rosidl_typesupport_cpp: rosidl_typesupport_fastrtps_cpp;rosidl_typesupport_introspection_cpp
[1.449s] -- Found rmw_implementation_cmake: 6.1.1 (/opt/ros/humble/share/rmw_implementation_cmake/cmake)
[1.456s] -- Found rmw_fastrtps_cpp: 6.2.2 (/opt/ros/humble/share/rmw_fastrtps_cpp/cmake)
[1.942s] -- Using RMW implementation 'rmw_fastrtps_cpp' as default
[2.342s] -- Found rclcpp_action: 16.0.4 (/opt/ros/humble/share/rclcpp_action/cmake)
[2.557s] -- Found std_srvs: 4.2.3 (/opt/ros/humble/share/std_srvs/cmake)
[2.600s] -- Found geometry_msgs: 4.2.3 (/opt/ros/humble/share/geometry_msgs/cmake)
[2.695s] -- Found tf2: 0.25.2 (/opt/ros/humble/share/tf2/cmake)
[2.712s] -- Found tf2_geometry_msgs: 0.25.2 (/opt/ros/humble/share/tf2_geometry_msgs/cmake)
[2.721s] -- Found eigen3_cmake_module: 0.1.1 (/opt/ros/humble/share/eigen3_cmake_module/cmake)
[2.723s] -- Ensuring Eigen3 include directory is part of orocos-kdl CMake target
[3.329s] [31mCMake Error at CMakeLists.txt:16 (find_package):
[3.329s]   By not providing "Findnav2_msgs.cmake" in CMAKE_MODULE_PATH this project
[3.330s]   has asked CMake to find a package configuration file provided by
[3.330s]   "nav2_msgs", but CMake did not find one.
[3.330s] 
[3.330s]   Could not find a package configuration file provided by "nav2_msgs" with
[3.330s]   any of the following names:
[3.330s] 
[3.330s]     nav2_msgsConfig.cmake
[3.331s]     nav2_msgs-config.cmake
[3.331s] 
[3.331s]   Add the installation prefix of "nav2_msgs" to CMAKE_PREFIX_PATH or set
[3.331s]   "nav2_msgs_DIR" to a directory containing one of the above files.  If
[3.331s]   "nav2_msgs" provides a separate development package or SDK, be sure it has
[3.331s]   been installed.
[3.331s] 
[3.331s] [0m
[3.332s] -- Configuring incomplete, errors occurred!
[3.332s] See also "/home/ros/Workshop/src/unitree_nav/unitree_nav/CMakeFiles/CMakeOutput.log".
[3.345s] Invoked command in '/home/ros/Workshop/src/build/unitree_nav' returned '1': AMENT_PREFIX_PATH=/home/ros/Workshop/src/install/rslidar_sdk:/home/ros/Workshop/src/install/unitree_nav_interfaces:/home/ros/Workshop/src/install/rslidar_msg:/home/ros/Workshop/src/install/ros2_unitree_legged_msgs:${AMENT_PREFIX_PATH} CMAKE_PREFIX_PATH=/home/ros/Workshop/src/install/rslidar_sdk:/home/ros/Workshop/src/install/unitree_nav_interfaces:/home/ros/Workshop/src/install/rslidar_msg:/home/ros/Workshop/src/install/ros2_unitree_legged_msgs:/workspaces/my_ros2_ws/install:/opt/ros/humble LD_LIBRARY_PATH=/home/ros/Workshop/src/install/unitree_nav_interfaces/lib:/home/ros/Workshop/src/install/rslidar_msg/lib:/home/ros/Workshop/src/install/ros2_unitree_legged_msgs/lib:${LD_LIBRARY_PATH} PYTHONPATH=/home/ros/Workshop/src/install/unitree_nav_interfaces/local/lib/python3.10/dist-packages:/home/ros/Workshop/src/install/rslidar_msg/local/lib/python3.10/dist-packages:/home/ros/Workshop/src/install/ros2_unitree_legged_msgs/local/lib/python3.10/dist-packages:${PYTHONPATH} /usr/bin/cmake /home/ros/Workshop/src/unitree_nav/unitree_nav -DAMENT_CMAKE_SYMLINK_INSTALL=1 -DCMAKE_INSTALL_PREFIX=/home/ros/Workshop/src/install/unitree_nav
[3.352s] Traceback (most recent call last):
  File "/usr/lib/python3/dist-packages/colcon_core/executor/__init__.py", line 91, in __call__
    rc = await self.task(*args, **kwargs)
  File "/usr/lib/python3/dist-packages/colcon_core/task/__init__.py", line 93, in __call__
    return await task_method(*args, **kwargs)
  File "/usr/lib/python3/dist-packages/colcon_ros/task/ament_cmake/build.py", line 59, in build
    rc = await extension.build(
  File "/usr/lib/python3/dist-packages/colcon_cmake/task/cmake/build.py", line 87, in build
    rc = await self._reconfigure(args, env)
  File "/usr/lib/python3/dist-packages/colcon_cmake/task/cmake/build.py", line 182, in _reconfigure
    buildfile = get_buildfile(cmake_cache)
  File "/usr/lib/python3/dist-packages/colcon_cmake/task/cmake/__init__.py", line 112, in get_buildfile
    if 'Ninja' in generator:
TypeError: argument of type 'NoneType' is not iterable
