[0.374s] Invoking command in '/home/ros/Workshop/src/build/unitree_nav': AMENT_PREFIX_PATH=/home/ros/Workshop/src/install/rslidar_sdk:/home/ros/Workshop/src/install/unitree_nav_interfaces:/home/ros/Workshop/src/install/rslidar_msg:/home/ros/Workshop/src/install/ros2_unitree_legged_msgs:${AMENT_PREFIX_PATH} CMAKE_PREFIX_PATH=/home/ros/Workshop/src/install/rslidar_sdk:/home/ros/Workshop/src/install/unitree_nav_interfaces:/home/ros/Workshop/src/install/rslidar_msg:/home/ros/Workshop/src/install/ros2_unitree_legged_msgs:/workspaces/my_ros2_ws/install:/opt/ros/humble LD_LIBRARY_PATH=/home/ros/Workshop/src/install/unitree_nav_interfaces/lib:/home/ros/Workshop/src/install/rslidar_msg/lib:/home/ros/Workshop/src/install/ros2_unitree_legged_msgs/lib:${LD_LIBRARY_PATH} PYTHONPATH=/home/ros/Workshop/src/install/unitree_nav_interfaces/local/lib/python3.10/dist-packages:/home/ros/Workshop/src/install/rslidar_msg/local/lib/python3.10/dist-packages:/home/ros/Workshop/src/install/ros2_unitree_legged_msgs/local/lib/python3.10/dist-packages:${PYTHONPATH} /usr/bin/cmake --build /home/ros/Workshop/src/build/unitree_nav -- -j4 -l4
[1.673s] [ 50%] Built target cmd_processor
[1.750s] [100%] Built target nav_to_pose
[1.881s] Invoked command in '/home/ros/Workshop/src/build/unitree_nav' returned '0': AMENT_PREFIX_PATH=/home/ros/Workshop/src/install/rslidar_sdk:/home/ros/Workshop/src/install/unitree_nav_interfaces:/home/ros/Workshop/src/install/rslidar_msg:/home/ros/Workshop/src/install/ros2_unitree_legged_msgs:${AMENT_PREFIX_PATH} CMAKE_PREFIX_PATH=/home/ros/Workshop/src/install/rslidar_sdk:/home/ros/Workshop/src/install/unitree_nav_interfaces:/home/ros/Workshop/src/install/rslidar_msg:/home/ros/Workshop/src/install/ros2_unitree_legged_msgs:/workspaces/my_ros2_ws/install:/opt/ros/humble LD_LIBRARY_PATH=/home/ros/Workshop/src/install/unitree_nav_interfaces/lib:/home/ros/Workshop/src/install/rslidar_msg/lib:/home/ros/Workshop/src/install/ros2_unitree_legged_msgs/lib:${LD_LIBRARY_PATH} PYTHONPATH=/home/ros/Workshop/src/install/unitree_nav_interfaces/local/lib/python3.10/dist-packages:/home/ros/Workshop/src/install/rslidar_msg/local/lib/python3.10/dist-packages:/home/ros/Workshop/src/install/ros2_unitree_legged_msgs/local/lib/python3.10/dist-packages:${PYTHONPATH} /usr/bin/cmake --build /home/ros/Workshop/src/build/unitree_nav -- -j4 -l4
[2.475s] Invoking command in '/home/ros/Workshop/src/build/unitree_nav': AMENT_PREFIX_PATH=/home/ros/Workshop/src/install/rslidar_sdk:/home/ros/Workshop/src/install/unitree_nav_interfaces:/home/ros/Workshop/src/install/rslidar_msg:/home/ros/Workshop/src/install/ros2_unitree_legged_msgs:${AMENT_PREFIX_PATH} CMAKE_PREFIX_PATH=/home/ros/Workshop/src/install/rslidar_sdk:/home/ros/Workshop/src/install/unitree_nav_interfaces:/home/ros/Workshop/src/install/rslidar_msg:/home/ros/Workshop/src/install/ros2_unitree_legged_msgs:/workspaces/my_ros2_ws/install:/opt/ros/humble LD_LIBRARY_PATH=/home/ros/Workshop/src/install/unitree_nav_interfaces/lib:/home/ros/Workshop/src/install/rslidar_msg/lib:/home/ros/Workshop/src/install/ros2_unitree_legged_msgs/lib:${LD_LIBRARY_PATH} PYTHONPATH=/home/ros/Workshop/src/install/unitree_nav_interfaces/local/lib/python3.10/dist-packages:/home/ros/Workshop/src/install/rslidar_msg/local/lib/python3.10/dist-packages:/home/ros/Workshop/src/install/ros2_unitree_legged_msgs/local/lib/python3.10/dist-packages:${PYTHONPATH} /usr/bin/cmake --install /home/ros/Workshop/src/build/unitree_nav
[2.530s] -- Install configuration: ""
[2.533s] -- Execute custom install script
[2.534s] -- Up-to-date symlink: /home/ros/Workshop/src/install/unitree_nav/lib/unitree_nav/cmd_processor
[2.535s] -- Up-to-date symlink: /home/ros/Workshop/src/install/unitree_nav/lib/unitree_nav/nav_to_pose
[2.537s] -- Up-to-date symlink: /home/ros/Workshop/src/install/unitree_nav/share/unitree_nav/launch/control.launch.py
[2.537s] -- Up-to-date symlink: /home/ros/Workshop/src/install/unitree_nav/share/unitree_nav/launch/mapping.launch.py
[2.538s] -- Up-to-date symlink: /home/ros/Workshop/src/install/unitree_nav/share/unitree_nav/launch/rslidar_robosense.launch.py
[2.540s] -- Up-to-date symlink: /home/ros/Workshop/src/install/unitree_nav/share/unitree_nav/launch/unitree_nav.launch.py
[2.542s] -- Up-to-date symlink: /home/ros/Workshop/src/install/unitree_nav/share/unitree_nav/config/nav.rviz
[2.543s] -- Up-to-date symlink: /home/ros/Workshop/src/install/unitree_nav/share/unitree_nav/config/nav2_params.yaml
[2.545s] -- Up-to-date symlink: /home/ros/Workshop/src/install/unitree_nav/share/ament_index/resource_index/package_run_dependencies/unitree_nav
[2.546s] -- Up-to-date symlink: /home/ros/Workshop/src/install/unitree_nav/share/ament_index/resource_index/parent_prefix_path/unitree_nav
[2.546s] -- Up-to-date symlink: /home/ros/Workshop/src/install/unitree_nav/share/unitree_nav/environment/ament_prefix_path.sh
[2.546s] -- Up-to-date symlink: /home/ros/Workshop/src/install/unitree_nav/share/unitree_nav/environment/ament_prefix_path.dsv
[2.548s] -- Up-to-date symlink: /home/ros/Workshop/src/install/unitree_nav/share/unitree_nav/environment/path.sh
[2.548s] -- Up-to-date symlink: /home/ros/Workshop/src/install/unitree_nav/share/unitree_nav/environment/path.dsv
[2.548s] -- Up-to-date symlink: /home/ros/Workshop/src/install/unitree_nav/share/unitree_nav/local_setup.bash
[2.549s] -- Up-to-date symlink: /home/ros/Workshop/src/install/unitree_nav/share/unitree_nav/local_setup.sh
[2.550s] -- Up-to-date symlink: /home/ros/Workshop/src/install/unitree_nav/share/unitree_nav/local_setup.zsh
[2.551s] -- Up-to-date symlink: /home/ros/Workshop/src/install/unitree_nav/share/unitree_nav/local_setup.dsv
[2.552s] -- Symlinking: /home/ros/Workshop/src/install/unitree_nav/share/unitree_nav/package.dsv
[2.617s] -- Up-to-date symlink: /home/ros/Workshop/src/install/unitree_nav/share/ament_index/resource_index/packages/unitree_nav
[2.617s] -- Up-to-date symlink: /home/ros/Workshop/src/install/unitree_nav/share/unitree_nav/cmake/unitree_navConfig.cmake
[2.618s] -- Up-to-date symlink: /home/ros/Workshop/src/install/unitree_nav/share/unitree_nav/cmake/unitree_navConfig-version.cmake
[2.618s] -- Up-to-date symlink: /home/ros/Workshop/src/install/unitree_nav/share/unitree_nav/package.xml
[2.621s] Invoked command in '/home/ros/Workshop/src/build/unitree_nav' returned '0': AMENT_PREFIX_PATH=/home/ros/Workshop/src/install/rslidar_sdk:/home/ros/Workshop/src/install/unitree_nav_interfaces:/home/ros/Workshop/src/install/rslidar_msg:/home/ros/Workshop/src/install/ros2_unitree_legged_msgs:${AMENT_PREFIX_PATH} CMAKE_PREFIX_PATH=/home/ros/Workshop/src/install/rslidar_sdk:/home/ros/Workshop/src/install/unitree_nav_interfaces:/home/ros/Workshop/src/install/rslidar_msg:/home/ros/Workshop/src/install/ros2_unitree_legged_msgs:/workspaces/my_ros2_ws/install:/opt/ros/humble LD_LIBRARY_PATH=/home/ros/Workshop/src/install/unitree_nav_interfaces/lib:/home/ros/Workshop/src/install/rslidar_msg/lib:/home/ros/Workshop/src/install/ros2_unitree_legged_msgs/lib:${LD_LIBRARY_PATH} PYTHONPATH=/home/ros/Workshop/src/install/unitree_nav_interfaces/local/lib/python3.10/dist-packages:/home/ros/Workshop/src/install/rslidar_msg/local/lib/python3.10/dist-packages:/home/ros/Workshop/src/install/ros2_unitree_legged_msgs/local/lib/python3.10/dist-packages:${PYTHONPATH} /usr/bin/cmake --install /home/ros/Workshop/src/build/unitree_nav
