[0.138s] Invoking command in '/home/ros/Workshop/src/build/unitree_nav_interfaces': CMAKE_PREFIX_PATH=${CMAKE_PREFIX_PATH}:/opt/ros/humble /usr/bin/cmake --build /home/ros/Workshop/src/build/unitree_nav_interfaces -- -j4 -l4
[1.257s] [ 10%] Built target unitree_nav_interfaces_srv__rosidl_generator_c
[1.392s] [ 12%] Built target unitree_nav_interfaces_srv__cpp
[1.498s] [ 12%] Built target ament_cmake_python_symlink_unitree_nav_interfaces
[1.894s] [ 23%] Built target unitree_nav_interfaces_srv__rosidl_typesupport_c
[2.048s] [ 33%] Built target unitree_nav_interfaces_srv__rosidl_typesupport_fastrtps_c
[2.176s] [ 43%] Built target unitree_nav_interfaces_srv__rosidl_typesupport_introspection_cpp
[2.303s] [ 53%] Built target unitree_nav_interfaces_srv__rosidl_typesupport_introspection_c
[2.811s] [ 64%] Built target unitree_nav_interfaces_srv__rosidl_typesupport_fastrtps_cpp
[2.890s] [ 74%] Built target unitree_nav_interfaces_srv__rosidl_typesupport_cpp
[3.228s] [ 74%] Built target unitree_nav_interfaces_srv
[3.581s] [ 76%] Built target unitree_nav_interfaces_srv__py
[3.906s] [ 84%] Built target unitree_nav_interfaces_srv__rosidl_generator_py
[3.912s] running egg_info
[3.912s] writing unitree_nav_interfaces.egg-info/PKG-INFO
[3.920s] writing dependency_links to unitree_nav_interfaces.egg-info/dependency_links.txt
[3.921s] writing top-level names to unitree_nav_interfaces.egg-info/top_level.txt
[3.928s] reading manifest file 'unitree_nav_interfaces.egg-info/SOURCES.txt'
[3.934s] writing manifest file 'unitree_nav_interfaces.egg-info/SOURCES.txt'
[4.175s] [ 84%] Built target ament_cmake_python_build_unitree_nav_interfaces_egg
[4.508s] [ 89%] Built target unitree_nav_interfaces__rosidl_typesupport_fastrtps_c__pyext
[4.550s] [ 94%] Built target unitree_nav_interfaces__rosidl_typesupport_c__pyext
[4.556s] [100%] Built target unitree_nav_interfaces__rosidl_typesupport_introspection_c__pyext
[4.654s] Invoked command in '/home/ros/Workshop/src/build/unitree_nav_interfaces' returned '0': CMAKE_PREFIX_PATH=${CMAKE_PREFIX_PATH}:/opt/ros/humble /usr/bin/cmake --build /home/ros/Workshop/src/build/unitree_nav_interfaces -- -j4 -l4
[6.811s] Invoking command in '/home/ros/Workshop/src/build/unitree_nav_interfaces': CMAKE_PREFIX_PATH=${CMAKE_PREFIX_PATH}:/opt/ros/humble /usr/bin/cmake --install /home/ros/Workshop/src/build/unitree_nav_interfaces
[6.914s] -- Install configuration: ""
[6.918s] -- Execute custom install script
[6.918s] -- Up-to-date symlink: /home/ros/Workshop/src/install/unitree_nav_interfaces/share/ament_index/resource_index/rosidl_interfaces/unitree_nav_interfaces
[6.920s] -- Up-to-date symlink: /home/ros/Workshop/src/install/unitree_nav_interfaces/include/unitree_nav_interfaces/unitree_nav_interfaces/msg/rosidl_generator_c__visibility_control.h
[6.922s] -- Up-to-date symlink: /home/ros/Workshop/src/install/unitree_nav_interfaces/include/unitree_nav_interfaces/unitree_nav_interfaces/srv/detail/nav_to_pose__functions.h
[6.923s] -- Up-to-date symlink: /home/ros/Workshop/src/install/unitree_nav_interfaces/include/unitree_nav_interfaces/unitree_nav_interfaces/srv/detail/nav_to_pose__struct.h
[6.924s] -- Up-to-date symlink: /home/ros/Workshop/src/install/unitree_nav_interfaces/include/unitree_nav_interfaces/unitree_nav_interfaces/srv/detail/nav_to_pose__type_support.h
[6.924s] -- Up-to-date symlink: /home/ros/Workshop/src/install/unitree_nav_interfaces/include/unitree_nav_interfaces/unitree_nav_interfaces/srv/detail/set_body_rpy__functions.h
[6.924s] -- Up-to-date symlink: /home/ros/Workshop/src/install/unitree_nav_interfaces/include/unitree_nav_interfaces/unitree_nav_interfaces/srv/detail/set_body_rpy__struct.h
[6.925s] -- Up-to-date symlink: /home/ros/Workshop/src/install/unitree_nav_interfaces/include/unitree_nav_interfaces/unitree_nav_interfaces/srv/detail/set_body_rpy__type_support.h
[6.926s] -- Up-to-date symlink: /home/ros/Workshop/src/install/unitree_nav_interfaces/include/unitree_nav_interfaces/unitree_nav_interfaces/srv/nav_to_pose.h
[6.928s] -- Up-to-date symlink: /home/ros/Workshop/src/install/unitree_nav_interfaces/include/unitree_nav_interfaces/unitree_nav_interfaces/srv/set_body_rpy.h
[6.930s] -- Up-to-date symlink: /home/ros/Workshop/src/install/unitree_nav_interfaces/share/unitree_nav_interfaces/environment/library_path.sh
[6.930s] -- Up-to-date symlink: /home/ros/Workshop/src/install/unitree_nav_interfaces/share/unitree_nav_interfaces/environment/library_path.dsv
[6.933s] -- Up-to-date symlink: /home/ros/Workshop/src/install/unitree_nav_interfaces/include/unitree_nav_interfaces/unitree_nav_interfaces/msg/rosidl_typesupport_fastrtps_c__visibility_control.h
[6.934s] -- Up-to-date symlink: /home/ros/Workshop/src/install/unitree_nav_interfaces/include/unitree_nav_interfaces/unitree_nav_interfaces/srv/detail/nav_to_pose__rosidl_typesupport_fastrtps_c.h
[6.934s] -- Up-to-date symlink: /home/ros/Workshop/src/install/unitree_nav_interfaces/include/unitree_nav_interfaces/unitree_nav_interfaces/srv/detail/set_body_rpy__rosidl_typesupport_fastrtps_c.h
[6.935s] -- Up-to-date symlink: /home/ros/Workshop/src/install/unitree_nav_interfaces/include/unitree_nav_interfaces/unitree_nav_interfaces/srv/detail/nav_to_pose__builder.hpp
[6.937s] -- Up-to-date symlink: /home/ros/Workshop/src/install/unitree_nav_interfaces/include/unitree_nav_interfaces/unitree_nav_interfaces/srv/detail/nav_to_pose__struct.hpp
[6.937s] -- Up-to-date symlink: /home/ros/Workshop/src/install/unitree_nav_interfaces/include/unitree_nav_interfaces/unitree_nav_interfaces/srv/detail/nav_to_pose__traits.hpp
[6.937s] -- Up-to-date symlink: /home/ros/Workshop/src/install/unitree_nav_interfaces/include/unitree_nav_interfaces/unitree_nav_interfaces/srv/detail/set_body_rpy__builder.hpp
[6.938s] -- Up-to-date symlink: /home/ros/Workshop/src/install/unitree_nav_interfaces/include/unitree_nav_interfaces/unitree_nav_interfaces/srv/detail/set_body_rpy__struct.hpp
[6.938s] -- Up-to-date symlink: /home/ros/Workshop/src/install/unitree_nav_interfaces/include/unitree_nav_interfaces/unitree_nav_interfaces/srv/detail/set_body_rpy__traits.hpp
[6.939s] -- Up-to-date symlink: /home/ros/Workshop/src/install/unitree_nav_interfaces/include/unitree_nav_interfaces/unitree_nav_interfaces/srv/nav_to_pose.hpp
[6.940s] -- Up-to-date symlink: /home/ros/Workshop/src/install/unitree_nav_interfaces/include/unitree_nav_interfaces/unitree_nav_interfaces/srv/set_body_rpy.hpp
[6.942s] -- Up-to-date symlink: /home/ros/Workshop/src/install/unitree_nav_interfaces/include/unitree_nav_interfaces/unitree_nav_interfaces/msg/rosidl_typesupport_fastrtps_cpp__visibility_control.h
[6.943s] -- Up-to-date symlink: /home/ros/Workshop/src/install/unitree_nav_interfaces/include/unitree_nav_interfaces/unitree_nav_interfaces/srv/detail/nav_to_pose__rosidl_typesupport_fastrtps_cpp.hpp
[6.943s] -- Up-to-date symlink: /home/ros/Workshop/src/install/unitree_nav_interfaces/include/unitree_nav_interfaces/unitree_nav_interfaces/srv/detail/set_body_rpy__rosidl_typesupport_fastrtps_cpp.hpp
[6.944s] -- Up-to-date symlink: /home/ros/Workshop/src/install/unitree_nav_interfaces/include/unitree_nav_interfaces/unitree_nav_interfaces/msg/rosidl_typesupport_introspection_c__visibility_control.h
[6.945s] -- Up-to-date symlink: /home/ros/Workshop/src/install/unitree_nav_interfaces/include/unitree_nav_interfaces/unitree_nav_interfaces/srv/detail/nav_to_pose__rosidl_typesupport_introspection_c.h
[6.945s] -- Up-to-date symlink: /home/ros/Workshop/src/install/unitree_nav_interfaces/include/unitree_nav_interfaces/unitree_nav_interfaces/srv/detail/set_body_rpy__rosidl_typesupport_introspection_c.h
[6.947s] -- Up-to-date symlink: /home/ros/Workshop/src/install/unitree_nav_interfaces/include/unitree_nav_interfaces/unitree_nav_interfaces/srv/detail/nav_to_pose__rosidl_typesupport_introspection_cpp.hpp
[6.948s] -- Up-to-date symlink: /home/ros/Workshop/src/install/unitree_nav_interfaces/include/unitree_nav_interfaces/unitree_nav_interfaces/srv/detail/set_body_rpy__rosidl_typesupport_introspection_cpp.hpp
[6.948s] -- Up-to-date symlink: /home/ros/Workshop/src/install/unitree_nav_interfaces/share/unitree_nav_interfaces/environment/pythonpath.sh
[6.949s] -- Up-to-date symlink: /home/ros/Workshop/src/install/unitree_nav_interfaces/share/unitree_nav_interfaces/environment/pythonpath.dsv
[6.951s] -- Up-to-date symlink: /home/ros/Workshop/src/install/unitree_nav_interfaces/local/lib/python3.10/dist-packages/unitree_nav_interfaces-0.0.0-py3.10.egg-info/PKG-INFO
[6.953s] -- Up-to-date symlink: /home/ros/Workshop/src/install/unitree_nav_interfaces/local/lib/python3.10/dist-packages/unitree_nav_interfaces-0.0.0-py3.10.egg-info/SOURCES.txt
[6.954s] -- Up-to-date symlink: /home/ros/Workshop/src/install/unitree_nav_interfaces/local/lib/python3.10/dist-packages/unitree_nav_interfaces-0.0.0-py3.10.egg-info/dependency_links.txt
[6.956s] -- Up-to-date symlink: /home/ros/Workshop/src/install/unitree_nav_interfaces/local/lib/python3.10/dist-packages/unitree_nav_interfaces-0.0.0-py3.10.egg-info/top_level.txt
[6.961s] -- Up-to-date symlink: /home/ros/Workshop/src/install/unitree_nav_interfaces/local/lib/python3.10/dist-packages/unitree_nav_interfaces/__init__.py
[6.961s] -- Up-to-date symlink: /home/ros/Workshop/src/install/unitree_nav_interfaces/local/lib/python3.10/dist-packages/unitree_nav_interfaces/_unitree_nav_interfaces_s.ep.rosidl_typesupport_c.c
[6.962s] -- Up-to-date symlink: /home/ros/Workshop/src/install/unitree_nav_interfaces/local/lib/python3.10/dist-packages/unitree_nav_interfaces/_unitree_nav_interfaces_s.ep.rosidl_typesupport_fastrtps_c.c
[6.963s] -- Up-to-date symlink: /home/ros/Workshop/src/install/unitree_nav_interfaces/local/lib/python3.10/dist-packages/unitree_nav_interfaces/_unitree_nav_interfaces_s.ep.rosidl_typesupport_introspection_c.c
[6.965s] -- Up-to-date symlink: /home/ros/Workshop/src/install/unitree_nav_interfaces/local/lib/python3.10/dist-packages/unitree_nav_interfaces/libunitree_nav_interfaces_srv__rosidl_generator_py.so
[6.965s] -- Up-to-date symlink: /home/ros/Workshop/src/install/unitree_nav_interfaces/local/lib/python3.10/dist-packages/unitree_nav_interfaces/srv/__init__.py
[6.968s] -- Up-to-date symlink: /home/ros/Workshop/src/install/unitree_nav_interfaces/local/lib/python3.10/dist-packages/unitree_nav_interfaces/srv/_nav_to_pose.py
[6.969s] -- Up-to-date symlink: /home/ros/Workshop/src/install/unitree_nav_interfaces/local/lib/python3.10/dist-packages/unitree_nav_interfaces/srv/_nav_to_pose_s.c
[6.970s] -- Up-to-date symlink: /home/ros/Workshop/src/install/unitree_nav_interfaces/local/lib/python3.10/dist-packages/unitree_nav_interfaces/srv/_set_body_rpy.py
[6.970s] -- Up-to-date symlink: /home/ros/Workshop/src/install/unitree_nav_interfaces/local/lib/python3.10/dist-packages/unitree_nav_interfaces/srv/_set_body_rpy_s.c
[6.972s] -- Up-to-date symlink: /home/ros/Workshop/src/install/unitree_nav_interfaces/local/lib/python3.10/dist-packages/unitree_nav_interfaces/unitree_nav_interfaces_s__rosidl_typesupport_c.cpython-310-x86_64-linux-gnu.so
[6.972s] -- Up-to-date symlink: /home/ros/Workshop/src/install/unitree_nav_interfaces/local/lib/python3.10/dist-packages/unitree_nav_interfaces/unitree_nav_interfaces_s__rosidl_typesupport_fastrtps_c.cpython-310-x86_64-linux-gnu.so
[6.972s] -- Up-to-date symlink: /home/ros/Workshop/src/install/unitree_nav_interfaces/local/lib/python3.10/dist-packages/unitree_nav_interfaces/unitree_nav_interfaces_s__rosidl_typesupport_introspection_c.cpython-310-x86_64-linux-gnu.so
[6.973s] -- Up-to-date symlink: /home/ros/Workshop/src/install/unitree_nav_interfaces/local/lib/python3.10/dist-packages/unitree_nav_interfaces/unitree_nav_interfaces_s__rosidl_typesupport_fastrtps_c.cpython-310-x86_64-linux-gnu.so
[6.974s] -- Up-to-date symlink: /home/ros/Workshop/src/install/unitree_nav_interfaces/local/lib/python3.10/dist-packages/unitree_nav_interfaces/unitree_nav_interfaces_s__rosidl_typesupport_introspection_c.cpython-310-x86_64-linux-gnu.so
[6.976s] -- Up-to-date symlink: /home/ros/Workshop/src/install/unitree_nav_interfaces/local/lib/python3.10/dist-packages/unitree_nav_interfaces/unitree_nav_interfaces_s__rosidl_typesupport_c.cpython-310-x86_64-linux-gnu.so
[6.976s] -- Up-to-date symlink: /home/ros/Workshop/src/install/unitree_nav_interfaces/share/unitree_nav_interfaces/srv/SetBodyRPY.idl
[6.977s] -- Up-to-date symlink: /home/ros/Workshop/src/install/unitree_nav_interfaces/share/unitree_nav_interfaces/srv/NavToPose.idl
[6.977s] -- Up-to-date symlink: /home/ros/Workshop/src/install/unitree_nav_interfaces/share/unitree_nav_interfaces/srv/SetBodyRPY.srv
[6.979s] -- Up-to-date symlink: /home/ros/Workshop/src/install/unitree_nav_interfaces/share/unitree_nav_interfaces/srv/SetBodyRPY_Request.msg
[6.980s] -- Up-to-date symlink: /home/ros/Workshop/src/install/unitree_nav_interfaces/share/unitree_nav_interfaces/srv/SetBodyRPY_Response.msg
[6.981s] -- Up-to-date symlink: /home/ros/Workshop/src/install/unitree_nav_interfaces/share/unitree_nav_interfaces/srv/NavToPose.srv
[6.982s] -- Up-to-date symlink: /home/ros/Workshop/src/install/unitree_nav_interfaces/share/unitree_nav_interfaces/srv/NavToPose_Request.msg
[6.984s] -- Up-to-date symlink: /home/ros/Workshop/src/install/unitree_nav_interfaces/share/unitree_nav_interfaces/srv/NavToPose_Response.msg
[6.986s] -- Up-to-date symlink: /home/ros/Workshop/src/install/unitree_nav_interfaces/share/ament_index/resource_index/package_run_dependencies/unitree_nav_interfaces
[6.988s] -- Up-to-date symlink: /home/ros/Workshop/src/install/unitree_nav_interfaces/share/ament_index/resource_index/parent_prefix_path/unitree_nav_interfaces
[6.989s] -- Up-to-date symlink: /home/ros/Workshop/src/install/unitree_nav_interfaces/share/unitree_nav_interfaces/environment/ament_prefix_path.sh
[6.991s] -- Up-to-date symlink: /home/ros/Workshop/src/install/unitree_nav_interfaces/share/unitree_nav_interfaces/environment/ament_prefix_path.dsv
[6.993s] -- Up-to-date symlink: /home/ros/Workshop/src/install/unitree_nav_interfaces/share/unitree_nav_interfaces/environment/path.sh
[6.994s] -- Up-to-date symlink: /home/ros/Workshop/src/install/unitree_nav_interfaces/share/unitree_nav_interfaces/environment/path.dsv
[6.995s] -- Up-to-date symlink: /home/ros/Workshop/src/install/unitree_nav_interfaces/share/unitree_nav_interfaces/local_setup.bash
[6.996s] -- Up-to-date symlink: /home/ros/Workshop/src/install/unitree_nav_interfaces/share/unitree_nav_interfaces/local_setup.sh
[6.997s] -- Up-to-date symlink: /home/ros/Workshop/src/install/unitree_nav_interfaces/share/unitree_nav_interfaces/local_setup.zsh
[6.997s] -- Up-to-date symlink: /home/ros/Workshop/src/install/unitree_nav_interfaces/share/unitree_nav_interfaces/local_setup.dsv
[6.998s] -- Symlinking: /home/ros/Workshop/src/install/unitree_nav_interfaces/share/unitree_nav_interfaces/package.dsv
[7.265s] -- Up-to-date symlink: /home/ros/Workshop/src/install/unitree_nav_interfaces/share/ament_index/resource_index/packages/unitree_nav_interfaces
[7.267s] -- Up-to-date symlink: /home/ros/Workshop/src/install/unitree_nav_interfaces/share/unitree_nav_interfaces/cmake/ament_cmake_export_dependencies-extras.cmake
[7.269s] -- Up-to-date symlink: /home/ros/Workshop/src/install/unitree_nav_interfaces/share/unitree_nav_interfaces/cmake/rosidl_cmake-extras.cmake
[7.274s] -- Up-to-date symlink: /home/ros/Workshop/src/install/unitree_nav_interfaces/share/unitree_nav_interfaces/cmake/ament_cmake_export_include_directories-extras.cmake
[7.283s] -- Up-to-date symlink: /home/ros/Workshop/src/install/unitree_nav_interfaces/share/unitree_nav_interfaces/cmake/ament_cmake_export_libraries-extras.cmake
[7.283s] -- Up-to-date symlink: /home/ros/Workshop/src/install/unitree_nav_interfaces/share/unitree_nav_interfaces/cmake/ament_cmake_export_targets-extras.cmake
[7.298s] -- Up-to-date symlink: /home/ros/Workshop/src/install/unitree_nav_interfaces/share/unitree_nav_interfaces/cmake/rosidl_cmake_export_typesupport_targets-extras.cmake
[7.298s] -- Up-to-date symlink: /home/ros/Workshop/src/install/unitree_nav_interfaces/share/unitree_nav_interfaces/cmake/rosidl_cmake_export_typesupport_libraries-extras.cmake
[7.299s] -- Up-to-date symlink: /home/ros/Workshop/src/install/unitree_nav_interfaces/share/unitree_nav_interfaces/cmake/unitree_nav_interfacesConfig.cmake
[7.299s] -- Up-to-date symlink: /home/ros/Workshop/src/install/unitree_nav_interfaces/share/unitree_nav_interfaces/cmake/unitree_nav_interfacesConfig-version.cmake
[7.300s] -- Up-to-date symlink: /home/ros/Workshop/src/install/unitree_nav_interfaces/share/unitree_nav_interfaces/package.xml
[7.301s] -- Up-to-date: /home/ros/Workshop/src/install/unitree_nav_interfaces/lib/libunitree_nav_interfaces__rosidl_generator_c.so
[7.334s] -- Up-to-date: /home/ros/Workshop/src/install/unitree_nav_interfaces/lib/libunitree_nav_interfaces__rosidl_typesupport_fastrtps_c.so
[7.337s] -- Up-to-date: /home/ros/Workshop/src/install/unitree_nav_interfaces/lib/libunitree_nav_interfaces__rosidl_typesupport_fastrtps_cpp.so
[7.344s] -- Up-to-date: /home/ros/Workshop/src/install/unitree_nav_interfaces/lib/libunitree_nav_interfaces__rosidl_typesupport_introspection_c.so
[7.346s] -- Up-to-date: /home/ros/Workshop/src/install/unitree_nav_interfaces/lib/libunitree_nav_interfaces__rosidl_typesupport_c.so
[7.349s] -- Up-to-date: /home/ros/Workshop/src/install/unitree_nav_interfaces/lib/libunitree_nav_interfaces__rosidl_typesupport_introspection_cpp.so
[7.350s] -- Up-to-date: /home/ros/Workshop/src/install/unitree_nav_interfaces/lib/libunitree_nav_interfaces__rosidl_typesupport_cpp.so
[7.643s] Listing '/home/ros/Workshop/src/install/unitree_nav_interfaces/local/lib/python3.10/dist-packages/unitree_nav_interfaces'...
[7.644s] Listing '/home/ros/Workshop/src/install/unitree_nav_interfaces/local/lib/python3.10/dist-packages/unitree_nav_interfaces/srv'...
[7.660s] -- Up-to-date: /home/ros/Workshop/src/install/unitree_nav_interfaces/lib/libunitree_nav_interfaces_srv__rosidl_generator_py.so
[7.663s] -- Up-to-date: /home/ros/Workshop/src/install/unitree_nav_interfaces/share/unitree_nav_interfaces/cmake/export_unitree_nav_interfaces_srv__rosidl_generator_cExport.cmake
[7.670s] -- Up-to-date: /home/ros/Workshop/src/install/unitree_nav_interfaces/share/unitree_nav_interfaces/cmake/export_unitree_nav_interfaces_srv__rosidl_generator_cExport-noconfig.cmake
[7.673s] -- Up-to-date: /home/ros/Workshop/src/install/unitree_nav_interfaces/share/unitree_nav_interfaces/cmake/export_unitree_nav_interfaces_srv__rosidl_typesupport_fastrtps_cExport.cmake
[7.675s] -- Up-to-date: /home/ros/Workshop/src/install/unitree_nav_interfaces/share/unitree_nav_interfaces/cmake/export_unitree_nav_interfaces_srv__rosidl_typesupport_fastrtps_cExport-noconfig.cmake
[7.680s] -- Up-to-date: /home/ros/Workshop/src/install/unitree_nav_interfaces/share/unitree_nav_interfaces/cmake/export_unitree_nav_interfaces_srv__rosidl_generator_cppExport.cmake
[7.686s] -- Up-to-date: /home/ros/Workshop/src/install/unitree_nav_interfaces/share/unitree_nav_interfaces/cmake/export_unitree_nav_interfaces_srv__rosidl_typesupport_fastrtps_cppExport.cmake
[7.689s] -- Up-to-date: /home/ros/Workshop/src/install/unitree_nav_interfaces/share/unitree_nav_interfaces/cmake/export_unitree_nav_interfaces_srv__rosidl_typesupport_fastrtps_cppExport-noconfig.cmake
[7.692s] -- Up-to-date: /home/ros/Workshop/src/install/unitree_nav_interfaces/share/unitree_nav_interfaces/cmake/unitree_nav_interfaces_srv__rosidl_typesupport_introspection_cExport.cmake
[7.694s] -- Up-to-date: /home/ros/Workshop/src/install/unitree_nav_interfaces/share/unitree_nav_interfaces/cmake/unitree_nav_interfaces_srv__rosidl_typesupport_introspection_cExport-noconfig.cmake
[7.702s] -- Up-to-date: /home/ros/Workshop/src/install/unitree_nav_interfaces/share/unitree_nav_interfaces/cmake/unitree_nav_interfaces_srv__rosidl_typesupport_cExport.cmake
[7.703s] -- Up-to-date: /home/ros/Workshop/src/install/unitree_nav_interfaces/share/unitree_nav_interfaces/cmake/unitree_nav_interfaces_srv__rosidl_typesupport_cExport-noconfig.cmake
[7.703s] -- Up-to-date: /home/ros/Workshop/src/install/unitree_nav_interfaces/share/unitree_nav_interfaces/cmake/unitree_nav_interfaces_srv__rosidl_typesupport_introspection_cppExport.cmake
[7.704s] -- Up-to-date: /home/ros/Workshop/src/install/unitree_nav_interfaces/share/unitree_nav_interfaces/cmake/unitree_nav_interfaces_srv__rosidl_typesupport_introspection_cppExport-noconfig.cmake
[7.704s] -- Up-to-date: /home/ros/Workshop/src/install/unitree_nav_interfaces/share/unitree_nav_interfaces/cmake/unitree_nav_interfaces_srv__rosidl_typesupport_cppExport.cmake
[7.705s] -- Up-to-date: /home/ros/Workshop/src/install/unitree_nav_interfaces/share/unitree_nav_interfaces/cmake/unitree_nav_interfaces_srv__rosidl_typesupport_cppExport-noconfig.cmake
[7.706s] -- Up-to-date: /home/ros/Workshop/src/install/unitree_nav_interfaces/share/unitree_nav_interfaces/cmake/export_unitree_nav_interfaces_srv__rosidl_generator_pyExport.cmake
[7.723s] -- Up-to-date: /home/ros/Workshop/src/install/unitree_nav_interfaces/share/unitree_nav_interfaces/cmake/export_unitree_nav_interfaces_srv__rosidl_generator_pyExport-noconfig.cmake
[7.727s] Invoked command in '/home/ros/Workshop/src/build/unitree_nav_interfaces' returned '0': CMAKE_PREFIX_PATH=${CMAKE_PREFIX_PATH}:/opt/ros/humble /usr/bin/cmake --install /home/ros/Workshop/src/build/unitree_nav_interfaces
