[1.498s] Invoking command in '/workspaces/my_ros2_ws/src/build/rslidar_sdk': AMENT_PREFIX_PATH=/workspaces/my_ros2_ws/src/install/rslidar_msg:${AMENT_PREFIX_PATH} CMAKE_PREFIX_PATH=/workspaces/my_ros2_ws/src/install/rslidar_msg:/workspaces/my_ros2_ws/install/guide_dog_unitree_go1:/workspaces/my_ros2_ws/install/unitree_nav:/workspaces/my_ros2_ws/install/unitree_nav_interfaces:/workspaces/my_ros2_ws/install/unitree_legged_real:/workspaces/my_ros2_ws/install/rslidar_sdk:/workspaces/my_ros2_ws/install/rslidar_msg:/workspaces/my_ros2_ws/install/ros2_unitree_legged_msgs:/workspaces/my_ros2_ws/install/go1_description:/workspaces/my_ros2_ws/install:/workspaces/my_ros2_ws/install/object_detection:/workspaces/my_ros2_ws/install/unitree_nav_launch_module:/workspaces/my_ros2_ws/install/listen_talk_ros2:/opt/ros/humble LD_LIBRARY_PATH=/workspaces/my_ros2_ws/src/install/rslidar_msg/lib:${LD_LIBRARY_PATH} PYTHONPATH=/workspaces/my_ros2_ws/src/install/rslidar_msg/local/lib/python3.10/dist-packages:${PYTHONPATH} /usr/bin/cmake --build /workspaces/my_ros2_ws/src/build/rslidar_sdk -- -j4 -l4
[5.398s] [35m[1mConsolidate compiler generated dependencies of target rslidar_sdk_node[0m
[14.255s] [100%] Built target rslidar_sdk_node
[15.233s] Invoked command in '/workspaces/my_ros2_ws/src/build/rslidar_sdk' returned '0': AMENT_PREFIX_PATH=/workspaces/my_ros2_ws/src/install/rslidar_msg:${AMENT_PREFIX_PATH} CMAKE_PREFIX_PATH=/workspaces/my_ros2_ws/src/install/rslidar_msg:/workspaces/my_ros2_ws/install/guide_dog_unitree_go1:/workspaces/my_ros2_ws/install/unitree_nav:/workspaces/my_ros2_ws/install/unitree_nav_interfaces:/workspaces/my_ros2_ws/install/unitree_legged_real:/workspaces/my_ros2_ws/install/rslidar_sdk:/workspaces/my_ros2_ws/install/rslidar_msg:/workspaces/my_ros2_ws/install/ros2_unitree_legged_msgs:/workspaces/my_ros2_ws/install/go1_description:/workspaces/my_ros2_ws/install:/workspaces/my_ros2_ws/install/object_detection:/workspaces/my_ros2_ws/install/unitree_nav_launch_module:/workspaces/my_ros2_ws/install/listen_talk_ros2:/opt/ros/humble LD_LIBRARY_PATH=/workspaces/my_ros2_ws/src/install/rslidar_msg/lib:${LD_LIBRARY_PATH} PYTHONPATH=/workspaces/my_ros2_ws/src/install/rslidar_msg/local/lib/python3.10/dist-packages:${PYTHONPATH} /usr/bin/cmake --build /workspaces/my_ros2_ws/src/build/rslidar_sdk -- -j4 -l4
[20.958s] Invoking command in '/workspaces/my_ros2_ws/src/build/rslidar_sdk': AMENT_PREFIX_PATH=/workspaces/my_ros2_ws/src/install/rslidar_msg:${AMENT_PREFIX_PATH} CMAKE_PREFIX_PATH=/workspaces/my_ros2_ws/src/install/rslidar_msg:/workspaces/my_ros2_ws/install/guide_dog_unitree_go1:/workspaces/my_ros2_ws/install/unitree_nav:/workspaces/my_ros2_ws/install/unitree_nav_interfaces:/workspaces/my_ros2_ws/install/unitree_legged_real:/workspaces/my_ros2_ws/install/rslidar_sdk:/workspaces/my_ros2_ws/install/rslidar_msg:/workspaces/my_ros2_ws/install/ros2_unitree_legged_msgs:/workspaces/my_ros2_ws/install/go1_description:/workspaces/my_ros2_ws/install:/workspaces/my_ros2_ws/install/object_detection:/workspaces/my_ros2_ws/install/unitree_nav_launch_module:/workspaces/my_ros2_ws/install/listen_talk_ros2:/opt/ros/humble LD_LIBRARY_PATH=/workspaces/my_ros2_ws/src/install/rslidar_msg/lib:${LD_LIBRARY_PATH} PYTHONPATH=/workspaces/my_ros2_ws/src/install/rslidar_msg/local/lib/python3.10/dist-packages:${PYTHONPATH} /usr/bin/cmake --install /workspaces/my_ros2_ws/src/build/rslidar_sdk
[21.783s] -- Install configuration: "Release"
[21.862s] -- Execute custom install script
[21.890s] -- Up-to-date symlink: /workspaces/my_ros2_ws/src/install/rslidar_sdk/lib/rslidar_sdk/rslidar_sdk_node
[21.905s] -- Up-to-date symlink: /workspaces/my_ros2_ws/src/install/rslidar_sdk/share/rslidar_sdk/launch/elequent_start.py
[21.925s] -- Up-to-date symlink: /workspaces/my_ros2_ws/src/install/rslidar_sdk/share/rslidar_sdk/launch/start.launch
[21.947s] -- Up-to-date symlink: /workspaces/my_ros2_ws/src/install/rslidar_sdk/share/rslidar_sdk/launch/start.py
[22.019s] -- Up-to-date symlink: /workspaces/my_ros2_ws/src/install/rslidar_sdk/share/rslidar_sdk/rviz/rviz.rviz
[22.043s] -- Up-to-date symlink: /workspaces/my_ros2_ws/src/install/rslidar_sdk/share/rslidar_sdk/rviz/rviz2.rviz
[22.065s] -- Up-to-date symlink: /workspaces/my_ros2_ws/src/install/rslidar_sdk/share/ament_index/resource_index/package_run_dependencies/rslidar_sdk
[22.079s] -- Up-to-date symlink: /workspaces/my_ros2_ws/src/install/rslidar_sdk/share/ament_index/resource_index/parent_prefix_path/rslidar_sdk
[22.095s] -- Up-to-date symlink: /workspaces/my_ros2_ws/src/install/rslidar_sdk/share/rslidar_sdk/environment/ament_prefix_path.sh
[22.114s] -- Up-to-date symlink: /workspaces/my_ros2_ws/src/install/rslidar_sdk/share/rslidar_sdk/environment/ament_prefix_path.dsv
[22.136s] -- Up-to-date symlink: /workspaces/my_ros2_ws/src/install/rslidar_sdk/share/rslidar_sdk/environment/path.sh
[22.183s] -- Up-to-date symlink: /workspaces/my_ros2_ws/src/install/rslidar_sdk/share/rslidar_sdk/environment/path.dsv
[22.194s] -- Up-to-date symlink: /workspaces/my_ros2_ws/src/install/rslidar_sdk/share/rslidar_sdk/local_setup.bash
[22.210s] -- Up-to-date symlink: /workspaces/my_ros2_ws/src/install/rslidar_sdk/share/rslidar_sdk/local_setup.sh
[22.225s] -- Up-to-date symlink: /workspaces/my_ros2_ws/src/install/rslidar_sdk/share/rslidar_sdk/local_setup.zsh
[22.250s] -- Up-to-date symlink: /workspaces/my_ros2_ws/src/install/rslidar_sdk/share/rslidar_sdk/local_setup.dsv
[22.294s] -- Symlinking: /workspaces/my_ros2_ws/src/install/rslidar_sdk/share/rslidar_sdk/package.dsv
[22.898s] -- Up-to-date symlink: /workspaces/my_ros2_ws/src/install/rslidar_sdk/share/ament_index/resource_index/packages/rslidar_sdk
[22.909s] -- Up-to-date symlink: /workspaces/my_ros2_ws/src/install/rslidar_sdk/share/rslidar_sdk/cmake/rslidar_sdkConfig.cmake
[22.918s] -- Up-to-date symlink: /workspaces/my_ros2_ws/src/install/rslidar_sdk/share/rslidar_sdk/cmake/rslidar_sdkConfig-version.cmake
[22.935s] -- Up-to-date symlink: /workspaces/my_ros2_ws/src/install/rslidar_sdk/share/rslidar_sdk/package.xml
[22.965s] Invoked command in '/workspaces/my_ros2_ws/src/build/rslidar_sdk' returned '0': AMENT_PREFIX_PATH=/workspaces/my_ros2_ws/src/install/rslidar_msg:${AMENT_PREFIX_PATH} CMAKE_PREFIX_PATH=/workspaces/my_ros2_ws/src/install/rslidar_msg:/workspaces/my_ros2_ws/install/guide_dog_unitree_go1:/workspaces/my_ros2_ws/install/unitree_nav:/workspaces/my_ros2_ws/install/unitree_nav_interfaces:/workspaces/my_ros2_ws/install/unitree_legged_real:/workspaces/my_ros2_ws/install/rslidar_sdk:/workspaces/my_ros2_ws/install/rslidar_msg:/workspaces/my_ros2_ws/install/ros2_unitree_legged_msgs:/workspaces/my_ros2_ws/install/go1_description:/workspaces/my_ros2_ws/install:/workspaces/my_ros2_ws/install/object_detection:/workspaces/my_ros2_ws/install/unitree_nav_launch_module:/workspaces/my_ros2_ws/install/listen_talk_ros2:/opt/ros/humble LD_LIBRARY_PATH=/workspaces/my_ros2_ws/src/install/rslidar_msg/lib:${LD_LIBRARY_PATH} PYTHONPATH=/workspaces/my_ros2_ws/src/install/rslidar_msg/local/lib/python3.10/dist-packages:${PYTHONPATH} /usr/bin/cmake --install /workspaces/my_ros2_ws/src/build/rslidar_sdk
