[0.806s] Invoking command in '/workspaces/my_ros2_ws/src/build/rslidar_msg': CMAKE_PREFIX_PATH=${CMAKE_PREFIX_PATH}:/workspaces/my_ros2_ws/install/object_detection:/workspaces/my_ros2_ws/install/unitree_nav_launch_module:/workspaces/my_ros2_ws/install/listen_talk_ros2:/opt/ros/humble /usr/bin/cmake --build /workspaces/my_ros2_ws/src/build/rslidar_msg -- -j4 -l4
[4.939s] [35m[1mConsolidate compiler generated dependencies of target rslidar_msg__rosidl_generator_c[0m
[6.220s] [  3%] Built target rslidar_msg__cpp
[7.160s] [ 12%] Built target rslidar_msg__rosidl_generator_c
[7.249s] [ 12%] Built target ament_cmake_python_symlink_rslidar_msg
[7.711s] [35m[1mConsolidate compiler generated dependencies of target rslidar_msg__rosidl_typesupport_cpp[0m
[8.238s] [35m[1mConsolidate compiler generated dependencies of target rslidar_msg__rosidl_typesupport_fastrtps_cpp[0m
[9.718s] [35m[1mConsolidate compiler generated dependencies of target rslidar_msg__rosidl_typesupport_introspection_cpp[0m
[9.786s] [35m[1mConsolidate compiler generated dependencies of target rslidar_msg__rosidl_typesupport_fastrtps_c[0m
[13.151s] [ 22%] Built target rslidar_msg__rosidl_typesupport_cpp
[13.983s] [ 32%] Built target rslidar_msg__rosidl_typesupport_fastrtps_cpp
[14.710s] [ 41%] Built target rslidar_msg__rosidl_typesupport_introspection_cpp
[14.863s] [ 51%] Built target rslidar_msg__rosidl_typesupport_fastrtps_c
[15.171s] [35m[1mConsolidate compiler generated dependencies of target rslidar_msg__rosidl_typesupport_introspection_c[0m
[15.920s] [35m[1mConsolidate compiler generated dependencies of target rslidar_msg__rosidl_typesupport_c[0m
[17.476s] [ 61%] Built target rslidar_msg__rosidl_typesupport_introspection_c
[17.983s] [ 70%] Built target rslidar_msg__rosidl_typesupport_c
[18.497s] running egg_info
[18.507s] writing rslidar_msg.egg-info/PKG-INFO
[18.530s] writing dependency_links to rslidar_msg.egg-info/dependency_links.txt
[18.557s] writing top-level names to rslidar_msg.egg-info/top_level.txt
[18.635s] reading manifest file 'rslidar_msg.egg-info/SOURCES.txt'
[18.680s] writing manifest file 'rslidar_msg.egg-info/SOURCES.txt'
[19.897s] [ 70%] Built target ament_cmake_python_build_rslidar_msg_egg
[21.107s] [ 70%] Built target rslidar_msg
[23.478s] [ 74%] Built target rslidar_msg__py
[24.590s] [35m[1mConsolidate compiler generated dependencies of target rslidar_msg__rosidl_generator_py[0m
[27.156s] [ 80%] Built target rslidar_msg__rosidl_generator_py
[28.166s] [35m[1mConsolidate compiler generated dependencies of target rslidar_msg__rosidl_typesupport_fastrtps_c__pyext[0m
[28.200s] [35m[1mConsolidate compiler generated dependencies of target rslidar_msg__rosidl_typesupport_c__pyext[0m
[28.293s] [35m[1mConsolidate compiler generated dependencies of target rslidar_msg__rosidl_typesupport_introspection_c__pyext[0m
[30.775s] [ 87%] Built target rslidar_msg__rosidl_typesupport_fastrtps_c__pyext
[30.833s] [ 93%] Built target rslidar_msg__rosidl_typesupport_c__pyext
[31.100s] [100%] Built target rslidar_msg__rosidl_typesupport_introspection_c__pyext
[32.021s] Invoked command in '/workspaces/my_ros2_ws/src/build/rslidar_msg' returned '0': CMAKE_PREFIX_PATH=${CMAKE_PREFIX_PATH}:/workspaces/my_ros2_ws/install/object_detection:/workspaces/my_ros2_ws/install/unitree_nav_launch_module:/workspaces/my_ros2_ws/install/listen_talk_ros2:/opt/ros/humble /usr/bin/cmake --build /workspaces/my_ros2_ws/src/build/rslidar_msg -- -j4 -l4
[41.785s] Invoking command in '/workspaces/my_ros2_ws/src/build/rslidar_msg': CMAKE_PREFIX_PATH=${CMAKE_PREFIX_PATH}:/workspaces/my_ros2_ws/install/object_detection:/workspaces/my_ros2_ws/install/unitree_nav_launch_module:/workspaces/my_ros2_ws/install/listen_talk_ros2:/opt/ros/humble /usr/bin/cmake --install /workspaces/my_ros2_ws/src/build/rslidar_msg
[42.318s] -- Install configuration: ""
[42.341s] -- Execute custom install script
[42.363s] -- Up-to-date symlink: /workspaces/my_ros2_ws/src/install/rslidar_msg/share/ament_index/resource_index/rosidl_interfaces/rslidar_msg
[42.389s] -- Up-to-date symlink: /workspaces/my_ros2_ws/src/install/rslidar_msg/include/rslidar_msg/rslidar_msg/msg/detail/rslidar_packet__functions.h
[42.400s] -- Up-to-date symlink: /workspaces/my_ros2_ws/src/install/rslidar_msg/include/rslidar_msg/rslidar_msg/msg/detail/rslidar_packet__struct.h
[42.417s] -- Up-to-date symlink: /workspaces/my_ros2_ws/src/install/rslidar_msg/include/rslidar_msg/rslidar_msg/msg/detail/rslidar_packet__type_support.h
[42.435s] -- Up-to-date symlink: /workspaces/my_ros2_ws/src/install/rslidar_msg/include/rslidar_msg/rslidar_msg/msg/rosidl_generator_c__visibility_control.h
[42.455s] -- Up-to-date symlink: /workspaces/my_ros2_ws/src/install/rslidar_msg/include/rslidar_msg/rslidar_msg/msg/rslidar_packet.h
[42.473s] -- Up-to-date symlink: /workspaces/my_ros2_ws/src/install/rslidar_msg/share/rslidar_msg/environment/library_path.sh
[42.487s] -- Up-to-date symlink: /workspaces/my_ros2_ws/src/install/rslidar_msg/share/rslidar_msg/environment/library_path.dsv
[42.504s] -- Up-to-date symlink: /workspaces/my_ros2_ws/src/install/rslidar_msg/include/rslidar_msg/rslidar_msg/msg/detail/rslidar_packet__rosidl_typesupport_fastrtps_c.h
[42.514s] -- Up-to-date symlink: /workspaces/my_ros2_ws/src/install/rslidar_msg/include/rslidar_msg/rslidar_msg/msg/rosidl_typesupport_fastrtps_c__visibility_control.h
[42.534s] -- Up-to-date symlink: /workspaces/my_ros2_ws/src/install/rslidar_msg/include/rslidar_msg/rslidar_msg/msg/detail/rslidar_packet__builder.hpp
[42.549s] -- Up-to-date symlink: /workspaces/my_ros2_ws/src/install/rslidar_msg/include/rslidar_msg/rslidar_msg/msg/detail/rslidar_packet__struct.hpp
[42.563s] -- Up-to-date symlink: /workspaces/my_ros2_ws/src/install/rslidar_msg/include/rslidar_msg/rslidar_msg/msg/detail/rslidar_packet__traits.hpp
[42.580s] -- Up-to-date symlink: /workspaces/my_ros2_ws/src/install/rslidar_msg/include/rslidar_msg/rslidar_msg/msg/rslidar_packet.hpp
[42.602s] -- Up-to-date symlink: /workspaces/my_ros2_ws/src/install/rslidar_msg/include/rslidar_msg/rslidar_msg/msg/detail/rslidar_packet__rosidl_typesupport_fastrtps_cpp.hpp
[42.619s] -- Up-to-date symlink: /workspaces/my_ros2_ws/src/install/rslidar_msg/include/rslidar_msg/rslidar_msg/msg/rosidl_typesupport_fastrtps_cpp__visibility_control.h
[42.632s] -- Up-to-date symlink: /workspaces/my_ros2_ws/src/install/rslidar_msg/include/rslidar_msg/rslidar_msg/msg/detail/rslidar_packet__rosidl_typesupport_introspection_c.h
[42.646s] -- Up-to-date symlink: /workspaces/my_ros2_ws/src/install/rslidar_msg/include/rslidar_msg/rslidar_msg/msg/rosidl_typesupport_introspection_c__visibility_control.h
[42.666s] -- Up-to-date symlink: /workspaces/my_ros2_ws/src/install/rslidar_msg/include/rslidar_msg/rslidar_msg/msg/detail/rslidar_packet__rosidl_typesupport_introspection_cpp.hpp
[42.679s] -- Up-to-date symlink: /workspaces/my_ros2_ws/src/install/rslidar_msg/share/rslidar_msg/environment/pythonpath.sh
[42.695s] -- Up-to-date symlink: /workspaces/my_ros2_ws/src/install/rslidar_msg/share/rslidar_msg/environment/pythonpath.dsv
[42.709s] -- Up-to-date symlink: /workspaces/my_ros2_ws/src/install/rslidar_msg/local/lib/python3.10/dist-packages/rslidar_msg-0.0.0-py3.10.egg-info/PKG-INFO
[42.718s] -- Up-to-date symlink: /workspaces/my_ros2_ws/src/install/rslidar_msg/local/lib/python3.10/dist-packages/rslidar_msg-0.0.0-py3.10.egg-info/SOURCES.txt
[42.735s] -- Up-to-date symlink: /workspaces/my_ros2_ws/src/install/rslidar_msg/local/lib/python3.10/dist-packages/rslidar_msg-0.0.0-py3.10.egg-info/dependency_links.txt
[42.749s] -- Up-to-date symlink: /workspaces/my_ros2_ws/src/install/rslidar_msg/local/lib/python3.10/dist-packages/rslidar_msg-0.0.0-py3.10.egg-info/top_level.txt
[42.767s] -- Up-to-date symlink: /workspaces/my_ros2_ws/src/install/rslidar_msg/local/lib/python3.10/dist-packages/rslidar_msg/__init__.py
[42.778s] -- Up-to-date symlink: /workspaces/my_ros2_ws/src/install/rslidar_msg/local/lib/python3.10/dist-packages/rslidar_msg/_rslidar_msg_s.ep.rosidl_typesupport_c.c
[42.795s] -- Up-to-date symlink: /workspaces/my_ros2_ws/src/install/rslidar_msg/local/lib/python3.10/dist-packages/rslidar_msg/_rslidar_msg_s.ep.rosidl_typesupport_fastrtps_c.c
[42.818s] -- Up-to-date symlink: /workspaces/my_ros2_ws/src/install/rslidar_msg/local/lib/python3.10/dist-packages/rslidar_msg/_rslidar_msg_s.ep.rosidl_typesupport_introspection_c.c
[42.854s] -- Up-to-date symlink: /workspaces/my_ros2_ws/src/install/rslidar_msg/local/lib/python3.10/dist-packages/rslidar_msg/librslidar_msg__rosidl_generator_py.so
[42.894s] -- Up-to-date symlink: /workspaces/my_ros2_ws/src/install/rslidar_msg/local/lib/python3.10/dist-packages/rslidar_msg/msg/__init__.py
[42.943s] -- Up-to-date symlink: /workspaces/my_ros2_ws/src/install/rslidar_msg/local/lib/python3.10/dist-packages/rslidar_msg/msg/_rslidar_packet.py
[42.964s] -- Up-to-date symlink: /workspaces/my_ros2_ws/src/install/rslidar_msg/local/lib/python3.10/dist-packages/rslidar_msg/msg/_rslidar_packet_s.c
[42.979s] -- Up-to-date symlink: /workspaces/my_ros2_ws/src/install/rslidar_msg/local/lib/python3.10/dist-packages/rslidar_msg/rslidar_msg_s__rosidl_typesupport_c.cpython-310-x86_64-linux-gnu.so
[43.001s] -- Up-to-date symlink: /workspaces/my_ros2_ws/src/install/rslidar_msg/local/lib/python3.10/dist-packages/rslidar_msg/rslidar_msg_s__rosidl_typesupport_fastrtps_c.cpython-310-x86_64-linux-gnu.so
[43.006s] -- Up-to-date symlink: /workspaces/my_ros2_ws/src/install/rslidar_msg/local/lib/python3.10/dist-packages/rslidar_msg/rslidar_msg_s__rosidl_typesupport_introspection_c.cpython-310-x86_64-linux-gnu.so
[43.018s] -- Up-to-date symlink: /workspaces/my_ros2_ws/src/install/rslidar_msg/local/lib/python3.10/dist-packages/rslidar_msg/rslidar_msg_s__rosidl_typesupport_fastrtps_c.cpython-310-x86_64-linux-gnu.so
[43.034s] -- Up-to-date symlink: /workspaces/my_ros2_ws/src/install/rslidar_msg/local/lib/python3.10/dist-packages/rslidar_msg/rslidar_msg_s__rosidl_typesupport_introspection_c.cpython-310-x86_64-linux-gnu.so
[43.049s] -- Up-to-date symlink: /workspaces/my_ros2_ws/src/install/rslidar_msg/local/lib/python3.10/dist-packages/rslidar_msg/rslidar_msg_s__rosidl_typesupport_c.cpython-310-x86_64-linux-gnu.so
[43.064s] -- Up-to-date symlink: /workspaces/my_ros2_ws/src/install/rslidar_msg/share/rslidar_msg/msg/RslidarPacket.idl
[43.080s] -- Up-to-date symlink: /workspaces/my_ros2_ws/src/install/rslidar_msg/share/rslidar_msg/msg/RslidarPacket.msg
[43.087s] -- Up-to-date symlink: /workspaces/my_ros2_ws/src/install/rslidar_msg/share/ament_index/resource_index/package_run_dependencies/rslidar_msg
[43.113s] -- Up-to-date symlink: /workspaces/my_ros2_ws/src/install/rslidar_msg/share/ament_index/resource_index/parent_prefix_path/rslidar_msg
[43.137s] -- Up-to-date symlink: /workspaces/my_ros2_ws/src/install/rslidar_msg/share/rslidar_msg/environment/ament_prefix_path.sh
[43.164s] -- Up-to-date symlink: /workspaces/my_ros2_ws/src/install/rslidar_msg/share/rslidar_msg/environment/ament_prefix_path.dsv
[43.185s] -- Up-to-date symlink: /workspaces/my_ros2_ws/src/install/rslidar_msg/share/rslidar_msg/environment/path.sh
[43.198s] -- Up-to-date symlink: /workspaces/my_ros2_ws/src/install/rslidar_msg/share/rslidar_msg/environment/path.dsv
[43.206s] -- Up-to-date symlink: /workspaces/my_ros2_ws/src/install/rslidar_msg/share/rslidar_msg/local_setup.bash
[43.224s] -- Up-to-date symlink: /workspaces/my_ros2_ws/src/install/rslidar_msg/share/rslidar_msg/local_setup.sh
[43.239s] -- Up-to-date symlink: /workspaces/my_ros2_ws/src/install/rslidar_msg/share/rslidar_msg/local_setup.zsh
[43.261s] -- Up-to-date symlink: /workspaces/my_ros2_ws/src/install/rslidar_msg/share/rslidar_msg/local_setup.dsv
[43.270s] -- Symlinking: /workspaces/my_ros2_ws/src/install/rslidar_msg/share/rslidar_msg/package.dsv
[43.846s] -- Up-to-date symlink: /workspaces/my_ros2_ws/src/install/rslidar_msg/share/ament_index/resource_index/packages/rslidar_msg
[43.857s] -- Up-to-date symlink: /workspaces/my_ros2_ws/src/install/rslidar_msg/share/rslidar_msg/cmake/rosidl_cmake-extras.cmake
[43.870s] -- Up-to-date symlink: /workspaces/my_ros2_ws/src/install/rslidar_msg/share/rslidar_msg/cmake/ament_cmake_export_dependencies-extras.cmake
[43.880s] -- Up-to-date symlink: /workspaces/my_ros2_ws/src/install/rslidar_msg/share/rslidar_msg/cmake/ament_cmake_export_include_directories-extras.cmake
[43.895s] -- Up-to-date symlink: /workspaces/my_ros2_ws/src/install/rslidar_msg/share/rslidar_msg/cmake/ament_cmake_export_libraries-extras.cmake
[43.904s] -- Up-to-date symlink: /workspaces/my_ros2_ws/src/install/rslidar_msg/share/rslidar_msg/cmake/ament_cmake_export_targets-extras.cmake
[43.921s] -- Up-to-date symlink: /workspaces/my_ros2_ws/src/install/rslidar_msg/share/rslidar_msg/cmake/rosidl_cmake_export_typesupport_targets-extras.cmake
[43.934s] -- Up-to-date symlink: /workspaces/my_ros2_ws/src/install/rslidar_msg/share/rslidar_msg/cmake/rosidl_cmake_export_typesupport_libraries-extras.cmake
[43.952s] -- Up-to-date symlink: /workspaces/my_ros2_ws/src/install/rslidar_msg/share/rslidar_msg/cmake/rslidar_msgConfig.cmake
[43.958s] -- Up-to-date symlink: /workspaces/my_ros2_ws/src/install/rslidar_msg/share/rslidar_msg/cmake/rslidar_msgConfig-version.cmake
[43.971s] -- Up-to-date symlink: /workspaces/my_ros2_ws/src/install/rslidar_msg/share/rslidar_msg/package.xml
[43.988s] -- Up-to-date: /workspaces/my_ros2_ws/src/install/rslidar_msg/lib/librslidar_msg__rosidl_generator_c.so
[44.016s] -- Up-to-date: /workspaces/my_ros2_ws/src/install/rslidar_msg/lib/librslidar_msg__rosidl_typesupport_fastrtps_c.so
[44.052s] -- Up-to-date: /workspaces/my_ros2_ws/src/install/rslidar_msg/lib/librslidar_msg__rosidl_typesupport_fastrtps_cpp.so
[44.079s] -- Up-to-date: /workspaces/my_ros2_ws/src/install/rslidar_msg/lib/librslidar_msg__rosidl_typesupport_introspection_c.so
[44.091s] -- Up-to-date: /workspaces/my_ros2_ws/src/install/rslidar_msg/lib/librslidar_msg__rosidl_typesupport_c.so
[44.116s] -- Up-to-date: /workspaces/my_ros2_ws/src/install/rslidar_msg/lib/librslidar_msg__rosidl_typesupport_introspection_cpp.so
[44.132s] -- Up-to-date: /workspaces/my_ros2_ws/src/install/rslidar_msg/lib/librslidar_msg__rosidl_typesupport_cpp.so
[44.425s] Listing '/workspaces/my_ros2_ws/src/install/rslidar_msg/local/lib/python3.10/dist-packages/rslidar_msg'...
[44.441s] Listing '/workspaces/my_ros2_ws/src/install/rslidar_msg/local/lib/python3.10/dist-packages/rslidar_msg/msg'...
[44.446s] -- Up-to-date: /workspaces/my_ros2_ws/src/install/rslidar_msg/lib/librslidar_msg__rosidl_generator_py.so
[44.466s] -- Up-to-date: /workspaces/my_ros2_ws/src/install/rslidar_msg/share/rslidar_msg/cmake/export_rslidar_msg__rosidl_generator_cExport.cmake
[44.474s] -- Up-to-date: /workspaces/my_ros2_ws/src/install/rslidar_msg/share/rslidar_msg/cmake/export_rslidar_msg__rosidl_generator_cExport-noconfig.cmake
[44.487s] -- Up-to-date: /workspaces/my_ros2_ws/src/install/rslidar_msg/share/rslidar_msg/cmake/export_rslidar_msg__rosidl_typesupport_fastrtps_cExport.cmake
[44.496s] -- Up-to-date: /workspaces/my_ros2_ws/src/install/rslidar_msg/share/rslidar_msg/cmake/export_rslidar_msg__rosidl_typesupport_fastrtps_cExport-noconfig.cmake
[44.513s] -- Up-to-date: /workspaces/my_ros2_ws/src/install/rslidar_msg/share/rslidar_msg/cmake/export_rslidar_msg__rosidl_generator_cppExport.cmake
[44.534s] -- Up-to-date: /workspaces/my_ros2_ws/src/install/rslidar_msg/share/rslidar_msg/cmake/export_rslidar_msg__rosidl_typesupport_fastrtps_cppExport.cmake
[44.548s] -- Up-to-date: /workspaces/my_ros2_ws/src/install/rslidar_msg/share/rslidar_msg/cmake/export_rslidar_msg__rosidl_typesupport_fastrtps_cppExport-noconfig.cmake
[44.572s] -- Up-to-date: /workspaces/my_ros2_ws/src/install/rslidar_msg/share/rslidar_msg/cmake/rslidar_msg__rosidl_typesupport_introspection_cExport.cmake
[44.577s] -- Up-to-date: /workspaces/my_ros2_ws/src/install/rslidar_msg/share/rslidar_msg/cmake/rslidar_msg__rosidl_typesupport_introspection_cExport-noconfig.cmake
[44.606s] -- Up-to-date: /workspaces/my_ros2_ws/src/install/rslidar_msg/share/rslidar_msg/cmake/rslidar_msg__rosidl_typesupport_cExport.cmake
[44.615s] -- Up-to-date: /workspaces/my_ros2_ws/src/install/rslidar_msg/share/rslidar_msg/cmake/rslidar_msg__rosidl_typesupport_cExport-noconfig.cmake
[44.635s] -- Up-to-date: /workspaces/my_ros2_ws/src/install/rslidar_msg/share/rslidar_msg/cmake/rslidar_msg__rosidl_typesupport_introspection_cppExport.cmake
[44.643s] -- Up-to-date: /workspaces/my_ros2_ws/src/install/rslidar_msg/share/rslidar_msg/cmake/rslidar_msg__rosidl_typesupport_introspection_cppExport-noconfig.cmake
[44.661s] -- Up-to-date: /workspaces/my_ros2_ws/src/install/rslidar_msg/share/rslidar_msg/cmake/rslidar_msg__rosidl_typesupport_cppExport.cmake
[44.673s] -- Up-to-date: /workspaces/my_ros2_ws/src/install/rslidar_msg/share/rslidar_msg/cmake/rslidar_msg__rosidl_typesupport_cppExport-noconfig.cmake
[44.692s] -- Up-to-date: /workspaces/my_ros2_ws/src/install/rslidar_msg/share/rslidar_msg/cmake/export_rslidar_msg__rosidl_generator_pyExport.cmake
[44.703s] -- Up-to-date: /workspaces/my_ros2_ws/src/install/rslidar_msg/share/rslidar_msg/cmake/export_rslidar_msg__rosidl_generator_pyExport-noconfig.cmake
[44.741s] Invoked command in '/workspaces/my_ros2_ws/src/build/rslidar_msg' returned '0': CMAKE_PREFIX_PATH=${CMAKE_PREFIX_PATH}:/workspaces/my_ros2_ws/install/object_detection:/workspaces/my_ros2_ws/install/unitree_nav_launch_module:/workspaces/my_ros2_ws/install/listen_talk_ros2:/opt/ros/humble /usr/bin/cmake --install /workspaces/my_ros2_ws/src/build/rslidar_msg
