running develop
running egg_info
creating unitree_nav_launch_module.egg-info
writing unitree_nav_launch_module.egg-info/PKG-INFO
writing dependency_links to unitree_nav_launch_module.egg-info/dependency_links.txt
writing entry points to unitree_nav_launch_module.egg-info/entry_points.txt
writing requirements to unitree_nav_launch_module.egg-info/requires.txt
writing top-level names to unitree_nav_launch_module.egg-info/top_level.txt
writing manifest file 'unitree_nav_launch_module.egg-info/SOURCES.txt'
reading manifest file 'unitree_nav_launch_module.egg-info/SOURCES.txt'
writing manifest file 'unitree_nav_launch_module.egg-info/SOURCES.txt'
running build_ext
Creating /workspaces/my_ros2_ws/src/install/unitree_nav_launch_module/lib/python3.10/site-packages/unitree-nav-launch-module.egg-link (link to .)

Installed /workspaces/my_ros2_ws/src/build/unitree_nav_launch_module
running install_data
creating /workspaces/my_ros2_ws/src/install/unitree_nav_launch_module/share/ament_index
creating /workspaces/my_ros2_ws/src/install/unitree_nav_launch_module/share/ament_index/resource_index
creating /workspaces/my_ros2_ws/src/install/unitree_nav_launch_module/share/ament_index/resource_index/packages
copying resource/unitree_nav_launch_module -> /workspaces/my_ros2_ws/src/install/unitree_nav_launch_module/share/ament_index/resource_index/packages
copying package.xml -> /workspaces/my_ros2_ws/src/install/unitree_nav_launch_module/share/unitree_nav_launch_module
