[7.779s] Invoking command in '/workspaces/my_ros2_ws/src/build/unitree_nav_launch_module': PYTHONPATH=/workspaces/my_ros2_ws/src/build/unitree_nav_launch_module/prefix_override:/workspaces/my_ros2_ws/src/install/unitree_nav_launch_module/lib/python3.10/site-packages:${PYTHONPATH} /usr/bin/python3 setup.py develop --editable --build-directory /workspaces/my_ros2_ws/src/build/unitree_nav_launch_module/build --no-deps install_data
[9.790s] running develop
[11.505s] running egg_info
[11.531s] creating unitree_nav_launch_module.egg-info
[11.538s] writing unitree_nav_launch_module.egg-info/PKG-INFO
[11.558s] writing dependency_links to unitree_nav_launch_module.egg-info/dependency_links.txt
[11.590s] writing entry points to unitree_nav_launch_module.egg-info/entry_points.txt
[11.603s] writing requirements to unitree_nav_launch_module.egg-info/requires.txt
[11.634s] writing top-level names to unitree_nav_launch_module.egg-info/top_level.txt
[11.646s] writing manifest file 'unitree_nav_launch_module.egg-info/SOURCES.txt'
[11.729s] reading manifest file 'unitree_nav_launch_module.egg-info/SOURCES.txt'
[11.759s] writing manifest file 'unitree_nav_launch_module.egg-info/SOURCES.txt'
[11.778s] running build_ext
[11.792s] Creating /workspaces/my_ros2_ws/src/install/unitree_nav_launch_module/lib/python3.10/site-packages/unitree-nav-launch-module.egg-link (link to .)
[11.824s] 
[11.831s] Installed /workspaces/my_ros2_ws/src/build/unitree_nav_launch_module
[11.837s] running install_data
[11.851s] creating /workspaces/my_ros2_ws/src/install/unitree_nav_launch_module/share/ament_index
[11.863s] creating /workspaces/my_ros2_ws/src/install/unitree_nav_launch_module/share/ament_index/resource_index
[11.877s] creating /workspaces/my_ros2_ws/src/install/unitree_nav_launch_module/share/ament_index/resource_index/packages
[11.887s] copying resource/unitree_nav_launch_module -> /workspaces/my_ros2_ws/src/install/unitree_nav_launch_module/share/ament_index/resource_index/packages
[11.932s] copying package.xml -> /workspaces/my_ros2_ws/src/install/unitree_nav_launch_module/share/unitree_nav_launch_module
[12.104s] Invoked command in '/workspaces/my_ros2_ws/src/build/unitree_nav_launch_module' returned '0': PYTHONPATH=/workspaces/my_ros2_ws/src/build/unitree_nav_launch_module/prefix_override:/workspaces/my_ros2_ws/src/install/unitree_nav_launch_module/lib/python3.10/site-packages:${PYTHONPATH} /usr/bin/python3 setup.py develop --editable --build-directory /workspaces/my_ros2_ws/src/build/unitree_nav_launch_module/build --no-deps install_data
