-- The C compiler identification is GNU 11.3.0
-- The CXX compiler identification is GNU 11.3.0
-- Detecting C compiler ABI info
-- Detecting C compiler ABI info - done
-- Check for working C compiler: /usr/bin/cc - skipped
-- Detecting C compile features
-- Detecting C compile features - done
-- Detecting CXX compiler ABI info
-- Detecting CXX compiler ABI info - done
-- Check for working CXX compiler: /usr/bin/c++ - skipped
-- Detecting CXX compile features
-- Detecting CXX compile features - done
[0m=============================================================[0m
[0m-- POINT_TYPE is XYZI[0m
[0m=============================================================[0m
[0m=============================================================[0m
[0m-- ROS Not Found. ROS Support is turned Off.[0m
[0m=============================================================[0m
-- Found Python3: /usr/bin/python3.10 (found version "3.10.6") found components: Interpreter 
-- Override CMake install command with custom implementation using symlinks instead of copying resources
-- Found rosidl_generator_c: 3.1.4 (/opt/ros/humble/share/rosidl_generator_c/cmake)
-- Found rosidl_adapter: 3.1.4 (/opt/ros/humble/share/rosidl_adapter/cmake)
-- Found rosidl_generator_cpp: 3.1.4 (/opt/ros/humble/share/rosidl_generator_cpp/cmake)
-- Using all available rosidl_typesupport_c: rosidl_typesupport_fastrtps_c;rosidl_typesupport_introspection_c
-- Using all available rosidl_typesupport_cpp: rosidl_typesupport_fastrtps_cpp;rosidl_typesupport_introspection_cpp
-- Found rmw_implementation_cmake: 6.1.1 (/opt/ros/humble/share/rmw_implementation_cmake/cmake)
-- Found rmw_fastrtps_cpp: 6.2.2 (/opt/ros/humble/share/rmw_fastrtps_cpp/cmake)
-- Found OpenSSL: /usr/lib/x86_64-linux-gnu/libcrypto.so (found version "3.0.2")  
-- Found FastRTPS: /opt/ros/humble/include  
-- Using RMW implementation 'rmw_fastrtps_cpp' as default
-- Looking for pthread.h
-- Looking for pthread.h - found
-- Performing Test CMAKE_HAVE_LIBC_PTHREAD
-- Performing Test CMAKE_HAVE_LIBC_PTHREAD - Success
-- Found Threads: TRUE  
[0m=============================================================[0m
[0m-- ROS2 Found. ROS2 Support is turned On.[0m
[0m=============================================================[0m
-- Found sensor_msgs: 4.2.3 (/opt/ros/humble/share/sensor_msgs/cmake)
-- Found rslidar_msg: 0.0.0 (/workspaces/my_ros2_ws/src/install/rslidar_msg/share/rslidar_msg/cmake)
[0m=============================================================[0m
[0m-- CMake run for UNIX GNU Compiler[0m
[0m=============================================================[0m
[0m=============================================================[0m
[0m-- rs_driver Version : v1.5.9[0m
[0m=============================================================[0m
-- Configuring done
-- Generating done
-- Build files have been written to: /workspaces/my_ros2_ws/src/build/rslidar_sdk
[ 33%] [32mBuilding CXX object CMakeFiles/rslidar_sdk_node.dir/node/rslidar_sdk_node.cpp.o[0m
[ 66%] [32mBuilding CXX object CMakeFiles/rslidar_sdk_node.dir/src/manager/node_manager.cpp.o[0m
[100%] [32m[1mLinking CXX executable rslidar_sdk_node[0m
[100%] Built target rslidar_sdk_node
-- Install configuration: "Release"
-- Execute custom install script
-- Symlinking: /workspaces/my_ros2_ws/src/install/rslidar_sdk/lib/rslidar_sdk/rslidar_sdk_node
-- Symlinking: /workspaces/my_ros2_ws/src/install/rslidar_sdk/share/rslidar_sdk/launch/elequent_start.py
-- Symlinking: /workspaces/my_ros2_ws/src/install/rslidar_sdk/share/rslidar_sdk/launch/start.launch
-- Symlinking: /workspaces/my_ros2_ws/src/install/rslidar_sdk/share/rslidar_sdk/launch/start.py
-- Symlinking: /workspaces/my_ros2_ws/src/install/rslidar_sdk/share/rslidar_sdk/rviz/rviz.rviz
-- Symlinking: /workspaces/my_ros2_ws/src/install/rslidar_sdk/share/rslidar_sdk/rviz/rviz2.rviz
-- Symlinking: /workspaces/my_ros2_ws/src/install/rslidar_sdk/share/ament_index/resource_index/package_run_dependencies/rslidar_sdk
-- Symlinking: /workspaces/my_ros2_ws/src/install/rslidar_sdk/share/ament_index/resource_index/parent_prefix_path/rslidar_sdk
-- Symlinking: /workspaces/my_ros2_ws/src/install/rslidar_sdk/share/rslidar_sdk/environment/ament_prefix_path.sh
-- Symlinking: /workspaces/my_ros2_ws/src/install/rslidar_sdk/share/rslidar_sdk/environment/ament_prefix_path.dsv
-- Symlinking: /workspaces/my_ros2_ws/src/install/rslidar_sdk/share/rslidar_sdk/environment/path.sh
-- Symlinking: /workspaces/my_ros2_ws/src/install/rslidar_sdk/share/rslidar_sdk/environment/path.dsv
-- Symlinking: /workspaces/my_ros2_ws/src/install/rslidar_sdk/share/rslidar_sdk/local_setup.bash
-- Symlinking: /workspaces/my_ros2_ws/src/install/rslidar_sdk/share/rslidar_sdk/local_setup.sh
-- Symlinking: /workspaces/my_ros2_ws/src/install/rslidar_sdk/share/rslidar_sdk/local_setup.zsh
-- Symlinking: /workspaces/my_ros2_ws/src/install/rslidar_sdk/share/rslidar_sdk/local_setup.dsv
-- Symlinking: /workspaces/my_ros2_ws/src/install/rslidar_sdk/share/rslidar_sdk/package.dsv
-- Symlinking: /workspaces/my_ros2_ws/src/install/rslidar_sdk/share/ament_index/resource_index/packages/rslidar_sdk
-- Symlinking: /workspaces/my_ros2_ws/src/install/rslidar_sdk/share/rslidar_sdk/cmake/rslidar_sdkConfig.cmake
-- Symlinking: /workspaces/my_ros2_ws/src/install/rslidar_sdk/share/rslidar_sdk/cmake/rslidar_sdkConfig-version.cmake
-- Symlinking: /workspaces/my_ros2_ws/src/install/rslidar_sdk/share/rslidar_sdk/package.xml
