[0.806s] Invoking command in '/workspaces/my_ros2_ws/src/build/rslidar_sdk': AMENT_PREFIX_PATH=/workspaces/my_ros2_ws/src/install/rslidar_msg:${AMENT_PREFIX_PATH} CMAKE_PREFIX_PATH=/workspaces/my_ros2_ws/src/install/rslidar_msg:/workspaces/my_ros2_ws/install/guide_dog_unitree_go1:/workspaces/my_ros2_ws/install/unitree_nav:/workspaces/my_ros2_ws/install/unitree_nav_interfaces:/workspaces/my_ros2_ws/install/unitree_legged_real:/workspaces/my_ros2_ws/install/rslidar_sdk:/workspaces/my_ros2_ws/install/rslidar_msg:/workspaces/my_ros2_ws/install/ros2_unitree_legged_msgs:/workspaces/my_ros2_ws/install/go1_description:/workspaces/my_ros2_ws/install:/workspaces/my_ros2_ws/install/object_detection:/workspaces/my_ros2_ws/install/unitree_nav_launch_module:/workspaces/my_ros2_ws/install/listen_talk_ros2:/opt/ros/humble LD_LIBRARY_PATH=/workspaces/my_ros2_ws/src/install/rslidar_msg/lib:${LD_LIBRARY_PATH} PYTHONPATH=/workspaces/my_ros2_ws/src/install/rslidar_msg/local/lib/python3.10/dist-packages:${PYTHONPATH} /usr/bin/cmake /workspaces/my_ros2_ws/src/rslidar_sdk_ros2 -DAMENT_CMAKE_SYMLINK_INSTALL=1 -DCMAKE_INSTALL_PREFIX=/workspaces/my_ros2_ws/src/install/rslidar_sdk
[5.562s] -- The C compiler identification is GNU 11.3.0
[7.646s] -- The CXX compiler identification is GNU 11.3.0
[8.258s] -- Detecting C compiler ABI info
[14.434s] -- Detecting C compiler ABI info - done
[14.477s] -- Check for working C compiler: /usr/bin/cc - skipped
[14.486s] -- Detecting C compile features
[14.495s] -- Detecting C compile features - done
[14.614s] -- Detecting CXX compiler ABI info
[19.566s] -- Detecting CXX compiler ABI info - done
[19.646s] -- Check for working CXX compiler: /usr/bin/c++ - skipped
[19.654s] -- Detecting CXX compile features
[19.663s] -- Detecting CXX compile features - done
[19.712s] [0m=============================================================[0m
[19.726s] [0m-- POINT_TYPE is XYZI[0m
[19.734s] [0m=============================================================[0m
[20.128s] [0m=============================================================[0m
[20.136s] [0m-- ROS Not Found. ROS Support is turned Off.[0m
[20.145s] [0m=============================================================[0m
[25.191s] -- Found Python3: /usr/bin/python3.10 (found version "3.10.6") found components: Interpreter 
[25.710s] -- Override CMake install command with custom implementation using symlinks instead of copying resources
[32.496s] -- Found rosidl_generator_c: 3.1.4 (/opt/ros/humble/share/rosidl_generator_c/cmake)
[32.995s] -- Found rosidl_adapter: 3.1.4 (/opt/ros/humble/share/rosidl_adapter/cmake)
[33.534s] -- Found rosidl_generator_cpp: 3.1.4 (/opt/ros/humble/share/rosidl_generator_cpp/cmake)
[34.036s] -- Using all available rosidl_typesupport_c: rosidl_typesupport_fastrtps_c;rosidl_typesupport_introspection_c
[34.754s] -- Using all available rosidl_typesupport_cpp: rosidl_typesupport_fastrtps_cpp;rosidl_typesupport_introspection_cpp
[37.596s] -- Found rmw_implementation_cmake: 6.1.1 (/opt/ros/humble/share/rmw_implementation_cmake/cmake)
[37.849s] -- Found rmw_fastrtps_cpp: 6.2.2 (/opt/ros/humble/share/rmw_fastrtps_cpp/cmake)
[44.907s] -- Found OpenSSL: /usr/lib/x86_64-linux-gnu/libcrypto.so (found version "3.0.2")  
[45.849s] -- Found FastRTPS: /opt/ros/humble/include  
[46.954s] -- Using RMW implementation 'rmw_fastrtps_cpp' as default
[48.337s] -- Looking for pthread.h
[53.399s] -- Looking for pthread.h - found
[53.416s] -- Performing Test CMAKE_HAVE_LIBC_PTHREAD
[57.209s] -- Performing Test CMAKE_HAVE_LIBC_PTHREAD - Success
[57.220s] -- Found Threads: TRUE  
[58.574s] [0m=============================================================[0m
[58.584s] [0m-- ROS2 Found. ROS2 Support is turned On.[0m
[58.589s] [0m=============================================================[0m
[58.720s] -- Found sensor_msgs: 4.2.3 (/opt/ros/humble/share/sensor_msgs/cmake)
[59.259s] -- Found rslidar_msg: 0.0.0 (/workspaces/my_ros2_ws/src/install/rslidar_msg/share/rslidar_msg/cmake)
[59.717s] [0m=============================================================[0m
[59.728s] [0m-- CMake run for UNIX GNU Compiler[0m
[59.734s] [0m=============================================================[0m
[59.794s] [0m=============================================================[0m
[59.799s] [0m-- rs_driver Version : v1.5.9[0m
[59.810s] [0m=============================================================[0m
[60.801s] -- Configuring done
[61.722s] -- Generating done
[61.895s] -- Build files have been written to: /workspaces/my_ros2_ws/src/build/rslidar_sdk
[61.947s] Invoked command in '/workspaces/my_ros2_ws/src/build/rslidar_sdk' returned '0': AMENT_PREFIX_PATH=/workspaces/my_ros2_ws/src/install/rslidar_msg:${AMENT_PREFIX_PATH} CMAKE_PREFIX_PATH=/workspaces/my_ros2_ws/src/install/rslidar_msg:/workspaces/my_ros2_ws/install/guide_dog_unitree_go1:/workspaces/my_ros2_ws/install/unitree_nav:/workspaces/my_ros2_ws/install/unitree_nav_interfaces:/workspaces/my_ros2_ws/install/unitree_legged_real:/workspaces/my_ros2_ws/install/rslidar_sdk:/workspaces/my_ros2_ws/install/rslidar_msg:/workspaces/my_ros2_ws/install/ros2_unitree_legged_msgs:/workspaces/my_ros2_ws/install/go1_description:/workspaces/my_ros2_ws/install:/workspaces/my_ros2_ws/install/object_detection:/workspaces/my_ros2_ws/install/unitree_nav_launch_module:/workspaces/my_ros2_ws/install/listen_talk_ros2:/opt/ros/humble LD_LIBRARY_PATH=/workspaces/my_ros2_ws/src/install/rslidar_msg/lib:${LD_LIBRARY_PATH} PYTHONPATH=/workspaces/my_ros2_ws/src/install/rslidar_msg/local/lib/python3.10/dist-packages:${PYTHONPATH} /usr/bin/cmake /workspaces/my_ros2_ws/src/rslidar_sdk_ros2 -DAMENT_CMAKE_SYMLINK_INSTALL=1 -DCMAKE_INSTALL_PREFIX=/workspaces/my_ros2_ws/src/install/rslidar_sdk
[61.962s] Invoking command in '/workspaces/my_ros2_ws/src/build/rslidar_sdk': AMENT_PREFIX_PATH=/workspaces/my_ros2_ws/src/install/rslidar_msg:${AMENT_PREFIX_PATH} CMAKE_PREFIX_PATH=/workspaces/my_ros2_ws/src/install/rslidar_msg:/workspaces/my_ros2_ws/install/guide_dog_unitree_go1:/workspaces/my_ros2_ws/install/unitree_nav:/workspaces/my_ros2_ws/install/unitree_nav_interfaces:/workspaces/my_ros2_ws/install/unitree_legged_real:/workspaces/my_ros2_ws/install/rslidar_sdk:/workspaces/my_ros2_ws/install/rslidar_msg:/workspaces/my_ros2_ws/install/ros2_unitree_legged_msgs:/workspaces/my_ros2_ws/install/go1_description:/workspaces/my_ros2_ws/install:/workspaces/my_ros2_ws/install/object_detection:/workspaces/my_ros2_ws/install/unitree_nav_launch_module:/workspaces/my_ros2_ws/install/listen_talk_ros2:/opt/ros/humble LD_LIBRARY_PATH=/workspaces/my_ros2_ws/src/install/rslidar_msg/lib:${LD_LIBRARY_PATH} PYTHONPATH=/workspaces/my_ros2_ws/src/install/rslidar_msg/local/lib/python3.10/dist-packages:${PYTHONPATH} /usr/bin/cmake --build /workspaces/my_ros2_ws/src/build/rslidar_sdk -- -j4 -l4
[64.837s] [ 33%] [32mBuilding CXX object CMakeFiles/rslidar_sdk_node.dir/node/rslidar_sdk_node.cpp.o[0m
[82.457s] [ 66%] [32mBuilding CXX object CMakeFiles/rslidar_sdk_node.dir/src/manager/node_manager.cpp.o[0m
[331.634s] [100%] [32m[1mLinking CXX executable rslidar_sdk_node[0m
[349.830s] [100%] Built target rslidar_sdk_node
[351.248s] Invoked command in '/workspaces/my_ros2_ws/src/build/rslidar_sdk' returned '0': AMENT_PREFIX_PATH=/workspaces/my_ros2_ws/src/install/rslidar_msg:${AMENT_PREFIX_PATH} CMAKE_PREFIX_PATH=/workspaces/my_ros2_ws/src/install/rslidar_msg:/workspaces/my_ros2_ws/install/guide_dog_unitree_go1:/workspaces/my_ros2_ws/install/unitree_nav:/workspaces/my_ros2_ws/install/unitree_nav_interfaces:/workspaces/my_ros2_ws/install/unitree_legged_real:/workspaces/my_ros2_ws/install/rslidar_sdk:/workspaces/my_ros2_ws/install/rslidar_msg:/workspaces/my_ros2_ws/install/ros2_unitree_legged_msgs:/workspaces/my_ros2_ws/install/go1_description:/workspaces/my_ros2_ws/install:/workspaces/my_ros2_ws/install/object_detection:/workspaces/my_ros2_ws/install/unitree_nav_launch_module:/workspaces/my_ros2_ws/install/listen_talk_ros2:/opt/ros/humble LD_LIBRARY_PATH=/workspaces/my_ros2_ws/src/install/rslidar_msg/lib:${LD_LIBRARY_PATH} PYTHONPATH=/workspaces/my_ros2_ws/src/install/rslidar_msg/local/lib/python3.10/dist-packages:${PYTHONPATH} /usr/bin/cmake --build /workspaces/my_ros2_ws/src/build/rslidar_sdk -- -j4 -l4
[353.490s] Invoking command in '/workspaces/my_ros2_ws/src/build/rslidar_sdk': AMENT_PREFIX_PATH=/workspaces/my_ros2_ws/src/install/rslidar_msg:${AMENT_PREFIX_PATH} CMAKE_PREFIX_PATH=/workspaces/my_ros2_ws/src/install/rslidar_msg:/workspaces/my_ros2_ws/install/guide_dog_unitree_go1:/workspaces/my_ros2_ws/install/unitree_nav:/workspaces/my_ros2_ws/install/unitree_nav_interfaces:/workspaces/my_ros2_ws/install/unitree_legged_real:/workspaces/my_ros2_ws/install/rslidar_sdk:/workspaces/my_ros2_ws/install/rslidar_msg:/workspaces/my_ros2_ws/install/ros2_unitree_legged_msgs:/workspaces/my_ros2_ws/install/go1_description:/workspaces/my_ros2_ws/install:/workspaces/my_ros2_ws/install/object_detection:/workspaces/my_ros2_ws/install/unitree_nav_launch_module:/workspaces/my_ros2_ws/install/listen_talk_ros2:/opt/ros/humble LD_LIBRARY_PATH=/workspaces/my_ros2_ws/src/install/rslidar_msg/lib:${LD_LIBRARY_PATH} PYTHONPATH=/workspaces/my_ros2_ws/src/install/rslidar_msg/local/lib/python3.10/dist-packages:${PYTHONPATH} /usr/bin/cmake --install /workspaces/my_ros2_ws/src/build/rslidar_sdk
[353.833s] -- Install configuration: "Release"
[353.853s] -- Execute custom install script
[353.897s] -- Symlinking: /workspaces/my_ros2_ws/src/install/rslidar_sdk/lib/rslidar_sdk/rslidar_sdk_node
[354.577s] -- Symlinking: /workspaces/my_ros2_ws/src/install/rslidar_sdk/share/rslidar_sdk/launch/elequent_start.py
[355.473s] -- Symlinking: /workspaces/my_ros2_ws/src/install/rslidar_sdk/share/rslidar_sdk/launch/start.launch
[356.017s] -- Symlinking: /workspaces/my_ros2_ws/src/install/rslidar_sdk/share/rslidar_sdk/launch/start.py
[356.531s] -- Symlinking: /workspaces/my_ros2_ws/src/install/rslidar_sdk/share/rslidar_sdk/rviz/rviz.rviz
[357.005s] -- Symlinking: /workspaces/my_ros2_ws/src/install/rslidar_sdk/share/rslidar_sdk/rviz/rviz2.rviz
[357.573s] -- Symlinking: /workspaces/my_ros2_ws/src/install/rslidar_sdk/share/ament_index/resource_index/package_run_dependencies/rslidar_sdk
[358.092s] -- Symlinking: /workspaces/my_ros2_ws/src/install/rslidar_sdk/share/ament_index/resource_index/parent_prefix_path/rslidar_sdk
[358.580s] -- Symlinking: /workspaces/my_ros2_ws/src/install/rslidar_sdk/share/rslidar_sdk/environment/ament_prefix_path.sh
[359.087s] -- Symlinking: /workspaces/my_ros2_ws/src/install/rslidar_sdk/share/rslidar_sdk/environment/ament_prefix_path.dsv
[359.576s] -- Symlinking: /workspaces/my_ros2_ws/src/install/rslidar_sdk/share/rslidar_sdk/environment/path.sh
[359.976s] -- Symlinking: /workspaces/my_ros2_ws/src/install/rslidar_sdk/share/rslidar_sdk/environment/path.dsv
[360.416s] -- Symlinking: /workspaces/my_ros2_ws/src/install/rslidar_sdk/share/rslidar_sdk/local_setup.bash
[360.813s] -- Symlinking: /workspaces/my_ros2_ws/src/install/rslidar_sdk/share/rslidar_sdk/local_setup.sh
[361.220s] -- Symlinking: /workspaces/my_ros2_ws/src/install/rslidar_sdk/share/rslidar_sdk/local_setup.zsh
[361.595s] -- Symlinking: /workspaces/my_ros2_ws/src/install/rslidar_sdk/share/rslidar_sdk/local_setup.dsv
[361.990s] -- Symlinking: /workspaces/my_ros2_ws/src/install/rslidar_sdk/share/rslidar_sdk/package.dsv
[362.390s] -- Symlinking: /workspaces/my_ros2_ws/src/install/rslidar_sdk/share/ament_index/resource_index/packages/rslidar_sdk
[362.764s] -- Symlinking: /workspaces/my_ros2_ws/src/install/rslidar_sdk/share/rslidar_sdk/cmake/rslidar_sdkConfig.cmake
[363.101s] -- Symlinking: /workspaces/my_ros2_ws/src/install/rslidar_sdk/share/rslidar_sdk/cmake/rslidar_sdkConfig-version.cmake
[363.485s] -- Symlinking: /workspaces/my_ros2_ws/src/install/rslidar_sdk/share/rslidar_sdk/package.xml
[363.876s] Invoked command in '/workspaces/my_ros2_ws/src/build/rslidar_sdk' returned '0': AMENT_PREFIX_PATH=/workspaces/my_ros2_ws/src/install/rslidar_msg:${AMENT_PREFIX_PATH} CMAKE_PREFIX_PATH=/workspaces/my_ros2_ws/src/install/rslidar_msg:/workspaces/my_ros2_ws/install/guide_dog_unitree_go1:/workspaces/my_ros2_ws/install/unitree_nav:/workspaces/my_ros2_ws/install/unitree_nav_interfaces:/workspaces/my_ros2_ws/install/unitree_legged_real:/workspaces/my_ros2_ws/install/rslidar_sdk:/workspaces/my_ros2_ws/install/rslidar_msg:/workspaces/my_ros2_ws/install/ros2_unitree_legged_msgs:/workspaces/my_ros2_ws/install/go1_description:/workspaces/my_ros2_ws/install:/workspaces/my_ros2_ws/install/object_detection:/workspaces/my_ros2_ws/install/unitree_nav_launch_module:/workspaces/my_ros2_ws/install/listen_talk_ros2:/opt/ros/humble LD_LIBRARY_PATH=/workspaces/my_ros2_ws/src/install/rslidar_msg/lib:${LD_LIBRARY_PATH} PYTHONPATH=/workspaces/my_ros2_ws/src/install/rslidar_msg/local/lib/python3.10/dist-packages:${PYTHONPATH} /usr/bin/cmake --install /workspaces/my_ros2_ws/src/build/rslidar_sdk
