[0.185s] Invoking command in '/home/ros/Workshop/src/build/ros2_unitree_legged_msgs': CMAKE_PREFIX_PATH=${CMAKE_PREFIX_PATH}:/opt/ros/humble /usr/bin/cmake --build /home/ros/Workshop/src/build/ros2_unitree_legged_msgs -- -j4 -l4
[1.275s] [  0%] Built target ros2_unitree_legged_msgs__cpp
[1.356s] [ 12%] Built target ros2_unitree_legged_msgs__rosidl_generator_c
[1.488s] [ 12%] Built target ament_cmake_python_symlink_ros2_unitree_legged_msgs
[2.044s] [ 24%] Built target ros2_unitree_legged_msgs__rosidl_typesupport_cpp
[2.092s] [ 35%] Built target ros2_unitree_legged_msgs__rosidl_typesupport_fastrtps_cpp
[2.231s] [ 47%] Built target ros2_unitree_legged_msgs__rosidl_typesupport_introspection_cpp
[2.244s] [ 59%] Built target ros2_unitree_legged_msgs__rosidl_typesupport_fastrtps_c
[2.894s] [ 71%] Built target ros2_unitree_legged_msgs__rosidl_typesupport_c
[2.896s] [ 83%] Built target ros2_unitree_legged_msgs__rosidl_typesupport_introspection_c
[3.270s] [ 83%] Built target ros2_unitree_legged_msgs
[3.604s] [ 84%] Built target ros2_unitree_legged_msgs__py
[3.794s] running egg_info
[3.798s] writing ros2_unitree_legged_msgs.egg-info/PKG-INFO
[3.800s] writing dependency_links to ros2_unitree_legged_msgs.egg-info/dependency_links.txt
[3.802s] writing top-level names to ros2_unitree_legged_msgs.egg-info/top_level.txt
[3.821s] reading manifest file 'ros2_unitree_legged_msgs.egg-info/SOURCES.txt'
[3.832s] writing manifest file 'ros2_unitree_legged_msgs.egg-info/SOURCES.txt'
[4.022s] [ 95%] Built target ros2_unitree_legged_msgs__rosidl_generator_py
[4.042s] [ 95%] Built target ament_cmake_python_build_ros2_unitree_legged_msgs_egg
[4.551s] [ 97%] Built target ros2_unitree_legged_msgs__rosidl_typesupport_introspection_c__pyext
[4.674s] [ 99%] Built target ros2_unitree_legged_msgs__rosidl_typesupport_fastrtps_c__pyext
[4.684s] [100%] Built target ros2_unitree_legged_msgs__rosidl_typesupport_c__pyext
[4.774s] Invoked command in '/home/ros/Workshop/src/build/ros2_unitree_legged_msgs' returned '0': CMAKE_PREFIX_PATH=${CMAKE_PREFIX_PATH}:/opt/ros/humble /usr/bin/cmake --build /home/ros/Workshop/src/build/ros2_unitree_legged_msgs -- -j4 -l4
[13.449s] Invoking command in '/home/ros/Workshop/src/build/ros2_unitree_legged_msgs': CMAKE_PREFIX_PATH=${CMAKE_PREFIX_PATH}:/opt/ros/humble /usr/bin/cmake --install /home/ros/Workshop/src/build/ros2_unitree_legged_msgs
[13.512s] -- Install configuration: ""
[13.518s] -- Execute custom install script
[13.522s] -- Up-to-date symlink: /home/ros/Workshop/src/install/ros2_unitree_legged_msgs/share/ament_index/resource_index/rosidl_interfaces/ros2_unitree_legged_msgs
[13.525s] -- Up-to-date symlink: /home/ros/Workshop/src/install/ros2_unitree_legged_msgs/include/ros2_unitree_legged_msgs/ros2_unitree_legged_msgs/msg/bms_cmd.h
[13.525s] -- Up-to-date symlink: /home/ros/Workshop/src/install/ros2_unitree_legged_msgs/include/ros2_unitree_legged_msgs/ros2_unitree_legged_msgs/msg/bms_state.h
[13.526s] -- Up-to-date symlink: /home/ros/Workshop/src/install/ros2_unitree_legged_msgs/include/ros2_unitree_legged_msgs/ros2_unitree_legged_msgs/msg/cartesian.h
[13.526s] -- Up-to-date symlink: /home/ros/Workshop/src/install/ros2_unitree_legged_msgs/include/ros2_unitree_legged_msgs/ros2_unitree_legged_msgs/msg/detail/bms_cmd__functions.h
[13.527s] -- Up-to-date symlink: /home/ros/Workshop/src/install/ros2_unitree_legged_msgs/include/ros2_unitree_legged_msgs/ros2_unitree_legged_msgs/msg/detail/bms_cmd__struct.h
[13.528s] -- Up-to-date symlink: /home/ros/Workshop/src/install/ros2_unitree_legged_msgs/include/ros2_unitree_legged_msgs/ros2_unitree_legged_msgs/msg/detail/bms_cmd__type_support.h
[13.529s] -- Up-to-date symlink: /home/ros/Workshop/src/install/ros2_unitree_legged_msgs/include/ros2_unitree_legged_msgs/ros2_unitree_legged_msgs/msg/detail/bms_state__functions.h
[13.529s] -- Up-to-date symlink: /home/ros/Workshop/src/install/ros2_unitree_legged_msgs/include/ros2_unitree_legged_msgs/ros2_unitree_legged_msgs/msg/detail/bms_state__struct.h
[13.530s] -- Up-to-date symlink: /home/ros/Workshop/src/install/ros2_unitree_legged_msgs/include/ros2_unitree_legged_msgs/ros2_unitree_legged_msgs/msg/detail/bms_state__type_support.h
[13.530s] -- Up-to-date symlink: /home/ros/Workshop/src/install/ros2_unitree_legged_msgs/include/ros2_unitree_legged_msgs/ros2_unitree_legged_msgs/msg/detail/cartesian__functions.h
[13.530s] -- Up-to-date symlink: /home/ros/Workshop/src/install/ros2_unitree_legged_msgs/include/ros2_unitree_legged_msgs/ros2_unitree_legged_msgs/msg/detail/cartesian__struct.h
[13.532s] -- Up-to-date symlink: /home/ros/Workshop/src/install/ros2_unitree_legged_msgs/include/ros2_unitree_legged_msgs/ros2_unitree_legged_msgs/msg/detail/cartesian__type_support.h
[13.533s] -- Up-to-date symlink: /home/ros/Workshop/src/install/ros2_unitree_legged_msgs/include/ros2_unitree_legged_msgs/ros2_unitree_legged_msgs/msg/detail/high_cmd__functions.h
[13.533s] -- Up-to-date symlink: /home/ros/Workshop/src/install/ros2_unitree_legged_msgs/include/ros2_unitree_legged_msgs/ros2_unitree_legged_msgs/msg/detail/high_cmd__struct.h
[13.533s] -- Up-to-date symlink: /home/ros/Workshop/src/install/ros2_unitree_legged_msgs/include/ros2_unitree_legged_msgs/ros2_unitree_legged_msgs/msg/detail/high_cmd__type_support.h
[13.534s] -- Up-to-date symlink: /home/ros/Workshop/src/install/ros2_unitree_legged_msgs/include/ros2_unitree_legged_msgs/ros2_unitree_legged_msgs/msg/detail/high_state__functions.h
[13.534s] -- Up-to-date symlink: /home/ros/Workshop/src/install/ros2_unitree_legged_msgs/include/ros2_unitree_legged_msgs/ros2_unitree_legged_msgs/msg/detail/high_state__struct.h
[13.535s] -- Up-to-date symlink: /home/ros/Workshop/src/install/ros2_unitree_legged_msgs/include/ros2_unitree_legged_msgs/ros2_unitree_legged_msgs/msg/detail/high_state__type_support.h
[13.536s] -- Up-to-date symlink: /home/ros/Workshop/src/install/ros2_unitree_legged_msgs/include/ros2_unitree_legged_msgs/ros2_unitree_legged_msgs/msg/detail/imu__functions.h
[13.536s] -- Up-to-date symlink: /home/ros/Workshop/src/install/ros2_unitree_legged_msgs/include/ros2_unitree_legged_msgs/ros2_unitree_legged_msgs/msg/detail/imu__struct.h
[13.536s] -- Up-to-date symlink: /home/ros/Workshop/src/install/ros2_unitree_legged_msgs/include/ros2_unitree_legged_msgs/ros2_unitree_legged_msgs/msg/detail/imu__type_support.h
[13.537s] -- Up-to-date symlink: /home/ros/Workshop/src/install/ros2_unitree_legged_msgs/include/ros2_unitree_legged_msgs/ros2_unitree_legged_msgs/msg/detail/led__functions.h
[13.537s] -- Up-to-date symlink: /home/ros/Workshop/src/install/ros2_unitree_legged_msgs/include/ros2_unitree_legged_msgs/ros2_unitree_legged_msgs/msg/detail/led__struct.h
[13.537s] -- Up-to-date symlink: /home/ros/Workshop/src/install/ros2_unitree_legged_msgs/include/ros2_unitree_legged_msgs/ros2_unitree_legged_msgs/msg/detail/led__type_support.h
[13.538s] -- Up-to-date symlink: /home/ros/Workshop/src/install/ros2_unitree_legged_msgs/include/ros2_unitree_legged_msgs/ros2_unitree_legged_msgs/msg/detail/low_cmd__functions.h
[13.539s] -- Up-to-date symlink: /home/ros/Workshop/src/install/ros2_unitree_legged_msgs/include/ros2_unitree_legged_msgs/ros2_unitree_legged_msgs/msg/detail/low_cmd__struct.h
[13.540s] -- Up-to-date symlink: /home/ros/Workshop/src/install/ros2_unitree_legged_msgs/include/ros2_unitree_legged_msgs/ros2_unitree_legged_msgs/msg/detail/low_cmd__type_support.h
[13.540s] -- Up-to-date symlink: /home/ros/Workshop/src/install/ros2_unitree_legged_msgs/include/ros2_unitree_legged_msgs/ros2_unitree_legged_msgs/msg/detail/low_state__functions.h
[13.540s] -- Up-to-date symlink: /home/ros/Workshop/src/install/ros2_unitree_legged_msgs/include/ros2_unitree_legged_msgs/ros2_unitree_legged_msgs/msg/detail/low_state__struct.h
[13.541s] -- Up-to-date symlink: /home/ros/Workshop/src/install/ros2_unitree_legged_msgs/include/ros2_unitree_legged_msgs/ros2_unitree_legged_msgs/msg/detail/low_state__type_support.h
[13.541s] -- Up-to-date symlink: /home/ros/Workshop/src/install/ros2_unitree_legged_msgs/include/ros2_unitree_legged_msgs/ros2_unitree_legged_msgs/msg/detail/motor_cmd__functions.h
[13.542s] -- Up-to-date symlink: /home/ros/Workshop/src/install/ros2_unitree_legged_msgs/include/ros2_unitree_legged_msgs/ros2_unitree_legged_msgs/msg/detail/motor_cmd__struct.h
[13.542s] -- Up-to-date symlink: /home/ros/Workshop/src/install/ros2_unitree_legged_msgs/include/ros2_unitree_legged_msgs/ros2_unitree_legged_msgs/msg/detail/motor_cmd__type_support.h
[13.542s] -- Up-to-date symlink: /home/ros/Workshop/src/install/ros2_unitree_legged_msgs/include/ros2_unitree_legged_msgs/ros2_unitree_legged_msgs/msg/detail/motor_state__functions.h
[13.543s] -- Up-to-date symlink: /home/ros/Workshop/src/install/ros2_unitree_legged_msgs/include/ros2_unitree_legged_msgs/ros2_unitree_legged_msgs/msg/detail/motor_state__struct.h
[13.543s] -- Up-to-date symlink: /home/ros/Workshop/src/install/ros2_unitree_legged_msgs/include/ros2_unitree_legged_msgs/ros2_unitree_legged_msgs/msg/detail/motor_state__type_support.h
[13.543s] -- Up-to-date symlink: /home/ros/Workshop/src/install/ros2_unitree_legged_msgs/include/ros2_unitree_legged_msgs/ros2_unitree_legged_msgs/msg/high_cmd.h
[13.543s] -- Up-to-date symlink: /home/ros/Workshop/src/install/ros2_unitree_legged_msgs/include/ros2_unitree_legged_msgs/ros2_unitree_legged_msgs/msg/high_state.h
[13.544s] -- Up-to-date symlink: /home/ros/Workshop/src/install/ros2_unitree_legged_msgs/include/ros2_unitree_legged_msgs/ros2_unitree_legged_msgs/msg/imu.h
[13.544s] -- Up-to-date symlink: /home/ros/Workshop/src/install/ros2_unitree_legged_msgs/include/ros2_unitree_legged_msgs/ros2_unitree_legged_msgs/msg/led.h
[13.545s] -- Up-to-date symlink: /home/ros/Workshop/src/install/ros2_unitree_legged_msgs/include/ros2_unitree_legged_msgs/ros2_unitree_legged_msgs/msg/low_cmd.h
[13.545s] -- Up-to-date symlink: /home/ros/Workshop/src/install/ros2_unitree_legged_msgs/include/ros2_unitree_legged_msgs/ros2_unitree_legged_msgs/msg/low_state.h
[13.546s] -- Up-to-date symlink: /home/ros/Workshop/src/install/ros2_unitree_legged_msgs/include/ros2_unitree_legged_msgs/ros2_unitree_legged_msgs/msg/motor_cmd.h
[13.546s] -- Up-to-date symlink: /home/ros/Workshop/src/install/ros2_unitree_legged_msgs/include/ros2_unitree_legged_msgs/ros2_unitree_legged_msgs/msg/motor_state.h
[13.547s] -- Up-to-date symlink: /home/ros/Workshop/src/install/ros2_unitree_legged_msgs/include/ros2_unitree_legged_msgs/ros2_unitree_legged_msgs/msg/rosidl_generator_c__visibility_control.h
[13.547s] -- Up-to-date symlink: /home/ros/Workshop/src/install/ros2_unitree_legged_msgs/share/ros2_unitree_legged_msgs/environment/library_path.sh
[13.547s] -- Up-to-date symlink: /home/ros/Workshop/src/install/ros2_unitree_legged_msgs/share/ros2_unitree_legged_msgs/environment/library_path.dsv
[13.550s] -- Up-to-date symlink: /home/ros/Workshop/src/install/ros2_unitree_legged_msgs/include/ros2_unitree_legged_msgs/ros2_unitree_legged_msgs/msg/detail/bms_cmd__rosidl_typesupport_fastrtps_c.h
[13.551s] -- Up-to-date symlink: /home/ros/Workshop/src/install/ros2_unitree_legged_msgs/include/ros2_unitree_legged_msgs/ros2_unitree_legged_msgs/msg/detail/bms_state__rosidl_typesupport_fastrtps_c.h
[13.552s] -- Up-to-date symlink: /home/ros/Workshop/src/install/ros2_unitree_legged_msgs/include/ros2_unitree_legged_msgs/ros2_unitree_legged_msgs/msg/detail/cartesian__rosidl_typesupport_fastrtps_c.h
[13.552s] -- Up-to-date symlink: /home/ros/Workshop/src/install/ros2_unitree_legged_msgs/include/ros2_unitree_legged_msgs/ros2_unitree_legged_msgs/msg/detail/high_cmd__rosidl_typesupport_fastrtps_c.h
[13.552s] -- Up-to-date symlink: /home/ros/Workshop/src/install/ros2_unitree_legged_msgs/include/ros2_unitree_legged_msgs/ros2_unitree_legged_msgs/msg/detail/high_state__rosidl_typesupport_fastrtps_c.h
[13.553s] -- Up-to-date symlink: /home/ros/Workshop/src/install/ros2_unitree_legged_msgs/include/ros2_unitree_legged_msgs/ros2_unitree_legged_msgs/msg/detail/imu__rosidl_typesupport_fastrtps_c.h
[13.554s] -- Up-to-date symlink: /home/ros/Workshop/src/install/ros2_unitree_legged_msgs/include/ros2_unitree_legged_msgs/ros2_unitree_legged_msgs/msg/detail/led__rosidl_typesupport_fastrtps_c.h
[13.554s] -- Up-to-date symlink: /home/ros/Workshop/src/install/ros2_unitree_legged_msgs/include/ros2_unitree_legged_msgs/ros2_unitree_legged_msgs/msg/detail/low_cmd__rosidl_typesupport_fastrtps_c.h
[13.555s] -- Up-to-date symlink: /home/ros/Workshop/src/install/ros2_unitree_legged_msgs/include/ros2_unitree_legged_msgs/ros2_unitree_legged_msgs/msg/detail/low_state__rosidl_typesupport_fastrtps_c.h
[13.555s] -- Up-to-date symlink: /home/ros/Workshop/src/install/ros2_unitree_legged_msgs/include/ros2_unitree_legged_msgs/ros2_unitree_legged_msgs/msg/detail/motor_cmd__rosidl_typesupport_fastrtps_c.h
[13.556s] -- Up-to-date symlink: /home/ros/Workshop/src/install/ros2_unitree_legged_msgs/include/ros2_unitree_legged_msgs/ros2_unitree_legged_msgs/msg/detail/motor_state__rosidl_typesupport_fastrtps_c.h
[13.556s] -- Up-to-date symlink: /home/ros/Workshop/src/install/ros2_unitree_legged_msgs/include/ros2_unitree_legged_msgs/ros2_unitree_legged_msgs/msg/rosidl_typesupport_fastrtps_c__visibility_control.h
[13.557s] -- Up-to-date symlink: /home/ros/Workshop/src/install/ros2_unitree_legged_msgs/include/ros2_unitree_legged_msgs/ros2_unitree_legged_msgs/msg/detail/bms_cmd__rosidl_typesupport_introspection_c.h
[13.558s] -- Up-to-date symlink: /home/ros/Workshop/src/install/ros2_unitree_legged_msgs/include/ros2_unitree_legged_msgs/ros2_unitree_legged_msgs/msg/detail/bms_state__rosidl_typesupport_introspection_c.h
[13.558s] -- Up-to-date symlink: /home/ros/Workshop/src/install/ros2_unitree_legged_msgs/include/ros2_unitree_legged_msgs/ros2_unitree_legged_msgs/msg/detail/cartesian__rosidl_typesupport_introspection_c.h
[13.558s] -- Up-to-date symlink: /home/ros/Workshop/src/install/ros2_unitree_legged_msgs/include/ros2_unitree_legged_msgs/ros2_unitree_legged_msgs/msg/detail/high_cmd__rosidl_typesupport_introspection_c.h
[13.559s] -- Up-to-date symlink: /home/ros/Workshop/src/install/ros2_unitree_legged_msgs/include/ros2_unitree_legged_msgs/ros2_unitree_legged_msgs/msg/detail/high_state__rosidl_typesupport_introspection_c.h
[13.560s] -- Up-to-date symlink: /home/ros/Workshop/src/install/ros2_unitree_legged_msgs/include/ros2_unitree_legged_msgs/ros2_unitree_legged_msgs/msg/detail/imu__rosidl_typesupport_introspection_c.h
[13.560s] -- Up-to-date symlink: /home/ros/Workshop/src/install/ros2_unitree_legged_msgs/include/ros2_unitree_legged_msgs/ros2_unitree_legged_msgs/msg/detail/led__rosidl_typesupport_introspection_c.h
[13.560s] -- Up-to-date symlink: /home/ros/Workshop/src/install/ros2_unitree_legged_msgs/include/ros2_unitree_legged_msgs/ros2_unitree_legged_msgs/msg/detail/low_cmd__rosidl_typesupport_introspection_c.h
[13.561s] -- Up-to-date symlink: /home/ros/Workshop/src/install/ros2_unitree_legged_msgs/include/ros2_unitree_legged_msgs/ros2_unitree_legged_msgs/msg/detail/low_state__rosidl_typesupport_introspection_c.h
[13.561s] -- Up-to-date symlink: /home/ros/Workshop/src/install/ros2_unitree_legged_msgs/include/ros2_unitree_legged_msgs/ros2_unitree_legged_msgs/msg/detail/motor_cmd__rosidl_typesupport_introspection_c.h
[13.562s] -- Up-to-date symlink: /home/ros/Workshop/src/install/ros2_unitree_legged_msgs/include/ros2_unitree_legged_msgs/ros2_unitree_legged_msgs/msg/detail/motor_state__rosidl_typesupport_introspection_c.h
[13.562s] -- Up-to-date symlink: /home/ros/Workshop/src/install/ros2_unitree_legged_msgs/include/ros2_unitree_legged_msgs/ros2_unitree_legged_msgs/msg/rosidl_typesupport_introspection_c__visibility_control.h
[13.564s] -- Up-to-date symlink: /home/ros/Workshop/src/install/ros2_unitree_legged_msgs/include/ros2_unitree_legged_msgs/ros2_unitree_legged_msgs/msg/bms_cmd.hpp
[13.564s] -- Up-to-date symlink: /home/ros/Workshop/src/install/ros2_unitree_legged_msgs/include/ros2_unitree_legged_msgs/ros2_unitree_legged_msgs/msg/bms_state.hpp
[13.565s] -- Up-to-date symlink: /home/ros/Workshop/src/install/ros2_unitree_legged_msgs/include/ros2_unitree_legged_msgs/ros2_unitree_legged_msgs/msg/cartesian.hpp
[13.566s] -- Up-to-date symlink: /home/ros/Workshop/src/install/ros2_unitree_legged_msgs/include/ros2_unitree_legged_msgs/ros2_unitree_legged_msgs/msg/detail/bms_cmd__builder.hpp
[13.566s] -- Up-to-date symlink: /home/ros/Workshop/src/install/ros2_unitree_legged_msgs/include/ros2_unitree_legged_msgs/ros2_unitree_legged_msgs/msg/detail/bms_cmd__struct.hpp
[13.566s] -- Up-to-date symlink: /home/ros/Workshop/src/install/ros2_unitree_legged_msgs/include/ros2_unitree_legged_msgs/ros2_unitree_legged_msgs/msg/detail/bms_cmd__traits.hpp
[13.567s] -- Up-to-date symlink: /home/ros/Workshop/src/install/ros2_unitree_legged_msgs/include/ros2_unitree_legged_msgs/ros2_unitree_legged_msgs/msg/detail/bms_state__builder.hpp
[13.567s] -- Up-to-date symlink: /home/ros/Workshop/src/install/ros2_unitree_legged_msgs/include/ros2_unitree_legged_msgs/ros2_unitree_legged_msgs/msg/detail/bms_state__struct.hpp
[13.568s] -- Up-to-date symlink: /home/ros/Workshop/src/install/ros2_unitree_legged_msgs/include/ros2_unitree_legged_msgs/ros2_unitree_legged_msgs/msg/detail/bms_state__traits.hpp
[13.569s] -- Up-to-date symlink: /home/ros/Workshop/src/install/ros2_unitree_legged_msgs/include/ros2_unitree_legged_msgs/ros2_unitree_legged_msgs/msg/detail/cartesian__builder.hpp
[13.569s] -- Up-to-date symlink: /home/ros/Workshop/src/install/ros2_unitree_legged_msgs/include/ros2_unitree_legged_msgs/ros2_unitree_legged_msgs/msg/detail/cartesian__struct.hpp
[13.570s] -- Up-to-date symlink: /home/ros/Workshop/src/install/ros2_unitree_legged_msgs/include/ros2_unitree_legged_msgs/ros2_unitree_legged_msgs/msg/detail/cartesian__traits.hpp
[13.570s] -- Up-to-date symlink: /home/ros/Workshop/src/install/ros2_unitree_legged_msgs/include/ros2_unitree_legged_msgs/ros2_unitree_legged_msgs/msg/detail/high_cmd__builder.hpp
[13.570s] -- Up-to-date symlink: /home/ros/Workshop/src/install/ros2_unitree_legged_msgs/include/ros2_unitree_legged_msgs/ros2_unitree_legged_msgs/msg/detail/high_cmd__struct.hpp
[13.571s] -- Up-to-date symlink: /home/ros/Workshop/src/install/ros2_unitree_legged_msgs/include/ros2_unitree_legged_msgs/ros2_unitree_legged_msgs/msg/detail/high_cmd__traits.hpp
[13.571s] -- Up-to-date symlink: /home/ros/Workshop/src/install/ros2_unitree_legged_msgs/include/ros2_unitree_legged_msgs/ros2_unitree_legged_msgs/msg/detail/high_state__builder.hpp
[13.572s] -- Up-to-date symlink: /home/ros/Workshop/src/install/ros2_unitree_legged_msgs/include/ros2_unitree_legged_msgs/ros2_unitree_legged_msgs/msg/detail/high_state__struct.hpp
[13.572s] -- Up-to-date symlink: /home/ros/Workshop/src/install/ros2_unitree_legged_msgs/include/ros2_unitree_legged_msgs/ros2_unitree_legged_msgs/msg/detail/high_state__traits.hpp
[13.572s] -- Up-to-date symlink: /home/ros/Workshop/src/install/ros2_unitree_legged_msgs/include/ros2_unitree_legged_msgs/ros2_unitree_legged_msgs/msg/detail/imu__builder.hpp
[13.573s] -- Up-to-date symlink: /home/ros/Workshop/src/install/ros2_unitree_legged_msgs/include/ros2_unitree_legged_msgs/ros2_unitree_legged_msgs/msg/detail/imu__struct.hpp
[13.573s] -- Up-to-date symlink: /home/ros/Workshop/src/install/ros2_unitree_legged_msgs/include/ros2_unitree_legged_msgs/ros2_unitree_legged_msgs/msg/detail/imu__traits.hpp
[13.574s] -- Up-to-date symlink: /home/ros/Workshop/src/install/ros2_unitree_legged_msgs/include/ros2_unitree_legged_msgs/ros2_unitree_legged_msgs/msg/detail/led__builder.hpp
[13.574s] -- Up-to-date symlink: /home/ros/Workshop/src/install/ros2_unitree_legged_msgs/include/ros2_unitree_legged_msgs/ros2_unitree_legged_msgs/msg/detail/led__struct.hpp
[13.575s] -- Up-to-date symlink: /home/ros/Workshop/src/install/ros2_unitree_legged_msgs/include/ros2_unitree_legged_msgs/ros2_unitree_legged_msgs/msg/detail/led__traits.hpp
[13.575s] -- Up-to-date symlink: /home/ros/Workshop/src/install/ros2_unitree_legged_msgs/include/ros2_unitree_legged_msgs/ros2_unitree_legged_msgs/msg/detail/low_cmd__builder.hpp
[13.576s] -- Up-to-date symlink: /home/ros/Workshop/src/install/ros2_unitree_legged_msgs/include/ros2_unitree_legged_msgs/ros2_unitree_legged_msgs/msg/detail/low_cmd__struct.hpp
[13.576s] -- Up-to-date symlink: /home/ros/Workshop/src/install/ros2_unitree_legged_msgs/include/ros2_unitree_legged_msgs/ros2_unitree_legged_msgs/msg/detail/low_cmd__traits.hpp
[13.576s] -- Up-to-date symlink: /home/ros/Workshop/src/install/ros2_unitree_legged_msgs/include/ros2_unitree_legged_msgs/ros2_unitree_legged_msgs/msg/detail/low_state__builder.hpp
[13.577s] -- Up-to-date symlink: /home/ros/Workshop/src/install/ros2_unitree_legged_msgs/include/ros2_unitree_legged_msgs/ros2_unitree_legged_msgs/msg/detail/low_state__struct.hpp
[13.578s] -- Up-to-date symlink: /home/ros/Workshop/src/install/ros2_unitree_legged_msgs/include/ros2_unitree_legged_msgs/ros2_unitree_legged_msgs/msg/detail/low_state__traits.hpp
[13.578s] -- Up-to-date symlink: /home/ros/Workshop/src/install/ros2_unitree_legged_msgs/include/ros2_unitree_legged_msgs/ros2_unitree_legged_msgs/msg/detail/motor_cmd__builder.hpp
[13.579s] -- Up-to-date symlink: /home/ros/Workshop/src/install/ros2_unitree_legged_msgs/include/ros2_unitree_legged_msgs/ros2_unitree_legged_msgs/msg/detail/motor_cmd__struct.hpp
[13.581s] -- Up-to-date symlink: /home/ros/Workshop/src/install/ros2_unitree_legged_msgs/include/ros2_unitree_legged_msgs/ros2_unitree_legged_msgs/msg/detail/motor_cmd__traits.hpp
[13.581s] -- Up-to-date symlink: /home/ros/Workshop/src/install/ros2_unitree_legged_msgs/include/ros2_unitree_legged_msgs/ros2_unitree_legged_msgs/msg/detail/motor_state__builder.hpp
[13.582s] -- Up-to-date symlink: /home/ros/Workshop/src/install/ros2_unitree_legged_msgs/include/ros2_unitree_legged_msgs/ros2_unitree_legged_msgs/msg/detail/motor_state__struct.hpp
[13.582s] -- Up-to-date symlink: /home/ros/Workshop/src/install/ros2_unitree_legged_msgs/include/ros2_unitree_legged_msgs/ros2_unitree_legged_msgs/msg/detail/motor_state__traits.hpp
[13.583s] -- Up-to-date symlink: /home/ros/Workshop/src/install/ros2_unitree_legged_msgs/include/ros2_unitree_legged_msgs/ros2_unitree_legged_msgs/msg/high_cmd.hpp
[13.584s] -- Up-to-date symlink: /home/ros/Workshop/src/install/ros2_unitree_legged_msgs/include/ros2_unitree_legged_msgs/ros2_unitree_legged_msgs/msg/high_state.hpp
[13.585s] -- Up-to-date symlink: /home/ros/Workshop/src/install/ros2_unitree_legged_msgs/include/ros2_unitree_legged_msgs/ros2_unitree_legged_msgs/msg/imu.hpp
[13.587s] -- Up-to-date symlink: /home/ros/Workshop/src/install/ros2_unitree_legged_msgs/include/ros2_unitree_legged_msgs/ros2_unitree_legged_msgs/msg/led.hpp
[13.587s] -- Up-to-date symlink: /home/ros/Workshop/src/install/ros2_unitree_legged_msgs/include/ros2_unitree_legged_msgs/ros2_unitree_legged_msgs/msg/low_cmd.hpp
[13.588s] -- Up-to-date symlink: /home/ros/Workshop/src/install/ros2_unitree_legged_msgs/include/ros2_unitree_legged_msgs/ros2_unitree_legged_msgs/msg/low_state.hpp
[13.589s] -- Up-to-date symlink: /home/ros/Workshop/src/install/ros2_unitree_legged_msgs/include/ros2_unitree_legged_msgs/ros2_unitree_legged_msgs/msg/motor_cmd.hpp
[13.589s] -- Up-to-date symlink: /home/ros/Workshop/src/install/ros2_unitree_legged_msgs/include/ros2_unitree_legged_msgs/ros2_unitree_legged_msgs/msg/motor_state.hpp
[13.592s] -- Up-to-date symlink: /home/ros/Workshop/src/install/ros2_unitree_legged_msgs/include/ros2_unitree_legged_msgs/ros2_unitree_legged_msgs/msg/detail/bms_cmd__rosidl_typesupport_fastrtps_cpp.hpp
[13.592s] -- Up-to-date symlink: /home/ros/Workshop/src/install/ros2_unitree_legged_msgs/include/ros2_unitree_legged_msgs/ros2_unitree_legged_msgs/msg/detail/bms_state__rosidl_typesupport_fastrtps_cpp.hpp
[13.593s] -- Up-to-date symlink: /home/ros/Workshop/src/install/ros2_unitree_legged_msgs/include/ros2_unitree_legged_msgs/ros2_unitree_legged_msgs/msg/detail/cartesian__rosidl_typesupport_fastrtps_cpp.hpp
[13.594s] -- Up-to-date symlink: /home/ros/Workshop/src/install/ros2_unitree_legged_msgs/include/ros2_unitree_legged_msgs/ros2_unitree_legged_msgs/msg/detail/high_cmd__rosidl_typesupport_fastrtps_cpp.hpp
[13.594s] -- Up-to-date symlink: /home/ros/Workshop/src/install/ros2_unitree_legged_msgs/include/ros2_unitree_legged_msgs/ros2_unitree_legged_msgs/msg/detail/high_state__rosidl_typesupport_fastrtps_cpp.hpp
[13.595s] -- Up-to-date symlink: /home/ros/Workshop/src/install/ros2_unitree_legged_msgs/include/ros2_unitree_legged_msgs/ros2_unitree_legged_msgs/msg/detail/imu__rosidl_typesupport_fastrtps_cpp.hpp
[13.597s] -- Up-to-date symlink: /home/ros/Workshop/src/install/ros2_unitree_legged_msgs/include/ros2_unitree_legged_msgs/ros2_unitree_legged_msgs/msg/detail/led__rosidl_typesupport_fastrtps_cpp.hpp
[13.597s] -- Up-to-date symlink: /home/ros/Workshop/src/install/ros2_unitree_legged_msgs/include/ros2_unitree_legged_msgs/ros2_unitree_legged_msgs/msg/detail/low_cmd__rosidl_typesupport_fastrtps_cpp.hpp
[13.598s] -- Up-to-date symlink: /home/ros/Workshop/src/install/ros2_unitree_legged_msgs/include/ros2_unitree_legged_msgs/ros2_unitree_legged_msgs/msg/detail/low_state__rosidl_typesupport_fastrtps_cpp.hpp
[13.598s] -- Up-to-date symlink: /home/ros/Workshop/src/install/ros2_unitree_legged_msgs/include/ros2_unitree_legged_msgs/ros2_unitree_legged_msgs/msg/detail/motor_cmd__rosidl_typesupport_fastrtps_cpp.hpp
[13.603s] -- Up-to-date symlink: /home/ros/Workshop/src/install/ros2_unitree_legged_msgs/include/ros2_unitree_legged_msgs/ros2_unitree_legged_msgs/msg/detail/motor_state__rosidl_typesupport_fastrtps_cpp.hpp
[13.604s] -- Up-to-date symlink: /home/ros/Workshop/src/install/ros2_unitree_legged_msgs/include/ros2_unitree_legged_msgs/ros2_unitree_legged_msgs/msg/rosidl_typesupport_fastrtps_cpp__visibility_control.h
[13.606s] -- Up-to-date symlink: /home/ros/Workshop/src/install/ros2_unitree_legged_msgs/include/ros2_unitree_legged_msgs/ros2_unitree_legged_msgs/msg/detail/bms_cmd__rosidl_typesupport_introspection_cpp.hpp
[13.606s] -- Up-to-date symlink: /home/ros/Workshop/src/install/ros2_unitree_legged_msgs/include/ros2_unitree_legged_msgs/ros2_unitree_legged_msgs/msg/detail/bms_state__rosidl_typesupport_introspection_cpp.hpp
[13.607s] -- Up-to-date symlink: /home/ros/Workshop/src/install/ros2_unitree_legged_msgs/include/ros2_unitree_legged_msgs/ros2_unitree_legged_msgs/msg/detail/cartesian__rosidl_typesupport_introspection_cpp.hpp
[13.607s] -- Up-to-date symlink: /home/ros/Workshop/src/install/ros2_unitree_legged_msgs/include/ros2_unitree_legged_msgs/ros2_unitree_legged_msgs/msg/detail/high_cmd__rosidl_typesupport_introspection_cpp.hpp
[13.608s] -- Up-to-date symlink: /home/ros/Workshop/src/install/ros2_unitree_legged_msgs/include/ros2_unitree_legged_msgs/ros2_unitree_legged_msgs/msg/detail/high_state__rosidl_typesupport_introspection_cpp.hpp
[13.608s] -- Up-to-date symlink: /home/ros/Workshop/src/install/ros2_unitree_legged_msgs/include/ros2_unitree_legged_msgs/ros2_unitree_legged_msgs/msg/detail/imu__rosidl_typesupport_introspection_cpp.hpp
[13.609s] -- Up-to-date symlink: /home/ros/Workshop/src/install/ros2_unitree_legged_msgs/include/ros2_unitree_legged_msgs/ros2_unitree_legged_msgs/msg/detail/led__rosidl_typesupport_introspection_cpp.hpp
[13.611s] -- Up-to-date symlink: /home/ros/Workshop/src/install/ros2_unitree_legged_msgs/include/ros2_unitree_legged_msgs/ros2_unitree_legged_msgs/msg/detail/low_cmd__rosidl_typesupport_introspection_cpp.hpp
[13.612s] -- Up-to-date symlink: /home/ros/Workshop/src/install/ros2_unitree_legged_msgs/include/ros2_unitree_legged_msgs/ros2_unitree_legged_msgs/msg/detail/low_state__rosidl_typesupport_introspection_cpp.hpp
[13.612s] -- Up-to-date symlink: /home/ros/Workshop/src/install/ros2_unitree_legged_msgs/include/ros2_unitree_legged_msgs/ros2_unitree_legged_msgs/msg/detail/motor_cmd__rosidl_typesupport_introspection_cpp.hpp
[13.613s] -- Up-to-date symlink: /home/ros/Workshop/src/install/ros2_unitree_legged_msgs/include/ros2_unitree_legged_msgs/ros2_unitree_legged_msgs/msg/detail/motor_state__rosidl_typesupport_introspection_cpp.hpp
[13.613s] -- Up-to-date symlink: /home/ros/Workshop/src/install/ros2_unitree_legged_msgs/share/ros2_unitree_legged_msgs/environment/pythonpath.sh
[13.614s] -- Up-to-date symlink: /home/ros/Workshop/src/install/ros2_unitree_legged_msgs/share/ros2_unitree_legged_msgs/environment/pythonpath.dsv
[13.616s] -- Up-to-date symlink: /home/ros/Workshop/src/install/ros2_unitree_legged_msgs/local/lib/python3.10/dist-packages/ros2_unitree_legged_msgs-0.4.0-py3.10.egg-info/PKG-INFO
[13.616s] -- Up-to-date symlink: /home/ros/Workshop/src/install/ros2_unitree_legged_msgs/local/lib/python3.10/dist-packages/ros2_unitree_legged_msgs-0.4.0-py3.10.egg-info/SOURCES.txt
[13.618s] -- Up-to-date symlink: /home/ros/Workshop/src/install/ros2_unitree_legged_msgs/local/lib/python3.10/dist-packages/ros2_unitree_legged_msgs-0.4.0-py3.10.egg-info/dependency_links.txt
[13.618s] -- Up-to-date symlink: /home/ros/Workshop/src/install/ros2_unitree_legged_msgs/local/lib/python3.10/dist-packages/ros2_unitree_legged_msgs-0.4.0-py3.10.egg-info/top_level.txt
[13.620s] -- Up-to-date symlink: /home/ros/Workshop/src/install/ros2_unitree_legged_msgs/local/lib/python3.10/dist-packages/ros2_unitree_legged_msgs/__init__.py
[13.621s] -- Up-to-date symlink: /home/ros/Workshop/src/install/ros2_unitree_legged_msgs/local/lib/python3.10/dist-packages/ros2_unitree_legged_msgs/_ros2_unitree_legged_msgs_s.ep.rosidl_typesupport_c.c
[13.621s] -- Up-to-date symlink: /home/ros/Workshop/src/install/ros2_unitree_legged_msgs/local/lib/python3.10/dist-packages/ros2_unitree_legged_msgs/_ros2_unitree_legged_msgs_s.ep.rosidl_typesupport_fastrtps_c.c
[13.621s] -- Up-to-date symlink: /home/ros/Workshop/src/install/ros2_unitree_legged_msgs/local/lib/python3.10/dist-packages/ros2_unitree_legged_msgs/_ros2_unitree_legged_msgs_s.ep.rosidl_typesupport_introspection_c.c
[13.622s] -- Up-to-date symlink: /home/ros/Workshop/src/install/ros2_unitree_legged_msgs/local/lib/python3.10/dist-packages/ros2_unitree_legged_msgs/libros2_unitree_legged_msgs__rosidl_generator_py.so
[13.622s] -- Up-to-date symlink: /home/ros/Workshop/src/install/ros2_unitree_legged_msgs/local/lib/python3.10/dist-packages/ros2_unitree_legged_msgs/msg/__init__.py
[13.623s] -- Up-to-date symlink: /home/ros/Workshop/src/install/ros2_unitree_legged_msgs/local/lib/python3.10/dist-packages/ros2_unitree_legged_msgs/msg/_bms_cmd.py
[13.624s] -- Up-to-date symlink: /home/ros/Workshop/src/install/ros2_unitree_legged_msgs/local/lib/python3.10/dist-packages/ros2_unitree_legged_msgs/msg/_bms_cmd_s.c
[13.624s] -- Up-to-date symlink: /home/ros/Workshop/src/install/ros2_unitree_legged_msgs/local/lib/python3.10/dist-packages/ros2_unitree_legged_msgs/msg/_bms_state.py
[13.625s] -- Up-to-date symlink: /home/ros/Workshop/src/install/ros2_unitree_legged_msgs/local/lib/python3.10/dist-packages/ros2_unitree_legged_msgs/msg/_bms_state_s.c
[13.625s] -- Up-to-date symlink: /home/ros/Workshop/src/install/ros2_unitree_legged_msgs/local/lib/python3.10/dist-packages/ros2_unitree_legged_msgs/msg/_cartesian.py
[13.626s] -- Up-to-date symlink: /home/ros/Workshop/src/install/ros2_unitree_legged_msgs/local/lib/python3.10/dist-packages/ros2_unitree_legged_msgs/msg/_cartesian_s.c
[13.626s] -- Up-to-date symlink: /home/ros/Workshop/src/install/ros2_unitree_legged_msgs/local/lib/python3.10/dist-packages/ros2_unitree_legged_msgs/msg/_high_cmd.py
[13.626s] -- Up-to-date symlink: /home/ros/Workshop/src/install/ros2_unitree_legged_msgs/local/lib/python3.10/dist-packages/ros2_unitree_legged_msgs/msg/_high_cmd_s.c
[13.628s] -- Up-to-date symlink: /home/ros/Workshop/src/install/ros2_unitree_legged_msgs/local/lib/python3.10/dist-packages/ros2_unitree_legged_msgs/msg/_high_state.py
[13.628s] -- Up-to-date symlink: /home/ros/Workshop/src/install/ros2_unitree_legged_msgs/local/lib/python3.10/dist-packages/ros2_unitree_legged_msgs/msg/_high_state_s.c
[13.628s] -- Up-to-date symlink: /home/ros/Workshop/src/install/ros2_unitree_legged_msgs/local/lib/python3.10/dist-packages/ros2_unitree_legged_msgs/msg/_imu.py
[13.629s] -- Up-to-date symlink: /home/ros/Workshop/src/install/ros2_unitree_legged_msgs/local/lib/python3.10/dist-packages/ros2_unitree_legged_msgs/msg/_imu_s.c
[13.629s] -- Up-to-date symlink: /home/ros/Workshop/src/install/ros2_unitree_legged_msgs/local/lib/python3.10/dist-packages/ros2_unitree_legged_msgs/msg/_led.py
[13.629s] -- Up-to-date symlink: /home/ros/Workshop/src/install/ros2_unitree_legged_msgs/local/lib/python3.10/dist-packages/ros2_unitree_legged_msgs/msg/_led_s.c
[13.630s] -- Up-to-date symlink: /home/ros/Workshop/src/install/ros2_unitree_legged_msgs/local/lib/python3.10/dist-packages/ros2_unitree_legged_msgs/msg/_low_cmd.py
[13.631s] -- Up-to-date symlink: /home/ros/Workshop/src/install/ros2_unitree_legged_msgs/local/lib/python3.10/dist-packages/ros2_unitree_legged_msgs/msg/_low_cmd_s.c
[13.632s] -- Up-to-date symlink: /home/ros/Workshop/src/install/ros2_unitree_legged_msgs/local/lib/python3.10/dist-packages/ros2_unitree_legged_msgs/msg/_low_state.py
[13.632s] -- Up-to-date symlink: /home/ros/Workshop/src/install/ros2_unitree_legged_msgs/local/lib/python3.10/dist-packages/ros2_unitree_legged_msgs/msg/_low_state_s.c
[13.633s] -- Up-to-date symlink: /home/ros/Workshop/src/install/ros2_unitree_legged_msgs/local/lib/python3.10/dist-packages/ros2_unitree_legged_msgs/msg/_motor_cmd.py
[13.633s] -- Up-to-date symlink: /home/ros/Workshop/src/install/ros2_unitree_legged_msgs/local/lib/python3.10/dist-packages/ros2_unitree_legged_msgs/msg/_motor_cmd_s.c
[13.634s] -- Up-to-date symlink: /home/ros/Workshop/src/install/ros2_unitree_legged_msgs/local/lib/python3.10/dist-packages/ros2_unitree_legged_msgs/msg/_motor_state.py
[13.634s] -- Up-to-date symlink: /home/ros/Workshop/src/install/ros2_unitree_legged_msgs/local/lib/python3.10/dist-packages/ros2_unitree_legged_msgs/msg/_motor_state_s.c
[13.635s] -- Up-to-date symlink: /home/ros/Workshop/src/install/ros2_unitree_legged_msgs/local/lib/python3.10/dist-packages/ros2_unitree_legged_msgs/ros2_unitree_legged_msgs_s__rosidl_typesupport_c.cpython-310-x86_64-linux-gnu.so
[13.636s] -- Up-to-date symlink: /home/ros/Workshop/src/install/ros2_unitree_legged_msgs/local/lib/python3.10/dist-packages/ros2_unitree_legged_msgs/ros2_unitree_legged_msgs_s__rosidl_typesupport_fastrtps_c.cpython-310-x86_64-linux-gnu.so
[13.636s] -- Up-to-date symlink: /home/ros/Workshop/src/install/ros2_unitree_legged_msgs/local/lib/python3.10/dist-packages/ros2_unitree_legged_msgs/ros2_unitree_legged_msgs_s__rosidl_typesupport_introspection_c.cpython-310-x86_64-linux-gnu.so
[13.638s] -- Up-to-date symlink: /home/ros/Workshop/src/install/ros2_unitree_legged_msgs/local/lib/python3.10/dist-packages/ros2_unitree_legged_msgs/ros2_unitree_legged_msgs_s__rosidl_typesupport_fastrtps_c.cpython-310-x86_64-linux-gnu.so
[13.639s] -- Up-to-date symlink: /home/ros/Workshop/src/install/ros2_unitree_legged_msgs/local/lib/python3.10/dist-packages/ros2_unitree_legged_msgs/ros2_unitree_legged_msgs_s__rosidl_typesupport_introspection_c.cpython-310-x86_64-linux-gnu.so
[13.641s] -- Up-to-date symlink: /home/ros/Workshop/src/install/ros2_unitree_legged_msgs/local/lib/python3.10/dist-packages/ros2_unitree_legged_msgs/ros2_unitree_legged_msgs_s__rosidl_typesupport_c.cpython-310-x86_64-linux-gnu.so
[13.642s] -- Up-to-date symlink: /home/ros/Workshop/src/install/ros2_unitree_legged_msgs/share/ros2_unitree_legged_msgs/msg/MotorCmd.idl
[13.643s] -- Up-to-date symlink: /home/ros/Workshop/src/install/ros2_unitree_legged_msgs/share/ros2_unitree_legged_msgs/msg/MotorState.idl
[13.644s] -- Up-to-date symlink: /home/ros/Workshop/src/install/ros2_unitree_legged_msgs/share/ros2_unitree_legged_msgs/msg/BmsCmd.idl
[13.644s] -- Up-to-date symlink: /home/ros/Workshop/src/install/ros2_unitree_legged_msgs/share/ros2_unitree_legged_msgs/msg/BmsState.idl
[13.645s] -- Up-to-date symlink: /home/ros/Workshop/src/install/ros2_unitree_legged_msgs/share/ros2_unitree_legged_msgs/msg/Cartesian.idl
[13.645s] -- Up-to-date symlink: /home/ros/Workshop/src/install/ros2_unitree_legged_msgs/share/ros2_unitree_legged_msgs/msg/IMU.idl
[13.646s] -- Up-to-date symlink: /home/ros/Workshop/src/install/ros2_unitree_legged_msgs/share/ros2_unitree_legged_msgs/msg/LED.idl
[13.646s] -- Up-to-date symlink: /home/ros/Workshop/src/install/ros2_unitree_legged_msgs/share/ros2_unitree_legged_msgs/msg/LowCmd.idl
[13.648s] -- Up-to-date symlink: /home/ros/Workshop/src/install/ros2_unitree_legged_msgs/share/ros2_unitree_legged_msgs/msg/LowState.idl
[13.648s] -- Up-to-date symlink: /home/ros/Workshop/src/install/ros2_unitree_legged_msgs/share/ros2_unitree_legged_msgs/msg/HighCmd.idl
[13.649s] -- Up-to-date symlink: /home/ros/Workshop/src/install/ros2_unitree_legged_msgs/share/ros2_unitree_legged_msgs/msg/HighState.idl
[13.649s] -- Up-to-date symlink: /home/ros/Workshop/src/install/ros2_unitree_legged_msgs/share/ros2_unitree_legged_msgs/msg/MotorCmd.msg
[13.650s] -- Up-to-date symlink: /home/ros/Workshop/src/install/ros2_unitree_legged_msgs/share/ros2_unitree_legged_msgs/msg/MotorState.msg
[13.651s] -- Up-to-date symlink: /home/ros/Workshop/src/install/ros2_unitree_legged_msgs/share/ros2_unitree_legged_msgs/msg/BmsCmd.msg
[13.651s] -- Up-to-date symlink: /home/ros/Workshop/src/install/ros2_unitree_legged_msgs/share/ros2_unitree_legged_msgs/msg/BmsState.msg
[13.652s] -- Up-to-date symlink: /home/ros/Workshop/src/install/ros2_unitree_legged_msgs/share/ros2_unitree_legged_msgs/msg/Cartesian.msg
[13.654s] -- Up-to-date symlink: /home/ros/Workshop/src/install/ros2_unitree_legged_msgs/share/ros2_unitree_legged_msgs/msg/IMU.msg
[13.654s] -- Up-to-date symlink: /home/ros/Workshop/src/install/ros2_unitree_legged_msgs/share/ros2_unitree_legged_msgs/msg/LED.msg
[13.655s] -- Up-to-date symlink: /home/ros/Workshop/src/install/ros2_unitree_legged_msgs/share/ros2_unitree_legged_msgs/msg/LowCmd.msg
[13.655s] -- Up-to-date symlink: /home/ros/Workshop/src/install/ros2_unitree_legged_msgs/share/ros2_unitree_legged_msgs/msg/LowState.msg
[13.656s] -- Up-to-date symlink: /home/ros/Workshop/src/install/ros2_unitree_legged_msgs/share/ros2_unitree_legged_msgs/msg/HighCmd.msg
[13.656s] -- Up-to-date symlink: /home/ros/Workshop/src/install/ros2_unitree_legged_msgs/share/ros2_unitree_legged_msgs/msg/HighState.msg
[13.657s] -- Up-to-date symlink: /home/ros/Workshop/src/install/ros2_unitree_legged_msgs/share/ament_index/resource_index/package_run_dependencies/ros2_unitree_legged_msgs
[13.657s] -- Up-to-date symlink: /home/ros/Workshop/src/install/ros2_unitree_legged_msgs/share/ament_index/resource_index/parent_prefix_path/ros2_unitree_legged_msgs
[13.658s] -- Up-to-date symlink: /home/ros/Workshop/src/install/ros2_unitree_legged_msgs/share/ros2_unitree_legged_msgs/environment/ament_prefix_path.sh
[13.659s] -- Up-to-date symlink: /home/ros/Workshop/src/install/ros2_unitree_legged_msgs/share/ros2_unitree_legged_msgs/environment/ament_prefix_path.dsv
[13.660s] -- Up-to-date symlink: /home/ros/Workshop/src/install/ros2_unitree_legged_msgs/share/ros2_unitree_legged_msgs/environment/path.sh
[13.660s] -- Up-to-date symlink: /home/ros/Workshop/src/install/ros2_unitree_legged_msgs/share/ros2_unitree_legged_msgs/environment/path.dsv
[13.661s] -- Up-to-date symlink: /home/ros/Workshop/src/install/ros2_unitree_legged_msgs/share/ros2_unitree_legged_msgs/local_setup.bash
[13.662s] -- Up-to-date symlink: /home/ros/Workshop/src/install/ros2_unitree_legged_msgs/share/ros2_unitree_legged_msgs/local_setup.sh
[13.663s] -- Up-to-date symlink: /home/ros/Workshop/src/install/ros2_unitree_legged_msgs/share/ros2_unitree_legged_msgs/local_setup.zsh
[13.664s] -- Up-to-date symlink: /home/ros/Workshop/src/install/ros2_unitree_legged_msgs/share/ros2_unitree_legged_msgs/local_setup.dsv
[13.665s] -- Symlinking: /home/ros/Workshop/src/install/ros2_unitree_legged_msgs/share/ros2_unitree_legged_msgs/package.dsv
[13.745s] -- Up-to-date symlink: /home/ros/Workshop/src/install/ros2_unitree_legged_msgs/share/ament_index/resource_index/packages/ros2_unitree_legged_msgs
[13.746s] -- Up-to-date symlink: /home/ros/Workshop/src/install/ros2_unitree_legged_msgs/share/ros2_unitree_legged_msgs/cmake/rosidl_cmake-extras.cmake
[13.747s] -- Up-to-date symlink: /home/ros/Workshop/src/install/ros2_unitree_legged_msgs/share/ros2_unitree_legged_msgs/cmake/ament_cmake_export_include_directories-extras.cmake
[13.747s] -- Up-to-date symlink: /home/ros/Workshop/src/install/ros2_unitree_legged_msgs/share/ros2_unitree_legged_msgs/cmake/ament_cmake_export_libraries-extras.cmake
[13.748s] -- Up-to-date symlink: /home/ros/Workshop/src/install/ros2_unitree_legged_msgs/share/ros2_unitree_legged_msgs/cmake/ament_cmake_export_targets-extras.cmake
[13.748s] -- Up-to-date symlink: /home/ros/Workshop/src/install/ros2_unitree_legged_msgs/share/ros2_unitree_legged_msgs/cmake/rosidl_cmake_export_typesupport_targets-extras.cmake
[13.749s] -- Up-to-date symlink: /home/ros/Workshop/src/install/ros2_unitree_legged_msgs/share/ros2_unitree_legged_msgs/cmake/ament_cmake_export_dependencies-extras.cmake
[13.750s] -- Up-to-date symlink: /home/ros/Workshop/src/install/ros2_unitree_legged_msgs/share/ros2_unitree_legged_msgs/cmake/rosidl_cmake_export_typesupport_libraries-extras.cmake
[13.750s] -- Up-to-date symlink: /home/ros/Workshop/src/install/ros2_unitree_legged_msgs/share/ros2_unitree_legged_msgs/cmake/ros2_unitree_legged_msgsConfig.cmake
[13.751s] -- Up-to-date symlink: /home/ros/Workshop/src/install/ros2_unitree_legged_msgs/share/ros2_unitree_legged_msgs/cmake/ros2_unitree_legged_msgsConfig-version.cmake
[13.751s] -- Up-to-date symlink: /home/ros/Workshop/src/install/ros2_unitree_legged_msgs/share/ros2_unitree_legged_msgs/package.xml
[13.754s] -- Up-to-date: /home/ros/Workshop/src/install/ros2_unitree_legged_msgs/lib/libros2_unitree_legged_msgs__rosidl_generator_c.so
[13.756s] -- Up-to-date: /home/ros/Workshop/src/install/ros2_unitree_legged_msgs/lib/libros2_unitree_legged_msgs__rosidl_typesupport_fastrtps_c.so
[13.759s] -- Up-to-date: /home/ros/Workshop/src/install/ros2_unitree_legged_msgs/lib/libros2_unitree_legged_msgs__rosidl_typesupport_introspection_c.so
[13.760s] -- Up-to-date: /home/ros/Workshop/src/install/ros2_unitree_legged_msgs/lib/libros2_unitree_legged_msgs__rosidl_typesupport_c.so
[13.762s] -- Up-to-date: /home/ros/Workshop/src/install/ros2_unitree_legged_msgs/lib/libros2_unitree_legged_msgs__rosidl_typesupport_fastrtps_cpp.so
[13.764s] -- Up-to-date: /home/ros/Workshop/src/install/ros2_unitree_legged_msgs/lib/libros2_unitree_legged_msgs__rosidl_typesupport_introspection_cpp.so
[13.768s] -- Up-to-date: /home/ros/Workshop/src/install/ros2_unitree_legged_msgs/lib/libros2_unitree_legged_msgs__rosidl_typesupport_cpp.so
[13.902s] Listing '/home/ros/Workshop/src/install/ros2_unitree_legged_msgs/local/lib/python3.10/dist-packages/ros2_unitree_legged_msgs'...
[13.902s] Listing '/home/ros/Workshop/src/install/ros2_unitree_legged_msgs/local/lib/python3.10/dist-packages/ros2_unitree_legged_msgs/msg'...
[13.915s] -- Up-to-date: /home/ros/Workshop/src/install/ros2_unitree_legged_msgs/lib/libros2_unitree_legged_msgs__rosidl_generator_py.so
[13.917s] -- Up-to-date: /home/ros/Workshop/src/install/ros2_unitree_legged_msgs/share/ros2_unitree_legged_msgs/cmake/export_ros2_unitree_legged_msgs__rosidl_generator_cExport.cmake
[13.917s] -- Up-to-date: /home/ros/Workshop/src/install/ros2_unitree_legged_msgs/share/ros2_unitree_legged_msgs/cmake/export_ros2_unitree_legged_msgs__rosidl_generator_cExport-noconfig.cmake
[13.918s] -- Up-to-date: /home/ros/Workshop/src/install/ros2_unitree_legged_msgs/share/ros2_unitree_legged_msgs/cmake/export_ros2_unitree_legged_msgs__rosidl_typesupport_fastrtps_cExport.cmake
[13.919s] -- Up-to-date: /home/ros/Workshop/src/install/ros2_unitree_legged_msgs/share/ros2_unitree_legged_msgs/cmake/export_ros2_unitree_legged_msgs__rosidl_typesupport_fastrtps_cExport-noconfig.cmake
[13.920s] -- Up-to-date: /home/ros/Workshop/src/install/ros2_unitree_legged_msgs/share/ros2_unitree_legged_msgs/cmake/ros2_unitree_legged_msgs__rosidl_typesupport_introspection_cExport.cmake
[13.920s] -- Up-to-date: /home/ros/Workshop/src/install/ros2_unitree_legged_msgs/share/ros2_unitree_legged_msgs/cmake/ros2_unitree_legged_msgs__rosidl_typesupport_introspection_cExport-noconfig.cmake
[13.920s] -- Up-to-date: /home/ros/Workshop/src/install/ros2_unitree_legged_msgs/share/ros2_unitree_legged_msgs/cmake/ros2_unitree_legged_msgs__rosidl_typesupport_cExport.cmake
[13.922s] -- Up-to-date: /home/ros/Workshop/src/install/ros2_unitree_legged_msgs/share/ros2_unitree_legged_msgs/cmake/ros2_unitree_legged_msgs__rosidl_typesupport_cExport-noconfig.cmake
[13.922s] -- Up-to-date: /home/ros/Workshop/src/install/ros2_unitree_legged_msgs/share/ros2_unitree_legged_msgs/cmake/export_ros2_unitree_legged_msgs__rosidl_generator_cppExport.cmake
[13.924s] -- Up-to-date: /home/ros/Workshop/src/install/ros2_unitree_legged_msgs/share/ros2_unitree_legged_msgs/cmake/export_ros2_unitree_legged_msgs__rosidl_typesupport_fastrtps_cppExport.cmake
[13.925s] -- Up-to-date: /home/ros/Workshop/src/install/ros2_unitree_legged_msgs/share/ros2_unitree_legged_msgs/cmake/export_ros2_unitree_legged_msgs__rosidl_typesupport_fastrtps_cppExport-noconfig.cmake
[13.925s] -- Up-to-date: /home/ros/Workshop/src/install/ros2_unitree_legged_msgs/share/ros2_unitree_legged_msgs/cmake/ros2_unitree_legged_msgs__rosidl_typesupport_introspection_cppExport.cmake
[13.925s] -- Up-to-date: /home/ros/Workshop/src/install/ros2_unitree_legged_msgs/share/ros2_unitree_legged_msgs/cmake/ros2_unitree_legged_msgs__rosidl_typesupport_introspection_cppExport-noconfig.cmake
[13.925s] -- Up-to-date: /home/ros/Workshop/src/install/ros2_unitree_legged_msgs/share/ros2_unitree_legged_msgs/cmake/ros2_unitree_legged_msgs__rosidl_typesupport_cppExport.cmake
[13.925s] -- Up-to-date: /home/ros/Workshop/src/install/ros2_unitree_legged_msgs/share/ros2_unitree_legged_msgs/cmake/ros2_unitree_legged_msgs__rosidl_typesupport_cppExport-noconfig.cmake
[13.927s] -- Up-to-date: /home/ros/Workshop/src/install/ros2_unitree_legged_msgs/share/ros2_unitree_legged_msgs/cmake/export_ros2_unitree_legged_msgs__rosidl_generator_pyExport.cmake
[13.927s] -- Up-to-date: /home/ros/Workshop/src/install/ros2_unitree_legged_msgs/share/ros2_unitree_legged_msgs/cmake/export_ros2_unitree_legged_msgs__rosidl_generator_pyExport-noconfig.cmake
[13.937s] Invoked command in '/home/ros/Workshop/src/build/ros2_unitree_legged_msgs' returned '0': CMAKE_PREFIX_PATH=${CMAKE_PREFIX_PATH}:/opt/ros/humble /usr/bin/cmake --install /home/ros/Workshop/src/build/ros2_unitree_legged_msgs
