[0.119s] Invoking command in '/home/ros/Workshop/src/build/unitree_nav_interfaces': CMAKE_PREFIX_PATH=${CMAKE_PREFIX_PATH}:/opt/ros/humble /usr/bin/cmake --build /home/ros/Workshop/src/build/unitree_nav_interfaces -- -j4 -l4
[1.029s] [  2%] Built target unitree_nav_interfaces_srv__cpp
[1.171s] [ 12%] Built target unitree_nav_interfaces_srv__rosidl_generator_c
[1.239s] [ 12%] Built target ament_cmake_python_symlink_unitree_nav_interfaces
[1.751s] [ 23%] Built target unitree_nav_interfaces_srv__rosidl_typesupport_cpp
[1.841s] [ 33%] Built target unitree_nav_interfaces_srv__rosidl_typesupport_introspection_cpp
[2.116s] [ 43%] Built target unitree_nav_interfaces_srv__rosidl_typesupport_fastrtps_cpp
[2.151s] [ 53%] Built target unitree_nav_interfaces_srv__rosidl_typesupport_fastrtps_c
[2.505s] [ 64%] Built target unitree_nav_interfaces_srv__rosidl_typesupport_introspection_c
[2.547s] [ 74%] Built target unitree_nav_interfaces_srv__rosidl_typesupport_c
[2.916s] [ 74%] Built target unitree_nav_interfaces_srv
[3.283s] [ 76%] Built target unitree_nav_interfaces_srv__py
[3.321s] running egg_info
[3.321s] writing unitree_nav_interfaces.egg-info/PKG-INFO
[3.321s] writing dependency_links to unitree_nav_interfaces.egg-info/dependency_links.txt
[3.322s] writing top-level names to unitree_nav_interfaces.egg-info/top_level.txt
[3.333s] reading manifest file 'unitree_nav_interfaces.egg-info/SOURCES.txt'
[3.339s] writing manifest file 'unitree_nav_interfaces.egg-info/SOURCES.txt'
[3.581s] [ 76%] Built target ament_cmake_python_build_unitree_nav_interfaces_egg
[3.637s] [ 84%] Built target unitree_nav_interfaces_srv__rosidl_generator_py
[3.998s] [ 89%] Built target unitree_nav_interfaces__rosidl_typesupport_fastrtps_c__pyext
[4.134s] [ 94%] Built target unitree_nav_interfaces__rosidl_typesupport_introspection_c__pyext
[4.174s] [100%] Built target unitree_nav_interfaces__rosidl_typesupport_c__pyext
[4.343s] Invoked command in '/home/ros/Workshop/src/build/unitree_nav_interfaces' returned '0': CMAKE_PREFIX_PATH=${CMAKE_PREFIX_PATH}:/opt/ros/humble /usr/bin/cmake --build /home/ros/Workshop/src/build/unitree_nav_interfaces -- -j4 -l4
[6.299s] Invoking command in '/home/ros/Workshop/src/build/unitree_nav_interfaces': CMAKE_PREFIX_PATH=${CMAKE_PREFIX_PATH}:/opt/ros/humble /usr/bin/cmake --install /home/ros/Workshop/src/build/unitree_nav_interfaces
[6.390s] -- Install configuration: ""
[6.393s] -- Execute custom install script
[6.394s] -- Up-to-date symlink: /home/ros/Workshop/src/install/unitree_nav_interfaces/share/ament_index/resource_index/rosidl_interfaces/unitree_nav_interfaces
[6.396s] -- Up-to-date symlink: /home/ros/Workshop/src/install/unitree_nav_interfaces/include/unitree_nav_interfaces/unitree_nav_interfaces/msg/rosidl_generator_c__visibility_control.h
[6.396s] -- Up-to-date symlink: /home/ros/Workshop/src/install/unitree_nav_interfaces/include/unitree_nav_interfaces/unitree_nav_interfaces/srv/detail/nav_to_pose__functions.h
[6.397s] -- Up-to-date symlink: /home/ros/Workshop/src/install/unitree_nav_interfaces/include/unitree_nav_interfaces/unitree_nav_interfaces/srv/detail/nav_to_pose__struct.h
[6.397s] -- Up-to-date symlink: /home/ros/Workshop/src/install/unitree_nav_interfaces/include/unitree_nav_interfaces/unitree_nav_interfaces/srv/detail/nav_to_pose__type_support.h
[6.398s] -- Up-to-date symlink: /home/ros/Workshop/src/install/unitree_nav_interfaces/include/unitree_nav_interfaces/unitree_nav_interfaces/srv/detail/set_body_rpy__functions.h
[6.399s] -- Up-to-date symlink: /home/ros/Workshop/src/install/unitree_nav_interfaces/include/unitree_nav_interfaces/unitree_nav_interfaces/srv/detail/set_body_rpy__struct.h
[6.400s] -- Up-to-date symlink: /home/ros/Workshop/src/install/unitree_nav_interfaces/include/unitree_nav_interfaces/unitree_nav_interfaces/srv/detail/set_body_rpy__type_support.h
[6.400s] -- Up-to-date symlink: /home/ros/Workshop/src/install/unitree_nav_interfaces/include/unitree_nav_interfaces/unitree_nav_interfaces/srv/nav_to_pose.h
[6.401s] -- Up-to-date symlink: /home/ros/Workshop/src/install/unitree_nav_interfaces/include/unitree_nav_interfaces/unitree_nav_interfaces/srv/set_body_rpy.h
[6.401s] -- Up-to-date symlink: /home/ros/Workshop/src/install/unitree_nav_interfaces/share/unitree_nav_interfaces/environment/library_path.sh
[6.402s] -- Up-to-date symlink: /home/ros/Workshop/src/install/unitree_nav_interfaces/share/unitree_nav_interfaces/environment/library_path.dsv
[6.405s] -- Up-to-date symlink: /home/ros/Workshop/src/install/unitree_nav_interfaces/include/unitree_nav_interfaces/unitree_nav_interfaces/msg/rosidl_typesupport_fastrtps_c__visibility_control.h
[6.405s] -- Up-to-date symlink: /home/ros/Workshop/src/install/unitree_nav_interfaces/include/unitree_nav_interfaces/unitree_nav_interfaces/srv/detail/nav_to_pose__rosidl_typesupport_fastrtps_c.h
[6.405s] -- Up-to-date symlink: /home/ros/Workshop/src/install/unitree_nav_interfaces/include/unitree_nav_interfaces/unitree_nav_interfaces/srv/detail/set_body_rpy__rosidl_typesupport_fastrtps_c.h
[6.408s] -- Up-to-date symlink: /home/ros/Workshop/src/install/unitree_nav_interfaces/include/unitree_nav_interfaces/unitree_nav_interfaces/srv/detail/nav_to_pose__builder.hpp
[6.409s] -- Up-to-date symlink: /home/ros/Workshop/src/install/unitree_nav_interfaces/include/unitree_nav_interfaces/unitree_nav_interfaces/srv/detail/nav_to_pose__struct.hpp
[6.409s] -- Up-to-date symlink: /home/ros/Workshop/src/install/unitree_nav_interfaces/include/unitree_nav_interfaces/unitree_nav_interfaces/srv/detail/nav_to_pose__traits.hpp
[6.409s] -- Up-to-date symlink: /home/ros/Workshop/src/install/unitree_nav_interfaces/include/unitree_nav_interfaces/unitree_nav_interfaces/srv/detail/set_body_rpy__builder.hpp
[6.410s] -- Up-to-date symlink: /home/ros/Workshop/src/install/unitree_nav_interfaces/include/unitree_nav_interfaces/unitree_nav_interfaces/srv/detail/set_body_rpy__struct.hpp
[6.410s] -- Up-to-date symlink: /home/ros/Workshop/src/install/unitree_nav_interfaces/include/unitree_nav_interfaces/unitree_nav_interfaces/srv/detail/set_body_rpy__traits.hpp
[6.410s] -- Up-to-date symlink: /home/ros/Workshop/src/install/unitree_nav_interfaces/include/unitree_nav_interfaces/unitree_nav_interfaces/srv/nav_to_pose.hpp
[6.410s] -- Up-to-date symlink: /home/ros/Workshop/src/install/unitree_nav_interfaces/include/unitree_nav_interfaces/unitree_nav_interfaces/srv/set_body_rpy.hpp
[6.412s] -- Up-to-date symlink: /home/ros/Workshop/src/install/unitree_nav_interfaces/include/unitree_nav_interfaces/unitree_nav_interfaces/msg/rosidl_typesupport_fastrtps_cpp__visibility_control.h
[6.412s] -- Up-to-date symlink: /home/ros/Workshop/src/install/unitree_nav_interfaces/include/unitree_nav_interfaces/unitree_nav_interfaces/srv/detail/nav_to_pose__rosidl_typesupport_fastrtps_cpp.hpp
[6.413s] -- Up-to-date symlink: /home/ros/Workshop/src/install/unitree_nav_interfaces/include/unitree_nav_interfaces/unitree_nav_interfaces/srv/detail/set_body_rpy__rosidl_typesupport_fastrtps_cpp.hpp
[6.415s] -- Up-to-date symlink: /home/ros/Workshop/src/install/unitree_nav_interfaces/include/unitree_nav_interfaces/unitree_nav_interfaces/msg/rosidl_typesupport_introspection_c__visibility_control.h
[6.415s] -- Up-to-date symlink: /home/ros/Workshop/src/install/unitree_nav_interfaces/include/unitree_nav_interfaces/unitree_nav_interfaces/srv/detail/nav_to_pose__rosidl_typesupport_introspection_c.h
[6.416s] -- Up-to-date symlink: /home/ros/Workshop/src/install/unitree_nav_interfaces/include/unitree_nav_interfaces/unitree_nav_interfaces/srv/detail/set_body_rpy__rosidl_typesupport_introspection_c.h
[6.418s] -- Up-to-date symlink: /home/ros/Workshop/src/install/unitree_nav_interfaces/include/unitree_nav_interfaces/unitree_nav_interfaces/srv/detail/nav_to_pose__rosidl_typesupport_introspection_cpp.hpp
[6.418s] -- Up-to-date symlink: /home/ros/Workshop/src/install/unitree_nav_interfaces/include/unitree_nav_interfaces/unitree_nav_interfaces/srv/detail/set_body_rpy__rosidl_typesupport_introspection_cpp.hpp
[6.418s] -- Up-to-date symlink: /home/ros/Workshop/src/install/unitree_nav_interfaces/share/unitree_nav_interfaces/environment/pythonpath.sh
[6.419s] -- Up-to-date symlink: /home/ros/Workshop/src/install/unitree_nav_interfaces/share/unitree_nav_interfaces/environment/pythonpath.dsv
[6.423s] -- Up-to-date symlink: /home/ros/Workshop/src/install/unitree_nav_interfaces/local/lib/python3.10/dist-packages/unitree_nav_interfaces-0.0.0-py3.10.egg-info/PKG-INFO
[6.423s] -- Up-to-date symlink: /home/ros/Workshop/src/install/unitree_nav_interfaces/local/lib/python3.10/dist-packages/unitree_nav_interfaces-0.0.0-py3.10.egg-info/SOURCES.txt
[6.423s] -- Up-to-date symlink: /home/ros/Workshop/src/install/unitree_nav_interfaces/local/lib/python3.10/dist-packages/unitree_nav_interfaces-0.0.0-py3.10.egg-info/dependency_links.txt
[6.424s] -- Up-to-date symlink: /home/ros/Workshop/src/install/unitree_nav_interfaces/local/lib/python3.10/dist-packages/unitree_nav_interfaces-0.0.0-py3.10.egg-info/top_level.txt
[6.426s] -- Up-to-date symlink: /home/ros/Workshop/src/install/unitree_nav_interfaces/local/lib/python3.10/dist-packages/unitree_nav_interfaces/__init__.py
[6.427s] -- Up-to-date symlink: /home/ros/Workshop/src/install/unitree_nav_interfaces/local/lib/python3.10/dist-packages/unitree_nav_interfaces/_unitree_nav_interfaces_s.ep.rosidl_typesupport_c.c
[6.429s] -- Up-to-date symlink: /home/ros/Workshop/src/install/unitree_nav_interfaces/local/lib/python3.10/dist-packages/unitree_nav_interfaces/_unitree_nav_interfaces_s.ep.rosidl_typesupport_fastrtps_c.c
[6.429s] -- Up-to-date symlink: /home/ros/Workshop/src/install/unitree_nav_interfaces/local/lib/python3.10/dist-packages/unitree_nav_interfaces/_unitree_nav_interfaces_s.ep.rosidl_typesupport_introspection_c.c
[6.429s] -- Up-to-date symlink: /home/ros/Workshop/src/install/unitree_nav_interfaces/local/lib/python3.10/dist-packages/unitree_nav_interfaces/libunitree_nav_interfaces_srv__rosidl_generator_py.so
[6.430s] -- Up-to-date symlink: /home/ros/Workshop/src/install/unitree_nav_interfaces/local/lib/python3.10/dist-packages/unitree_nav_interfaces/srv/__init__.py
[6.431s] -- Up-to-date symlink: /home/ros/Workshop/src/install/unitree_nav_interfaces/local/lib/python3.10/dist-packages/unitree_nav_interfaces/srv/_nav_to_pose.py
[6.432s] -- Up-to-date symlink: /home/ros/Workshop/src/install/unitree_nav_interfaces/local/lib/python3.10/dist-packages/unitree_nav_interfaces/srv/_nav_to_pose_s.c
[6.433s] -- Up-to-date symlink: /home/ros/Workshop/src/install/unitree_nav_interfaces/local/lib/python3.10/dist-packages/unitree_nav_interfaces/srv/_set_body_rpy.py
[6.434s] -- Up-to-date symlink: /home/ros/Workshop/src/install/unitree_nav_interfaces/local/lib/python3.10/dist-packages/unitree_nav_interfaces/srv/_set_body_rpy_s.c
[6.436s] -- Up-to-date symlink: /home/ros/Workshop/src/install/unitree_nav_interfaces/local/lib/python3.10/dist-packages/unitree_nav_interfaces/unitree_nav_interfaces_s__rosidl_typesupport_c.cpython-310-x86_64-linux-gnu.so
[6.438s] -- Up-to-date symlink: /home/ros/Workshop/src/install/unitree_nav_interfaces/local/lib/python3.10/dist-packages/unitree_nav_interfaces/unitree_nav_interfaces_s__rosidl_typesupport_fastrtps_c.cpython-310-x86_64-linux-gnu.so
[6.438s] -- Up-to-date symlink: /home/ros/Workshop/src/install/unitree_nav_interfaces/local/lib/python3.10/dist-packages/unitree_nav_interfaces/unitree_nav_interfaces_s__rosidl_typesupport_introspection_c.cpython-310-x86_64-linux-gnu.so
[6.440s] -- Up-to-date symlink: /home/ros/Workshop/src/install/unitree_nav_interfaces/local/lib/python3.10/dist-packages/unitree_nav_interfaces/unitree_nav_interfaces_s__rosidl_typesupport_fastrtps_c.cpython-310-x86_64-linux-gnu.so
[6.441s] -- Up-to-date symlink: /home/ros/Workshop/src/install/unitree_nav_interfaces/local/lib/python3.10/dist-packages/unitree_nav_interfaces/unitree_nav_interfaces_s__rosidl_typesupport_introspection_c.cpython-310-x86_64-linux-gnu.so
[6.443s] -- Up-to-date symlink: /home/ros/Workshop/src/install/unitree_nav_interfaces/local/lib/python3.10/dist-packages/unitree_nav_interfaces/unitree_nav_interfaces_s__rosidl_typesupport_c.cpython-310-x86_64-linux-gnu.so
[6.444s] -- Up-to-date symlink: /home/ros/Workshop/src/install/unitree_nav_interfaces/share/unitree_nav_interfaces/srv/SetBodyRPY.idl
[6.444s] -- Up-to-date symlink: /home/ros/Workshop/src/install/unitree_nav_interfaces/share/unitree_nav_interfaces/srv/NavToPose.idl
[6.445s] -- Up-to-date symlink: /home/ros/Workshop/src/install/unitree_nav_interfaces/share/unitree_nav_interfaces/srv/SetBodyRPY.srv
[6.446s] -- Up-to-date symlink: /home/ros/Workshop/src/install/unitree_nav_interfaces/share/unitree_nav_interfaces/srv/SetBodyRPY_Request.msg
[6.447s] -- Up-to-date symlink: /home/ros/Workshop/src/install/unitree_nav_interfaces/share/unitree_nav_interfaces/srv/SetBodyRPY_Response.msg
[6.449s] -- Up-to-date symlink: /home/ros/Workshop/src/install/unitree_nav_interfaces/share/unitree_nav_interfaces/srv/NavToPose.srv
[6.449s] -- Up-to-date symlink: /home/ros/Workshop/src/install/unitree_nav_interfaces/share/unitree_nav_interfaces/srv/NavToPose_Request.msg
[6.449s] -- Up-to-date symlink: /home/ros/Workshop/src/install/unitree_nav_interfaces/share/unitree_nav_interfaces/srv/NavToPose_Response.msg
[6.450s] -- Up-to-date symlink: /home/ros/Workshop/src/install/unitree_nav_interfaces/share/ament_index/resource_index/package_run_dependencies/unitree_nav_interfaces
[6.450s] -- Up-to-date symlink: /home/ros/Workshop/src/install/unitree_nav_interfaces/share/ament_index/resource_index/parent_prefix_path/unitree_nav_interfaces
[6.451s] -- Up-to-date symlink: /home/ros/Workshop/src/install/unitree_nav_interfaces/share/unitree_nav_interfaces/environment/ament_prefix_path.sh
[6.451s] -- Up-to-date symlink: /home/ros/Workshop/src/install/unitree_nav_interfaces/share/unitree_nav_interfaces/environment/ament_prefix_path.dsv
[6.452s] -- Up-to-date symlink: /home/ros/Workshop/src/install/unitree_nav_interfaces/share/unitree_nav_interfaces/environment/path.sh
[6.452s] -- Up-to-date symlink: /home/ros/Workshop/src/install/unitree_nav_interfaces/share/unitree_nav_interfaces/environment/path.dsv
[6.453s] -- Up-to-date symlink: /home/ros/Workshop/src/install/unitree_nav_interfaces/share/unitree_nav_interfaces/local_setup.bash
[6.454s] -- Up-to-date symlink: /home/ros/Workshop/src/install/unitree_nav_interfaces/share/unitree_nav_interfaces/local_setup.sh
[6.454s] -- Up-to-date symlink: /home/ros/Workshop/src/install/unitree_nav_interfaces/share/unitree_nav_interfaces/local_setup.zsh
[6.455s] -- Up-to-date symlink: /home/ros/Workshop/src/install/unitree_nav_interfaces/share/unitree_nav_interfaces/local_setup.dsv
[6.455s] -- Symlinking: /home/ros/Workshop/src/install/unitree_nav_interfaces/share/unitree_nav_interfaces/package.dsv
[6.538s] -- Up-to-date symlink: /home/ros/Workshop/src/install/unitree_nav_interfaces/share/ament_index/resource_index/packages/unitree_nav_interfaces
[6.538s] -- Up-to-date symlink: /home/ros/Workshop/src/install/unitree_nav_interfaces/share/unitree_nav_interfaces/cmake/ament_cmake_export_dependencies-extras.cmake
[6.539s] -- Up-to-date symlink: /home/ros/Workshop/src/install/unitree_nav_interfaces/share/unitree_nav_interfaces/cmake/rosidl_cmake-extras.cmake
[6.539s] -- Up-to-date symlink: /home/ros/Workshop/src/install/unitree_nav_interfaces/share/unitree_nav_interfaces/cmake/ament_cmake_export_include_directories-extras.cmake
[6.540s] -- Up-to-date symlink: /home/ros/Workshop/src/install/unitree_nav_interfaces/share/unitree_nav_interfaces/cmake/ament_cmake_export_libraries-extras.cmake
[6.541s] -- Up-to-date symlink: /home/ros/Workshop/src/install/unitree_nav_interfaces/share/unitree_nav_interfaces/cmake/ament_cmake_export_targets-extras.cmake
[6.542s] -- Up-to-date symlink: /home/ros/Workshop/src/install/unitree_nav_interfaces/share/unitree_nav_interfaces/cmake/rosidl_cmake_export_typesupport_targets-extras.cmake
[6.544s] -- Up-to-date symlink: /home/ros/Workshop/src/install/unitree_nav_interfaces/share/unitree_nav_interfaces/cmake/rosidl_cmake_export_typesupport_libraries-extras.cmake
[6.545s] -- Up-to-date symlink: /home/ros/Workshop/src/install/unitree_nav_interfaces/share/unitree_nav_interfaces/cmake/unitree_nav_interfacesConfig.cmake
[6.547s] -- Up-to-date symlink: /home/ros/Workshop/src/install/unitree_nav_interfaces/share/unitree_nav_interfaces/cmake/unitree_nav_interfacesConfig-version.cmake
[6.548s] -- Up-to-date symlink: /home/ros/Workshop/src/install/unitree_nav_interfaces/share/unitree_nav_interfaces/package.xml
[6.550s] -- Up-to-date: /home/ros/Workshop/src/install/unitree_nav_interfaces/lib/libunitree_nav_interfaces__rosidl_generator_c.so
[6.553s] -- Up-to-date: /home/ros/Workshop/src/install/unitree_nav_interfaces/lib/libunitree_nav_interfaces__rosidl_typesupport_fastrtps_c.so
[6.554s] -- Up-to-date: /home/ros/Workshop/src/install/unitree_nav_interfaces/lib/libunitree_nav_interfaces__rosidl_typesupport_fastrtps_cpp.so
[6.556s] -- Up-to-date: /home/ros/Workshop/src/install/unitree_nav_interfaces/lib/libunitree_nav_interfaces__rosidl_typesupport_introspection_c.so
[6.558s] -- Up-to-date: /home/ros/Workshop/src/install/unitree_nav_interfaces/lib/libunitree_nav_interfaces__rosidl_typesupport_c.so
[6.559s] -- Up-to-date: /home/ros/Workshop/src/install/unitree_nav_interfaces/lib/libunitree_nav_interfaces__rosidl_typesupport_introspection_cpp.so
[6.560s] -- Up-to-date: /home/ros/Workshop/src/install/unitree_nav_interfaces/lib/libunitree_nav_interfaces__rosidl_typesupport_cpp.so
[6.667s] Listing '/home/ros/Workshop/src/install/unitree_nav_interfaces/local/lib/python3.10/dist-packages/unitree_nav_interfaces'...
[6.668s] Listing '/home/ros/Workshop/src/install/unitree_nav_interfaces/local/lib/python3.10/dist-packages/unitree_nav_interfaces/srv'...
[6.675s] -- Up-to-date: /home/ros/Workshop/src/install/unitree_nav_interfaces/lib/libunitree_nav_interfaces_srv__rosidl_generator_py.so
[6.675s] -- Up-to-date: /home/ros/Workshop/src/install/unitree_nav_interfaces/share/unitree_nav_interfaces/cmake/export_unitree_nav_interfaces_srv__rosidl_generator_cExport.cmake
[6.676s] -- Up-to-date: /home/ros/Workshop/src/install/unitree_nav_interfaces/share/unitree_nav_interfaces/cmake/export_unitree_nav_interfaces_srv__rosidl_generator_cExport-noconfig.cmake
[6.677s] -- Up-to-date: /home/ros/Workshop/src/install/unitree_nav_interfaces/share/unitree_nav_interfaces/cmake/export_unitree_nav_interfaces_srv__rosidl_typesupport_fastrtps_cExport.cmake
[6.677s] -- Up-to-date: /home/ros/Workshop/src/install/unitree_nav_interfaces/share/unitree_nav_interfaces/cmake/export_unitree_nav_interfaces_srv__rosidl_typesupport_fastrtps_cExport-noconfig.cmake
[6.677s] -- Up-to-date: /home/ros/Workshop/src/install/unitree_nav_interfaces/share/unitree_nav_interfaces/cmake/export_unitree_nav_interfaces_srv__rosidl_generator_cppExport.cmake
[6.678s] -- Up-to-date: /home/ros/Workshop/src/install/unitree_nav_interfaces/share/unitree_nav_interfaces/cmake/export_unitree_nav_interfaces_srv__rosidl_typesupport_fastrtps_cppExport.cmake
[6.678s] -- Up-to-date: /home/ros/Workshop/src/install/unitree_nav_interfaces/share/unitree_nav_interfaces/cmake/export_unitree_nav_interfaces_srv__rosidl_typesupport_fastrtps_cppExport-noconfig.cmake
[6.679s] -- Up-to-date: /home/ros/Workshop/src/install/unitree_nav_interfaces/share/unitree_nav_interfaces/cmake/unitree_nav_interfaces_srv__rosidl_typesupport_introspection_cExport.cmake
[6.679s] -- Up-to-date: /home/ros/Workshop/src/install/unitree_nav_interfaces/share/unitree_nav_interfaces/cmake/unitree_nav_interfaces_srv__rosidl_typesupport_introspection_cExport-noconfig.cmake
[6.679s] -- Up-to-date: /home/ros/Workshop/src/install/unitree_nav_interfaces/share/unitree_nav_interfaces/cmake/unitree_nav_interfaces_srv__rosidl_typesupport_cExport.cmake
[6.680s] -- Up-to-date: /home/ros/Workshop/src/install/unitree_nav_interfaces/share/unitree_nav_interfaces/cmake/unitree_nav_interfaces_srv__rosidl_typesupport_cExport-noconfig.cmake
[6.680s] -- Up-to-date: /home/ros/Workshop/src/install/unitree_nav_interfaces/share/unitree_nav_interfaces/cmake/unitree_nav_interfaces_srv__rosidl_typesupport_introspection_cppExport.cmake
[6.680s] -- Up-to-date: /home/ros/Workshop/src/install/unitree_nav_interfaces/share/unitree_nav_interfaces/cmake/unitree_nav_interfaces_srv__rosidl_typesupport_introspection_cppExport-noconfig.cmake
[6.680s] -- Up-to-date: /home/ros/Workshop/src/install/unitree_nav_interfaces/share/unitree_nav_interfaces/cmake/unitree_nav_interfaces_srv__rosidl_typesupport_cppExport.cmake
[6.681s] -- Up-to-date: /home/ros/Workshop/src/install/unitree_nav_interfaces/share/unitree_nav_interfaces/cmake/unitree_nav_interfaces_srv__rosidl_typesupport_cppExport-noconfig.cmake
[6.682s] -- Up-to-date: /home/ros/Workshop/src/install/unitree_nav_interfaces/share/unitree_nav_interfaces/cmake/export_unitree_nav_interfaces_srv__rosidl_generator_pyExport.cmake
[6.682s] -- Up-to-date: /home/ros/Workshop/src/install/unitree_nav_interfaces/share/unitree_nav_interfaces/cmake/export_unitree_nav_interfaces_srv__rosidl_generator_pyExport-noconfig.cmake
[6.692s] Invoked command in '/home/ros/Workshop/src/build/unitree_nav_interfaces' returned '0': CMAKE_PREFIX_PATH=${CMAKE_PREFIX_PATH}:/opt/ros/humble /usr/bin/cmake --install /home/ros/Workshop/src/build/unitree_nav_interfaces
