-- Found ament_cmake: 1.3.4 (/opt/ros/humble/share/ament_cmake/cmake)
-- Override CMake install command with custom implementation using symlinks instead of copying resources
-- Found rclcpp: 16.0.4 (/opt/ros/humble/share/rclcpp/cmake)
-- Found rosidl_generator_c: 3.1.4 (/opt/ros/humble/share/rosidl_generator_c/cmake)
-- Found rosidl_adapter: 3.1.4 (/opt/ros/humble/share/rosidl_adapter/cmake)
-- Found rosidl_generator_cpp: 3.1.4 (/opt/ros/humble/share/rosidl_generator_cpp/cmake)
-- Using all available rosidl_typesupport_c: rosidl_typesupport_fastrtps_c;rosidl_typesupport_introspection_c
-- Using all available rosidl_typesupport_cpp: rosidl_typesupport_fastrtps_cpp;rosidl_typesupport_introspection_cpp
-- Found rmw_implementation_cmake: 6.1.1 (/opt/ros/humble/share/rmw_implementation_cmake/cmake)
-- Found rmw_fastrtps_cpp: 6.2.2 (/opt/ros/humble/share/rmw_fastrtps_cpp/cmake)
-- Using RMW implementation 'rmw_fastrtps_cpp' as default
-- Found ros2_unitree_legged_msgs: 0.4.0 (/home/ros/Workshop/src/install/ros2_unitree_legged_msgs/share/ros2_unitree_legged_msgs/cmake)
-- Found sensor_msgs: 4.2.3 (/opt/ros/humble/share/sensor_msgs/cmake)
-- -- CMAKE_SYSTEM_PROCESSOR: x86_64
-- Configuring done
-- Generating done
-- Build files have been written to: /home/ros/Workshop/src/build/unitree_legged_real
[35m[1mConsolidate compiler generated dependencies of target jsp_high[0m
[35m[1mConsolidate compiler generated dependencies of target ros2_udp[0m
[35m[1mConsolidate compiler generated dependencies of target udp_high[0m
[35m[1mConsolidate compiler generated dependencies of target jsp_low[0m
[ 12%] Built target jsp_high
[ 25%] Built target udp_high
[ 37%] Built target ros2_udp
[ 50%] Built target jsp_low
[35m[1mConsolidate compiler generated dependencies of target udp_low[0m
[35m[1mConsolidate compiler generated dependencies of target ros2_walk_example[0m
[35m[1mConsolidate compiler generated dependencies of target ros2_position_example[0m
[35m[1mConsolidate compiler generated dependencies of target custom_gait[0m
[ 62%] Built target udp_low
[ 75%] Built target ros2_walk_example
[ 87%] Built target ros2_position_example
[100%] Built target custom_gait
