[0.104s] Invoking command in '/home/ros/Workshop/src/build/unitree_legged_real': AMENT_PREFIX_PATH=/home/ros/Workshop/src/install/ros2_unitree_legged_msgs:${AMENT_PREFIX_PATH} CMAKE_PREFIX_PATH=/home/ros/Workshop/src/install/ros2_unitree_legged_msgs:/workspaces/my_ros2_ws/install:/opt/ros/humble LD_LIBRARY_PATH=/home/ros/Workshop/src/install/ros2_unitree_legged_msgs/lib:${LD_LIBRARY_PATH} PYTHONPATH=/home/ros/Workshop/src/install/ros2_unitree_legged_msgs/local/lib/python3.10/dist-packages:${PYTHONPATH} /usr/bin/cmake /home/ros/Workshop/src/unitree_ros2/unitree_legged_real -DCMAKE_INSTALL_PREFIX=/home/ros/Workshop/src/install/unitree_legged_real
[0.243s] -- Found ament_cmake: 1.3.4 (/opt/ros/humble/share/ament_cmake/cmake)
[0.688s] -- Override CMake install command with custom implementation using symlinks instead of copying resources
[0.703s] -- Found rclcpp: 16.0.4 (/opt/ros/humble/share/rclcpp/cmake)
[0.769s] -- Found rosidl_generator_c: 3.1.4 (/opt/ros/humble/share/rosidl_generator_c/cmake)
[0.775s] -- Found rosidl_adapter: 3.1.4 (/opt/ros/humble/share/rosidl_adapter/cmake)
[0.786s] -- Found rosidl_generator_cpp: 3.1.4 (/opt/ros/humble/share/rosidl_generator_cpp/cmake)
[0.818s] -- Using all available rosidl_typesupport_c: rosidl_typesupport_fastrtps_c;rosidl_typesupport_introspection_c
[0.854s] -- Using all available rosidl_typesupport_cpp: rosidl_typesupport_fastrtps_cpp;rosidl_typesupport_introspection_cpp
[0.969s] -- Found rmw_implementation_cmake: 6.1.1 (/opt/ros/humble/share/rmw_implementation_cmake/cmake)
[0.972s] -- Found rmw_fastrtps_cpp: 6.2.2 (/opt/ros/humble/share/rmw_fastrtps_cpp/cmake)
[1.275s] -- Using RMW implementation 'rmw_fastrtps_cpp' as default
[1.545s] -- Found ros2_unitree_legged_msgs: 0.4.0 (/home/ros/Workshop/src/install/ros2_unitree_legged_msgs/share/ros2_unitree_legged_msgs/cmake)
[1.573s] -- Found sensor_msgs: 4.2.3 (/opt/ros/humble/share/sensor_msgs/cmake)
[1.776s] -- -- CMAKE_SYSTEM_PROCESSOR: x86_64
[1.926s] -- Configuring done
[2.037s] -- Generating done
[2.045s] -- Build files have been written to: /home/ros/Workshop/src/build/unitree_legged_real
[2.057s] Invoked command in '/home/ros/Workshop/src/build/unitree_legged_real' returned '0': AMENT_PREFIX_PATH=/home/ros/Workshop/src/install/ros2_unitree_legged_msgs:${AMENT_PREFIX_PATH} CMAKE_PREFIX_PATH=/home/ros/Workshop/src/install/ros2_unitree_legged_msgs:/workspaces/my_ros2_ws/install:/opt/ros/humble LD_LIBRARY_PATH=/home/ros/Workshop/src/install/ros2_unitree_legged_msgs/lib:${LD_LIBRARY_PATH} PYTHONPATH=/home/ros/Workshop/src/install/ros2_unitree_legged_msgs/local/lib/python3.10/dist-packages:${PYTHONPATH} /usr/bin/cmake /home/ros/Workshop/src/unitree_ros2/unitree_legged_real -DCMAKE_INSTALL_PREFIX=/home/ros/Workshop/src/install/unitree_legged_real
[2.058s] Invoking command in '/home/ros/Workshop/src/build/unitree_legged_real': AMENT_PREFIX_PATH=/home/ros/Workshop/src/install/ros2_unitree_legged_msgs:${AMENT_PREFIX_PATH} CMAKE_PREFIX_PATH=/home/ros/Workshop/src/install/ros2_unitree_legged_msgs:/workspaces/my_ros2_ws/install:/opt/ros/humble LD_LIBRARY_PATH=/home/ros/Workshop/src/install/ros2_unitree_legged_msgs/lib:${LD_LIBRARY_PATH} PYTHONPATH=/home/ros/Workshop/src/install/ros2_unitree_legged_msgs/local/lib/python3.10/dist-packages:${PYTHONPATH} /usr/bin/cmake --build /home/ros/Workshop/src/build/unitree_legged_real -- -j4 -l4
[2.363s] [35m[1mConsolidate compiler generated dependencies of target jsp_high[0m
[2.369s] [35m[1mConsolidate compiler generated dependencies of target ros2_udp[0m
[2.390s] [35m[1mConsolidate compiler generated dependencies of target udp_high[0m
[2.390s] [35m[1mConsolidate compiler generated dependencies of target jsp_low[0m
[2.483s] [ 12%] Built target jsp_high
[2.522s] [ 25%] Built target udp_high
[2.526s] [ 37%] Built target ros2_udp
[2.532s] [ 50%] Built target jsp_low
[2.593s] [35m[1mConsolidate compiler generated dependencies of target udp_low[0m
[2.647s] [35m[1mConsolidate compiler generated dependencies of target ros2_walk_example[0m
[2.663s] [35m[1mConsolidate compiler generated dependencies of target ros2_position_example[0m
[2.666s] [35m[1mConsolidate compiler generated dependencies of target custom_gait[0m
[2.772s] [ 62%] Built target udp_low
[2.779s] [ 75%] Built target ros2_walk_example
[2.806s] [ 87%] Built target ros2_position_example
[2.816s] [100%] Built target custom_gait
