[0.181s] Invoking command in '/home/ros/Workshop/src/build/guide_dog_unitree_go1': AMENT_PREFIX_PATH=/home/ros/Workshop/src/install/unitree_nav:/home/ros/Workshop/src/install/rslidar_sdk:/home/ros/Workshop/src/install/unitree_nav_interfaces:/home/ros/Workshop/src/install/rslidar_msg:/home/ros/Workshop/src/install/ros2_unitree_legged_msgs:${AMENT_PREFIX_PATH} CMAKE_PREFIX_PATH=/home/ros/Workshop/src/install/unitree_nav:/home/ros/Workshop/src/install/rslidar_sdk:/home/ros/Workshop/src/install/unitree_nav_interfaces:/home/ros/Workshop/src/install/rslidar_msg:/home/ros/Workshop/src/install/ros2_unitree_legged_msgs:/workspaces/my_ros2_ws/install:/opt/ros/humble LD_LIBRARY_PATH=/home/ros/Workshop/src/install/unitree_nav_interfaces/lib:/home/ros/Workshop/src/install/rslidar_msg/lib:/home/ros/Workshop/src/install/ros2_unitree_legged_msgs/lib:${LD_LIBRARY_PATH} PYTHONPATH=/home/ros/Workshop/src/install/unitree_nav_interfaces/local/lib/python3.10/dist-packages:/home/ros/Workshop/src/install/rslidar_msg/local/lib/python3.10/dist-packages:/home/ros/Workshop/src/install/ros2_unitree_legged_msgs/local/lib/python3.10/dist-packages:${PYTHONPATH} /usr/bin/cmake /home/ros/Workshop/src/Guide_dog_Unitree_Go1/guide_dog_unitree_go1 -DAMENT_CMAKE_SYMLINK_INSTALL=1 -DCMAKE_INSTALL_PREFIX=/home/ros/Workshop/src/install/guide_dog_unitree_go1
[0.274s] -- Found ament_cmake: 1.3.4 (/opt/ros/humble/share/ament_cmake/cmake)
[1.876s] -- Override CMake install command with custom implementation using symlinks instead of copying resources
[1.905s] -- Found rclcpp: 16.0.4 (/opt/ros/humble/share/rclcpp/cmake)
[2.071s] -- Found rosidl_generator_c: 3.1.4 (/opt/ros/humble/share/rosidl_generator_c/cmake)
[2.082s] -- Found rosidl_adapter: 3.1.4 (/opt/ros/humble/share/rosidl_adapter/cmake)
[2.105s] -- Found rosidl_generator_cpp: 3.1.4 (/opt/ros/humble/share/rosidl_generator_cpp/cmake)
[2.132s] -- Using all available rosidl_typesupport_c: rosidl_typesupport_fastrtps_c;rosidl_typesupport_introspection_c
[2.172s] -- Using all available rosidl_typesupport_cpp: rosidl_typesupport_fastrtps_cpp;rosidl_typesupport_introspection_cpp
[2.302s] -- Found rmw_implementation_cmake: 6.1.1 (/opt/ros/humble/share/rmw_implementation_cmake/cmake)
[2.305s] -- Found rmw_fastrtps_cpp: 6.2.2 (/opt/ros/humble/share/rmw_fastrtps_cpp/cmake)
[2.747s] -- Using RMW implementation 'rmw_fastrtps_cpp' as default
[3.066s] -- Found std_srvs: 4.2.3 (/opt/ros/humble/share/std_srvs/cmake)
[3.104s] -- Found tf2: 0.25.2 (/opt/ros/humble/share/tf2/cmake)
[3.225s] -- Found tf2_ros: 0.25.2 (/opt/ros/humble/share/tf2_ros/cmake)
[5.270s] -- Found rosidl_default_generators: 1.2.0 (/opt/ros/humble/share/rosidl_default_generators/cmake)
[5.304s] -- Found nav_msgs: 4.2.3 (/opt/ros/humble/share/nav_msgs/cmake)
[5.562s] -- Found sensor_msgs: 4.2.3 (/opt/ros/humble/share/sensor_msgs/cmake)
[5.848s] -- Found visualization_msgs: 4.2.3 (/opt/ros/humble/share/visualization_msgs/cmake)
[6.224s] -- Found unitree_nav_interfaces: 0.0.0 (/home/ros/Workshop/src/install/unitree_nav_interfaces/share/unitree_nav_interfaces/cmake)
[6.396s] -- Found tf2_geometry_msgs: 0.25.2 (/opt/ros/humble/share/tf2_geometry_msgs/cmake)
[6.412s] -- Found eigen3_cmake_module: 0.1.1 (/opt/ros/humble/share/eigen3_cmake_module/cmake)
[6.417s] -- Ensuring Eigen3 include directory is part of orocos-kdl CMake target
[6.445s] -- Found nav2_msgs: 1.1.6 (/opt/ros/humble/share/nav2_msgs/cmake)
[7.431s] -- Found ros2_unitree_legged_msgs: 0.4.0 (/home/ros/Workshop/src/install/ros2_unitree_legged_msgs/share/ros2_unitree_legged_msgs/cmake)
[8.390s] -- Found Doxygen: /usr/bin/doxygen (found version "1.9.1") found components: doxygen dot 
[8.552s] -- Found ament_lint_auto: 0.12.6 (/opt/ros/humble/share/ament_lint_auto/cmake)
[9.033s] -- Added test 'cppcheck' to perform static code analysis on C / C++ code
[9.035s] -- Configured cppcheck include dirs: 
[9.035s] -- Configured cppcheck exclude dirs and/or files: 
[9.057s] -- Added test 'flake8' to check Python code syntax and style conventions
[9.073s] -- Added test 'lint_cmake' to check CMake code style
[9.086s] -- Added test 'pep257' to check Python code against some of the docstring style conventions in PEP 257
[9.098s] -- Added test 'uncrustify' to check C / C++ code style
[9.098s] -- Configured uncrustify additional arguments: 
[9.112s] -- Added test 'xmllint' to check XML markup files
[9.147s] -- Configuring done
[9.297s] -- Generating done
[9.308s] -- Build files have been written to: /home/ros/Workshop/src/build/guide_dog_unitree_go1
[9.336s] Invoked command in '/home/ros/Workshop/src/build/guide_dog_unitree_go1' returned '0': AMENT_PREFIX_PATH=/home/ros/Workshop/src/install/unitree_nav:/home/ros/Workshop/src/install/rslidar_sdk:/home/ros/Workshop/src/install/unitree_nav_interfaces:/home/ros/Workshop/src/install/rslidar_msg:/home/ros/Workshop/src/install/ros2_unitree_legged_msgs:${AMENT_PREFIX_PATH} CMAKE_PREFIX_PATH=/home/ros/Workshop/src/install/unitree_nav:/home/ros/Workshop/src/install/rslidar_sdk:/home/ros/Workshop/src/install/unitree_nav_interfaces:/home/ros/Workshop/src/install/rslidar_msg:/home/ros/Workshop/src/install/ros2_unitree_legged_msgs:/workspaces/my_ros2_ws/install:/opt/ros/humble LD_LIBRARY_PATH=/home/ros/Workshop/src/install/unitree_nav_interfaces/lib:/home/ros/Workshop/src/install/rslidar_msg/lib:/home/ros/Workshop/src/install/ros2_unitree_legged_msgs/lib:${LD_LIBRARY_PATH} PYTHONPATH=/home/ros/Workshop/src/install/unitree_nav_interfaces/local/lib/python3.10/dist-packages:/home/ros/Workshop/src/install/rslidar_msg/local/lib/python3.10/dist-packages:/home/ros/Workshop/src/install/ros2_unitree_legged_msgs/local/lib/python3.10/dist-packages:${PYTHONPATH} /usr/bin/cmake /home/ros/Workshop/src/Guide_dog_Unitree_Go1/guide_dog_unitree_go1 -DAMENT_CMAKE_SYMLINK_INSTALL=1 -DCMAKE_INSTALL_PREFIX=/home/ros/Workshop/src/install/guide_dog_unitree_go1
[9.343s] Invoking command in '/home/ros/Workshop/src/build/guide_dog_unitree_go1': AMENT_PREFIX_PATH=/home/ros/Workshop/src/install/unitree_nav:/home/ros/Workshop/src/install/rslidar_sdk:/home/ros/Workshop/src/install/unitree_nav_interfaces:/home/ros/Workshop/src/install/rslidar_msg:/home/ros/Workshop/src/install/ros2_unitree_legged_msgs:${AMENT_PREFIX_PATH} CMAKE_PREFIX_PATH=/home/ros/Workshop/src/install/unitree_nav:/home/ros/Workshop/src/install/rslidar_sdk:/home/ros/Workshop/src/install/unitree_nav_interfaces:/home/ros/Workshop/src/install/rslidar_msg:/home/ros/Workshop/src/install/ros2_unitree_legged_msgs:/workspaces/my_ros2_ws/install:/opt/ros/humble LD_LIBRARY_PATH=/home/ros/Workshop/src/install/unitree_nav_interfaces/lib:/home/ros/Workshop/src/install/rslidar_msg/lib:/home/ros/Workshop/src/install/ros2_unitree_legged_msgs/lib:${LD_LIBRARY_PATH} PYTHONPATH=/home/ros/Workshop/src/install/unitree_nav_interfaces/local/lib/python3.10/dist-packages:/home/ros/Workshop/src/install/rslidar_msg/local/lib/python3.10/dist-packages:/home/ros/Workshop/src/install/ros2_unitree_legged_msgs/local/lib/python3.10/dist-packages:${PYTHONPATH} /usr/bin/cmake --build /home/ros/Workshop/src/build/guide_dog_unitree_go1 -- -j4 -l4
[10.274s] [ 14%] [34m[1mGenerate API documentation for doxygen[0m
[10.315s] [ 28%] [32mBuilding CXX object CMakeFiles/voice_control.dir/src/voice_control.cpp.o[0m
[10.349s] [ 42%] [32mBuilding CXX object CMakeFiles/guide_dog.dir/src/guide_dog.cpp.o[0m
[10.370s] [ 57%] [32mBuilding CXX object CMakeFiles/vision_obstacles.dir/src/vision_obstacles.cpp.o[0m
[10.582s] warning: tag INPUT: input source 'README.md' does not exist
[10.586s] Doxygen version used: 1.9.1
[10.591s] Searching for include files...
[10.592s] Searching for example files...
[10.592s] Searching for images...
[10.592s] Searching for dot files...
[10.593s] Searching for msc files...
[10.593s] Searching for dia files...
[10.594s] Searching for files to exclude
[10.594s] Searching INPUT for files to process...
[10.595s] Searching for files in directory /home/ros/Workshop/src/Guide_dog_Unitree_Go1/guide_dog_unitree_go1/src
[10.598s] warning: source 'README.md' is not a readable file or directory... skipping.
[10.598s] Reading and parsing tag files
[10.599s] Parsing files
[10.600s] Preprocessing /home/ros/Workshop/src/Guide_dog_Unitree_Go1/guide_dog_unitree_go1/src/guide_dog.cpp...
[10.605s] Parsing file /home/ros/Workshop/src/Guide_dog_Unitree_Go1/guide_dog_unitree_go1/src/guide_dog.cpp...
[10.612s] Preprocessing /home/ros/Workshop/src/Guide_dog_Unitree_Go1/guide_dog_unitree_go1/src/vision_obstacles.cpp...
[10.620s] Parsing file /home/ros/Workshop/src/Guide_dog_Unitree_Go1/guide_dog_unitree_go1/src/vision_obstacles.cpp...
[10.622s] Preprocessing /home/ros/Workshop/src/Guide_dog_Unitree_Go1/guide_dog_unitree_go1/src/voice_control.cpp...
[10.624s] Parsing file /home/ros/Workshop/src/Guide_dog_Unitree_Go1/guide_dog_unitree_go1/src/voice_control.cpp...
[10.626s] Building macro definition list...
[10.627s] Building group list...
[10.628s] Building directory list...
[10.629s] Building namespace list...
[10.630s] Building file list...
[10.631s] Building class list...
[10.634s] Computing nesting relations for classes...
[10.635s] Associating documentation with classes...
[10.636s] Building example list...
[10.636s] Searching for enumerations...
[10.637s] Searching for documented typedefs...
[10.637s] Searching for members imported via using declarations...
[10.638s] Searching for included using directives...
[10.638s] Searching for documented variables...
[10.640s] Building interface member list...
[10.640s] Building member list...
[10.642s] Searching for friends...
[10.642s] Searching for documented defines...
[10.643s] Computing class inheritance relations...
[10.643s] Computing class usage relations...
[10.646s] Flushing cached template relations that have become invalid...
[10.646s] Computing class relations...
[10.647s] /home/ros/Workshop/src/Guide_dog_Unitree_Go1/guide_dog_unitree_go1/src/guide_dog.cpp:73: warning: Compound Pose2D is not documented.
[10.648s] /home/ros/Workshop/src/Guide_dog_Unitree_Go1/guide_dog_unitree_go1/src/guide_dog.cpp:87: warning: Compound guide_dog is not documented.
[10.648s] Add enum values to enums...
[10.650s] Searching for member function documentation...
[10.652s] Creating members for template instances...
[10.653s] Building page list...
[10.653s] Search for main page...
[10.653s] Computing page relations...
[10.653s] Determining the scope of groups...
[10.654s] Sorting lists...
[10.654s] Determining which enums are documented
[10.654s] Computing member relations...
[10.654s] Building full member lists recursively...
[10.655s] Adding members to member groups.
[10.655s] Computing member references...
[10.655s] Inheriting documentation...
[10.655s] Generating disk names...
[10.656s] Adding source references...
[10.656s] Adding xrefitems...
[10.656s] Sorting member lists...
[10.656s] Setting anonymous enum type...
[10.657s] Computing dependencies between directories...
[10.657s] Generating citations page...
[10.657s] Counting members...
[10.658s] Counting data structures...
[10.659s] Resolving user defined references...
[10.660s] Finding anchors and sections in the documentation...
[10.663s] Transferring function references...
[10.663s] Combining using relations...
[10.664s] Adding members to index pages...
[10.664s] Correcting members for VHDL...
[10.665s] Computing tooltip texts...
[10.710s] Generating style sheet...
[10.714s] Generating search indices...
[10.743s] Generating example documentation...
[10.744s] Generating file sources...
[10.744s] Generating file documentation...
[10.744s] Generating docs for file src/guide_dog.cpp...
[10.749s] /home/ros/Workshop/src/Guide_dog_Unitree_Go1/guide_dog_unitree_go1/src/guide_dog.cpp:47: warning: Member STATES (macro definition) of file guide_dog.cpp is not documented.
[10.749s] /home/ros/Workshop/src/Guide_dog_Unitree_Go1/guide_dog_unitree_go1/src/guide_dog.cpp:53: warning: Member X(state, name) (macro definition) of file guide_dog.cpp is not documented.
[10.750s] /home/ros/Workshop/src/Guide_dog_Unitree_Go1/guide_dog_unitree_go1/src/guide_dog.cpp:57: warning: Member X(state, name) (macro definition) of file guide_dog.cpp is not documented.
[10.750s] /home/ros/Workshop/src/Guide_dog_Unitree_Go1/guide_dog_unitree_go1/src/guide_dog.cpp:54: warning: Member State (enumeration) of file guide_dog.cpp is not documented.
[10.751s] /home/ros/Workshop/src/Guide_dog_Unitree_Go1/guide_dog_unitree_go1/src/guide_dog.cpp:63: warning: Member to_value(Enumeration const value) -> typename std::underlying_type< Enumeration >::type (function) of file guide_dog.cpp is not documented.
[10.751s] /home/ros/Workshop/src/Guide_dog_Unitree_Go1/guide_dog_unitree_go1/src/guide_dog.cpp:69: warning: Member get_state_name(State state) (function) of file guide_dog.cpp is not documented.
[10.752s] /home/ros/Workshop/src/Guide_dog_Unitree_Go1/guide_dog_unitree_go1/src/guide_dog.cpp:352: warning: Member quaternion_to_rpy(const geometry_msgs::msg::Quaternion &q) (function) of file guide_dog.cpp is not documented.
[10.752s] /home/ros/Workshop/src/Guide_dog_Unitree_Go1/guide_dog_unitree_go1/src/guide_dog.cpp:362: warning: Member rpy_to_quaternion(double roll, double pitch, double yaw) (function) of file guide_dog.cpp is not documented.
[10.753s] /home/ros/Workshop/src/Guide_dog_Unitree_Go1/guide_dog_unitree_go1/src/guide_dog.cpp:368: warning: Member main(int argc, char **argv) (function) of file guide_dog.cpp is not documented.
[10.753s] /home/ros/Workshop/src/Guide_dog_Unitree_Go1/guide_dog_unitree_go1/src/guide_dog.cpp:58: warning: Member STATE_NAMES (variable) of file guide_dog.cpp is not documented.
[10.757s] Generating docs for file src/vision_obstacles.cpp...
[10.760s] Generating docs for file src/voice_control.cpp...
[10.764s] Generating page documentation...
[10.765s] Generating group documentation...
[10.765s] Generating class documentation...
[10.766s] Generating docs for compound guide_dog...
[10.770s] Generating docs for compound Pose2D...
[10.772s] /home/ros/Workshop/src/Guide_dog_Unitree_Go1/guide_dog_unitree_go1/src/guide_dog.cpp:74: warning: Member x (variable) of struct Pose2D is not documented.
[10.772s] /home/ros/Workshop/src/Guide_dog_Unitree_Go1/guide_dog_unitree_go1/src/guide_dog.cpp:75: warning: Member y (variable) of struct Pose2D is not documented.
[10.772s] /home/ros/Workshop/src/Guide_dog_Unitree_Go1/guide_dog_unitree_go1/src/guide_dog.cpp:76: warning: Member theta (variable) of struct Pose2D is not documented.
[10.775s] Generating docs for compound vision_obstacles...
[10.787s] Generating docs for compound voice_control...
[10.791s] Generating namespace index...
[10.792s] Generating graph info page...
[10.796s] Generating directory documentation...
[10.800s] Generating index page...
[10.801s] Generating page index...
[10.802s] Generating module index...
[10.802s] Generating namespace index...
[10.802s] Generating namespace member index...
[10.803s] Generating annotated compound index...
[10.805s] Generating alphabetical compound index...
[10.806s] Generating hierarchical class index...
[10.807s] Generating graphical class hierarchy...
[10.811s] Generating member index...
[10.812s] Generating file index...
[10.814s] Generating file member index...
[10.816s] Generating example index...
[10.816s] finalizing index lists...
[10.817s] writing tag file...
[10.817s] Running plantuml with JAVA...
[10.818s] Running dot...
[10.818s] Generating dot graphs using 5 parallel threads...
[10.923s] Running dot for graph 1/12
[10.927s] Running dot for graph 2/12
[10.932s] Running dot for graph 3/12
[10.934s] Running dot for graph 4/12
[10.935s] Running dot for graph 5/12
[11.628s] Running dot for graph 6/12
[11.630s] Running dot for graph 7/12
[11.631s] Running dot for graph 8/12
[11.632s] Running dot for graph 9/12
[11.632s] Running dot for graph 10/12
[12.040s] Running dot for graph 11/12
[12.138s] Running dot for graph 12/12
[12.560s] Patching output file 1/7
[12.563s] Patching output file 2/7
[12.565s] Patching output file 3/7
[12.566s] Patching output file 4/7
[12.567s] Patching output file 5/7
[12.568s] Patching output file 6/7
[12.569s] Patching output file 7/7
[12.580s] lookup cache used 6/65536 hits=21 misses=7
[12.580s] finished...
[12.705s] [ 57%] Built target doxygen
[386.839s] [ 85%] [32m[1mLinking CXX executable vision_obstacles[0m
[386.865s] [ 85%] [32m[1mLinking CXX executable voice_control[0m
[392.485s] [ 85%] Built target vision_obstacles
[392.486s] [ 85%] Built target voice_control
[431.584s] [100%] [32m[1mLinking CXX executable guide_dog[0m
[433.482s] [100%] Built target guide_dog
[433.941s] Invoked command in '/home/ros/Workshop/src/build/guide_dog_unitree_go1' returned '0': AMENT_PREFIX_PATH=/home/ros/Workshop/src/install/unitree_nav:/home/ros/Workshop/src/install/rslidar_sdk:/home/ros/Workshop/src/install/unitree_nav_interfaces:/home/ros/Workshop/src/install/rslidar_msg:/home/ros/Workshop/src/install/ros2_unitree_legged_msgs:${AMENT_PREFIX_PATH} CMAKE_PREFIX_PATH=/home/ros/Workshop/src/install/unitree_nav:/home/ros/Workshop/src/install/rslidar_sdk:/home/ros/Workshop/src/install/unitree_nav_interfaces:/home/ros/Workshop/src/install/rslidar_msg:/home/ros/Workshop/src/install/ros2_unitree_legged_msgs:/workspaces/my_ros2_ws/install:/opt/ros/humble LD_LIBRARY_PATH=/home/ros/Workshop/src/install/unitree_nav_interfaces/lib:/home/ros/Workshop/src/install/rslidar_msg/lib:/home/ros/Workshop/src/install/ros2_unitree_legged_msgs/lib:${LD_LIBRARY_PATH} PYTHONPATH=/home/ros/Workshop/src/install/unitree_nav_interfaces/local/lib/python3.10/dist-packages:/home/ros/Workshop/src/install/rslidar_msg/local/lib/python3.10/dist-packages:/home/ros/Workshop/src/install/ros2_unitree_legged_msgs/local/lib/python3.10/dist-packages:${PYTHONPATH} /usr/bin/cmake --build /home/ros/Workshop/src/build/guide_dog_unitree_go1 -- -j4 -l4
[435.818s] Invoking command in '/home/ros/Workshop/src/build/guide_dog_unitree_go1': AMENT_PREFIX_PATH=/home/ros/Workshop/src/install/unitree_nav:/home/ros/Workshop/src/install/rslidar_sdk:/home/ros/Workshop/src/install/unitree_nav_interfaces:/home/ros/Workshop/src/install/rslidar_msg:/home/ros/Workshop/src/install/ros2_unitree_legged_msgs:${AMENT_PREFIX_PATH} CMAKE_PREFIX_PATH=/home/ros/Workshop/src/install/unitree_nav:/home/ros/Workshop/src/install/rslidar_sdk:/home/ros/Workshop/src/install/unitree_nav_interfaces:/home/ros/Workshop/src/install/rslidar_msg:/home/ros/Workshop/src/install/ros2_unitree_legged_msgs:/workspaces/my_ros2_ws/install:/opt/ros/humble LD_LIBRARY_PATH=/home/ros/Workshop/src/install/unitree_nav_interfaces/lib:/home/ros/Workshop/src/install/rslidar_msg/lib:/home/ros/Workshop/src/install/ros2_unitree_legged_msgs/lib:${LD_LIBRARY_PATH} PYTHONPATH=/home/ros/Workshop/src/install/unitree_nav_interfaces/local/lib/python3.10/dist-packages:/home/ros/Workshop/src/install/rslidar_msg/local/lib/python3.10/dist-packages:/home/ros/Workshop/src/install/ros2_unitree_legged_msgs/local/lib/python3.10/dist-packages:${PYTHONPATH} /usr/bin/cmake --install /home/ros/Workshop/src/build/guide_dog_unitree_go1
[436.023s] -- Install configuration: ""
[436.035s] -- Execute custom install script
[436.049s] -- Symlinking: /home/ros/Workshop/src/install/guide_dog_unitree_go1/lib/guide_dog_unitree_go1/voice_control
[436.165s] -- Symlinking: /home/ros/Workshop/src/install/guide_dog_unitree_go1/lib/guide_dog_unitree_go1/vision_obstacles
[436.266s] -- Symlinking: /home/ros/Workshop/src/install/guide_dog_unitree_go1/lib/guide_dog_unitree_go1/guide_dog
[436.463s] -- Symlinking: /home/ros/Workshop/src/install/guide_dog_unitree_go1/share/guide_dog_unitree_go1//launch/guide_dog.launch.py
[436.564s] -- Symlinking: /home/ros/Workshop/src/install/guide_dog_unitree_go1/share/guide_dog_unitree_go1//launch/vision.launch.xml
[436.679s] -- Symlinking: /home/ros/Workshop/src/install/guide_dog_unitree_go1/share/guide_dog_unitree_go1//config/nav2_params_guide_dog.yaml
[436.821s] -- Symlinking: /home/ros/Workshop/src/install/guide_dog_unitree_go1/share/ament_index/resource_index/package_run_dependencies/guide_dog_unitree_go1
[436.929s] -- Symlinking: /home/ros/Workshop/src/install/guide_dog_unitree_go1/share/ament_index/resource_index/parent_prefix_path/guide_dog_unitree_go1
[437.081s] -- Symlinking: /home/ros/Workshop/src/install/guide_dog_unitree_go1/share/guide_dog_unitree_go1/environment/ament_prefix_path.sh
[437.149s] -- Symlinking: /home/ros/Workshop/src/install/guide_dog_unitree_go1/share/guide_dog_unitree_go1/environment/ament_prefix_path.dsv
[437.239s] -- Symlinking: /home/ros/Workshop/src/install/guide_dog_unitree_go1/share/guide_dog_unitree_go1/environment/path.sh
[437.332s] -- Symlinking: /home/ros/Workshop/src/install/guide_dog_unitree_go1/share/guide_dog_unitree_go1/environment/path.dsv
[437.413s] -- Symlinking: /home/ros/Workshop/src/install/guide_dog_unitree_go1/share/guide_dog_unitree_go1/local_setup.bash
[437.519s] -- Symlinking: /home/ros/Workshop/src/install/guide_dog_unitree_go1/share/guide_dog_unitree_go1/local_setup.sh
[437.601s] -- Symlinking: /home/ros/Workshop/src/install/guide_dog_unitree_go1/share/guide_dog_unitree_go1/local_setup.zsh
[437.719s] -- Symlinking: /home/ros/Workshop/src/install/guide_dog_unitree_go1/share/guide_dog_unitree_go1/local_setup.dsv
[437.822s] -- Symlinking: /home/ros/Workshop/src/install/guide_dog_unitree_go1/share/guide_dog_unitree_go1/package.dsv
[437.906s] -- Symlinking: /home/ros/Workshop/src/install/guide_dog_unitree_go1/share/ament_index/resource_index/packages/guide_dog_unitree_go1
[437.969s] -- Symlinking: /home/ros/Workshop/src/install/guide_dog_unitree_go1/share/guide_dog_unitree_go1/cmake/guide_dog_unitree_go1Config.cmake
[438.028s] -- Symlinking: /home/ros/Workshop/src/install/guide_dog_unitree_go1/share/guide_dog_unitree_go1/cmake/guide_dog_unitree_go1Config-version.cmake
[438.095s] -- Symlinking: /home/ros/Workshop/src/install/guide_dog_unitree_go1/share/guide_dog_unitree_go1/package.xml
[438.171s] Invoked command in '/home/ros/Workshop/src/build/guide_dog_unitree_go1' returned '0': AMENT_PREFIX_PATH=/home/ros/Workshop/src/install/unitree_nav:/home/ros/Workshop/src/install/rslidar_sdk:/home/ros/Workshop/src/install/unitree_nav_interfaces:/home/ros/Workshop/src/install/rslidar_msg:/home/ros/Workshop/src/install/ros2_unitree_legged_msgs:${AMENT_PREFIX_PATH} CMAKE_PREFIX_PATH=/home/ros/Workshop/src/install/unitree_nav:/home/ros/Workshop/src/install/rslidar_sdk:/home/ros/Workshop/src/install/unitree_nav_interfaces:/home/ros/Workshop/src/install/rslidar_msg:/home/ros/Workshop/src/install/ros2_unitree_legged_msgs:/workspaces/my_ros2_ws/install:/opt/ros/humble LD_LIBRARY_PATH=/home/ros/Workshop/src/install/unitree_nav_interfaces/lib:/home/ros/Workshop/src/install/rslidar_msg/lib:/home/ros/Workshop/src/install/ros2_unitree_legged_msgs/lib:${LD_LIBRARY_PATH} PYTHONPATH=/home/ros/Workshop/src/install/unitree_nav_interfaces/local/lib/python3.10/dist-packages:/home/ros/Workshop/src/install/rslidar_msg/local/lib/python3.10/dist-packages:/home/ros/Workshop/src/install/ros2_unitree_legged_msgs/local/lib/python3.10/dist-packages:${PYTHONPATH} /usr/bin/cmake --install /home/ros/Workshop/src/build/guide_dog_unitree_go1
