[6.996s] Invoking command in '/workspaces/my_ros2_ws/src/build/object_detection': PYTHONPATH=/workspaces/my_ros2_ws/src/build/object_detection/prefix_override:/workspaces/my_ros2_ws/src/install/object_detection/lib/python3.10/site-packages:${PYTHONPATH} /usr/bin/python3 setup.py develop --editable --build-directory /workspaces/my_ros2_ws/src/build/object_detection/build --no-deps install_data
[9.225s] running develop
[10.673s] running egg_info
[10.690s] creating object_detection.egg-info
[10.702s] writing object_detection.egg-info/PKG-INFO
[10.734s] writing dependency_links to object_detection.egg-info/dependency_links.txt
[10.759s] writing entry points to object_detection.egg-info/entry_points.txt
[10.779s] writing requirements to object_detection.egg-info/requires.txt
[10.795s] writing top-level names to object_detection.egg-info/top_level.txt
[10.806s] writing manifest file 'object_detection.egg-info/SOURCES.txt'
[10.971s] reading manifest file 'object_detection.egg-info/SOURCES.txt'
[11.052s] writing manifest file 'object_detection.egg-info/SOURCES.txt'
[11.075s] running build_ext
[11.082s] Creating /workspaces/my_ros2_ws/src/install/object_detection/lib/python3.10/site-packages/object-detection.egg-link (link to .)
[11.110s] Installing object_detection script to /workspaces/my_ros2_ws/src/install/object_detection/lib/object_detection
[11.135s] 
[11.140s] Installed /workspaces/my_ros2_ws/src/build/object_detection
[11.152s] running install_data
[11.159s] creating /workspaces/my_ros2_ws/src/install/object_detection/share/ament_index
[11.171s] creating /workspaces/my_ros2_ws/src/install/object_detection/share/ament_index/resource_index
[11.178s] creating /workspaces/my_ros2_ws/src/install/object_detection/share/ament_index/resource_index/packages
[11.195s] copying resource/object_detection -> /workspaces/my_ros2_ws/src/install/object_detection/share/ament_index/resource_index/packages
[11.224s] copying package.xml -> /workspaces/my_ros2_ws/src/install/object_detection/share/object_detection
[11.295s] copying launch/object_detection.launch.xml -> /workspaces/my_ros2_ws/src/install/object_detection/share/object_detection
[11.330s] creating /workspaces/my_ros2_ws/src/install/object_detection/lib/object_detection/models
[11.352s] copying models/experimental.py -> /workspaces/my_ros2_ws/src/install/object_detection/lib/object_detection/models/
[11.403s] copying models/common.py -> /workspaces/my_ros2_ws/src/install/object_detection/lib/object_detection/models/
[11.496s] copying models/yolo.py -> /workspaces/my_ros2_ws/src/install/object_detection/lib/object_detection/models/
[11.522s] creating /workspaces/my_ros2_ws/src/install/object_detection/lib/object_detection/utils
[11.536s] copying utils/general.py -> /workspaces/my_ros2_ws/src/install/object_detection/lib/object_detection/utils/
[11.608s] copying utils/torch_utils.py -> /workspaces/my_ros2_ws/src/install/object_detection/lib/object_detection/utils/
[11.665s] copying utils/plots.py -> /workspaces/my_ros2_ws/src/install/object_detection/lib/object_detection/utils/
[11.724s] copying utils/datasets.py -> /workspaces/my_ros2_ws/src/install/object_detection/lib/object_detection/utils/
[11.779s] copying utils/google_utils.py -> /workspaces/my_ros2_ws/src/install/object_detection/lib/object_detection/utils/
[11.824s] copying utils/activations.py -> /workspaces/my_ros2_ws/src/install/object_detection/lib/object_detection/utils/
[11.895s] copying utils/add_nms.py -> /workspaces/my_ros2_ws/src/install/object_detection/lib/object_detection/utils/
[11.973s] copying utils/autoanchor.py -> /workspaces/my_ros2_ws/src/install/object_detection/lib/object_detection/utils/
[12.040s] copying utils/loss.py -> /workspaces/my_ros2_ws/src/install/object_detection/lib/object_detection/utils/
[12.128s] copying utils/metrics.py -> /workspaces/my_ros2_ws/src/install/object_detection/lib/object_detection/utils/
[12.269s] Invoked command in '/workspaces/my_ros2_ws/src/build/object_detection' returned '0': PYTHONPATH=/workspaces/my_ros2_ws/src/build/object_detection/prefix_override:/workspaces/my_ros2_ws/src/install/object_detection/lib/python3.10/site-packages:${PYTHONPATH} /usr/bin/python3 setup.py develop --editable --build-directory /workspaces/my_ros2_ws/src/build/object_detection/build --no-deps install_data
