[2.514s] Invoking command in '/home/ros/Workshop/src/build/unitree_nav_launch_module': PYTHONPATH=/home/ros/Workshop/src/build/unitree_nav_launch_module/prefix_override:/home/ros/Workshop/src/install/unitree_nav_launch_module/lib/python3.10/site-packages:${PYTHONPATH} /usr/bin/python3 setup.py develop --editable --build-directory /home/ros/Workshop/src/build/unitree_nav_launch_module/build --no-deps install_data
[3.159s] running develop
[3.161s] /usr/lib/python3/dist-packages/setuptools/command/easy_install.py:158: EasyInstallDeprecationWarning: easy_install command is deprecated. Use build and pip and other standards-based tools.
[3.163s]   warnings.warn(
[3.165s] /usr/lib/python3/dist-packages/setuptools/command/install.py:34: SetuptoolsDeprecationWarning: setup.py install is deprecated. Use build and pip and other standards-based tools.
[3.165s]   warnings.warn(
[3.405s] /usr/lib/python3/dist-packages/pkg_resources/__init__.py:116: PkgResourcesDeprecationWarning: 2.0.5-build-libtorrent-rasterbar-qrM5vM-libtorrent-rasterbar-2.0.5-bindings-python is an invalid version and will not be supported in a future release
[3.405s]   warnings.warn(
[3.952s] running egg_info
[3.952s] writing unitree_nav_launch_module.egg-info/PKG-INFO
[3.953s] writing dependency_links to unitree_nav_launch_module.egg-info/dependency_links.txt
[3.953s] writing entry points to unitree_nav_launch_module.egg-info/entry_points.txt
[3.954s] writing requirements to unitree_nav_launch_module.egg-info/requires.txt
[3.954s] writing top-level names to unitree_nav_launch_module.egg-info/top_level.txt
[3.964s] reading manifest file 'unitree_nav_launch_module.egg-info/SOURCES.txt'
[3.966s] writing manifest file 'unitree_nav_launch_module.egg-info/SOURCES.txt'
[3.972s] running build_ext
[3.973s] Creating /home/ros/Workshop/src/install/unitree_nav_launch_module/lib/python3.10/site-packages/unitree-nav-launch-module.egg-link (link to .)
[3.976s] 
[3.977s] Installed /home/ros/Workshop/src/build/unitree_nav_launch_module
[3.978s] running install_data
[4.028s] Invoked command in '/home/ros/Workshop/src/build/unitree_nav_launch_module' returned '0': PYTHONPATH=/home/ros/Workshop/src/build/unitree_nav_launch_module/prefix_override:/home/ros/Workshop/src/install/unitree_nav_launch_module/lib/python3.10/site-packages:${PYTHONPATH} /usr/bin/python3 setup.py develop --editable --build-directory /home/ros/Workshop/src/build/unitree_nav_launch_module/build --no-deps install_data
