[0.399s] Invoking command in '/home/ros/Workshop/src/build/unitree_nav': AMENT_PREFIX_PATH=/home/ros/Workshop/src/install/rslidar_sdk:/home/ros/Workshop/src/install/unitree_nav_interfaces:/home/ros/Workshop/src/install/rslidar_msg:/home/ros/Workshop/src/install/ros2_unitree_legged_msgs:${AMENT_PREFIX_PATH} CMAKE_PREFIX_PATH=/home/ros/Workshop/src/install/rslidar_sdk:/home/ros/Workshop/src/install/unitree_nav_interfaces:/home/ros/Workshop/src/install/rslidar_msg:/home/ros/Workshop/src/install/ros2_unitree_legged_msgs:/workspaces/my_ros2_ws/install:/opt/ros/humble LD_LIBRARY_PATH=/home/ros/Workshop/src/install/unitree_nav_interfaces/lib:/home/ros/Workshop/src/install/rslidar_msg/lib:/home/ros/Workshop/src/install/ros2_unitree_legged_msgs/lib:${LD_LIBRARY_PATH} PYTHONPATH=/home/ros/Workshop/src/install/unitree_nav_interfaces/local/lib/python3.10/dist-packages:/home/ros/Workshop/src/install/rslidar_msg/local/lib/python3.10/dist-packages:/home/ros/Workshop/src/install/ros2_unitree_legged_msgs/local/lib/python3.10/dist-packages:${PYTHONPATH} /usr/bin/cmake --build /home/ros/Workshop/src/build/unitree_nav -- -j4 -l4
[1.934s] [ 50%] Built target nav_to_pose
[1.956s] [100%] Built target cmd_processor
[2.131s] Invoked command in '/home/ros/Workshop/src/build/unitree_nav' returned '0': AMENT_PREFIX_PATH=/home/ros/Workshop/src/install/rslidar_sdk:/home/ros/Workshop/src/install/unitree_nav_interfaces:/home/ros/Workshop/src/install/rslidar_msg:/home/ros/Workshop/src/install/ros2_unitree_legged_msgs:${AMENT_PREFIX_PATH} CMAKE_PREFIX_PATH=/home/ros/Workshop/src/install/rslidar_sdk:/home/ros/Workshop/src/install/unitree_nav_interfaces:/home/ros/Workshop/src/install/rslidar_msg:/home/ros/Workshop/src/install/ros2_unitree_legged_msgs:/workspaces/my_ros2_ws/install:/opt/ros/humble LD_LIBRARY_PATH=/home/ros/Workshop/src/install/unitree_nav_interfaces/lib:/home/ros/Workshop/src/install/rslidar_msg/lib:/home/ros/Workshop/src/install/ros2_unitree_legged_msgs/lib:${LD_LIBRARY_PATH} PYTHONPATH=/home/ros/Workshop/src/install/unitree_nav_interfaces/local/lib/python3.10/dist-packages:/home/ros/Workshop/src/install/rslidar_msg/local/lib/python3.10/dist-packages:/home/ros/Workshop/src/install/ros2_unitree_legged_msgs/local/lib/python3.10/dist-packages:${PYTHONPATH} /usr/bin/cmake --build /home/ros/Workshop/src/build/unitree_nav -- -j4 -l4
[4.113s] Invoking command in '/home/ros/Workshop/src/build/unitree_nav': AMENT_PREFIX_PATH=/home/ros/Workshop/src/install/rslidar_sdk:/home/ros/Workshop/src/install/unitree_nav_interfaces:/home/ros/Workshop/src/install/rslidar_msg:/home/ros/Workshop/src/install/ros2_unitree_legged_msgs:${AMENT_PREFIX_PATH} CMAKE_PREFIX_PATH=/home/ros/Workshop/src/install/rslidar_sdk:/home/ros/Workshop/src/install/unitree_nav_interfaces:/home/ros/Workshop/src/install/rslidar_msg:/home/ros/Workshop/src/install/ros2_unitree_legged_msgs:/workspaces/my_ros2_ws/install:/opt/ros/humble LD_LIBRARY_PATH=/home/ros/Workshop/src/install/unitree_nav_interfaces/lib:/home/ros/Workshop/src/install/rslidar_msg/lib:/home/ros/Workshop/src/install/ros2_unitree_legged_msgs/lib:${LD_LIBRARY_PATH} PYTHONPATH=/home/ros/Workshop/src/install/unitree_nav_interfaces/local/lib/python3.10/dist-packages:/home/ros/Workshop/src/install/rslidar_msg/local/lib/python3.10/dist-packages:/home/ros/Workshop/src/install/ros2_unitree_legged_msgs/local/lib/python3.10/dist-packages:${PYTHONPATH} /usr/bin/cmake --install /home/ros/Workshop/src/build/unitree_nav
[4.262s] -- Install configuration: ""
[4.267s] -- Execute custom install script
[4.270s] -- Up-to-date symlink: /home/ros/Workshop/src/install/unitree_nav/lib/unitree_nav/cmd_processor
[4.271s] -- Up-to-date symlink: /home/ros/Workshop/src/install/unitree_nav/lib/unitree_nav/nav_to_pose
[4.287s] -- Up-to-date symlink: /home/ros/Workshop/src/install/unitree_nav/share/unitree_nav/launch/control.launch.py
[4.289s] -- Up-to-date symlink: /home/ros/Workshop/src/install/unitree_nav/share/unitree_nav/launch/mapping.launch.py
[4.289s] -- Up-to-date symlink: /home/ros/Workshop/src/install/unitree_nav/share/unitree_nav/launch/rslidar_robosense.launch.py
[4.292s] -- Up-to-date symlink: /home/ros/Workshop/src/install/unitree_nav/share/unitree_nav/launch/unitree_nav.launch.py
[4.303s] -- Up-to-date symlink: /home/ros/Workshop/src/install/unitree_nav/share/unitree_nav/config/nav.rviz
[4.305s] -- Up-to-date symlink: /home/ros/Workshop/src/install/unitree_nav/share/unitree_nav/config/nav2_params.yaml
[4.307s] -- Up-to-date symlink: /home/ros/Workshop/src/install/unitree_nav/share/ament_index/resource_index/package_run_dependencies/unitree_nav
[4.308s] -- Up-to-date symlink: /home/ros/Workshop/src/install/unitree_nav/share/ament_index/resource_index/parent_prefix_path/unitree_nav
[4.314s] -- Up-to-date symlink: /home/ros/Workshop/src/install/unitree_nav/share/unitree_nav/environment/ament_prefix_path.sh
[4.317s] -- Up-to-date symlink: /home/ros/Workshop/src/install/unitree_nav/share/unitree_nav/environment/ament_prefix_path.dsv
[4.320s] -- Up-to-date symlink: /home/ros/Workshop/src/install/unitree_nav/share/unitree_nav/environment/path.sh
[4.321s] -- Up-to-date symlink: /home/ros/Workshop/src/install/unitree_nav/share/unitree_nav/environment/path.dsv
[4.323s] -- Up-to-date symlink: /home/ros/Workshop/src/install/unitree_nav/share/unitree_nav/local_setup.bash
[4.332s] -- Up-to-date symlink: /home/ros/Workshop/src/install/unitree_nav/share/unitree_nav/local_setup.sh
[4.332s] -- Up-to-date symlink: /home/ros/Workshop/src/install/unitree_nav/share/unitree_nav/local_setup.zsh
[4.335s] -- Up-to-date symlink: /home/ros/Workshop/src/install/unitree_nav/share/unitree_nav/local_setup.dsv
[4.339s] -- Symlinking: /home/ros/Workshop/src/install/unitree_nav/share/unitree_nav/package.dsv
[4.561s] -- Up-to-date symlink: /home/ros/Workshop/src/install/unitree_nav/share/ament_index/resource_index/packages/unitree_nav
[4.562s] -- Up-to-date symlink: /home/ros/Workshop/src/install/unitree_nav/share/unitree_nav/cmake/unitree_navConfig.cmake
[4.563s] -- Up-to-date symlink: /home/ros/Workshop/src/install/unitree_nav/share/unitree_nav/cmake/unitree_navConfig-version.cmake
[4.565s] -- Up-to-date symlink: /home/ros/Workshop/src/install/unitree_nav/share/unitree_nav/package.xml
[4.578s] Invoked command in '/home/ros/Workshop/src/build/unitree_nav' returned '0': AMENT_PREFIX_PATH=/home/ros/Workshop/src/install/rslidar_sdk:/home/ros/Workshop/src/install/unitree_nav_interfaces:/home/ros/Workshop/src/install/rslidar_msg:/home/ros/Workshop/src/install/ros2_unitree_legged_msgs:${AMENT_PREFIX_PATH} CMAKE_PREFIX_PATH=/home/ros/Workshop/src/install/rslidar_sdk:/home/ros/Workshop/src/install/unitree_nav_interfaces:/home/ros/Workshop/src/install/rslidar_msg:/home/ros/Workshop/src/install/ros2_unitree_legged_msgs:/workspaces/my_ros2_ws/install:/opt/ros/humble LD_LIBRARY_PATH=/home/ros/Workshop/src/install/unitree_nav_interfaces/lib:/home/ros/Workshop/src/install/rslidar_msg/lib:/home/ros/Workshop/src/install/ros2_unitree_legged_msgs/lib:${LD_LIBRARY_PATH} PYTHONPATH=/home/ros/Workshop/src/install/unitree_nav_interfaces/local/lib/python3.10/dist-packages:/home/ros/Workshop/src/install/rslidar_msg/local/lib/python3.10/dist-packages:/home/ros/Workshop/src/install/ros2_unitree_legged_msgs/local/lib/python3.10/dist-packages:${PYTHONPATH} /usr/bin/cmake --install /home/ros/Workshop/src/build/unitree_nav
