[0.133s] Invoking command in '/home/ros/Workshop/src/build/ros2_unitree_legged_msgs': CMAKE_PREFIX_PATH=${CMAKE_PREFIX_PATH}:/opt/ros/humble /usr/bin/cmake /home/ros/Workshop/src/unitree_ros2/ros2_unitree_legged_msgs -DAMENT_CMAKE_SYMLINK_INSTALL=1 -DCMAKE_INSTALL_PREFIX=/home/ros/Workshop/src/install/ros2_unitree_legged_msgs
[0.544s] -- The C compiler identification is GNU 11.3.0
[0.852s] -- The CXX compiler identification is GNU 11.3.0
[0.893s] -- Detecting C compiler ABI info
[1.446s] -- Detecting C compiler ABI info - done
[1.461s] -- Check for working C compiler: /usr/bin/cc - skipped
[1.461s] -- Detecting C compile features
[1.462s] -- Detecting C compile features - done
[1.466s] -- Detecting CXX compiler ABI info
[1.972s] -- Detecting CXX compiler ABI info - done
[1.987s] -- Check for working CXX compiler: /usr/bin/c++ - skipped
[1.987s] -- Detecting CXX compile features
[1.988s] -- Detecting CXX compile features - done
[1.999s] -- Found ament_cmake: 1.3.4 (/opt/ros/humble/share/ament_cmake/cmake)
[2.659s] -- Found Python3: /usr/bin/python3.10 (found version "3.10.6") found components: Interpreter 
[2.841s] -- Override CMake install command with custom implementation using symlinks instead of copying resources
[2.990s] -- Found rosidl_default_generators: 1.2.0 (/opt/ros/humble/share/rosidl_default_generators/cmake)
[3.014s] -- Using all available rosidl_typesupport_c: rosidl_typesupport_fastrtps_c;rosidl_typesupport_introspection_c
[3.053s] -- Found rosidl_adapter: 3.1.4 (/opt/ros/humble/share/rosidl_adapter/cmake)
[3.253s] -- Using all available rosidl_typesupport_cpp: rosidl_typesupport_fastrtps_cpp;rosidl_typesupport_introspection_cpp
[4.219s] -- Found ament_cmake_ros: 0.10.0 (/opt/ros/humble/share/ament_cmake_ros/cmake)
[4.890s] -- Using all available rosidl_typesupport_c: rosidl_typesupport_fastrtps_c;rosidl_typesupport_introspection_c
[5.603s] -- Using all available rosidl_typesupport_cpp: rosidl_typesupport_fastrtps_cpp;rosidl_typesupport_introspection_cpp
[5.709s] -- Found PythonInterp: /usr/bin/python3 (found suitable version "3.10.6", minimum required is "3.6") 
[5.715s] -- Found python_cmake_module: 0.10.0 (/opt/ros/humble/share/python_cmake_module/cmake)
[5.816s] -- Found PythonLibs: /usr/lib/x86_64-linux-gnu/libpython3.10.so (found suitable version "3.10.6", minimum required is "3.5") 
[5.817s] -- Using PYTHON_EXECUTABLE: /usr/bin/python3
[5.817s] -- Using PYTHON_INCLUDE_DIRS: /usr/include/python3.10
[5.817s] -- Using PYTHON_LIBRARIES: /usr/lib/x86_64-linux-gnu/libpython3.10.so
