[0.092s] Invoking command in '/home/ros/Workshop/src/build/rslidar_msg': CMAKE_PREFIX_PATH=${CMAKE_PREFIX_PATH}:/opt/ros/humble /usr/bin/cmake /home/ros/Workshop/src/rslidar_msg -DAMENT_CMAKE_SYMLINK_INSTALL=1 -DCMAKE_INSTALL_PREFIX=/home/ros/Workshop/src/install/rslidar_msg
[0.194s] -- Found ament_cmake: 1.3.4 (/opt/ros/humble/share/ament_cmake/cmake)
[0.621s] -- Override CMake install command with custom implementation using symlinks instead of copying resources
[0.634s] -- Found std_msgs: 4.2.3 (/opt/ros/humble/share/std_msgs/cmake)
[0.687s] -- Found rosidl_generator_c: 3.1.4 (/opt/ros/humble/share/rosidl_generator_c/cmake)
[0.693s] -- Found rosidl_adapter: 3.1.4 (/opt/ros/humble/share/rosidl_adapter/cmake)
[0.705s] -- Found rosidl_generator_cpp: 3.1.4 (/opt/ros/humble/share/rosidl_generator_cpp/cmake)
[0.725s] -- Using all available rosidl_typesupport_c: rosidl_typesupport_fastrtps_c;rosidl_typesupport_introspection_c
[0.753s] -- Using all available rosidl_typesupport_cpp: rosidl_typesupport_fastrtps_cpp;rosidl_typesupport_introspection_cpp
[0.890s] -- Found rclcpp: 16.0.4 (/opt/ros/humble/share/rclcpp/cmake)
[1.027s] -- Found rmw_implementation_cmake: 6.1.1 (/opt/ros/humble/share/rmw_implementation_cmake/cmake)
[1.031s] -- Found rmw_fastrtps_cpp: 6.2.2 (/opt/ros/humble/share/rmw_fastrtps_cpp/cmake)
[1.479s] -- Using RMW implementation 'rmw_fastrtps_cpp' as default
[1.758s] -- Found rosidl_default_generators: 1.2.0 (/opt/ros/humble/share/rosidl_default_generators/cmake)
[2.526s] -- Found ament_cmake_ros: 0.10.0 (/opt/ros/humble/share/ament_cmake_ros/cmake)
[3.662s] -- Using all available rosidl_typesupport_c: rosidl_typesupport_fastrtps_c;rosidl_typesupport_introspection_c
[4.314s] -- Using all available rosidl_typesupport_cpp: rosidl_typesupport_fastrtps_cpp;rosidl_typesupport_introspection_cpp
[4.436s] -- Found python_cmake_module: 0.10.0 (/opt/ros/humble/share/python_cmake_module/cmake)
[4.550s] -- Using PYTHON_EXECUTABLE: /usr/bin/python3
[4.551s] -- Using PYTHON_INCLUDE_DIRS: /usr/include/python3.10
[4.551s] -- Using PYTHON_LIBRARIES: /usr/lib/x86_64-linux-gnu/libpython3.10.so
[4.657s] -- Found ament_lint_auto: 0.12.6 (/opt/ros/humble/share/ament_lint_auto/cmake)
[4.729s] -- Added test 'copyright' to check source files copyright and LICENSE
[4.759s] -- Added test 'lint_cmake' to check CMake code style
[4.774s] -- Added test 'xmllint' to check XML markup files
[4.780s] -- Configuring done
[4.955s] -- Generating done
[4.977s] -- Build files have been written to: /home/ros/Workshop/src/build/rslidar_msg
[4.998s] Invoked command in '/home/ros/Workshop/src/build/rslidar_msg' returned '0': CMAKE_PREFIX_PATH=${CMAKE_PREFIX_PATH}:/opt/ros/humble /usr/bin/cmake /home/ros/Workshop/src/rslidar_msg -DAMENT_CMAKE_SYMLINK_INSTALL=1 -DCMAKE_INSTALL_PREFIX=/home/ros/Workshop/src/install/rslidar_msg
[5.004s] Invoking command in '/home/ros/Workshop/src/build/rslidar_msg': CMAKE_PREFIX_PATH=${CMAKE_PREFIX_PATH}:/opt/ros/humble /usr/bin/cmake --build /home/ros/Workshop/src/build/rslidar_msg -- -j4 -l4
[5.473s] [35m[1mConsolidate compiler generated dependencies of target rslidar_msg__rosidl_generator_c[0m
[5.604s] [  3%] Built target rslidar_msg__cpp
[5.694s] [ 12%] Built target rslidar_msg__rosidl_generator_c
[5.850s] [ 12%] Built target ament_cmake_python_symlink_rslidar_msg
[5.870s] [35m[1mConsolidate compiler generated dependencies of target rslidar_msg__rosidl_typesupport_fastrtps_cpp[0m
[5.896s] [35m[1mConsolidate compiler generated dependencies of target rslidar_msg__rosidl_typesupport_cpp[0m
[5.906s] [35m[1mConsolidate compiler generated dependencies of target rslidar_msg__rosidl_typesupport_introspection_cpp[0m
[6.005s] [35m[1mConsolidate compiler generated dependencies of target rslidar_msg__rosidl_typesupport_fastrtps_c[0m
[6.117s] [ 22%] Built target rslidar_msg__rosidl_typesupport_fastrtps_cpp
[6.146s] [ 32%] Built target rslidar_msg__rosidl_typesupport_introspection_cpp
[6.150s] [ 41%] Built target rslidar_msg__rosidl_typesupport_cpp
[6.369s] [35m[1mConsolidate compiler generated dependencies of target rslidar_msg__rosidl_typesupport_c[0m
[6.388s] [ 51%] Built target rslidar_msg__rosidl_typesupport_fastrtps_c
[6.392s] [35m[1mConsolidate compiler generated dependencies of target rslidar_msg__rosidl_typesupport_introspection_c[0m
[6.573s] [ 61%] Built target rslidar_msg__rosidl_typesupport_introspection_c
[6.643s] [ 70%] Built target rslidar_msg__rosidl_typesupport_c
[6.976s] [ 70%] Built target rslidar_msg
[7.186s] running egg_info
[7.189s] writing rslidar_msg.egg-info/PKG-INFO
[7.189s] writing dependency_links to rslidar_msg.egg-info/dependency_links.txt
[7.192s] writing top-level names to rslidar_msg.egg-info/top_level.txt
[7.204s] reading manifest file 'rslidar_msg.egg-info/SOURCES.txt'
[7.205s] writing manifest file 'rslidar_msg.egg-info/SOURCES.txt'
[7.220s] [ 74%] Built target rslidar_msg__py
[7.373s] [35m[1mConsolidate compiler generated dependencies of target rslidar_msg__rosidl_generator_py[0m
[7.385s] [ 74%] Built target ament_cmake_python_build_rslidar_msg_egg
[7.489s] [ 80%] Built target rslidar_msg__rosidl_generator_py
[7.661s] [35m[1mConsolidate compiler generated dependencies of target rslidar_msg__rosidl_typesupport_c__pyext[0m
[7.667s] [35m[1mConsolidate compiler generated dependencies of target rslidar_msg__rosidl_typesupport_fastrtps_c__pyext[0m
[7.701s] [35m[1mConsolidate compiler generated dependencies of target rslidar_msg__rosidl_typesupport_introspection_c__pyext[0m
[7.798s] [ 87%] Built target rslidar_msg__rosidl_typesupport_c__pyext
[7.842s] [ 93%] Built target rslidar_msg__rosidl_typesupport_fastrtps_c__pyext
[7.875s] [100%] Built target rslidar_msg__rosidl_typesupport_introspection_c__pyext
[7.988s] Invoked command in '/home/ros/Workshop/src/build/rslidar_msg' returned '0': CMAKE_PREFIX_PATH=${CMAKE_PREFIX_PATH}:/opt/ros/humble /usr/bin/cmake --build /home/ros/Workshop/src/build/rslidar_msg -- -j4 -l4
[9.235s] Invoking command in '/home/ros/Workshop/src/build/rslidar_msg': CMAKE_PREFIX_PATH=${CMAKE_PREFIX_PATH}:/opt/ros/humble /usr/bin/cmake --install /home/ros/Workshop/src/build/rslidar_msg
[9.304s] -- Install configuration: ""
[9.307s] -- Execute custom install script
[9.308s] -- Up-to-date symlink: /home/ros/Workshop/src/install/rslidar_msg/share/ament_index/resource_index/rosidl_interfaces/rslidar_msg
[9.310s] -- Up-to-date symlink: /home/ros/Workshop/src/install/rslidar_msg/include/rslidar_msg/rslidar_msg/msg/detail/rslidar_packet__functions.h
[9.312s] -- Up-to-date symlink: /home/ros/Workshop/src/install/rslidar_msg/include/rslidar_msg/rslidar_msg/msg/detail/rslidar_packet__struct.h
[9.313s] -- Up-to-date symlink: /home/ros/Workshop/src/install/rslidar_msg/include/rslidar_msg/rslidar_msg/msg/detail/rslidar_packet__type_support.h
[9.313s] -- Up-to-date symlink: /home/ros/Workshop/src/install/rslidar_msg/include/rslidar_msg/rslidar_msg/msg/rosidl_generator_c__visibility_control.h
[9.314s] -- Up-to-date symlink: /home/ros/Workshop/src/install/rslidar_msg/include/rslidar_msg/rslidar_msg/msg/rslidar_packet.h
[9.314s] -- Up-to-date symlink: /home/ros/Workshop/src/install/rslidar_msg/share/rslidar_msg/environment/library_path.sh
[9.315s] -- Up-to-date symlink: /home/ros/Workshop/src/install/rslidar_msg/share/rslidar_msg/environment/library_path.dsv
[9.318s] -- Up-to-date symlink: /home/ros/Workshop/src/install/rslidar_msg/include/rslidar_msg/rslidar_msg/msg/detail/rslidar_packet__rosidl_typesupport_fastrtps_c.h
[9.319s] -- Up-to-date symlink: /home/ros/Workshop/src/install/rslidar_msg/include/rslidar_msg/rslidar_msg/msg/rosidl_typesupport_fastrtps_c__visibility_control.h
[9.322s] -- Up-to-date symlink: /home/ros/Workshop/src/install/rslidar_msg/include/rslidar_msg/rslidar_msg/msg/detail/rslidar_packet__builder.hpp
[9.322s] -- Up-to-date symlink: /home/ros/Workshop/src/install/rslidar_msg/include/rslidar_msg/rslidar_msg/msg/detail/rslidar_packet__struct.hpp
[9.323s] -- Up-to-date symlink: /home/ros/Workshop/src/install/rslidar_msg/include/rslidar_msg/rslidar_msg/msg/detail/rslidar_packet__traits.hpp
[9.324s] -- Up-to-date symlink: /home/ros/Workshop/src/install/rslidar_msg/include/rslidar_msg/rslidar_msg/msg/rslidar_packet.hpp
[9.326s] -- Up-to-date symlink: /home/ros/Workshop/src/install/rslidar_msg/include/rslidar_msg/rslidar_msg/msg/detail/rslidar_packet__rosidl_typesupport_fastrtps_cpp.hpp
[9.326s] -- Up-to-date symlink: /home/ros/Workshop/src/install/rslidar_msg/include/rslidar_msg/rslidar_msg/msg/rosidl_typesupport_fastrtps_cpp__visibility_control.h
[9.327s] -- Up-to-date symlink: /home/ros/Workshop/src/install/rslidar_msg/include/rslidar_msg/rslidar_msg/msg/detail/rslidar_packet__rosidl_typesupport_introspection_c.h
[9.327s] -- Up-to-date symlink: /home/ros/Workshop/src/install/rslidar_msg/include/rslidar_msg/rslidar_msg/msg/rosidl_typesupport_introspection_c__visibility_control.h
[9.329s] -- Up-to-date symlink: /home/ros/Workshop/src/install/rslidar_msg/include/rslidar_msg/rslidar_msg/msg/detail/rslidar_packet__rosidl_typesupport_introspection_cpp.hpp
[9.330s] -- Up-to-date symlink: /home/ros/Workshop/src/install/rslidar_msg/share/rslidar_msg/environment/pythonpath.sh
[9.330s] -- Up-to-date symlink: /home/ros/Workshop/src/install/rslidar_msg/share/rslidar_msg/environment/pythonpath.dsv
[9.332s] -- Up-to-date symlink: /home/ros/Workshop/src/install/rslidar_msg/local/lib/python3.10/dist-packages/rslidar_msg-0.0.0-py3.10.egg-info/PKG-INFO
[9.333s] -- Up-to-date symlink: /home/ros/Workshop/src/install/rslidar_msg/local/lib/python3.10/dist-packages/rslidar_msg-0.0.0-py3.10.egg-info/SOURCES.txt
[9.334s] -- Up-to-date symlink: /home/ros/Workshop/src/install/rslidar_msg/local/lib/python3.10/dist-packages/rslidar_msg-0.0.0-py3.10.egg-info/dependency_links.txt
[9.334s] -- Up-to-date symlink: /home/ros/Workshop/src/install/rslidar_msg/local/lib/python3.10/dist-packages/rslidar_msg-0.0.0-py3.10.egg-info/top_level.txt
[9.336s] -- Up-to-date symlink: /home/ros/Workshop/src/install/rslidar_msg/local/lib/python3.10/dist-packages/rslidar_msg/__init__.py
[9.337s] -- Up-to-date symlink: /home/ros/Workshop/src/install/rslidar_msg/local/lib/python3.10/dist-packages/rslidar_msg/_rslidar_msg_s.ep.rosidl_typesupport_c.c
[9.338s] -- Up-to-date symlink: /home/ros/Workshop/src/install/rslidar_msg/local/lib/python3.10/dist-packages/rslidar_msg/_rslidar_msg_s.ep.rosidl_typesupport_fastrtps_c.c
[9.339s] -- Up-to-date symlink: /home/ros/Workshop/src/install/rslidar_msg/local/lib/python3.10/dist-packages/rslidar_msg/_rslidar_msg_s.ep.rosidl_typesupport_introspection_c.c
[9.340s] -- Up-to-date symlink: /home/ros/Workshop/src/install/rslidar_msg/local/lib/python3.10/dist-packages/rslidar_msg/librslidar_msg__rosidl_generator_py.so
[9.341s] -- Up-to-date symlink: /home/ros/Workshop/src/install/rslidar_msg/local/lib/python3.10/dist-packages/rslidar_msg/msg/__init__.py
[9.343s] -- Up-to-date symlink: /home/ros/Workshop/src/install/rslidar_msg/local/lib/python3.10/dist-packages/rslidar_msg/msg/_rslidar_packet.py
[9.344s] -- Up-to-date symlink: /home/ros/Workshop/src/install/rslidar_msg/local/lib/python3.10/dist-packages/rslidar_msg/msg/_rslidar_packet_s.c
[9.344s] -- Up-to-date symlink: /home/ros/Workshop/src/install/rslidar_msg/local/lib/python3.10/dist-packages/rslidar_msg/rslidar_msg_s__rosidl_typesupport_c.cpython-310-x86_64-linux-gnu.so
[9.344s] -- Up-to-date symlink: /home/ros/Workshop/src/install/rslidar_msg/local/lib/python3.10/dist-packages/rslidar_msg/rslidar_msg_s__rosidl_typesupport_fastrtps_c.cpython-310-x86_64-linux-gnu.so
[9.345s] -- Up-to-date symlink: /home/ros/Workshop/src/install/rslidar_msg/local/lib/python3.10/dist-packages/rslidar_msg/rslidar_msg_s__rosidl_typesupport_introspection_c.cpython-310-x86_64-linux-gnu.so
[9.345s] -- Up-to-date symlink: /home/ros/Workshop/src/install/rslidar_msg/local/lib/python3.10/dist-packages/rslidar_msg/rslidar_msg_s__rosidl_typesupport_fastrtps_c.cpython-310-x86_64-linux-gnu.so
[9.346s] -- Up-to-date symlink: /home/ros/Workshop/src/install/rslidar_msg/local/lib/python3.10/dist-packages/rslidar_msg/rslidar_msg_s__rosidl_typesupport_introspection_c.cpython-310-x86_64-linux-gnu.so
[9.346s] -- Up-to-date symlink: /home/ros/Workshop/src/install/rslidar_msg/local/lib/python3.10/dist-packages/rslidar_msg/rslidar_msg_s__rosidl_typesupport_c.cpython-310-x86_64-linux-gnu.so
[9.347s] -- Up-to-date symlink: /home/ros/Workshop/src/install/rslidar_msg/share/rslidar_msg/msg/RslidarPacket.idl
[9.347s] -- Up-to-date symlink: /home/ros/Workshop/src/install/rslidar_msg/share/rslidar_msg/msg/RslidarPacket.msg
[9.348s] -- Up-to-date symlink: /home/ros/Workshop/src/install/rslidar_msg/share/ament_index/resource_index/package_run_dependencies/rslidar_msg
[9.348s] -- Up-to-date symlink: /home/ros/Workshop/src/install/rslidar_msg/share/ament_index/resource_index/parent_prefix_path/rslidar_msg
[9.348s] -- Up-to-date symlink: /home/ros/Workshop/src/install/rslidar_msg/share/rslidar_msg/environment/ament_prefix_path.sh
[9.348s] -- Up-to-date symlink: /home/ros/Workshop/src/install/rslidar_msg/share/rslidar_msg/environment/ament_prefix_path.dsv
[9.349s] -- Up-to-date symlink: /home/ros/Workshop/src/install/rslidar_msg/share/rslidar_msg/environment/path.sh
[9.349s] -- Up-to-date symlink: /home/ros/Workshop/src/install/rslidar_msg/share/rslidar_msg/environment/path.dsv
[9.350s] -- Up-to-date symlink: /home/ros/Workshop/src/install/rslidar_msg/share/rslidar_msg/local_setup.bash
[9.350s] -- Up-to-date symlink: /home/ros/Workshop/src/install/rslidar_msg/share/rslidar_msg/local_setup.sh
[9.351s] -- Up-to-date symlink: /home/ros/Workshop/src/install/rslidar_msg/share/rslidar_msg/local_setup.zsh
[9.352s] -- Up-to-date symlink: /home/ros/Workshop/src/install/rslidar_msg/share/rslidar_msg/local_setup.dsv
[9.352s] -- Symlinking: /home/ros/Workshop/src/install/rslidar_msg/share/rslidar_msg/package.dsv
[9.415s] -- Up-to-date symlink: /home/ros/Workshop/src/install/rslidar_msg/share/ament_index/resource_index/packages/rslidar_msg
[9.415s] -- Up-to-date symlink: /home/ros/Workshop/src/install/rslidar_msg/share/rslidar_msg/cmake/rosidl_cmake-extras.cmake
[9.416s] -- Up-to-date symlink: /home/ros/Workshop/src/install/rslidar_msg/share/rslidar_msg/cmake/ament_cmake_export_dependencies-extras.cmake
[9.416s] -- Up-to-date symlink: /home/ros/Workshop/src/install/rslidar_msg/share/rslidar_msg/cmake/ament_cmake_export_include_directories-extras.cmake
[9.417s] -- Up-to-date symlink: /home/ros/Workshop/src/install/rslidar_msg/share/rslidar_msg/cmake/ament_cmake_export_libraries-extras.cmake
[9.417s] -- Up-to-date symlink: /home/ros/Workshop/src/install/rslidar_msg/share/rslidar_msg/cmake/ament_cmake_export_targets-extras.cmake
[9.418s] -- Up-to-date symlink: /home/ros/Workshop/src/install/rslidar_msg/share/rslidar_msg/cmake/rosidl_cmake_export_typesupport_targets-extras.cmake
[9.418s] -- Up-to-date symlink: /home/ros/Workshop/src/install/rslidar_msg/share/rslidar_msg/cmake/rosidl_cmake_export_typesupport_libraries-extras.cmake
[9.418s] -- Up-to-date symlink: /home/ros/Workshop/src/install/rslidar_msg/share/rslidar_msg/cmake/rslidar_msgConfig.cmake
[9.419s] -- Up-to-date symlink: /home/ros/Workshop/src/install/rslidar_msg/share/rslidar_msg/cmake/rslidar_msgConfig-version.cmake
[9.419s] -- Up-to-date symlink: /home/ros/Workshop/src/install/rslidar_msg/share/rslidar_msg/package.xml
[9.420s] -- Up-to-date: /home/ros/Workshop/src/install/rslidar_msg/lib/librslidar_msg__rosidl_generator_c.so
[9.420s] -- Up-to-date: /home/ros/Workshop/src/install/rslidar_msg/lib/librslidar_msg__rosidl_typesupport_fastrtps_c.so
[9.421s] -- Up-to-date: /home/ros/Workshop/src/install/rslidar_msg/lib/librslidar_msg__rosidl_typesupport_fastrtps_cpp.so
[9.421s] -- Up-to-date: /home/ros/Workshop/src/install/rslidar_msg/lib/librslidar_msg__rosidl_typesupport_introspection_c.so
[9.422s] -- Up-to-date: /home/ros/Workshop/src/install/rslidar_msg/lib/librslidar_msg__rosidl_typesupport_c.so
[9.423s] -- Up-to-date: /home/ros/Workshop/src/install/rslidar_msg/lib/librslidar_msg__rosidl_typesupport_introspection_cpp.so
[9.423s] -- Up-to-date: /home/ros/Workshop/src/install/rslidar_msg/lib/librslidar_msg__rosidl_typesupport_cpp.so
[9.508s] Listing '/home/ros/Workshop/src/install/rslidar_msg/local/lib/python3.10/dist-packages/rslidar_msg'...
[9.508s] Compiling '/home/ros/Workshop/src/install/rslidar_msg/local/lib/python3.10/dist-packages/rslidar_msg/__init__.py'...
[9.508s] Listing '/home/ros/Workshop/src/install/rslidar_msg/local/lib/python3.10/dist-packages/rslidar_msg/msg'...
[9.516s] -- Up-to-date: /home/ros/Workshop/src/install/rslidar_msg/lib/librslidar_msg__rosidl_generator_py.so
[9.517s] -- Up-to-date: /home/ros/Workshop/src/install/rslidar_msg/share/rslidar_msg/cmake/export_rslidar_msg__rosidl_generator_cExport.cmake
[9.517s] -- Up-to-date: /home/ros/Workshop/src/install/rslidar_msg/share/rslidar_msg/cmake/export_rslidar_msg__rosidl_generator_cExport-noconfig.cmake
[9.518s] -- Up-to-date: /home/ros/Workshop/src/install/rslidar_msg/share/rslidar_msg/cmake/export_rslidar_msg__rosidl_typesupport_fastrtps_cExport.cmake
[9.518s] -- Up-to-date: /home/ros/Workshop/src/install/rslidar_msg/share/rslidar_msg/cmake/export_rslidar_msg__rosidl_typesupport_fastrtps_cExport-noconfig.cmake
[9.518s] -- Up-to-date: /home/ros/Workshop/src/install/rslidar_msg/share/rslidar_msg/cmake/export_rslidar_msg__rosidl_generator_cppExport.cmake
[9.519s] -- Up-to-date: /home/ros/Workshop/src/install/rslidar_msg/share/rslidar_msg/cmake/export_rslidar_msg__rosidl_typesupport_fastrtps_cppExport.cmake
[9.519s] -- Up-to-date: /home/ros/Workshop/src/install/rslidar_msg/share/rslidar_msg/cmake/export_rslidar_msg__rosidl_typesupport_fastrtps_cppExport-noconfig.cmake
[9.520s] -- Up-to-date: /home/ros/Workshop/src/install/rslidar_msg/share/rslidar_msg/cmake/rslidar_msg__rosidl_typesupport_introspection_cExport.cmake
[9.520s] -- Up-to-date: /home/ros/Workshop/src/install/rslidar_msg/share/rslidar_msg/cmake/rslidar_msg__rosidl_typesupport_introspection_cExport-noconfig.cmake
[9.520s] -- Up-to-date: /home/ros/Workshop/src/install/rslidar_msg/share/rslidar_msg/cmake/rslidar_msg__rosidl_typesupport_cExport.cmake
[9.521s] -- Up-to-date: /home/ros/Workshop/src/install/rslidar_msg/share/rslidar_msg/cmake/rslidar_msg__rosidl_typesupport_cExport-noconfig.cmake
[9.521s] -- Up-to-date: /home/ros/Workshop/src/install/rslidar_msg/share/rslidar_msg/cmake/rslidar_msg__rosidl_typesupport_introspection_cppExport.cmake
[9.521s] -- Up-to-date: /home/ros/Workshop/src/install/rslidar_msg/share/rslidar_msg/cmake/rslidar_msg__rosidl_typesupport_introspection_cppExport-noconfig.cmake
[9.522s] -- Up-to-date: /home/ros/Workshop/src/install/rslidar_msg/share/rslidar_msg/cmake/rslidar_msg__rosidl_typesupport_cppExport.cmake
[9.522s] -- Up-to-date: /home/ros/Workshop/src/install/rslidar_msg/share/rslidar_msg/cmake/rslidar_msg__rosidl_typesupport_cppExport-noconfig.cmake
[9.522s] -- Up-to-date: /home/ros/Workshop/src/install/rslidar_msg/share/rslidar_msg/cmake/export_rslidar_msg__rosidl_generator_pyExport.cmake
[9.523s] -- Up-to-date: /home/ros/Workshop/src/install/rslidar_msg/share/rslidar_msg/cmake/export_rslidar_msg__rosidl_generator_pyExport-noconfig.cmake
[9.542s] Invoked command in '/home/ros/Workshop/src/build/rslidar_msg' returned '0': CMAKE_PREFIX_PATH=${CMAKE_PREFIX_PATH}:/opt/ros/humble /usr/bin/cmake --install /home/ros/Workshop/src/build/rslidar_msg
