[2.136s] Invoking command in '/home/ros/Workshop/src/build/listen_talk_ros2': PYTHONPATH=/home/ros/Workshop/src/build/listen_talk_ros2/prefix_override:/home/ros/Workshop/src/install/listen_talk_ros2/lib/python3.10/site-packages:${PYTHONPATH} /usr/bin/python3 setup.py develop --editable --build-directory /home/ros/Workshop/src/build/listen_talk_ros2/build --no-deps install_data
[3.430s] running develop
[4.048s] running egg_info
[4.049s] creating listen_talk_ros2.egg-info
[4.050s] writing listen_talk_ros2.egg-info/PKG-INFO
[4.052s] writing dependency_links to listen_talk_ros2.egg-info/dependency_links.txt
[4.053s] writing entry points to listen_talk_ros2.egg-info/entry_points.txt
[4.053s] writing requirements to listen_talk_ros2.egg-info/requires.txt
[4.054s] writing top-level names to listen_talk_ros2.egg-info/top_level.txt
[4.059s] writing manifest file 'listen_talk_ros2.egg-info/SOURCES.txt'
[4.068s] reading manifest file 'listen_talk_ros2.egg-info/SOURCES.txt'
[4.068s] writing manifest file 'listen_talk_ros2.egg-info/SOURCES.txt'
[4.072s] running build_ext
[4.073s] Creating /home/ros/Workshop/src/install/listen_talk_ros2/lib/python3.10/site-packages/listen-talk-ros2.egg-link (link to .)
[4.081s] Installing listen script to /home/ros/Workshop/src/install/listen_talk_ros2/lib/listen_talk_ros2
[4.082s] Installing talk script to /home/ros/Workshop/src/install/listen_talk_ros2/lib/listen_talk_ros2
[4.083s] 
[4.083s] Installed /home/ros/Workshop/src/build/listen_talk_ros2
[4.084s] running install_data
[4.084s] creating /home/ros/Workshop/src/install/listen_talk_ros2/share/ament_index
[4.084s] creating /home/ros/Workshop/src/install/listen_talk_ros2/share/ament_index/resource_index
[4.085s] creating /home/ros/Workshop/src/install/listen_talk_ros2/share/ament_index/resource_index/packages
[4.086s] copying resource/listen_talk_ros2 -> /home/ros/Workshop/src/install/listen_talk_ros2/share/ament_index/resource_index/packages
[4.086s] copying package.xml -> /home/ros/Workshop/src/install/listen_talk_ros2/share/listen_talk_ros2
[4.087s] copying launch/listen_talk.launch.py -> /home/ros/Workshop/src/install/listen_talk_ros2/share/listen_talk_ros2
[4.087s] copying config/Hey-Willie_en_linux_v2_1_0.ppn -> /home/ros/Workshop/src/install/listen_talk_ros2/share/listen_talk_ros2
[4.087s] copying config/Dog-command_en_linux_v2_1_0.rhn -> /home/ros/Workshop/src/install/listen_talk_ros2/share/listen_talk_ros2
[4.088s] copying config/Hey-Willie_en_jetson_v2_1_0.ppn -> /home/ros/Workshop/src/install/listen_talk_ros2/share/listen_talk_ros2
[4.088s] copying config/Dog-command_en_jetson_v2_1_0.rhn -> /home/ros/Workshop/src/install/listen_talk_ros2/share/listen_talk_ros2
[4.090s] copying config/talk.mp3 -> /home/ros/Workshop/src/install/listen_talk_ros2/share/listen_talk_ros2
[4.090s] copying config/German_shepherd_barking.mp3 -> /home/ros/Workshop/src/install/listen_talk_ros2/share/listen_talk_ros2
[4.091s] copying config/allan.mp3 -> /home/ros/Workshop/src/install/listen_talk_ros2/share/listen_talk_ros2
[4.091s] copying config/easter_egg.mp3 -> /home/ros/Workshop/src/install/listen_talk_ros2/share/listen_talk_ros2
[4.092s] copying config/not_understanding.mp3 -> /home/ros/Workshop/src/install/listen_talk_ros2/share/listen_talk_ros2
[4.092s] copying config/stairs_in_front.mp3 -> /home/ros/Workshop/src/install/listen_talk_ros2/share/listen_talk_ros2
[4.093s] copying config/stairs_left.mp3 -> /home/ros/Workshop/src/install/listen_talk_ros2/share/listen_talk_ros2
[4.093s] copying config/stairs_right.mp3 -> /home/ros/Workshop/src/install/listen_talk_ros2/share/listen_talk_ros2
[4.095s] copying config/thank_you.mp3 -> /home/ros/Workshop/src/install/listen_talk_ros2/share/listen_talk_ros2
[4.096s] copying config/willie_greet.mp3 -> /home/ros/Workshop/src/install/listen_talk_ros2/share/listen_talk_ros2
[4.206s] Invoked command in '/home/ros/Workshop/src/build/listen_talk_ros2' returned '0': PYTHONPATH=/home/ros/Workshop/src/build/listen_talk_ros2/prefix_override:/home/ros/Workshop/src/install/listen_talk_ros2/lib/python3.10/site-packages:${PYTHONPATH} /usr/bin/python3 setup.py develop --editable --build-directory /home/ros/Workshop/src/build/listen_talk_ros2/build --no-deps install_data
