[0.142s] Invoking command in '/home/ros/Workshop/src/build/rslidar_msg': CMAKE_PREFIX_PATH=${CMAKE_PREFIX_PATH}:/opt/ros/humble /usr/bin/cmake --build /home/ros/Workshop/src/build/rslidar_msg -- -j4 -l4
[1.211s] [  3%] Built target rslidar_msg__cpp
[1.413s] [  3%] Built target ament_cmake_python_symlink_rslidar_msg
[1.435s] [ 12%] Built target rslidar_msg__rosidl_generator_c
[2.131s] [ 22%] Built target rslidar_msg__rosidl_typesupport_cpp
[2.355s] [ 32%] Built target rslidar_msg__rosidl_typesupport_introspection_cpp
[4.075s] [ 41%] Built target rslidar_msg__rosidl_typesupport_fastrtps_cpp
[6.063s] [ 51%] Built target rslidar_msg__rosidl_typesupport_fastrtps_c
[6.379s] [ 61%] Built target rslidar_msg__rosidl_typesupport_c
[6.861s] [ 70%] Built target rslidar_msg__rosidl_typesupport_introspection_c
[7.749s] running egg_info
[7.755s] writing rslidar_msg.egg-info/PKG-INFO
[7.757s] writing dependency_links to rslidar_msg.egg-info/dependency_links.txt
[7.759s] writing top-level names to rslidar_msg.egg-info/top_level.txt
[7.798s] reading manifest file 'rslidar_msg.egg-info/SOURCES.txt'
[7.806s] writing manifest file 'rslidar_msg.egg-info/SOURCES.txt'
[8.399s] [ 70%] Built target ament_cmake_python_build_rslidar_msg_egg
[8.743s] [ 70%] Built target rslidar_msg
[10.460s] [ 74%] Built target rslidar_msg__py
[11.327s] [ 80%] Built target rslidar_msg__rosidl_generator_py
[12.780s] [ 87%] Built target rslidar_msg__rosidl_typesupport_fastrtps_c__pyext
[12.832s] [ 93%] Built target rslidar_msg__rosidl_typesupport_c__pyext
[12.896s] [100%] Built target rslidar_msg__rosidl_typesupport_introspection_c__pyext
[13.015s] Invoked command in '/home/ros/Workshop/src/build/rslidar_msg' returned '0': CMAKE_PREFIX_PATH=${CMAKE_PREFIX_PATH}:/opt/ros/humble /usr/bin/cmake --build /home/ros/Workshop/src/build/rslidar_msg -- -j4 -l4
[16.935s] Invoking command in '/home/ros/Workshop/src/build/rslidar_msg': CMAKE_PREFIX_PATH=${CMAKE_PREFIX_PATH}:/opt/ros/humble /usr/bin/cmake --install /home/ros/Workshop/src/build/rslidar_msg
[17.079s] -- Install configuration: ""
[17.102s] -- Execute custom install script
[17.103s] -- Up-to-date symlink: /home/ros/Workshop/src/install/rslidar_msg/share/ament_index/resource_index/rosidl_interfaces/rslidar_msg
[17.106s] -- Up-to-date symlink: /home/ros/Workshop/src/install/rslidar_msg/include/rslidar_msg/rslidar_msg/msg/detail/rslidar_packet__functions.h
[17.108s] -- Up-to-date symlink: /home/ros/Workshop/src/install/rslidar_msg/include/rslidar_msg/rslidar_msg/msg/detail/rslidar_packet__struct.h
[17.110s] -- Up-to-date symlink: /home/ros/Workshop/src/install/rslidar_msg/include/rslidar_msg/rslidar_msg/msg/detail/rslidar_packet__type_support.h
[17.110s] -- Up-to-date symlink: /home/ros/Workshop/src/install/rslidar_msg/include/rslidar_msg/rslidar_msg/msg/rosidl_generator_c__visibility_control.h
[17.111s] -- Up-to-date symlink: /home/ros/Workshop/src/install/rslidar_msg/include/rslidar_msg/rslidar_msg/msg/rslidar_packet.h
[17.112s] -- Up-to-date symlink: /home/ros/Workshop/src/install/rslidar_msg/share/rslidar_msg/environment/library_path.sh
[17.113s] -- Up-to-date symlink: /home/ros/Workshop/src/install/rslidar_msg/share/rslidar_msg/environment/library_path.dsv
[17.114s] -- Up-to-date symlink: /home/ros/Workshop/src/install/rslidar_msg/include/rslidar_msg/rslidar_msg/msg/detail/rslidar_packet__rosidl_typesupport_fastrtps_c.h
[17.115s] -- Up-to-date symlink: /home/ros/Workshop/src/install/rslidar_msg/include/rslidar_msg/rslidar_msg/msg/rosidl_typesupport_fastrtps_c__visibility_control.h
[17.118s] -- Up-to-date symlink: /home/ros/Workshop/src/install/rslidar_msg/include/rslidar_msg/rslidar_msg/msg/detail/rslidar_packet__builder.hpp
[17.119s] -- Up-to-date symlink: /home/ros/Workshop/src/install/rslidar_msg/include/rslidar_msg/rslidar_msg/msg/detail/rslidar_packet__struct.hpp
[17.120s] -- Up-to-date symlink: /home/ros/Workshop/src/install/rslidar_msg/include/rslidar_msg/rslidar_msg/msg/detail/rslidar_packet__traits.hpp
[17.120s] -- Up-to-date symlink: /home/ros/Workshop/src/install/rslidar_msg/include/rslidar_msg/rslidar_msg/msg/rslidar_packet.hpp
[17.123s] -- Up-to-date symlink: /home/ros/Workshop/src/install/rslidar_msg/include/rslidar_msg/rslidar_msg/msg/detail/rslidar_packet__rosidl_typesupport_fastrtps_cpp.hpp
[17.123s] -- Up-to-date symlink: /home/ros/Workshop/src/install/rslidar_msg/include/rslidar_msg/rslidar_msg/msg/rosidl_typesupport_fastrtps_cpp__visibility_control.h
[17.125s] -- Up-to-date symlink: /home/ros/Workshop/src/install/rslidar_msg/include/rslidar_msg/rslidar_msg/msg/detail/rslidar_packet__rosidl_typesupport_introspection_c.h
[17.126s] -- Up-to-date symlink: /home/ros/Workshop/src/install/rslidar_msg/include/rslidar_msg/rslidar_msg/msg/rosidl_typesupport_introspection_c__visibility_control.h
[17.130s] -- Up-to-date symlink: /home/ros/Workshop/src/install/rslidar_msg/include/rslidar_msg/rslidar_msg/msg/detail/rslidar_packet__rosidl_typesupport_introspection_cpp.hpp
[17.132s] -- Up-to-date symlink: /home/ros/Workshop/src/install/rslidar_msg/share/rslidar_msg/environment/pythonpath.sh
[17.133s] -- Up-to-date symlink: /home/ros/Workshop/src/install/rslidar_msg/share/rslidar_msg/environment/pythonpath.dsv
[17.134s] -- Up-to-date symlink: /home/ros/Workshop/src/install/rslidar_msg/local/lib/python3.10/dist-packages/rslidar_msg-0.0.0-py3.10.egg-info/PKG-INFO
[17.136s] -- Up-to-date symlink: /home/ros/Workshop/src/install/rslidar_msg/local/lib/python3.10/dist-packages/rslidar_msg-0.0.0-py3.10.egg-info/SOURCES.txt
[17.137s] -- Up-to-date symlink: /home/ros/Workshop/src/install/rslidar_msg/local/lib/python3.10/dist-packages/rslidar_msg-0.0.0-py3.10.egg-info/dependency_links.txt
[17.138s] -- Up-to-date symlink: /home/ros/Workshop/src/install/rslidar_msg/local/lib/python3.10/dist-packages/rslidar_msg-0.0.0-py3.10.egg-info/top_level.txt
[17.141s] -- Up-to-date symlink: /home/ros/Workshop/src/install/rslidar_msg/local/lib/python3.10/dist-packages/rslidar_msg/__init__.py
[17.141s] -- Up-to-date symlink: /home/ros/Workshop/src/install/rslidar_msg/local/lib/python3.10/dist-packages/rslidar_msg/_rslidar_msg_s.ep.rosidl_typesupport_c.c
[17.147s] -- Up-to-date symlink: /home/ros/Workshop/src/install/rslidar_msg/local/lib/python3.10/dist-packages/rslidar_msg/_rslidar_msg_s.ep.rosidl_typesupport_fastrtps_c.c
[17.149s] -- Up-to-date symlink: /home/ros/Workshop/src/install/rslidar_msg/local/lib/python3.10/dist-packages/rslidar_msg/_rslidar_msg_s.ep.rosidl_typesupport_introspection_c.c
[17.149s] -- Up-to-date symlink: /home/ros/Workshop/src/install/rslidar_msg/local/lib/python3.10/dist-packages/rslidar_msg/librslidar_msg__rosidl_generator_py.so
[17.149s] -- Up-to-date symlink: /home/ros/Workshop/src/install/rslidar_msg/local/lib/python3.10/dist-packages/rslidar_msg/msg/__init__.py
[17.150s] -- Up-to-date symlink: /home/ros/Workshop/src/install/rslidar_msg/local/lib/python3.10/dist-packages/rslidar_msg/msg/_rslidar_packet.py
[17.152s] -- Up-to-date symlink: /home/ros/Workshop/src/install/rslidar_msg/local/lib/python3.10/dist-packages/rslidar_msg/msg/_rslidar_packet_s.c
[17.153s] -- Up-to-date symlink: /home/ros/Workshop/src/install/rslidar_msg/local/lib/python3.10/dist-packages/rslidar_msg/rslidar_msg_s__rosidl_typesupport_c.cpython-310-x86_64-linux-gnu.so
[17.154s] -- Up-to-date symlink: /home/ros/Workshop/src/install/rslidar_msg/local/lib/python3.10/dist-packages/rslidar_msg/rslidar_msg_s__rosidl_typesupport_fastrtps_c.cpython-310-x86_64-linux-gnu.so
[17.155s] -- Up-to-date symlink: /home/ros/Workshop/src/install/rslidar_msg/local/lib/python3.10/dist-packages/rslidar_msg/rslidar_msg_s__rosidl_typesupport_introspection_c.cpython-310-x86_64-linux-gnu.so
[17.155s] -- Up-to-date symlink: /home/ros/Workshop/src/install/rslidar_msg/local/lib/python3.10/dist-packages/rslidar_msg/rslidar_msg_s__rosidl_typesupport_fastrtps_c.cpython-310-x86_64-linux-gnu.so
[17.156s] -- Up-to-date symlink: /home/ros/Workshop/src/install/rslidar_msg/local/lib/python3.10/dist-packages/rslidar_msg/rslidar_msg_s__rosidl_typesupport_introspection_c.cpython-310-x86_64-linux-gnu.so
[17.156s] -- Up-to-date symlink: /home/ros/Workshop/src/install/rslidar_msg/local/lib/python3.10/dist-packages/rslidar_msg/rslidar_msg_s__rosidl_typesupport_c.cpython-310-x86_64-linux-gnu.so
[17.156s] -- Up-to-date symlink: /home/ros/Workshop/src/install/rslidar_msg/share/rslidar_msg/msg/RslidarPacket.idl
[17.157s] -- Up-to-date symlink: /home/ros/Workshop/src/install/rslidar_msg/share/rslidar_msg/msg/RslidarPacket.msg
[17.157s] -- Up-to-date symlink: /home/ros/Workshop/src/install/rslidar_msg/share/ament_index/resource_index/package_run_dependencies/rslidar_msg
[17.158s] -- Up-to-date symlink: /home/ros/Workshop/src/install/rslidar_msg/share/ament_index/resource_index/parent_prefix_path/rslidar_msg
[17.158s] -- Up-to-date symlink: /home/ros/Workshop/src/install/rslidar_msg/share/rslidar_msg/environment/ament_prefix_path.sh
[17.159s] -- Up-to-date symlink: /home/ros/Workshop/src/install/rslidar_msg/share/rslidar_msg/environment/ament_prefix_path.dsv
[17.159s] -- Up-to-date symlink: /home/ros/Workshop/src/install/rslidar_msg/share/rslidar_msg/environment/path.sh
[17.160s] -- Up-to-date symlink: /home/ros/Workshop/src/install/rslidar_msg/share/rslidar_msg/environment/path.dsv
[17.161s] -- Up-to-date symlink: /home/ros/Workshop/src/install/rslidar_msg/share/rslidar_msg/local_setup.bash
[17.162s] -- Up-to-date symlink: /home/ros/Workshop/src/install/rslidar_msg/share/rslidar_msg/local_setup.sh
[17.162s] -- Up-to-date symlink: /home/ros/Workshop/src/install/rslidar_msg/share/rslidar_msg/local_setup.zsh
[17.167s] -- Up-to-date symlink: /home/ros/Workshop/src/install/rslidar_msg/share/rslidar_msg/local_setup.dsv
[17.167s] -- Symlinking: /home/ros/Workshop/src/install/rslidar_msg/share/rslidar_msg/package.dsv
[17.299s] -- Up-to-date symlink: /home/ros/Workshop/src/install/rslidar_msg/share/ament_index/resource_index/packages/rslidar_msg
[17.300s] -- Up-to-date symlink: /home/ros/Workshop/src/install/rslidar_msg/share/rslidar_msg/cmake/rosidl_cmake-extras.cmake
[17.309s] -- Up-to-date symlink: /home/ros/Workshop/src/install/rslidar_msg/share/rslidar_msg/cmake/ament_cmake_export_dependencies-extras.cmake
[17.310s] -- Up-to-date symlink: /home/ros/Workshop/src/install/rslidar_msg/share/rslidar_msg/cmake/ament_cmake_export_include_directories-extras.cmake
[17.311s] -- Up-to-date symlink: /home/ros/Workshop/src/install/rslidar_msg/share/rslidar_msg/cmake/ament_cmake_export_libraries-extras.cmake
[17.314s] -- Up-to-date symlink: /home/ros/Workshop/src/install/rslidar_msg/share/rslidar_msg/cmake/ament_cmake_export_targets-extras.cmake
[17.317s] -- Up-to-date symlink: /home/ros/Workshop/src/install/rslidar_msg/share/rslidar_msg/cmake/rosidl_cmake_export_typesupport_targets-extras.cmake
[17.328s] -- Up-to-date symlink: /home/ros/Workshop/src/install/rslidar_msg/share/rslidar_msg/cmake/rosidl_cmake_export_typesupport_libraries-extras.cmake
[17.336s] -- Up-to-date symlink: /home/ros/Workshop/src/install/rslidar_msg/share/rslidar_msg/cmake/rslidar_msgConfig.cmake
[17.337s] -- Up-to-date symlink: /home/ros/Workshop/src/install/rslidar_msg/share/rslidar_msg/cmake/rslidar_msgConfig-version.cmake
[17.341s] -- Up-to-date symlink: /home/ros/Workshop/src/install/rslidar_msg/share/rslidar_msg/package.xml
[17.352s] -- Up-to-date: /home/ros/Workshop/src/install/rslidar_msg/lib/librslidar_msg__rosidl_generator_c.so
[17.357s] -- Up-to-date: /home/ros/Workshop/src/install/rslidar_msg/lib/librslidar_msg__rosidl_typesupport_fastrtps_c.so
[17.358s] -- Up-to-date: /home/ros/Workshop/src/install/rslidar_msg/lib/librslidar_msg__rosidl_typesupport_fastrtps_cpp.so
[17.361s] -- Up-to-date: /home/ros/Workshop/src/install/rslidar_msg/lib/librslidar_msg__rosidl_typesupport_introspection_c.so
[17.361s] -- Up-to-date: /home/ros/Workshop/src/install/rslidar_msg/lib/librslidar_msg__rosidl_typesupport_c.so
[17.364s] -- Up-to-date: /home/ros/Workshop/src/install/rslidar_msg/lib/librslidar_msg__rosidl_typesupport_introspection_cpp.so
[17.366s] -- Up-to-date: /home/ros/Workshop/src/install/rslidar_msg/lib/librslidar_msg__rosidl_typesupport_cpp.so
[17.572s] Listing '/home/ros/Workshop/src/install/rslidar_msg/local/lib/python3.10/dist-packages/rslidar_msg'...
[17.573s] Listing '/home/ros/Workshop/src/install/rslidar_msg/local/lib/python3.10/dist-packages/rslidar_msg/msg'...
[17.597s] -- Up-to-date: /home/ros/Workshop/src/install/rslidar_msg/lib/librslidar_msg__rosidl_generator_py.so
[17.597s] -- Up-to-date: /home/ros/Workshop/src/install/rslidar_msg/share/rslidar_msg/cmake/export_rslidar_msg__rosidl_generator_cExport.cmake
[17.598s] -- Up-to-date: /home/ros/Workshop/src/install/rslidar_msg/share/rslidar_msg/cmake/export_rslidar_msg__rosidl_generator_cExport-noconfig.cmake
[17.598s] -- Up-to-date: /home/ros/Workshop/src/install/rslidar_msg/share/rslidar_msg/cmake/export_rslidar_msg__rosidl_typesupport_fastrtps_cExport.cmake
[17.598s] -- Up-to-date: /home/ros/Workshop/src/install/rslidar_msg/share/rslidar_msg/cmake/export_rslidar_msg__rosidl_typesupport_fastrtps_cExport-noconfig.cmake
[17.600s] -- Up-to-date: /home/ros/Workshop/src/install/rslidar_msg/share/rslidar_msg/cmake/export_rslidar_msg__rosidl_generator_cppExport.cmake
[17.602s] -- Up-to-date: /home/ros/Workshop/src/install/rslidar_msg/share/rslidar_msg/cmake/export_rslidar_msg__rosidl_typesupport_fastrtps_cppExport.cmake
[17.602s] -- Up-to-date: /home/ros/Workshop/src/install/rslidar_msg/share/rslidar_msg/cmake/export_rslidar_msg__rosidl_typesupport_fastrtps_cppExport-noconfig.cmake
[17.604s] -- Up-to-date: /home/ros/Workshop/src/install/rslidar_msg/share/rslidar_msg/cmake/rslidar_msg__rosidl_typesupport_introspection_cExport.cmake
[17.604s] -- Up-to-date: /home/ros/Workshop/src/install/rslidar_msg/share/rslidar_msg/cmake/rslidar_msg__rosidl_typesupport_introspection_cExport-noconfig.cmake
[17.606s] -- Up-to-date: /home/ros/Workshop/src/install/rslidar_msg/share/rslidar_msg/cmake/rslidar_msg__rosidl_typesupport_cExport.cmake
[17.609s] -- Up-to-date: /home/ros/Workshop/src/install/rslidar_msg/share/rslidar_msg/cmake/rslidar_msg__rosidl_typesupport_cExport-noconfig.cmake
[17.610s] -- Up-to-date: /home/ros/Workshop/src/install/rslidar_msg/share/rslidar_msg/cmake/rslidar_msg__rosidl_typesupport_introspection_cppExport.cmake
[17.611s] -- Up-to-date: /home/ros/Workshop/src/install/rslidar_msg/share/rslidar_msg/cmake/rslidar_msg__rosidl_typesupport_introspection_cppExport-noconfig.cmake
[17.615s] -- Up-to-date: /home/ros/Workshop/src/install/rslidar_msg/share/rslidar_msg/cmake/rslidar_msg__rosidl_typesupport_cppExport.cmake
[17.616s] -- Up-to-date: /home/ros/Workshop/src/install/rslidar_msg/share/rslidar_msg/cmake/rslidar_msg__rosidl_typesupport_cppExport-noconfig.cmake
[17.616s] -- Up-to-date: /home/ros/Workshop/src/install/rslidar_msg/share/rslidar_msg/cmake/export_rslidar_msg__rosidl_generator_pyExport.cmake
[17.617s] -- Up-to-date: /home/ros/Workshop/src/install/rslidar_msg/share/rslidar_msg/cmake/export_rslidar_msg__rosidl_generator_pyExport-noconfig.cmake
[17.631s] Invoked command in '/home/ros/Workshop/src/build/rslidar_msg' returned '0': CMAKE_PREFIX_PATH=${CMAKE_PREFIX_PATH}:/opt/ros/humble /usr/bin/cmake --install /home/ros/Workshop/src/build/rslidar_msg
